This file contains any messages produced by compilers while
running configure, to aid debugging if configure makes a mistake.

It was created by configure, which was
generated by GNU Autoconf 2.63.  Invocation command line was

  $ ./configure --disable-option-checking --prefix=/home/ariana/workspace/enisi/hpylori_compartments/deps/src/project_repast/ext//MPICH --disable-f77 --disable-fc MPI_CC=/home/ariana/workspace/enisi/hpylori_compartments/deps/src/project_repast/INSTALLATION/mpich2-1.4.1p1/bin/mpicc MPI_F77=/home/ariana/workspace/enisi/hpylori_compartments/deps/src/project_repast/INSTALLATION/mpich2-1.4.1p1/bin/mpif77 CC=gcc CFLAGS=   -O2 LDFLAGS=  LIBS=-lrt -lpthread   CPPFLAGS= -I/home/ariana/workspace/enisi/hpylori_compartments/deps/src/project_repast/INSTALLATION/mpich2-1.4.1p1/src/mpl/include -I/home/ariana/workspace/enisi/hpylori_compartments/deps/src/project_repast/INSTALLATION/mpich2-1.4.1p1/src/mpl/include -I/home/ariana/workspace/enisi/hpylori_compartments/deps/src/project_repast/INSTALLATION/mpich2-1.4.1p1/src/openpa/src -I/home/ariana/workspace/enisi/hpylori_compartments/deps/src/project_repast/INSTALLATION/mpich2-1.4.1p1/src/openpa/src -I/home/ariana/workspace/enisi/hpylori_compartments/deps/src/project_repast/INSTALLATION/mpich2-1.4.1p1/src/mpid/ch3/include -I/home/ariana/workspace/enisi/hpylori_compartments/deps/src/project_repast/INSTALLATION/mpich2-1.4.1p1/src/mpid/ch3/include -I/home/ariana/workspace/enisi/hpylori_compartments/deps/src/project_repast/INSTALLATION/mpich2-1.4.1p1/src/mpid/common/datatype -I/home/ariana/workspace/enisi/hpylori_compartments/deps/src/project_repast/INSTALLATION/mpich2-1.4.1p1/src/mpid/common/datatype -I/home/ariana/workspace/enisi/hpylori_compartments/deps/src/project_repast/INSTALLATION/mpich2-1.4.1p1/src/mpid/common/locks -I/home/ariana/workspace/enisi/hpylori_compartments/deps/src/project_repast/INSTALLATION/mpich2-1.4.1p1/src/mpid/common/locks -I/home/ariana/workspace/enisi/hpylori_compartments/deps/src/project_repast/INSTALLATION/mpich2-1.4.1p1/src/mpid/ch3/channels/nemesis/include -I/home/ariana/workspace/enisi/hpylori_compartments/deps/src/project_repast/INSTALLATION/mpich2-1.4.1p1/src/mpid/ch3/channels/nemesis/include -I/home/ariana/workspace/enisi/hpylori_compartments/deps/src/project_repast/INSTALLATION/mpich2-1.4.1p1/src/mpid/ch3/channels/nemesis/nemesis/include -I/home/ariana/workspace/enisi/hpylori_compartments/deps/src/project_repast/INSTALLATION/mpich2-1.4.1p1/src/mpid/ch3/channels/nemesis/nemesis/include -I/home/ariana/workspace/enisi/hpylori_compartments/deps/src/project_repast/INSTALLATION/mpich2-1.4.1p1/src/mpid/ch3/channels/nemesis/nemesis/utils/monitor -I/home/ariana/workspace/enisi/hpylori_compartments/deps/src/project_repast/INSTALLATION/mpich2-1.4.1p1/src/mpid/ch3/channels/nemesis/nemesis/utils/monitor -I/home/ariana/workspace/enisi/hpylori_compartments/deps/src/project_repast/INSTALLATION/mpich2-1.4.1p1/src/util/wrappers -I/home/ariana/workspace/enisi/hpylori_compartments/deps/src/project_repast/INSTALLATION/mpich2-1.4.1p1/src/util/wrappers FFLAGS=  --cache-file=/dev/null --srcdir=.

## --------- ##
## Platform. ##
## --------- ##

hostname = herbst-Lenovo-B40-80
uname -m = x86_64
uname -r = 4.4.0-36-generic
uname -s = Linux
uname -v = #55-Ubuntu SMP Thu Aug 11 18:01:55 UTC 2016

/usr/bin/uname -p = unknown
/bin/uname -X     = unknown

/bin/arch              = unknown
/usr/bin/arch -k       = unknown
/usr/convex/getsysinfo = unknown
/usr/bin/hostinfo      = unknown
/bin/machine           = unknown
/usr/bin/oslevel       = unknown
/bin/universe          = unknown

PATH: /usr/local/sbin
PATH: /usr/local/bin
PATH: /usr/sbin
PATH: /usr/bin
PATH: /sbin
PATH: /bin
PATH: /usr/games
PATH: /usr/local/games
PATH: /snap/bin


## ----------- ##
## Core tests. ##
## ----------- ##

configure:1822: checking for current directory name
configure:1871: result: /home/ariana/workspace/enisi/hpylori_compartments/deps/src/project_repast/INSTALLATION/mpich2-1.4.1p1/src/mpe2/src/graphics
configure:1920: checking gnumake
configure:1935: result: yes using --no-print-directory
configure:1949: checking BSD 4.4 make
configure:1969: result: no - whew
configure:1975: checking OSF V3 make
configure:1994: result: no
configure:2001: checking for virtual path format
configure:2016: result: VPATH
configure:2152: checking for gcc
configure:2179: result: gcc
configure:2411: checking for C compiler version
configure:2419: gcc --version >&5
gcc (Ubuntu 5.4.0-6ubuntu1~16.04.2) 5.4.0 20160609
Copyright (C) 2015 Free Software Foundation, Inc.
This is free software; see the source for copying conditions.  There is NO
warranty; not even for MERCHANTABILITY or FITNESS FOR A PARTICULAR PURPOSE.

configure:2423: $? = 0
configure:2430: gcc -v >&5
Using built-in specs.
COLLECT_GCC=gcc
COLLECT_LTO_WRAPPER=/usr/lib/gcc/x86_64-linux-gnu/5/lto-wrapper
Target: x86_64-linux-gnu
Configured with: ../src/configure -v --with-pkgversion='Ubuntu 5.4.0-6ubuntu1~16.04.2' --with-bugurl=file:///usr/share/doc/gcc-5/README.Bugs --enable-languages=c,ada,c++,java,go,d,fortran,objc,obj-c++ --prefix=/usr --program-suffix=-5 --enable-shared --enable-linker-build-id --libexecdir=/usr/lib --without-included-gettext --enable-threads=posix --libdir=/usr/lib --enable-nls --with-sysroot=/ --enable-clocale=gnu --enable-libstdcxx-debug --enable-libstdcxx-time=yes --with-default-libstdcxx-abi=new --enable-gnu-unique-object --disable-vtable-verify --enable-libmpx --enable-plugin --with-system-zlib --disable-browser-plugin --enable-java-awt=gtk --enable-gtk-cairo --with-java-home=/usr/lib/jvm/java-1.5.0-gcj-5-amd64/jre --enable-java-home --with-jvm-root-dir=/usr/lib/jvm/java-1.5.0-gcj-5-amd64 --with-jvm-jar-dir=/usr/lib/jvm-exports/java-1.5.0-gcj-5-amd64 --with-arch-directory=amd64 --with-ecj-jar=/usr/share/java/eclipse-ecj.jar --enable-objc-gc --enable-multiarch --disable-werror --with-arch-32=i686 --with-abi=m64 --with-multilib-list=m32,m64,mx32 --enable-multilib --with-tune=generic --enable-checking=release --build=x86_64-linux-gnu --host=x86_64-linux-gnu --target=x86_64-linux-gnu
Thread model: posix
gcc version 5.4.0 20160609 (Ubuntu 5.4.0-6ubuntu1~16.04.2) 
configure:2434: $? = 0
configure:2441: gcc -V >&5
gcc: error: unrecognized command line option '-V'
gcc: fatal error: no input files
compilation terminated.
configure:2445: $? = 1
configure:2468: checking for C compiler default output file name
configure:2490: gcc    -O2  -I/home/ariana/workspace/enisi/hpylori_compartments/deps/src/project_repast/INSTALLATION/mpich2-1.4.1p1/src/mpl/include -I/home/ariana/workspace/enisi/hpylori_compartments/deps/src/project_repast/INSTALLATION/mpich2-1.4.1p1/src/mpl/include -I/home/ariana/workspace/enisi/hpylori_compartments/deps/src/project_repast/INSTALLATION/mpich2-1.4.1p1/src/openpa/src -I/home/ariana/workspace/enisi/hpylori_compartments/deps/src/project_repast/INSTALLATION/mpich2-1.4.1p1/src/openpa/src -I/home/ariana/workspace/enisi/hpylori_compartments/deps/src/project_repast/INSTALLATION/mpich2-1.4.1p1/src/mpid/ch3/include -I/home/ariana/workspace/enisi/hpylori_compartments/deps/src/project_repast/INSTALLATION/mpich2-1.4.1p1/src/mpid/ch3/include -I/home/ariana/workspace/enisi/hpylori_compartments/deps/src/project_repast/INSTALLATION/mpich2-1.4.1p1/src/mpid/common/datatype -I/home/ariana/workspace/enisi/hpylori_compartments/deps/src/project_repast/INSTALLATION/mpich2-1.4.1p1/src/mpid/common/datatype -I/home/ariana/workspace/enisi/hpylori_compartments/deps/src/project_repast/INSTALLATION/mpich2-1.4.1p1/src/mpid/common/locks -I/home/ariana/workspace/enisi/hpylori_compartments/deps/src/project_repast/INSTALLATION/mpich2-1.4.1p1/src/mpid/common/locks -I/home/ariana/workspace/enisi/hpylori_compartments/deps/src/project_repast/INSTALLATION/mpich2-1.4.1p1/src/mpid/ch3/channels/nemesis/include -I/home/ariana/workspace/enisi/hpylori_compartments/deps/src/project_repast/INSTALLATION/mpich2-1.4.1p1/src/mpid/ch3/channels/nemesis/include -I/home/ariana/workspace/enisi/hpylori_compartments/deps/src/project_repast/INSTALLATION/mpich2-1.4.1p1/src/mpid/ch3/channels/nemesis/nemesis/include -I/home/ariana/workspace/enisi/hpylori_compartments/deps/src/project_repast/INSTALLATION/mpich2-1.4.1p1/src/mpid/ch3/channels/nemesis/nemesis/include -I/home/ariana/workspace/enisi/hpylori_compartments/deps/src/project_repast/INSTALLATION/mpich2-1.4.1p1/src/mpid/ch3/channels/nemesis/nemesis/utils/monitor -I/home/ariana/workspace/enisi/hpylori_compartments/deps/src/project_repast/INSTALLATION/mpich2-1.4.1p1/src/mpid/ch3/channels/nemesis/nemesis/utils/monitor -I/home/ariana/workspace/enisi/hpylori_compartments/deps/src/project_repast/INSTALLATION/mpich2-1.4.1p1/src/util/wrappers -I/home/ariana/workspace/enisi/hpylori_compartments/deps/src/project_repast/INSTALLATION/mpich2-1.4.1p1/src/util/wrappers   conftest.c -lrt -lpthread   >&5
configure:2494: $? = 0
configure:2532: result: a.out
configure:2551: checking whether the C compiler works
configure:2561: ./a.out
configure:2565: $? = 0
configure:2584: result: yes
configure:2591: checking whether we are cross compiling
configure:2593: result: no
configure:2596: checking for suffix of executables
configure:2603: gcc -o conftest    -O2  -I/home/ariana/workspace/enisi/hpylori_compartments/deps/src/project_repast/INSTALLATION/mpich2-1.4.1p1/src/mpl/include -I/home/ariana/workspace/enisi/hpylori_compartments/deps/src/project_repast/INSTALLATION/mpich2-1.4.1p1/src/mpl/include -I/home/ariana/workspace/enisi/hpylori_compartments/deps/src/project_repast/INSTALLATION/mpich2-1.4.1p1/src/openpa/src -I/home/ariana/workspace/enisi/hpylori_compartments/deps/src/project_repast/INSTALLATION/mpich2-1.4.1p1/src/openpa/src -I/home/ariana/workspace/enisi/hpylori_compartments/deps/src/project_repast/INSTALLATION/mpich2-1.4.1p1/src/mpid/ch3/include -I/home/ariana/workspace/enisi/hpylori_compartments/deps/src/project_repast/INSTALLATION/mpich2-1.4.1p1/src/mpid/ch3/include -I/home/ariana/workspace/enisi/hpylori_compartments/deps/src/project_repast/INSTALLATION/mpich2-1.4.1p1/src/mpid/common/datatype -I/home/ariana/workspace/enisi/hpylori_compartments/deps/src/project_repast/INSTALLATION/mpich2-1.4.1p1/src/mpid/common/datatype -I/home/ariana/workspace/enisi/hpylori_compartments/deps/src/project_repast/INSTALLATION/mpich2-1.4.1p1/src/mpid/common/locks -I/home/ariana/workspace/enisi/hpylori_compartments/deps/src/project_repast/INSTALLATION/mpich2-1.4.1p1/src/mpid/common/locks -I/home/ariana/workspace/enisi/hpylori_compartments/deps/src/project_repast/INSTALLATION/mpich2-1.4.1p1/src/mpid/ch3/channels/nemesis/include -I/home/ariana/workspace/enisi/hpylori_compartments/deps/src/project_repast/INSTALLATION/mpich2-1.4.1p1/src/mpid/ch3/channels/nemesis/include -I/home/ariana/workspace/enisi/hpylori_compartments/deps/src/project_repast/INSTALLATION/mpich2-1.4.1p1/src/mpid/ch3/channels/nemesis/nemesis/include -I/home/ariana/workspace/enisi/hpylori_compartments/deps/src/project_repast/INSTALLATION/mpich2-1.4.1p1/src/mpid/ch3/channels/nemesis/nemesis/include -I/home/ariana/workspace/enisi/hpylori_compartments/deps/src/project_repast/INSTALLATION/mpich2-1.4.1p1/src/mpid/ch3/channels/nemesis/nemesis/utils/monitor -I/home/ariana/workspace/enisi/hpylori_compartments/deps/src/project_repast/INSTALLATION/mpich2-1.4.1p1/src/mpid/ch3/channels/nemesis/nemesis/utils/monitor -I/home/ariana/workspace/enisi/hpylori_compartments/deps/src/project_repast/INSTALLATION/mpich2-1.4.1p1/src/util/wrappers -I/home/ariana/workspace/enisi/hpylori_compartments/deps/src/project_repast/INSTALLATION/mpich2-1.4.1p1/src/util/wrappers   conftest.c -lrt -lpthread   >&5
configure:2607: $? = 0
configure:2633: result: 
configure:2639: checking for suffix of object files
configure:2665: gcc -c    -O2  -I/home/ariana/workspace/enisi/hpylori_compartments/deps/src/project_repast/INSTALLATION/mpich2-1.4.1p1/src/mpl/include -I/home/ariana/workspace/enisi/hpylori_compartments/deps/src/project_repast/INSTALLATION/mpich2-1.4.1p1/src/mpl/include -I/home/ariana/workspace/enisi/hpylori_compartments/deps/src/project_repast/INSTALLATION/mpich2-1.4.1p1/src/openpa/src -I/home/ariana/workspace/enisi/hpylori_compartments/deps/src/project_repast/INSTALLATION/mpich2-1.4.1p1/src/openpa/src -I/home/ariana/workspace/enisi/hpylori_compartments/deps/src/project_repast/INSTALLATION/mpich2-1.4.1p1/src/mpid/ch3/include -I/home/ariana/workspace/enisi/hpylori_compartments/deps/src/project_repast/INSTALLATION/mpich2-1.4.1p1/src/mpid/ch3/include -I/home/ariana/workspace/enisi/hpylori_compartments/deps/src/project_repast/INSTALLATION/mpich2-1.4.1p1/src/mpid/common/datatype -I/home/ariana/workspace/enisi/hpylori_compartments/deps/src/project_repast/INSTALLATION/mpich2-1.4.1p1/src/mpid/common/datatype -I/home/ariana/workspace/enisi/hpylori_compartments/deps/src/project_repast/INSTALLATION/mpich2-1.4.1p1/src/mpid/common/locks -I/home/ariana/workspace/enisi/hpylori_compartments/deps/src/project_repast/INSTALLATION/mpich2-1.4.1p1/src/mpid/common/locks -I/home/ariana/workspace/enisi/hpylori_compartments/deps/src/project_repast/INSTALLATION/mpich2-1.4.1p1/src/mpid/ch3/channels/nemesis/include -I/home/ariana/workspace/enisi/hpylori_compartments/deps/src/project_repast/INSTALLATION/mpich2-1.4.1p1/src/mpid/ch3/channels/nemesis/include -I/home/ariana/workspace/enisi/hpylori_compartments/deps/src/project_repast/INSTALLATION/mpich2-1.4.1p1/src/mpid/ch3/channels/nemesis/nemesis/include -I/home/ariana/workspace/enisi/hpylori_compartments/deps/src/project_repast/INSTALLATION/mpich2-1.4.1p1/src/mpid/ch3/channels/nemesis/nemesis/include -I/home/ariana/workspace/enisi/hpylori_compartments/deps/src/project_repast/INSTALLATION/mpich2-1.4.1p1/src/mpid/ch3/channels/nemesis/nemesis/utils/monitor -I/home/ariana/workspace/enisi/hpylori_compartments/deps/src/project_repast/INSTALLATION/mpich2-1.4.1p1/src/mpid/ch3/channels/nemesis/nemesis/utils/monitor -I/home/ariana/workspace/enisi/hpylori_compartments/deps/src/project_repast/INSTALLATION/mpich2-1.4.1p1/src/util/wrappers -I/home/ariana/workspace/enisi/hpylori_compartments/deps/src/project_repast/INSTALLATION/mpich2-1.4.1p1/src/util/wrappers conftest.c >&5
configure:2669: $? = 0
configure:2694: result: o
configure:2698: checking whether we are using the GNU C compiler
configure:2727: gcc -c    -O2  -I/home/ariana/workspace/enisi/hpylori_compartments/deps/src/project_repast/INSTALLATION/mpich2-1.4.1p1/src/mpl/include -I/home/ariana/workspace/enisi/hpylori_compartments/deps/src/project_repast/INSTALLATION/mpich2-1.4.1p1/src/mpl/include -I/home/ariana/workspace/enisi/hpylori_compartments/deps/src/project_repast/INSTALLATION/mpich2-1.4.1p1/src/openpa/src -I/home/ariana/workspace/enisi/hpylori_compartments/deps/src/project_repast/INSTALLATION/mpich2-1.4.1p1/src/openpa/src -I/home/ariana/workspace/enisi/hpylori_compartments/deps/src/project_repast/INSTALLATION/mpich2-1.4.1p1/src/mpid/ch3/include -I/home/ariana/workspace/enisi/hpylori_compartments/deps/src/project_repast/INSTALLATION/mpich2-1.4.1p1/src/mpid/ch3/include -I/home/ariana/workspace/enisi/hpylori_compartments/deps/src/project_repast/INSTALLATION/mpich2-1.4.1p1/src/mpid/common/datatype -I/home/ariana/workspace/enisi/hpylori_compartments/deps/src/project_repast/INSTALLATION/mpich2-1.4.1p1/src/mpid/common/datatype -I/home/ariana/workspace/enisi/hpylori_compartments/deps/src/project_repast/INSTALLATION/mpich2-1.4.1p1/src/mpid/common/locks -I/home/ariana/workspace/enisi/hpylori_compartments/deps/src/project_repast/INSTALLATION/mpich2-1.4.1p1/src/mpid/common/locks -I/home/ariana/workspace/enisi/hpylori_compartments/deps/src/project_repast/INSTALLATION/mpich2-1.4.1p1/src/mpid/ch3/channels/nemesis/include -I/home/ariana/workspace/enisi/hpylori_compartments/deps/src/project_repast/INSTALLATION/mpich2-1.4.1p1/src/mpid/ch3/channels/nemesis/include -I/home/ariana/workspace/enisi/hpylori_compartments/deps/src/project_repast/INSTALLATION/mpich2-1.4.1p1/src/mpid/ch3/channels/nemesis/nemesis/include -I/home/ariana/workspace/enisi/hpylori_compartments/deps/src/project_repast/INSTALLATION/mpich2-1.4.1p1/src/mpid/ch3/channels/nemesis/nemesis/include -I/home/ariana/workspace/enisi/hpylori_compartments/deps/src/project_repast/INSTALLATION/mpich2-1.4.1p1/src/mpid/ch3/channels/nemesis/nemesis/utils/monitor -I/home/ariana/workspace/enisi/hpylori_compartments/deps/src/project_repast/INSTALLATION/mpich2-1.4.1p1/src/mpid/ch3/channels/nemesis/nemesis/utils/monitor -I/home/ariana/workspace/enisi/hpylori_compartments/deps/src/project_repast/INSTALLATION/mpich2-1.4.1p1/src/util/wrappers -I/home/ariana/workspace/enisi/hpylori_compartments/deps/src/project_repast/INSTALLATION/mpich2-1.4.1p1/src/util/wrappers conftest.c >&5
configure:2734: $? = 0
configure:2751: result: yes
configure:2760: checking whether gcc accepts -g
configure:2790: gcc -c -g  -I/home/ariana/workspace/enisi/hpylori_compartments/deps/src/project_repast/INSTALLATION/mpich2-1.4.1p1/src/mpl/include -I/home/ariana/workspace/enisi/hpylori_compartments/deps/src/project_repast/INSTALLATION/mpich2-1.4.1p1/src/mpl/include -I/home/ariana/workspace/enisi/hpylori_compartments/deps/src/project_repast/INSTALLATION/mpich2-1.4.1p1/src/openpa/src -I/home/ariana/workspace/enisi/hpylori_compartments/deps/src/project_repast/INSTALLATION/mpich2-1.4.1p1/src/openpa/src -I/home/ariana/workspace/enisi/hpylori_compartments/deps/src/project_repast/INSTALLATION/mpich2-1.4.1p1/src/mpid/ch3/include -I/home/ariana/workspace/enisi/hpylori_compartments/deps/src/project_repast/INSTALLATION/mpich2-1.4.1p1/src/mpid/ch3/include -I/home/ariana/workspace/enisi/hpylori_compartments/deps/src/project_repast/INSTALLATION/mpich2-1.4.1p1/src/mpid/common/datatype -I/home/ariana/workspace/enisi/hpylori_compartments/deps/src/project_repast/INSTALLATION/mpich2-1.4.1p1/src/mpid/common/datatype -I/home/ariana/workspace/enisi/hpylori_compartments/deps/src/project_repast/INSTALLATION/mpich2-1.4.1p1/src/mpid/common/locks -I/home/ariana/workspace/enisi/hpylori_compartments/deps/src/project_repast/INSTALLATION/mpich2-1.4.1p1/src/mpid/common/locks -I/home/ariana/workspace/enisi/hpylori_compartments/deps/src/project_repast/INSTALLATION/mpich2-1.4.1p1/src/mpid/ch3/channels/nemesis/include -I/home/ariana/workspace/enisi/hpylori_compartments/deps/src/project_repast/INSTALLATION/mpich2-1.4.1p1/src/mpid/ch3/channels/nemesis/include -I/home/ariana/workspace/enisi/hpylori_compartments/deps/src/project_repast/INSTALLATION/mpich2-1.4.1p1/src/mpid/ch3/channels/nemesis/nemesis/include -I/home/ariana/workspace/enisi/hpylori_compartments/deps/src/project_repast/INSTALLATION/mpich2-1.4.1p1/src/mpid/ch3/channels/nemesis/nemesis/include -I/home/ariana/workspace/enisi/hpylori_compartments/deps/src/project_repast/INSTALLATION/mpich2-1.4.1p1/src/mpid/ch3/channels/nemesis/nemesis/utils/monitor -I/home/ariana/workspace/enisi/hpylori_compartments/deps/src/project_repast/INSTALLATION/mpich2-1.4.1p1/src/mpid/ch3/channels/nemesis/nemesis/utils/monitor -I/home/ariana/workspace/enisi/hpylori_compartments/deps/src/project_repast/INSTALLATION/mpich2-1.4.1p1/src/util/wrappers -I/home/ariana/workspace/enisi/hpylori_compartments/deps/src/project_repast/INSTALLATION/mpich2-1.4.1p1/src/util/wrappers conftest.c >&5
configure:2797: $? = 0
configure:2898: result: yes
configure:2915: checking for gcc option to accept ISO C89
configure:2989: gcc  -c    -O2  -I/home/ariana/workspace/enisi/hpylori_compartments/deps/src/project_repast/INSTALLATION/mpich2-1.4.1p1/src/mpl/include -I/home/ariana/workspace/enisi/hpylori_compartments/deps/src/project_repast/INSTALLATION/mpich2-1.4.1p1/src/mpl/include -I/home/ariana/workspace/enisi/hpylori_compartments/deps/src/project_repast/INSTALLATION/mpich2-1.4.1p1/src/openpa/src -I/home/ariana/workspace/enisi/hpylori_compartments/deps/src/project_repast/INSTALLATION/mpich2-1.4.1p1/src/openpa/src -I/home/ariana/workspace/enisi/hpylori_compartments/deps/src/project_repast/INSTALLATION/mpich2-1.4.1p1/src/mpid/ch3/include -I/home/ariana/workspace/enisi/hpylori_compartments/deps/src/project_repast/INSTALLATION/mpich2-1.4.1p1/src/mpid/ch3/include -I/home/ariana/workspace/enisi/hpylori_compartments/deps/src/project_repast/INSTALLATION/mpich2-1.4.1p1/src/mpid/common/datatype -I/home/ariana/workspace/enisi/hpylori_compartments/deps/src/project_repast/INSTALLATION/mpich2-1.4.1p1/src/mpid/common/datatype -I/home/ariana/workspace/enisi/hpylori_compartments/deps/src/project_repast/INSTALLATION/mpich2-1.4.1p1/src/mpid/common/locks -I/home/ariana/workspace/enisi/hpylori_compartments/deps/src/project_repast/INSTALLATION/mpich2-1.4.1p1/src/mpid/common/locks -I/home/ariana/workspace/enisi/hpylori_compartments/deps/src/project_repast/INSTALLATION/mpich2-1.4.1p1/src/mpid/ch3/channels/nemesis/include -I/home/ariana/workspace/enisi/hpylori_compartments/deps/src/project_repast/INSTALLATION/mpich2-1.4.1p1/src/mpid/ch3/channels/nemesis/include -I/home/ariana/workspace/enisi/hpylori_compartments/deps/src/project_repast/INSTALLATION/mpich2-1.4.1p1/src/mpid/ch3/channels/nemesis/nemesis/include -I/home/ariana/workspace/enisi/hpylori_compartments/deps/src/project_repast/INSTALLATION/mpich2-1.4.1p1/src/mpid/ch3/channels/nemesis/nemesis/include -I/home/ariana/workspace/enisi/hpylori_compartments/deps/src/project_repast/INSTALLATION/mpich2-1.4.1p1/src/mpid/ch3/channels/nemesis/nemesis/utils/monitor -I/home/ariana/workspace/enisi/hpylori_compartments/deps/src/project_repast/INSTALLATION/mpich2-1.4.1p1/src/mpid/ch3/channels/nemesis/nemesis/utils/monitor -I/home/ariana/workspace/enisi/hpylori_compartments/deps/src/project_repast/INSTALLATION/mpich2-1.4.1p1/src/util/wrappers -I/home/ariana/workspace/enisi/hpylori_compartments/deps/src/project_repast/INSTALLATION/mpich2-1.4.1p1/src/util/wrappers conftest.c >&5
configure:2996: $? = 0
configure:3019: result: none needed
configure:3041: checking for ar
configure:3069: result: ar
configure:3120: checking for ranlib
configure:3147: result: ranlib
configure:3171: checking whether gcc and cc understand -c and -o together
configure:3206: gcc -c conftest.c -o conftest2.o >&5
configure:3210: $? = 0
configure:3216: gcc -c conftest.c -o conftest2.o >&5
configure:3220: $? = 0
configure:3231: cc -c conftest.c >&5
configure:3235: $? = 0
configure:3243: cc -c conftest.c -o conftest2.o >&5
configure:3247: $? = 0
configure:3253: cc -c conftest.c -o conftest2.o >&5
configure:3257: $? = 0
configure:3275: result: yes
configure:3296: checking how to run the C preprocessor
configure:3336: gcc -E  -I/home/ariana/workspace/enisi/hpylori_compartments/deps/src/project_repast/INSTALLATION/mpich2-1.4.1p1/src/mpl/include -I/home/ariana/workspace/enisi/hpylori_compartments/deps/src/project_repast/INSTALLATION/mpich2-1.4.1p1/src/mpl/include -I/home/ariana/workspace/enisi/hpylori_compartments/deps/src/project_repast/INSTALLATION/mpich2-1.4.1p1/src/openpa/src -I/home/ariana/workspace/enisi/hpylori_compartments/deps/src/project_repast/INSTALLATION/mpich2-1.4.1p1/src/openpa/src -I/home/ariana/workspace/enisi/hpylori_compartments/deps/src/project_repast/INSTALLATION/mpich2-1.4.1p1/src/mpid/ch3/include -I/home/ariana/workspace/enisi/hpylori_compartments/deps/src/project_repast/INSTALLATION/mpich2-1.4.1p1/src/mpid/ch3/include -I/home/ariana/workspace/enisi/hpylori_compartments/deps/src/project_repast/INSTALLATION/mpich2-1.4.1p1/src/mpid/common/datatype -I/home/ariana/workspace/enisi/hpylori_compartments/deps/src/project_repast/INSTALLATION/mpich2-1.4.1p1/src/mpid/common/datatype -I/home/ariana/workspace/enisi/hpylori_compartments/deps/src/project_repast/INSTALLATION/mpich2-1.4.1p1/src/mpid/common/locks -I/home/ariana/workspace/enisi/hpylori_compartments/deps/src/project_repast/INSTALLATION/mpich2-1.4.1p1/src/mpid/common/locks -I/home/ariana/workspace/enisi/hpylori_compartments/deps/src/project_repast/INSTALLATION/mpich2-1.4.1p1/src/mpid/ch3/channels/nemesis/include -I/home/ariana/workspace/enisi/hpylori_compartments/deps/src/project_repast/INSTALLATION/mpich2-1.4.1p1/src/mpid/ch3/channels/nemesis/include -I/home/ariana/workspace/enisi/hpylori_compartments/deps/src/project_repast/INSTALLATION/mpich2-1.4.1p1/src/mpid/ch3/channels/nemesis/nemesis/include -I/home/ariana/workspace/enisi/hpylori_compartments/deps/src/project_repast/INSTALLATION/mpich2-1.4.1p1/src/mpid/ch3/channels/nemesis/nemesis/include -I/home/ariana/workspace/enisi/hpylori_compartments/deps/src/project_repast/INSTALLATION/mpich2-1.4.1p1/src/mpid/ch3/channels/nemesis/nemesis/utils/monitor -I/home/ariana/workspace/enisi/hpylori_compartments/deps/src/project_repast/INSTALLATION/mpich2-1.4.1p1/src/mpid/ch3/channels/nemesis/nemesis/utils/monitor -I/home/ariana/workspace/enisi/hpylori_compartments/deps/src/project_repast/INSTALLATION/mpich2-1.4.1p1/src/util/wrappers -I/home/ariana/workspace/enisi/hpylori_compartments/deps/src/project_repast/INSTALLATION/mpich2-1.4.1p1/src/util/wrappers conftest.c
configure:3343: $? = 0
configure:3374: gcc -E  -I/home/ariana/workspace/enisi/hpylori_compartments/deps/src/project_repast/INSTALLATION/mpich2-1.4.1p1/src/mpl/include -I/home/ariana/workspace/enisi/hpylori_compartments/deps/src/project_repast/INSTALLATION/mpich2-1.4.1p1/src/mpl/include -I/home/ariana/workspace/enisi/hpylori_compartments/deps/src/project_repast/INSTALLATION/mpich2-1.4.1p1/src/openpa/src -I/home/ariana/workspace/enisi/hpylori_compartments/deps/src/project_repast/INSTALLATION/mpich2-1.4.1p1/src/openpa/src -I/home/ariana/workspace/enisi/hpylori_compartments/deps/src/project_repast/INSTALLATION/mpich2-1.4.1p1/src/mpid/ch3/include -I/home/ariana/workspace/enisi/hpylori_compartments/deps/src/project_repast/INSTALLATION/mpich2-1.4.1p1/src/mpid/ch3/include -I/home/ariana/workspace/enisi/hpylori_compartments/deps/src/project_repast/INSTALLATION/mpich2-1.4.1p1/src/mpid/common/datatype -I/home/ariana/workspace/enisi/hpylori_compartments/deps/src/project_repast/INSTALLATION/mpich2-1.4.1p1/src/mpid/common/datatype -I/home/ariana/workspace/enisi/hpylori_compartments/deps/src/project_repast/INSTALLATION/mpich2-1.4.1p1/src/mpid/common/locks -I/home/ariana/workspace/enisi/hpylori_compartments/deps/src/project_repast/INSTALLATION/mpich2-1.4.1p1/src/mpid/common/locks -I/home/ariana/workspace/enisi/hpylori_compartments/deps/src/project_repast/INSTALLATION/mpich2-1.4.1p1/src/mpid/ch3/channels/nemesis/include -I/home/ariana/workspace/enisi/hpylori_compartments/deps/src/project_repast/INSTALLATION/mpich2-1.4.1p1/src/mpid/ch3/channels/nemesis/include -I/home/ariana/workspace/enisi/hpylori_compartments/deps/src/project_repast/INSTALLATION/mpich2-1.4.1p1/src/mpid/ch3/channels/nemesis/nemesis/include -I/home/ariana/workspace/enisi/hpylori_compartments/deps/src/project_repast/INSTALLATION/mpich2-1.4.1p1/src/mpid/ch3/channels/nemesis/nemesis/include -I/home/ariana/workspace/enisi/hpylori_compartments/deps/src/project_repast/INSTALLATION/mpich2-1.4.1p1/src/mpid/ch3/channels/nemesis/nemesis/utils/monitor -I/home/ariana/workspace/enisi/hpylori_compartments/deps/src/project_repast/INSTALLATION/mpich2-1.4.1p1/src/mpid/ch3/channels/nemesis/nemesis/utils/monitor -I/home/ariana/workspace/enisi/hpylori_compartments/deps/src/project_repast/INSTALLATION/mpich2-1.4.1p1/src/util/wrappers -I/home/ariana/workspace/enisi/hpylori_compartments/deps/src/project_repast/INSTALLATION/mpich2-1.4.1p1/src/util/wrappers conftest.c
conftest.c:8:28: fatal error: ac_nonexistent.h: No such file or directory
compilation terminated.
configure:3381: $? = 1
configure: failed program was:
| /* confdefs.h.  */
| #define PACKAGE_NAME ""
| #define PACKAGE_TARNAME ""
| #define PACKAGE_VERSION ""
| #define PACKAGE_STRING ""
| #define PACKAGE_BUGREPORT ""
| /* end confdefs.h.  */
| #include <ac_nonexistent.h>
configure:3414: result: gcc -E
configure:3443: gcc -E  -I/home/ariana/workspace/enisi/hpylori_compartments/deps/src/project_repast/INSTALLATION/mpich2-1.4.1p1/src/mpl/include -I/home/ariana/workspace/enisi/hpylori_compartments/deps/src/project_repast/INSTALLATION/mpich2-1.4.1p1/src/mpl/include -I/home/ariana/workspace/enisi/hpylori_compartments/deps/src/project_repast/INSTALLATION/mpich2-1.4.1p1/src/openpa/src -I/home/ariana/workspace/enisi/hpylori_compartments/deps/src/project_repast/INSTALLATION/mpich2-1.4.1p1/src/openpa/src -I/home/ariana/workspace/enisi/hpylori_compartments/deps/src/project_repast/INSTALLATION/mpich2-1.4.1p1/src/mpid/ch3/include -I/home/ariana/workspace/enisi/hpylori_compartments/deps/src/project_repast/INSTALLATION/mpich2-1.4.1p1/src/mpid/ch3/include -I/home/ariana/workspace/enisi/hpylori_compartments/deps/src/project_repast/INSTALLATION/mpich2-1.4.1p1/src/mpid/common/datatype -I/home/ariana/workspace/enisi/hpylori_compartments/deps/src/project_repast/INSTALLATION/mpich2-1.4.1p1/src/mpid/common/datatype -I/home/ariana/workspace/enisi/hpylori_compartments/deps/src/project_repast/INSTALLATION/mpich2-1.4.1p1/src/mpid/common/locks -I/home/ariana/workspace/enisi/hpylori_compartments/deps/src/project_repast/INSTALLATION/mpich2-1.4.1p1/src/mpid/common/locks -I/home/ariana/workspace/enisi/hpylori_compartments/deps/src/project_repast/INSTALLATION/mpich2-1.4.1p1/src/mpid/ch3/channels/nemesis/include -I/home/ariana/workspace/enisi/hpylori_compartments/deps/src/project_repast/INSTALLATION/mpich2-1.4.1p1/src/mpid/ch3/channels/nemesis/include -I/home/ariana/workspace/enisi/hpylori_compartments/deps/src/project_repast/INSTALLATION/mpich2-1.4.1p1/src/mpid/ch3/channels/nemesis/nemesis/include -I/home/ariana/workspace/enisi/hpylori_compartments/deps/src/project_repast/INSTALLATION/mpich2-1.4.1p1/src/mpid/ch3/channels/nemesis/nemesis/include -I/home/ariana/workspace/enisi/hpylori_compartments/deps/src/project_repast/INSTALLATION/mpich2-1.4.1p1/src/mpid/ch3/channels/nemesis/nemesis/utils/monitor -I/home/ariana/workspace/enisi/hpylori_compartments/deps/src/project_repast/INSTALLATION/mpich2-1.4.1p1/src/mpid/ch3/channels/nemesis/nemesis/utils/monitor -I/home/ariana/workspace/enisi/hpylori_compartments/deps/src/project_repast/INSTALLATION/mpich2-1.4.1p1/src/util/wrappers -I/home/ariana/workspace/enisi/hpylori_compartments/deps/src/project_repast/INSTALLATION/mpich2-1.4.1p1/src/util/wrappers conftest.c
configure:3450: $? = 0
configure:3481: gcc -E  -I/home/ariana/workspace/enisi/hpylori_compartments/deps/src/project_repast/INSTALLATION/mpich2-1.4.1p1/src/mpl/include -I/home/ariana/workspace/enisi/hpylori_compartments/deps/src/project_repast/INSTALLATION/mpich2-1.4.1p1/src/mpl/include -I/home/ariana/workspace/enisi/hpylori_compartments/deps/src/project_repast/INSTALLATION/mpich2-1.4.1p1/src/openpa/src -I/home/ariana/workspace/enisi/hpylori_compartments/deps/src/project_repast/INSTALLATION/mpich2-1.4.1p1/src/openpa/src -I/home/ariana/workspace/enisi/hpylori_compartments/deps/src/project_repast/INSTALLATION/mpich2-1.4.1p1/src/mpid/ch3/include -I/home/ariana/workspace/enisi/hpylori_compartments/deps/src/project_repast/INSTALLATION/mpich2-1.4.1p1/src/mpid/ch3/include -I/home/ariana/workspace/enisi/hpylori_compartments/deps/src/project_repast/INSTALLATION/mpich2-1.4.1p1/src/mpid/common/datatype -I/home/ariana/workspace/enisi/hpylori_compartments/deps/src/project_repast/INSTALLATION/mpich2-1.4.1p1/src/mpid/common/datatype -I/home/ariana/workspace/enisi/hpylori_compartments/deps/src/project_repast/INSTALLATION/mpich2-1.4.1p1/src/mpid/common/locks -I/home/ariana/workspace/enisi/hpylori_compartments/deps/src/project_repast/INSTALLATION/mpich2-1.4.1p1/src/mpid/common/locks -I/home/ariana/workspace/enisi/hpylori_compartments/deps/src/project_repast/INSTALLATION/mpich2-1.4.1p1/src/mpid/ch3/channels/nemesis/include -I/home/ariana/workspace/enisi/hpylori_compartments/deps/src/project_repast/INSTALLATION/mpich2-1.4.1p1/src/mpid/ch3/channels/nemesis/include -I/home/ariana/workspace/enisi/hpylori_compartments/deps/src/project_repast/INSTALLATION/mpich2-1.4.1p1/src/mpid/ch3/channels/nemesis/nemesis/include -I/home/ariana/workspace/enisi/hpylori_compartments/deps/src/project_repast/INSTALLATION/mpich2-1.4.1p1/src/mpid/ch3/channels/nemesis/nemesis/include -I/home/ariana/workspace/enisi/hpylori_compartments/deps/src/project_repast/INSTALLATION/mpich2-1.4.1p1/src/mpid/ch3/channels/nemesis/nemesis/utils/monitor -I/home/ariana/workspace/enisi/hpylori_compartments/deps/src/project_repast/INSTALLATION/mpich2-1.4.1p1/src/mpid/ch3/channels/nemesis/nemesis/utils/monitor -I/home/ariana/workspace/enisi/hpylori_compartments/deps/src/project_repast/INSTALLATION/mpich2-1.4.1p1/src/util/wrappers -I/home/ariana/workspace/enisi/hpylori_compartments/deps/src/project_repast/INSTALLATION/mpich2-1.4.1p1/src/util/wrappers conftest.c
conftest.c:8:28: fatal error: ac_nonexistent.h: No such file or directory
compilation terminated.
configure:3488: $? = 1
configure: failed program was:
| /* confdefs.h.  */
| #define PACKAGE_NAME ""
| #define PACKAGE_TARNAME ""
| #define PACKAGE_VERSION ""
| #define PACKAGE_STRING ""
| #define PACKAGE_BUGREPORT ""
| /* end confdefs.h.  */
| #include <ac_nonexistent.h>
configure:3609: checking for X
configure:3724: gcc -E  -I/home/ariana/workspace/enisi/hpylori_compartments/deps/src/project_repast/INSTALLATION/mpich2-1.4.1p1/src/mpl/include -I/home/ariana/workspace/enisi/hpylori_compartments/deps/src/project_repast/INSTALLATION/mpich2-1.4.1p1/src/mpl/include -I/home/ariana/workspace/enisi/hpylori_compartments/deps/src/project_repast/INSTALLATION/mpich2-1.4.1p1/src/openpa/src -I/home/ariana/workspace/enisi/hpylori_compartments/deps/src/project_repast/INSTALLATION/mpich2-1.4.1p1/src/openpa/src -I/home/ariana/workspace/enisi/hpylori_compartments/deps/src/project_repast/INSTALLATION/mpich2-1.4.1p1/src/mpid/ch3/include -I/home/ariana/workspace/enisi/hpylori_compartments/deps/src/project_repast/INSTALLATION/mpich2-1.4.1p1/src/mpid/ch3/include -I/home/ariana/workspace/enisi/hpylori_compartments/deps/src/project_repast/INSTALLATION/mpich2-1.4.1p1/src/mpid/common/datatype -I/home/ariana/workspace/enisi/hpylori_compartments/deps/src/project_repast/INSTALLATION/mpich2-1.4.1p1/src/mpid/common/datatype -I/home/ariana/workspace/enisi/hpylori_compartments/deps/src/project_repast/INSTALLATION/mpich2-1.4.1p1/src/mpid/common/locks -I/home/ariana/workspace/enisi/hpylori_compartments/deps/src/project_repast/INSTALLATION/mpich2-1.4.1p1/src/mpid/common/locks -I/home/ariana/workspace/enisi/hpylori_compartments/deps/src/project_repast/INSTALLATION/mpich2-1.4.1p1/src/mpid/ch3/channels/nemesis/include -I/home/ariana/workspace/enisi/hpylori_compartments/deps/src/project_repast/INSTALLATION/mpich2-1.4.1p1/src/mpid/ch3/channels/nemesis/include -I/home/ariana/workspace/enisi/hpylori_compartments/deps/src/project_repast/INSTALLATION/mpich2-1.4.1p1/src/mpid/ch3/channels/nemesis/nemesis/include -I/home/ariana/workspace/enisi/hpylori_compartments/deps/src/project_repast/INSTALLATION/mpich2-1.4.1p1/src/mpid/ch3/channels/nemesis/nemesis/include -I/home/ariana/workspace/enisi/hpylori_compartments/deps/src/project_repast/INSTALLATION/mpich2-1.4.1p1/src/mpid/ch3/channels/nemesis/nemesis/utils/monitor -I/home/ariana/workspace/enisi/hpylori_compartments/deps/src/project_repast/INSTALLATION/mpich2-1.4.1p1/src/mpid/ch3/channels/nemesis/nemesis/utils/monitor -I/home/ariana/workspace/enisi/hpylori_compartments/deps/src/project_repast/INSTALLATION/mpich2-1.4.1p1/src/util/wrappers -I/home/ariana/workspace/enisi/hpylori_compartments/deps/src/project_repast/INSTALLATION/mpich2-1.4.1p1/src/util/wrappers conftest.c
configure:3731: $? = 0
configure:3780: gcc -o conftest    -O2  -I/home/ariana/workspace/enisi/hpylori_compartments/deps/src/project_repast/INSTALLATION/mpich2-1.4.1p1/src/mpl/include -I/home/ariana/workspace/enisi/hpylori_compartments/deps/src/project_repast/INSTALLATION/mpich2-1.4.1p1/src/mpl/include -I/home/ariana/workspace/enisi/hpylori_compartments/deps/src/project_repast/INSTALLATION/mpich2-1.4.1p1/src/openpa/src -I/home/ariana/workspace/enisi/hpylori_compartments/deps/src/project_repast/INSTALLATION/mpich2-1.4.1p1/src/openpa/src -I/home/ariana/workspace/enisi/hpylori_compartments/deps/src/project_repast/INSTALLATION/mpich2-1.4.1p1/src/mpid/ch3/include -I/home/ariana/workspace/enisi/hpylori_compartments/deps/src/project_repast/INSTALLATION/mpich2-1.4.1p1/src/mpid/ch3/include -I/home/ariana/workspace/enisi/hpylori_compartments/deps/src/project_repast/INSTALLATION/mpich2-1.4.1p1/src/mpid/common/datatype -I/home/ariana/workspace/enisi/hpylori_compartments/deps/src/project_repast/INSTALLATION/mpich2-1.4.1p1/src/mpid/common/datatype -I/home/ariana/workspace/enisi/hpylori_compartments/deps/src/project_repast/INSTALLATION/mpich2-1.4.1p1/src/mpid/common/locks -I/home/ariana/workspace/enisi/hpylori_compartments/deps/src/project_repast/INSTALLATION/mpich2-1.4.1p1/src/mpid/common/locks -I/home/ariana/workspace/enisi/hpylori_compartments/deps/src/project_repast/INSTALLATION/mpich2-1.4.1p1/src/mpid/ch3/channels/nemesis/include -I/home/ariana/workspace/enisi/hpylori_compartments/deps/src/project_repast/INSTALLATION/mpich2-1.4.1p1/src/mpid/ch3/channels/nemesis/include -I/home/ariana/workspace/enisi/hpylori_compartments/deps/src/project_repast/INSTALLATION/mpich2-1.4.1p1/src/mpid/ch3/channels/nemesis/nemesis/include -I/home/ariana/workspace/enisi/hpylori_compartments/deps/src/project_repast/INSTALLATION/mpich2-1.4.1p1/src/mpid/ch3/channels/nemesis/nemesis/include -I/home/ariana/workspace/enisi/hpylori_compartments/deps/src/project_repast/INSTALLATION/mpich2-1.4.1p1/src/mpid/ch3/channels/nemesis/nemesis/utils/monitor -I/home/ariana/workspace/enisi/hpylori_compartments/deps/src/project_repast/INSTALLATION/mpich2-1.4.1p1/src/mpid/ch3/channels/nemesis/nemesis/utils/monitor -I/home/ariana/workspace/enisi/hpylori_compartments/deps/src/project_repast/INSTALLATION/mpich2-1.4.1p1/src/util/wrappers -I/home/ariana/workspace/enisi/hpylori_compartments/deps/src/project_repast/INSTALLATION/mpich2-1.4.1p1/src/util/wrappers   conftest.c -lX11 -lrt -lpthread   >&5
configure:3787: $? = 0
configure:3849: result: libraries , headers 
configure:3881: checking for grep that handles long lines and -e
configure:3941: result: /bin/grep
configure:3946: checking for egrep
configure:4010: result: /bin/grep -E
configure:4015: checking for ANSI C header files
configure:4045: gcc -c    -O2  -I/home/ariana/workspace/enisi/hpylori_compartments/deps/src/project_repast/INSTALLATION/mpich2-1.4.1p1/src/mpl/include -I/home/ariana/workspace/enisi/hpylori_compartments/deps/src/project_repast/INSTALLATION/mpich2-1.4.1p1/src/mpl/include -I/home/ariana/workspace/enisi/hpylori_compartments/deps/src/project_repast/INSTALLATION/mpich2-1.4.1p1/src/openpa/src -I/home/ariana/workspace/enisi/hpylori_compartments/deps/src/project_repast/INSTALLATION/mpich2-1.4.1p1/src/openpa/src -I/home/ariana/workspace/enisi/hpylori_compartments/deps/src/project_repast/INSTALLATION/mpich2-1.4.1p1/src/mpid/ch3/include -I/home/ariana/workspace/enisi/hpylori_compartments/deps/src/project_repast/INSTALLATION/mpich2-1.4.1p1/src/mpid/ch3/include -I/home/ariana/workspace/enisi/hpylori_compartments/deps/src/project_repast/INSTALLATION/mpich2-1.4.1p1/src/mpid/common/datatype -I/home/ariana/workspace/enisi/hpylori_compartments/deps/src/project_repast/INSTALLATION/mpich2-1.4.1p1/src/mpid/common/datatype -I/home/ariana/workspace/enisi/hpylori_compartments/deps/src/project_repast/INSTALLATION/mpich2-1.4.1p1/src/mpid/common/locks -I/home/ariana/workspace/enisi/hpylori_compartments/deps/src/project_repast/INSTALLATION/mpich2-1.4.1p1/src/mpid/common/locks -I/home/ariana/workspace/enisi/hpylori_compartments/deps/src/project_repast/INSTALLATION/mpich2-1.4.1p1/src/mpid/ch3/channels/nemesis/include -I/home/ariana/workspace/enisi/hpylori_compartments/deps/src/project_repast/INSTALLATION/mpich2-1.4.1p1/src/mpid/ch3/channels/nemesis/include -I/home/ariana/workspace/enisi/hpylori_compartments/deps/src/project_repast/INSTALLATION/mpich2-1.4.1p1/src/mpid/ch3/channels/nemesis/nemesis/include -I/home/ariana/workspace/enisi/hpylori_compartments/deps/src/project_repast/INSTALLATION/mpich2-1.4.1p1/src/mpid/ch3/channels/nemesis/nemesis/include -I/home/ariana/workspace/enisi/hpylori_compartments/deps/src/project_repast/INSTALLATION/mpich2-1.4.1p1/src/mpid/ch3/channels/nemesis/nemesis/utils/monitor -I/home/ariana/workspace/enisi/hpylori_compartments/deps/src/project_repast/INSTALLATION/mpich2-1.4.1p1/src/mpid/ch3/channels/nemesis/nemesis/utils/monitor -I/home/ariana/workspace/enisi/hpylori_compartments/deps/src/project_repast/INSTALLATION/mpich2-1.4.1p1/src/util/wrappers -I/home/ariana/workspace/enisi/hpylori_compartments/deps/src/project_repast/INSTALLATION/mpich2-1.4.1p1/src/util/wrappers conftest.c >&5
configure:4052: $? = 0
configure:4151: gcc -o conftest    -O2  -I/home/ariana/workspace/enisi/hpylori_compartments/deps/src/project_repast/INSTALLATION/mpich2-1.4.1p1/src/mpl/include -I/home/ariana/workspace/enisi/hpylori_compartments/deps/src/project_repast/INSTALLATION/mpich2-1.4.1p1/src/mpl/include -I/home/ariana/workspace/enisi/hpylori_compartments/deps/src/project_repast/INSTALLATION/mpich2-1.4.1p1/src/openpa/src -I/home/ariana/workspace/enisi/hpylori_compartments/deps/src/project_repast/INSTALLATION/mpich2-1.4.1p1/src/openpa/src -I/home/ariana/workspace/enisi/hpylori_compartments/deps/src/project_repast/INSTALLATION/mpich2-1.4.1p1/src/mpid/ch3/include -I/home/ariana/workspace/enisi/hpylori_compartments/deps/src/project_repast/INSTALLATION/mpich2-1.4.1p1/src/mpid/ch3/include -I/home/ariana/workspace/enisi/hpylori_compartments/deps/src/project_repast/INSTALLATION/mpich2-1.4.1p1/src/mpid/common/datatype -I/home/ariana/workspace/enisi/hpylori_compartments/deps/src/project_repast/INSTALLATION/mpich2-1.4.1p1/src/mpid/common/datatype -I/home/ariana/workspace/enisi/hpylori_compartments/deps/src/project_repast/INSTALLATION/mpich2-1.4.1p1/src/mpid/common/locks -I/home/ariana/workspace/enisi/hpylori_compartments/deps/src/project_repast/INSTALLATION/mpich2-1.4.1p1/src/mpid/common/locks -I/home/ariana/workspace/enisi/hpylori_compartments/deps/src/project_repast/INSTALLATION/mpich2-1.4.1p1/src/mpid/ch3/channels/nemesis/include -I/home/ariana/workspace/enisi/hpylori_compartments/deps/src/project_repast/INSTALLATION/mpich2-1.4.1p1/src/mpid/ch3/channels/nemesis/include -I/home/ariana/workspace/enisi/hpylori_compartments/deps/src/project_repast/INSTALLATION/mpich2-1.4.1p1/src/mpid/ch3/channels/nemesis/nemesis/include -I/home/ariana/workspace/enisi/hpylori_compartments/deps/src/project_repast/INSTALLATION/mpich2-1.4.1p1/src/mpid/ch3/channels/nemesis/nemesis/include -I/home/ariana/workspace/enisi/hpylori_compartments/deps/src/project_repast/INSTALLATION/mpich2-1.4.1p1/src/mpid/ch3/channels/nemesis/nemesis/utils/monitor -I/home/ariana/workspace/enisi/hpylori_compartments/deps/src/project_repast/INSTALLATION/mpich2-1.4.1p1/src/mpid/ch3/channels/nemesis/nemesis/utils/monitor -I/home/ariana/workspace/enisi/hpylori_compartments/deps/src/project_repast/INSTALLATION/mpich2-1.4.1p1/src/util/wrappers -I/home/ariana/workspace/enisi/hpylori_compartments/deps/src/project_repast/INSTALLATION/mpich2-1.4.1p1/src/util/wrappers   conftest.c -lrt -lpthread   >&5
configure:4155: $? = 0
configure:4161: ./conftest
configure:4165: $? = 0
configure:4183: result: yes
configure:4193: checking for an ANSI C-conforming const
configure:4268: gcc -c    -O2  -I/home/ariana/workspace/enisi/hpylori_compartments/deps/src/project_repast/INSTALLATION/mpich2-1.4.1p1/src/mpl/include -I/home/ariana/workspace/enisi/hpylori_compartments/deps/src/project_repast/INSTALLATION/mpich2-1.4.1p1/src/mpl/include -I/home/ariana/workspace/enisi/hpylori_compartments/deps/src/project_repast/INSTALLATION/mpich2-1.4.1p1/src/openpa/src -I/home/ariana/workspace/enisi/hpylori_compartments/deps/src/project_repast/INSTALLATION/mpich2-1.4.1p1/src/openpa/src -I/home/ariana/workspace/enisi/hpylori_compartments/deps/src/project_repast/INSTALLATION/mpich2-1.4.1p1/src/mpid/ch3/include -I/home/ariana/workspace/enisi/hpylori_compartments/deps/src/project_repast/INSTALLATION/mpich2-1.4.1p1/src/mpid/ch3/include -I/home/ariana/workspace/enisi/hpylori_compartments/deps/src/project_repast/INSTALLATION/mpich2-1.4.1p1/src/mpid/common/datatype -I/home/ariana/workspace/enisi/hpylori_compartments/deps/src/project_repast/INSTALLATION/mpich2-1.4.1p1/src/mpid/common/datatype -I/home/ariana/workspace/enisi/hpylori_compartments/deps/src/project_repast/INSTALLATION/mpich2-1.4.1p1/src/mpid/common/locks -I/home/ariana/workspace/enisi/hpylori_compartments/deps/src/project_repast/INSTALLATION/mpich2-1.4.1p1/src/mpid/common/locks -I/home/ariana/workspace/enisi/hpylori_compartments/deps/src/project_repast/INSTALLATION/mpich2-1.4.1p1/src/mpid/ch3/channels/nemesis/include -I/home/ariana/workspace/enisi/hpylori_compartments/deps/src/project_repast/INSTALLATION/mpich2-1.4.1p1/src/mpid/ch3/channels/nemesis/include -I/home/ariana/workspace/enisi/hpylori_compartments/deps/src/project_repast/INSTALLATION/mpich2-1.4.1p1/src/mpid/ch3/channels/nemesis/nemesis/include -I/home/ariana/workspace/enisi/hpylori_compartments/deps/src/project_repast/INSTALLATION/mpich2-1.4.1p1/src/mpid/ch3/channels/nemesis/nemesis/include -I/home/ariana/workspace/enisi/hpylori_compartments/deps/src/project_repast/INSTALLATION/mpich2-1.4.1p1/src/mpid/ch3/channels/nemesis/nemesis/utils/monitor -I/home/ariana/workspace/enisi/hpylori_compartments/deps/src/project_repast/INSTALLATION/mpich2-1.4.1p1/src/mpid/ch3/channels/nemesis/nemesis/utils/monitor -I/home/ariana/workspace/enisi/hpylori_compartments/deps/src/project_repast/INSTALLATION/mpich2-1.4.1p1/src/util/wrappers -I/home/ariana/workspace/enisi/hpylori_compartments/deps/src/project_repast/INSTALLATION/mpich2-1.4.1p1/src/util/wrappers conftest.c >&5
configure:4275: $? = 0
configure:4290: result: yes
configure:4315: checking for sys/types.h
configure:4336: gcc -c    -O2  -I/home/ariana/workspace/enisi/hpylori_compartments/deps/src/project_repast/INSTALLATION/mpich2-1.4.1p1/src/mpl/include -I/home/ariana/workspace/enisi/hpylori_compartments/deps/src/project_repast/INSTALLATION/mpich2-1.4.1p1/src/mpl/include -I/home/ariana/workspace/enisi/hpylori_compartments/deps/src/project_repast/INSTALLATION/mpich2-1.4.1p1/src/openpa/src -I/home/ariana/workspace/enisi/hpylori_compartments/deps/src/project_repast/INSTALLATION/mpich2-1.4.1p1/src/openpa/src -I/home/ariana/workspace/enisi/hpylori_compartments/deps/src/project_repast/INSTALLATION/mpich2-1.4.1p1/src/mpid/ch3/include -I/home/ariana/workspace/enisi/hpylori_compartments/deps/src/project_repast/INSTALLATION/mpich2-1.4.1p1/src/mpid/ch3/include -I/home/ariana/workspace/enisi/hpylori_compartments/deps/src/project_repast/INSTALLATION/mpich2-1.4.1p1/src/mpid/common/datatype -I/home/ariana/workspace/enisi/hpylori_compartments/deps/src/project_repast/INSTALLATION/mpich2-1.4.1p1/src/mpid/common/datatype -I/home/ariana/workspace/enisi/hpylori_compartments/deps/src/project_repast/INSTALLATION/mpich2-1.4.1p1/src/mpid/common/locks -I/home/ariana/workspace/enisi/hpylori_compartments/deps/src/project_repast/INSTALLATION/mpich2-1.4.1p1/src/mpid/common/locks -I/home/ariana/workspace/enisi/hpylori_compartments/deps/src/project_repast/INSTALLATION/mpich2-1.4.1p1/src/mpid/ch3/channels/nemesis/include -I/home/ariana/workspace/enisi/hpylori_compartments/deps/src/project_repast/INSTALLATION/mpich2-1.4.1p1/src/mpid/ch3/channels/nemesis/include -I/home/ariana/workspace/enisi/hpylori_compartments/deps/src/project_repast/INSTALLATION/mpich2-1.4.1p1/src/mpid/ch3/channels/nemesis/nemesis/include -I/home/ariana/workspace/enisi/hpylori_compartments/deps/src/project_repast/INSTALLATION/mpich2-1.4.1p1/src/mpid/ch3/channels/nemesis/nemesis/include -I/home/ariana/workspace/enisi/hpylori_compartments/deps/src/project_repast/INSTALLATION/mpich2-1.4.1p1/src/mpid/ch3/channels/nemesis/nemesis/utils/monitor -I/home/ariana/workspace/enisi/hpylori_compartments/deps/src/project_repast/INSTALLATION/mpich2-1.4.1p1/src/mpid/ch3/channels/nemesis/nemesis/utils/monitor -I/home/ariana/workspace/enisi/hpylori_compartments/deps/src/project_repast/INSTALLATION/mpich2-1.4.1p1/src/util/wrappers -I/home/ariana/workspace/enisi/hpylori_compartments/deps/src/project_repast/INSTALLATION/mpich2-1.4.1p1/src/util/wrappers conftest.c >&5
configure:4343: $? = 0
configure:4360: result: yes
configure:4315: checking for sys/stat.h
configure:4336: gcc -c    -O2  -I/home/ariana/workspace/enisi/hpylori_compartments/deps/src/project_repast/INSTALLATION/mpich2-1.4.1p1/src/mpl/include -I/home/ariana/workspace/enisi/hpylori_compartments/deps/src/project_repast/INSTALLATION/mpich2-1.4.1p1/src/mpl/include -I/home/ariana/workspace/enisi/hpylori_compartments/deps/src/project_repast/INSTALLATION/mpich2-1.4.1p1/src/openpa/src -I/home/ariana/workspace/enisi/hpylori_compartments/deps/src/project_repast/INSTALLATION/mpich2-1.4.1p1/src/openpa/src -I/home/ariana/workspace/enisi/hpylori_compartments/deps/src/project_repast/INSTALLATION/mpich2-1.4.1p1/src/mpid/ch3/include -I/home/ariana/workspace/enisi/hpylori_compartments/deps/src/project_repast/INSTALLATION/mpich2-1.4.1p1/src/mpid/ch3/include -I/home/ariana/workspace/enisi/hpylori_compartments/deps/src/project_repast/INSTALLATION/mpich2-1.4.1p1/src/mpid/common/datatype -I/home/ariana/workspace/enisi/hpylori_compartments/deps/src/project_repast/INSTALLATION/mpich2-1.4.1p1/src/mpid/common/datatype -I/home/ariana/workspace/enisi/hpylori_compartments/deps/src/project_repast/INSTALLATION/mpich2-1.4.1p1/src/mpid/common/locks -I/home/ariana/workspace/enisi/hpylori_compartments/deps/src/project_repast/INSTALLATION/mpich2-1.4.1p1/src/mpid/common/locks -I/home/ariana/workspace/enisi/hpylori_compartments/deps/src/project_repast/INSTALLATION/mpich2-1.4.1p1/src/mpid/ch3/channels/nemesis/include -I/home/ariana/workspace/enisi/hpylori_compartments/deps/src/project_repast/INSTALLATION/mpich2-1.4.1p1/src/mpid/ch3/channels/nemesis/include -I/home/ariana/workspace/enisi/hpylori_compartments/deps/src/project_repast/INSTALLATION/mpich2-1.4.1p1/src/mpid/ch3/channels/nemesis/nemesis/include -I/home/ariana/workspace/enisi/hpylori_compartments/deps/src/project_repast/INSTALLATION/mpich2-1.4.1p1/src/mpid/ch3/channels/nemesis/nemesis/include -I/home/ariana/workspace/enisi/hpylori_compartments/deps/src/project_repast/INSTALLATION/mpich2-1.4.1p1/src/mpid/ch3/channels/nemesis/nemesis/utils/monitor -I/home/ariana/workspace/enisi/hpylori_compartments/deps/src/project_repast/INSTALLATION/mpich2-1.4.1p1/src/mpid/ch3/channels/nemesis/nemesis/utils/monitor -I/home/ariana/workspace/enisi/hpylori_compartments/deps/src/project_repast/INSTALLATION/mpich2-1.4.1p1/src/util/wrappers -I/home/ariana/workspace/enisi/hpylori_compartments/deps/src/project_repast/INSTALLATION/mpich2-1.4.1p1/src/util/wrappers conftest.c >&5
configure:4343: $? = 0
configure:4360: result: yes
configure:4315: checking for stdlib.h
configure:4336: gcc -c    -O2  -I/home/ariana/workspace/enisi/hpylori_compartments/deps/src/project_repast/INSTALLATION/mpich2-1.4.1p1/src/mpl/include -I/home/ariana/workspace/enisi/hpylori_compartments/deps/src/project_repast/INSTALLATION/mpich2-1.4.1p1/src/mpl/include -I/home/ariana/workspace/enisi/hpylori_compartments/deps/src/project_repast/INSTALLATION/mpich2-1.4.1p1/src/openpa/src -I/home/ariana/workspace/enisi/hpylori_compartments/deps/src/project_repast/INSTALLATION/mpich2-1.4.1p1/src/openpa/src -I/home/ariana/workspace/enisi/hpylori_compartments/deps/src/project_repast/INSTALLATION/mpich2-1.4.1p1/src/mpid/ch3/include -I/home/ariana/workspace/enisi/hpylori_compartments/deps/src/project_repast/INSTALLATION/mpich2-1.4.1p1/src/mpid/ch3/include -I/home/ariana/workspace/enisi/hpylori_compartments/deps/src/project_repast/INSTALLATION/mpich2-1.4.1p1/src/mpid/common/datatype -I/home/ariana/workspace/enisi/hpylori_compartments/deps/src/project_repast/INSTALLATION/mpich2-1.4.1p1/src/mpid/common/datatype -I/home/ariana/workspace/enisi/hpylori_compartments/deps/src/project_repast/INSTALLATION/mpich2-1.4.1p1/src/mpid/common/locks -I/home/ariana/workspace/enisi/hpylori_compartments/deps/src/project_repast/INSTALLATION/mpich2-1.4.1p1/src/mpid/common/locks -I/home/ariana/workspace/enisi/hpylori_compartments/deps/src/project_repast/INSTALLATION/mpich2-1.4.1p1/src/mpid/ch3/channels/nemesis/include -I/home/ariana/workspace/enisi/hpylori_compartments/deps/src/project_repast/INSTALLATION/mpich2-1.4.1p1/src/mpid/ch3/channels/nemesis/include -I/home/ariana/workspace/enisi/hpylori_compartments/deps/src/project_repast/INSTALLATION/mpich2-1.4.1p1/src/mpid/ch3/channels/nemesis/nemesis/include -I/home/ariana/workspace/enisi/hpylori_compartments/deps/src/project_repast/INSTALLATION/mpich2-1.4.1p1/src/mpid/ch3/channels/nemesis/nemesis/include -I/home/ariana/workspace/enisi/hpylori_compartments/deps/src/project_repast/INSTALLATION/mpich2-1.4.1p1/src/mpid/ch3/channels/nemesis/nemesis/utils/monitor -I/home/ariana/workspace/enisi/hpylori_compartments/deps/src/project_repast/INSTALLATION/mpich2-1.4.1p1/src/mpid/ch3/channels/nemesis/nemesis/utils/monitor -I/home/ariana/workspace/enisi/hpylori_compartments/deps/src/project_repast/INSTALLATION/mpich2-1.4.1p1/src/util/wrappers -I/home/ariana/workspace/enisi/hpylori_compartments/deps/src/project_repast/INSTALLATION/mpich2-1.4.1p1/src/util/wrappers conftest.c >&5
configure:4343: $? = 0
configure:4360: result: yes
configure:4315: checking for string.h
configure:4336: gcc -c    -O2  -I/home/ariana/workspace/enisi/hpylori_compartments/deps/src/project_repast/INSTALLATION/mpich2-1.4.1p1/src/mpl/include -I/home/ariana/workspace/enisi/hpylori_compartments/deps/src/project_repast/INSTALLATION/mpich2-1.4.1p1/src/mpl/include -I/home/ariana/workspace/enisi/hpylori_compartments/deps/src/project_repast/INSTALLATION/mpich2-1.4.1p1/src/openpa/src -I/home/ariana/workspace/enisi/hpylori_compartments/deps/src/project_repast/INSTALLATION/mpich2-1.4.1p1/src/openpa/src -I/home/ariana/workspace/enisi/hpylori_compartments/deps/src/project_repast/INSTALLATION/mpich2-1.4.1p1/src/mpid/ch3/include -I/home/ariana/workspace/enisi/hpylori_compartments/deps/src/project_repast/INSTALLATION/mpich2-1.4.1p1/src/mpid/ch3/include -I/home/ariana/workspace/enisi/hpylori_compartments/deps/src/project_repast/INSTALLATION/mpich2-1.4.1p1/src/mpid/common/datatype -I/home/ariana/workspace/enisi/hpylori_compartments/deps/src/project_repast/INSTALLATION/mpich2-1.4.1p1/src/mpid/common/datatype -I/home/ariana/workspace/enisi/hpylori_compartments/deps/src/project_repast/INSTALLATION/mpich2-1.4.1p1/src/mpid/common/locks -I/home/ariana/workspace/enisi/hpylori_compartments/deps/src/project_repast/INSTALLATION/mpich2-1.4.1p1/src/mpid/common/locks -I/home/ariana/workspace/enisi/hpylori_compartments/deps/src/project_repast/INSTALLATION/mpich2-1.4.1p1/src/mpid/ch3/channels/nemesis/include -I/home/ariana/workspace/enisi/hpylori_compartments/deps/src/project_repast/INSTALLATION/mpich2-1.4.1p1/src/mpid/ch3/channels/nemesis/include -I/home/ariana/workspace/enisi/hpylori_compartments/deps/src/project_repast/INSTALLATION/mpich2-1.4.1p1/src/mpid/ch3/channels/nemesis/nemesis/include -I/home/ariana/workspace/enisi/hpylori_compartments/deps/src/project_repast/INSTALLATION/mpich2-1.4.1p1/src/mpid/ch3/channels/nemesis/nemesis/include -I/home/ariana/workspace/enisi/hpylori_compartments/deps/src/project_repast/INSTALLATION/mpich2-1.4.1p1/src/mpid/ch3/channels/nemesis/nemesis/utils/monitor -I/home/ariana/workspace/enisi/hpylori_compartments/deps/src/project_repast/INSTALLATION/mpich2-1.4.1p1/src/mpid/ch3/channels/nemesis/nemesis/utils/monitor -I/home/ariana/workspace/enisi/hpylori_compartments/deps/src/project_repast/INSTALLATION/mpich2-1.4.1p1/src/util/wrappers -I/home/ariana/workspace/enisi/hpylori_compartments/deps/src/project_repast/INSTALLATION/mpich2-1.4.1p1/src/util/wrappers conftest.c >&5
configure:4343: $? = 0
configure:4360: result: yes
configure:4315: checking for memory.h
configure:4336: gcc -c    -O2  -I/home/ariana/workspace/enisi/hpylori_compartments/deps/src/project_repast/INSTALLATION/mpich2-1.4.1p1/src/mpl/include -I/home/ariana/workspace/enisi/hpylori_compartments/deps/src/project_repast/INSTALLATION/mpich2-1.4.1p1/src/mpl/include -I/home/ariana/workspace/enisi/hpylori_compartments/deps/src/project_repast/INSTALLATION/mpich2-1.4.1p1/src/openpa/src -I/home/ariana/workspace/enisi/hpylori_compartments/deps/src/project_repast/INSTALLATION/mpich2-1.4.1p1/src/openpa/src -I/home/ariana/workspace/enisi/hpylori_compartments/deps/src/project_repast/INSTALLATION/mpich2-1.4.1p1/src/mpid/ch3/include -I/home/ariana/workspace/enisi/hpylori_compartments/deps/src/project_repast/INSTALLATION/mpich2-1.4.1p1/src/mpid/ch3/include -I/home/ariana/workspace/enisi/hpylori_compartments/deps/src/project_repast/INSTALLATION/mpich2-1.4.1p1/src/mpid/common/datatype -I/home/ariana/workspace/enisi/hpylori_compartments/deps/src/project_repast/INSTALLATION/mpich2-1.4.1p1/src/mpid/common/datatype -I/home/ariana/workspace/enisi/hpylori_compartments/deps/src/project_repast/INSTALLATION/mpich2-1.4.1p1/src/mpid/common/locks -I/home/ariana/workspace/enisi/hpylori_compartments/deps/src/project_repast/INSTALLATION/mpich2-1.4.1p1/src/mpid/common/locks -I/home/ariana/workspace/enisi/hpylori_compartments/deps/src/project_repast/INSTALLATION/mpich2-1.4.1p1/src/mpid/ch3/channels/nemesis/include -I/home/ariana/workspace/enisi/hpylori_compartments/deps/src/project_repast/INSTALLATION/mpich2-1.4.1p1/src/mpid/ch3/channels/nemesis/include -I/home/ariana/workspace/enisi/hpylori_compartments/deps/src/project_repast/INSTALLATION/mpich2-1.4.1p1/src/mpid/ch3/channels/nemesis/nemesis/include -I/home/ariana/workspace/enisi/hpylori_compartments/deps/src/project_repast/INSTALLATION/mpich2-1.4.1p1/src/mpid/ch3/channels/nemesis/nemesis/include -I/home/ariana/workspace/enisi/hpylori_compartments/deps/src/project_repast/INSTALLATION/mpich2-1.4.1p1/src/mpid/ch3/channels/nemesis/nemesis/utils/monitor -I/home/ariana/workspace/enisi/hpylori_compartments/deps/src/project_repast/INSTALLATION/mpich2-1.4.1p1/src/mpid/ch3/channels/nemesis/nemesis/utils/monitor -I/home/ariana/workspace/enisi/hpylori_compartments/deps/src/project_repast/INSTALLATION/mpich2-1.4.1p1/src/util/wrappers -I/home/ariana/workspace/enisi/hpylori_compartments/deps/src/project_repast/INSTALLATION/mpich2-1.4.1p1/src/util/wrappers conftest.c >&5
configure:4343: $? = 0
configure:4360: result: yes
configure:4315: checking for strings.h
configure:4336: gcc -c    -O2  -I/home/ariana/workspace/enisi/hpylori_compartments/deps/src/project_repast/INSTALLATION/mpich2-1.4.1p1/src/mpl/include -I/home/ariana/workspace/enisi/hpylori_compartments/deps/src/project_repast/INSTALLATION/mpich2-1.4.1p1/src/mpl/include -I/home/ariana/workspace/enisi/hpylori_compartments/deps/src/project_repast/INSTALLATION/mpich2-1.4.1p1/src/openpa/src -I/home/ariana/workspace/enisi/hpylori_compartments/deps/src/project_repast/INSTALLATION/mpich2-1.4.1p1/src/openpa/src -I/home/ariana/workspace/enisi/hpylori_compartments/deps/src/project_repast/INSTALLATION/mpich2-1.4.1p1/src/mpid/ch3/include -I/home/ariana/workspace/enisi/hpylori_compartments/deps/src/project_repast/INSTALLATION/mpich2-1.4.1p1/src/mpid/ch3/include -I/home/ariana/workspace/enisi/hpylori_compartments/deps/src/project_repast/INSTALLATION/mpich2-1.4.1p1/src/mpid/common/datatype -I/home/ariana/workspace/enisi/hpylori_compartments/deps/src/project_repast/INSTALLATION/mpich2-1.4.1p1/src/mpid/common/datatype -I/home/ariana/workspace/enisi/hpylori_compartments/deps/src/project_repast/INSTALLATION/mpich2-1.4.1p1/src/mpid/common/locks -I/home/ariana/workspace/enisi/hpylori_compartments/deps/src/project_repast/INSTALLATION/mpich2-1.4.1p1/src/mpid/common/locks -I/home/ariana/workspace/enisi/hpylori_compartments/deps/src/project_repast/INSTALLATION/mpich2-1.4.1p1/src/mpid/ch3/channels/nemesis/include -I/home/ariana/workspace/enisi/hpylori_compartments/deps/src/project_repast/INSTALLATION/mpich2-1.4.1p1/src/mpid/ch3/channels/nemesis/include -I/home/ariana/workspace/enisi/hpylori_compartments/deps/src/project_repast/INSTALLATION/mpich2-1.4.1p1/src/mpid/ch3/channels/nemesis/nemesis/include -I/home/ariana/workspace/enisi/hpylori_compartments/deps/src/project_repast/INSTALLATION/mpich2-1.4.1p1/src/mpid/ch3/channels/nemesis/nemesis/include -I/home/ariana/workspace/enisi/hpylori_compartments/deps/src/project_repast/INSTALLATION/mpich2-1.4.1p1/src/mpid/ch3/channels/nemesis/nemesis/utils/monitor -I/home/ariana/workspace/enisi/hpylori_compartments/deps/src/project_repast/INSTALLATION/mpich2-1.4.1p1/src/mpid/ch3/channels/nemesis/nemesis/utils/monitor -I/home/ariana/workspace/enisi/hpylori_compartments/deps/src/project_repast/INSTALLATION/mpich2-1.4.1p1/src/util/wrappers -I/home/ariana/workspace/enisi/hpylori_compartments/deps/src/project_repast/INSTALLATION/mpich2-1.4.1p1/src/util/wrappers conftest.c >&5
configure:4343: $? = 0
configure:4360: result: yes
configure:4315: checking for inttypes.h
configure:4336: gcc -c    -O2  -I/home/ariana/workspace/enisi/hpylori_compartments/deps/src/project_repast/INSTALLATION/mpich2-1.4.1p1/src/mpl/include -I/home/ariana/workspace/enisi/hpylori_compartments/deps/src/project_repast/INSTALLATION/mpich2-1.4.1p1/src/mpl/include -I/home/ariana/workspace/enisi/hpylori_compartments/deps/src/project_repast/INSTALLATION/mpich2-1.4.1p1/src/openpa/src -I/home/ariana/workspace/enisi/hpylori_compartments/deps/src/project_repast/INSTALLATION/mpich2-1.4.1p1/src/openpa/src -I/home/ariana/workspace/enisi/hpylori_compartments/deps/src/project_repast/INSTALLATION/mpich2-1.4.1p1/src/mpid/ch3/include -I/home/ariana/workspace/enisi/hpylori_compartments/deps/src/project_repast/INSTALLATION/mpich2-1.4.1p1/src/mpid/ch3/include -I/home/ariana/workspace/enisi/hpylori_compartments/deps/src/project_repast/INSTALLATION/mpich2-1.4.1p1/src/mpid/common/datatype -I/home/ariana/workspace/enisi/hpylori_compartments/deps/src/project_repast/INSTALLATION/mpich2-1.4.1p1/src/mpid/common/datatype -I/home/ariana/workspace/enisi/hpylori_compartments/deps/src/project_repast/INSTALLATION/mpich2-1.4.1p1/src/mpid/common/locks -I/home/ariana/workspace/enisi/hpylori_compartments/deps/src/project_repast/INSTALLATION/mpich2-1.4.1p1/src/mpid/common/locks -I/home/ariana/workspace/enisi/hpylori_compartments/deps/src/project_repast/INSTALLATION/mpich2-1.4.1p1/src/mpid/ch3/channels/nemesis/include -I/home/ariana/workspace/enisi/hpylori_compartments/deps/src/project_repast/INSTALLATION/mpich2-1.4.1p1/src/mpid/ch3/channels/nemesis/include -I/home/ariana/workspace/enisi/hpylori_compartments/deps/src/project_repast/INSTALLATION/mpich2-1.4.1p1/src/mpid/ch3/channels/nemesis/nemesis/include -I/home/ariana/workspace/enisi/hpylori_compartments/deps/src/project_repast/INSTALLATION/mpich2-1.4.1p1/src/mpid/ch3/channels/nemesis/nemesis/include -I/home/ariana/workspace/enisi/hpylori_compartments/deps/src/project_repast/INSTALLATION/mpich2-1.4.1p1/src/mpid/ch3/channels/nemesis/nemesis/utils/monitor -I/home/ariana/workspace/enisi/hpylori_compartments/deps/src/project_repast/INSTALLATION/mpich2-1.4.1p1/src/mpid/ch3/channels/nemesis/nemesis/utils/monitor -I/home/ariana/workspace/enisi/hpylori_compartments/deps/src/project_repast/INSTALLATION/mpich2-1.4.1p1/src/util/wrappers -I/home/ariana/workspace/enisi/hpylori_compartments/deps/src/project_repast/INSTALLATION/mpich2-1.4.1p1/src/util/wrappers conftest.c >&5
configure:4343: $? = 0
configure:4360: result: yes
configure:4315: checking for stdint.h
configure:4336: gcc -c    -O2  -I/home/ariana/workspace/enisi/hpylori_compartments/deps/src/project_repast/INSTALLATION/mpich2-1.4.1p1/src/mpl/include -I/home/ariana/workspace/enisi/hpylori_compartments/deps/src/project_repast/INSTALLATION/mpich2-1.4.1p1/src/mpl/include -I/home/ariana/workspace/enisi/hpylori_compartments/deps/src/project_repast/INSTALLATION/mpich2-1.4.1p1/src/openpa/src -I/home/ariana/workspace/enisi/hpylori_compartments/deps/src/project_repast/INSTALLATION/mpich2-1.4.1p1/src/openpa/src -I/home/ariana/workspace/enisi/hpylori_compartments/deps/src/project_repast/INSTALLATION/mpich2-1.4.1p1/src/mpid/ch3/include -I/home/ariana/workspace/enisi/hpylori_compartments/deps/src/project_repast/INSTALLATION/mpich2-1.4.1p1/src/mpid/ch3/include -I/home/ariana/workspace/enisi/hpylori_compartments/deps/src/project_repast/INSTALLATION/mpich2-1.4.1p1/src/mpid/common/datatype -I/home/ariana/workspace/enisi/hpylori_compartments/deps/src/project_repast/INSTALLATION/mpich2-1.4.1p1/src/mpid/common/datatype -I/home/ariana/workspace/enisi/hpylori_compartments/deps/src/project_repast/INSTALLATION/mpich2-1.4.1p1/src/mpid/common/locks -I/home/ariana/workspace/enisi/hpylori_compartments/deps/src/project_repast/INSTALLATION/mpich2-1.4.1p1/src/mpid/common/locks -I/home/ariana/workspace/enisi/hpylori_compartments/deps/src/project_repast/INSTALLATION/mpich2-1.4.1p1/src/mpid/ch3/channels/nemesis/include -I/home/ariana/workspace/enisi/hpylori_compartments/deps/src/project_repast/INSTALLATION/mpich2-1.4.1p1/src/mpid/ch3/channels/nemesis/include -I/home/ariana/workspace/enisi/hpylori_compartments/deps/src/project_repast/INSTALLATION/mpich2-1.4.1p1/src/mpid/ch3/channels/nemesis/nemesis/include -I/home/ariana/workspace/enisi/hpylori_compartments/deps/src/project_repast/INSTALLATION/mpich2-1.4.1p1/src/mpid/ch3/channels/nemesis/nemesis/include -I/home/ariana/workspace/enisi/hpylori_compartments/deps/src/project_repast/INSTALLATION/mpich2-1.4.1p1/src/mpid/ch3/channels/nemesis/nemesis/utils/monitor -I/home/ariana/workspace/enisi/hpylori_compartments/deps/src/project_repast/INSTALLATION/mpich2-1.4.1p1/src/mpid/ch3/channels/nemesis/nemesis/utils/monitor -I/home/ariana/workspace/enisi/hpylori_compartments/deps/src/project_repast/INSTALLATION/mpich2-1.4.1p1/src/util/wrappers -I/home/ariana/workspace/enisi/hpylori_compartments/deps/src/project_repast/INSTALLATION/mpich2-1.4.1p1/src/util/wrappers conftest.c >&5
configure:4343: $? = 0
configure:4360: result: yes
configure:4315: checking for unistd.h
configure:4336: gcc -c    -O2  -I/home/ariana/workspace/enisi/hpylori_compartments/deps/src/project_repast/INSTALLATION/mpich2-1.4.1p1/src/mpl/include -I/home/ariana/workspace/enisi/hpylori_compartments/deps/src/project_repast/INSTALLATION/mpich2-1.4.1p1/src/mpl/include -I/home/ariana/workspace/enisi/hpylori_compartments/deps/src/project_repast/INSTALLATION/mpich2-1.4.1p1/src/openpa/src -I/home/ariana/workspace/enisi/hpylori_compartments/deps/src/project_repast/INSTALLATION/mpich2-1.4.1p1/src/openpa/src -I/home/ariana/workspace/enisi/hpylori_compartments/deps/src/project_repast/INSTALLATION/mpich2-1.4.1p1/src/mpid/ch3/include -I/home/ariana/workspace/enisi/hpylori_compartments/deps/src/project_repast/INSTALLATION/mpich2-1.4.1p1/src/mpid/ch3/include -I/home/ariana/workspace/enisi/hpylori_compartments/deps/src/project_repast/INSTALLATION/mpich2-1.4.1p1/src/mpid/common/datatype -I/home/ariana/workspace/enisi/hpylori_compartments/deps/src/project_repast/INSTALLATION/mpich2-1.4.1p1/src/mpid/common/datatype -I/home/ariana/workspace/enisi/hpylori_compartments/deps/src/project_repast/INSTALLATION/mpich2-1.4.1p1/src/mpid/common/locks -I/home/ariana/workspace/enisi/hpylori_compartments/deps/src/project_repast/INSTALLATION/mpich2-1.4.1p1/src/mpid/common/locks -I/home/ariana/workspace/enisi/hpylori_compartments/deps/src/project_repast/INSTALLATION/mpich2-1.4.1p1/src/mpid/ch3/channels/nemesis/include -I/home/ariana/workspace/enisi/hpylori_compartments/deps/src/project_repast/INSTALLATION/mpich2-1.4.1p1/src/mpid/ch3/channels/nemesis/include -I/home/ariana/workspace/enisi/hpylori_compartments/deps/src/project_repast/INSTALLATION/mpich2-1.4.1p1/src/mpid/ch3/channels/nemesis/nemesis/include -I/home/ariana/workspace/enisi/hpylori_compartments/deps/src/project_repast/INSTALLATION/mpich2-1.4.1p1/src/mpid/ch3/channels/nemesis/nemesis/include -I/home/ariana/workspace/enisi/hpylori_compartments/deps/src/project_repast/INSTALLATION/mpich2-1.4.1p1/src/mpid/ch3/channels/nemesis/nemesis/utils/monitor -I/home/ariana/workspace/enisi/hpylori_compartments/deps/src/project_repast/INSTALLATION/mpich2-1.4.1p1/src/mpid/ch3/channels/nemesis/nemesis/utils/monitor -I/home/ariana/workspace/enisi/hpylori_compartments/deps/src/project_repast/INSTALLATION/mpich2-1.4.1p1/src/util/wrappers -I/home/ariana/workspace/enisi/hpylori_compartments/deps/src/project_repast/INSTALLATION/mpich2-1.4.1p1/src/util/wrappers conftest.c >&5
configure:4343: $? = 0
configure:4360: result: yes
configure:4378: checking size of void *
configure:4683: gcc -o conftest    -O2  -I/home/ariana/workspace/enisi/hpylori_compartments/deps/src/project_repast/INSTALLATION/mpich2-1.4.1p1/src/mpl/include -I/home/ariana/workspace/enisi/hpylori_compartments/deps/src/project_repast/INSTALLATION/mpich2-1.4.1p1/src/mpl/include -I/home/ariana/workspace/enisi/hpylori_compartments/deps/src/project_repast/INSTALLATION/mpich2-1.4.1p1/src/openpa/src -I/home/ariana/workspace/enisi/hpylori_compartments/deps/src/project_repast/INSTALLATION/mpich2-1.4.1p1/src/openpa/src -I/home/ariana/workspace/enisi/hpylori_compartments/deps/src/project_repast/INSTALLATION/mpich2-1.4.1p1/src/mpid/ch3/include -I/home/ariana/workspace/enisi/hpylori_compartments/deps/src/project_repast/INSTALLATION/mpich2-1.4.1p1/src/mpid/ch3/include -I/home/ariana/workspace/enisi/hpylori_compartments/deps/src/project_repast/INSTALLATION/mpich2-1.4.1p1/src/mpid/common/datatype -I/home/ariana/workspace/enisi/hpylori_compartments/deps/src/project_repast/INSTALLATION/mpich2-1.4.1p1/src/mpid/common/datatype -I/home/ariana/workspace/enisi/hpylori_compartments/deps/src/project_repast/INSTALLATION/mpich2-1.4.1p1/src/mpid/common/locks -I/home/ariana/workspace/enisi/hpylori_compartments/deps/src/project_repast/INSTALLATION/mpich2-1.4.1p1/src/mpid/common/locks -I/home/ariana/workspace/enisi/hpylori_compartments/deps/src/project_repast/INSTALLATION/mpich2-1.4.1p1/src/mpid/ch3/channels/nemesis/include -I/home/ariana/workspace/enisi/hpylori_compartments/deps/src/project_repast/INSTALLATION/mpich2-1.4.1p1/src/mpid/ch3/channels/nemesis/include -I/home/ariana/workspace/enisi/hpylori_compartments/deps/src/project_repast/INSTALLATION/mpich2-1.4.1p1/src/mpid/ch3/channels/nemesis/nemesis/include -I/home/ariana/workspace/enisi/hpylori_compartments/deps/src/project_repast/INSTALLATION/mpich2-1.4.1p1/src/mpid/ch3/channels/nemesis/nemesis/include -I/home/ariana/workspace/enisi/hpylori_compartments/deps/src/project_repast/INSTALLATION/mpich2-1.4.1p1/src/mpid/ch3/channels/nemesis/nemesis/utils/monitor -I/home/ariana/workspace/enisi/hpylori_compartments/deps/src/project_repast/INSTALLATION/mpich2-1.4.1p1/src/mpid/ch3/channels/nemesis/nemesis/utils/monitor -I/home/ariana/workspace/enisi/hpylori_compartments/deps/src/project_repast/INSTALLATION/mpich2-1.4.1p1/src/util/wrappers -I/home/ariana/workspace/enisi/hpylori_compartments/deps/src/project_repast/INSTALLATION/mpich2-1.4.1p1/src/util/wrappers   conftest.c -lrt -lpthread   >&5
configure:4687: $? = 0
configure:4693: ./conftest
configure:4697: $? = 0
configure:4723: result: 8
configure:4733: checking for long pointer
configure:4741: result: yes
configure:4752: checking for system
configure:4808: gcc -o conftest    -O2  -I/home/ariana/workspace/enisi/hpylori_compartments/deps/src/project_repast/INSTALLATION/mpich2-1.4.1p1/src/mpl/include -I/home/ariana/workspace/enisi/hpylori_compartments/deps/src/project_repast/INSTALLATION/mpich2-1.4.1p1/src/mpl/include -I/home/ariana/workspace/enisi/hpylori_compartments/deps/src/project_repast/INSTALLATION/mpich2-1.4.1p1/src/openpa/src -I/home/ariana/workspace/enisi/hpylori_compartments/deps/src/project_repast/INSTALLATION/mpich2-1.4.1p1/src/openpa/src -I/home/ariana/workspace/enisi/hpylori_compartments/deps/src/project_repast/INSTALLATION/mpich2-1.4.1p1/src/mpid/ch3/include -I/home/ariana/workspace/enisi/hpylori_compartments/deps/src/project_repast/INSTALLATION/mpich2-1.4.1p1/src/mpid/ch3/include -I/home/ariana/workspace/enisi/hpylori_compartments/deps/src/project_repast/INSTALLATION/mpich2-1.4.1p1/src/mpid/common/datatype -I/home/ariana/workspace/enisi/hpylori_compartments/deps/src/project_repast/INSTALLATION/mpich2-1.4.1p1/src/mpid/common/datatype -I/home/ariana/workspace/enisi/hpylori_compartments/deps/src/project_repast/INSTALLATION/mpich2-1.4.1p1/src/mpid/common/locks -I/home/ariana/workspace/enisi/hpylori_compartments/deps/src/project_repast/INSTALLATION/mpich2-1.4.1p1/src/mpid/common/locks -I/home/ariana/workspace/enisi/hpylori_compartments/deps/src/project_repast/INSTALLATION/mpich2-1.4.1p1/src/mpid/ch3/channels/nemesis/include -I/home/ariana/workspace/enisi/hpylori_compartments/deps/src/project_repast/INSTALLATION/mpich2-1.4.1p1/src/mpid/ch3/channels/nemesis/include -I/home/ariana/workspace/enisi/hpylori_compartments/deps/src/project_repast/INSTALLATION/mpich2-1.4.1p1/src/mpid/ch3/channels/nemesis/nemesis/include -I/home/ariana/workspace/enisi/hpylori_compartments/deps/src/project_repast/INSTALLATION/mpich2-1.4.1p1/src/mpid/ch3/channels/nemesis/nemesis/include -I/home/ariana/workspace/enisi/hpylori_compartments/deps/src/project_repast/INSTALLATION/mpich2-1.4.1p1/src/mpid/ch3/channels/nemesis/nemesis/utils/monitor -I/home/ariana/workspace/enisi/hpylori_compartments/deps/src/project_repast/INSTALLATION/mpich2-1.4.1p1/src/mpid/ch3/channels/nemesis/nemesis/utils/monitor -I/home/ariana/workspace/enisi/hpylori_compartments/deps/src/project_repast/INSTALLATION/mpich2-1.4.1p1/src/util/wrappers -I/home/ariana/workspace/enisi/hpylori_compartments/deps/src/project_repast/INSTALLATION/mpich2-1.4.1p1/src/util/wrappers   conftest.c -lrt -lpthread   >&5
configure:4815: $? = 0
configure:4837: result: yes
configure:4857: checking for unistd.h
configure:4864: result: yes
configure:4857: checking for stdlib.h
configure:4864: result: yes
configure:4857: checking for string.h
configure:4864: result: yes
configure:5304: creating ./config.status

## ---------------------- ##
## Running config.status. ##
## ---------------------- ##

This file was extended by config.status, which was
generated by GNU Autoconf 2.63.  Invocation command line was

  CONFIG_FILES    = 
  CONFIG_HEADERS  = 
  CONFIG_LINKS    = 
  CONFIG_COMMANDS = 
  $ ./config.status 

on herbst-Lenovo-B40-80

config.status:789: creating Makefile
config.status:789: creating src/Makefile
config.status:789: creating contrib/life/Makefile
config.status:789: creating contrib/mandel/Makefile
config.status:789: creating contrib/mastermind/Makefile
config.status:789: creating contrib/test/Makefile
config.status:789: creating etc/mpe_mpianim.conf
config.status:789: creating etc/mpe_graphics.conf
config.status:789: creating mpe_graphics_conf.h

## ---------------- ##
## Cache variables. ##
## ---------------- ##

ac_cv_c_compiler_gnu=yes
ac_cv_c_const=yes
ac_cv_env_CC_set=set
ac_cv_env_CC_value=gcc
ac_cv_env_CFLAGS_set=set
ac_cv_env_CFLAGS_value='   -O2'
ac_cv_env_CPPFLAGS_set=set
ac_cv_env_CPPFLAGS_value=' -I/home/ariana/workspace/enisi/hpylori_compartments/deps/src/project_repast/INSTALLATION/mpich2-1.4.1p1/src/mpl/include -I/home/ariana/workspace/enisi/hpylori_compartments/deps/src/project_repast/INSTALLATION/mpich2-1.4.1p1/src/mpl/include -I/home/ariana/workspace/enisi/hpylori_compartments/deps/src/project_repast/INSTALLATION/mpich2-1.4.1p1/src/openpa/src -I/home/ariana/workspace/enisi/hpylori_compartments/deps/src/project_repast/INSTALLATION/mpich2-1.4.1p1/src/openpa/src -I/home/ariana/workspace/enisi/hpylori_compartments/deps/src/project_repast/INSTALLATION/mpich2-1.4.1p1/src/mpid/ch3/include -I/home/ariana/workspace/enisi/hpylori_compartments/deps/src/project_repast/INSTALLATION/mpich2-1.4.1p1/src/mpid/ch3/include -I/home/ariana/workspace/enisi/hpylori_compartments/deps/src/project_repast/INSTALLATION/mpich2-1.4.1p1/src/mpid/common/datatype -I/home/ariana/workspace/enisi/hpylori_compartments/deps/src/project_repast/INSTALLATION/mpich2-1.4.1p1/src/mpid/common/datatype -I/home/ariana/workspace/enisi/hpylori_compartments/deps/src/project_repast/INSTALLATION/mpich2-1.4.1p1/src/mpid/common/locks -I/home/ariana/workspace/enisi/hpylori_compartments/deps/src/project_repast/INSTALLATION/mpich2-1.4.1p1/src/mpid/common/locks -I/home/ariana/workspace/enisi/hpylori_compartments/deps/src/project_repast/INSTALLATION/mpich2-1.4.1p1/src/mpid/ch3/channels/nemesis/include -I/home/ariana/workspace/enisi/hpylori_compartments/deps/src/project_repast/INSTALLATION/mpich2-1.4.1p1/src/mpid/ch3/channels/nemesis/include -I/home/ariana/workspace/enisi/hpylori_compartments/deps/src/project_repast/INSTALLATION/mpich2-1.4.1p1/src/mpid/ch3/channels/nemesis/nemesis/include -I/home/ariana/workspace/enisi/hpylori_compartments/deps/src/project_repast/INSTALLATION/mpich2-1.4.1p1/src/mpid/ch3/channels/nemesis/nemesis/include -I/home/ariana/workspace/enisi/hpylori_compartments/deps/src/project_repast/INSTALLATION/mpich2-1.4.1p1/src/mpid/ch3/channels/nemesis/nemesis/utils/monitor -I/home/ariana/workspace/enisi/hpylori_compartments/deps/src/project_repast/INSTALLATION/mpich2-1.4.1p1/src/mpid/ch3/channels/nemesis/nemesis/utils/monitor -I/home/ariana/workspace/enisi/hpylori_compartments/deps/src/project_repast/INSTALLATION/mpich2-1.4.1p1/src/util/wrappers -I/home/ariana/workspace/enisi/hpylori_compartments/deps/src/project_repast/INSTALLATION/mpich2-1.4.1p1/src/util/wrappers'
ac_cv_env_CPP_set=
ac_cv_env_CPP_value=
ac_cv_env_LDFLAGS_set=set
ac_cv_env_LDFLAGS_value=' '
ac_cv_env_LIBS_set=set
ac_cv_env_LIBS_value='-lrt -lpthread  '
ac_cv_env_XMKMF_set=
ac_cv_env_XMKMF_value=
ac_cv_env_build_alias_set=
ac_cv_env_build_alias_value=
ac_cv_env_host_alias_set=
ac_cv_env_host_alias_value=
ac_cv_env_target_alias_set=
ac_cv_env_target_alias_value=
ac_cv_func_system=yes
ac_cv_have_x='have_x=yes	ac_x_includes='\'''\''	ac_x_libraries='\'''\'''
ac_cv_header_inttypes_h=yes
ac_cv_header_memory_h=yes
ac_cv_header_stdc=yes
ac_cv_header_stdint_h=yes
ac_cv_header_stdlib_h=yes
ac_cv_header_string_h=yes
ac_cv_header_strings_h=yes
ac_cv_header_sys_stat_h=yes
ac_cv_header_sys_types_h=yes
ac_cv_header_unistd_h=yes
ac_cv_objext=o
ac_cv_path_EGREP='/bin/grep -E'
ac_cv_path_GREP=/bin/grep
ac_cv_prog_AR=ar
ac_cv_prog_CPP='gcc -E'
ac_cv_prog_ac_ct_CC=gcc
ac_cv_prog_ac_ct_RANLIB=ranlib
ac_cv_prog_cc_c89=
ac_cv_prog_cc_g=yes
ac_cv_prog_cc_gcc_c_o=yes
ac_cv_sizeof_void_p=8

## ----------------- ##
## Output variables. ##
## ----------------- ##

ANIM_LIBNAME='ampe'
ANIM_LIBS='-lampe -lmpe -lX11'
AR='ar'
CC='gcc'
CC_DOES_C_O='yes'
CFLAGS='   -O2'
CLINKER='gcc'
CPP='gcc -E'
CPPFLAGS=' -I/home/ariana/workspace/enisi/hpylori_compartments/deps/src/project_repast/INSTALLATION/mpich2-1.4.1p1/src/mpl/include -I/home/ariana/workspace/enisi/hpylori_compartments/deps/src/project_repast/INSTALLATION/mpich2-1.4.1p1/src/mpl/include -I/home/ariana/workspace/enisi/hpylori_compartments/deps/src/project_repast/INSTALLATION/mpich2-1.4.1p1/src/openpa/src -I/home/ariana/workspace/enisi/hpylori_compartments/deps/src/project_repast/INSTALLATION/mpich2-1.4.1p1/src/openpa/src -I/home/ariana/workspace/enisi/hpylori_compartments/deps/src/project_repast/INSTALLATION/mpich2-1.4.1p1/src/mpid/ch3/include -I/home/ariana/workspace/enisi/hpylori_compartments/deps/src/project_repast/INSTALLATION/mpich2-1.4.1p1/src/mpid/ch3/include -I/home/ariana/workspace/enisi/hpylori_compartments/deps/src/project_repast/INSTALLATION/mpich2-1.4.1p1/src/mpid/common/datatype -I/home/ariana/workspace/enisi/hpylori_compartments/deps/src/project_repast/INSTALLATION/mpich2-1.4.1p1/src/mpid/common/datatype -I/home/ariana/workspace/enisi/hpylori_compartments/deps/src/project_repast/INSTALLATION/mpich2-1.4.1p1/src/mpid/common/locks -I/home/ariana/workspace/enisi/hpylori_compartments/deps/src/project_repast/INSTALLATION/mpich2-1.4.1p1/src/mpid/common/locks -I/home/ariana/workspace/enisi/hpylori_compartments/deps/src/project_repast/INSTALLATION/mpich2-1.4.1p1/src/mpid/ch3/channels/nemesis/include -I/home/ariana/workspace/enisi/hpylori_compartments/deps/src/project_repast/INSTALLATION/mpich2-1.4.1p1/src/mpid/ch3/channels/nemesis/include -I/home/ariana/workspace/enisi/hpylori_compartments/deps/src/project_repast/INSTALLATION/mpich2-1.4.1p1/src/mpid/ch3/channels/nemesis/nemesis/include -I/home/ariana/workspace/enisi/hpylori_compartments/deps/src/project_repast/INSTALLATION/mpich2-1.4.1p1/src/mpid/ch3/channels/nemesis/nemesis/include -I/home/ariana/workspace/enisi/hpylori_compartments/deps/src/project_repast/INSTALLATION/mpich2-1.4.1p1/src/mpid/ch3/channels/nemesis/nemesis/utils/monitor -I/home/ariana/workspace/enisi/hpylori_compartments/deps/src/project_repast/INSTALLATION/mpich2-1.4.1p1/src/mpid/ch3/channels/nemesis/nemesis/utils/monitor -I/home/ariana/workspace/enisi/hpylori_compartments/deps/src/project_repast/INSTALLATION/mpich2-1.4.1p1/src/util/wrappers -I/home/ariana/workspace/enisi/hpylori_compartments/deps/src/project_repast/INSTALLATION/mpich2-1.4.1p1/src/util/wrappers'
CPRP='cp'
DEBUG_LIBS=''
DEFS='-DHAVE_CONFIG_H'
ECHO_C=''
ECHO_N='-n'
ECHO_T=''
EGREP='/bin/grep -E'
EXEEXT=''
F77='f77'
FFLAGS=''
FINC_PATH_LEADER='-I'
FLIB_PATH_LEADER='-L'
FLINKER='f77'
GREP='/bin/grep'
LDFLAGS=' '
LIBOBJS=''
LIBS='-lrt -lpthread  '
LTLIBOBJS=''
MAKE='make --no-print-directory'
MKDIR='mkdir'
MPE_BUILD_FORTRAN2C='no'
MPE_CLINKER='/home/ariana/workspace/enisi/hpylori_compartments/deps/src/project_repast/INSTALLATION/mpich2-1.4.1p1/bin/mpicc -mpe='
MPE_FLINKER='/home/ariana/workspace/enisi/hpylori_compartments/deps/src/project_repast/INSTALLATION/mpich2-1.4.1p1/bin/mpif77 -mpe='
MPI_CC='/home/ariana/workspace/enisi/hpylori_compartments/deps/src/project_repast/INSTALLATION/mpich2-1.4.1p1/bin/mpicc'
MPI_CFLAGS=''
MPI_F77='/home/ariana/workspace/enisi/hpylori_compartments/deps/src/project_repast/INSTALLATION/mpich2-1.4.1p1/bin/mpif77'
MPI_FFLAGS=''
MPI_IMPL='MPICH2'
MPI_LIBS=''
MV='mv'
OBJEXT='o'
PACKAGE_BUGREPORT=''
PACKAGE_NAME=''
PACKAGE_STRING=''
PACKAGE_TARNAME=''
PACKAGE_VERSION=''
PATH_SEPARATOR=':'
PROF_LIBNAME='mpe'
PROF_LIBS='-lmpe'
RANLIB='ranlib'
RM='rm'
SHELL='/bin/bash'
VPATH='VPATH=.:$(srcdir)'
XGRAPH_LIBS='-lmpe -lX11'
XMKMF=''
X_INC=''
X_LIB='-lX11'
ac_ct_CC='gcc'
binbuild_dir='/home/ariana/workspace/enisi/hpylori_compartments/deps/src/project_repast/INSTALLATION/mpich2-1.4.1p1/src/mpe2/bin'
bindir='${exec_prefix}/bin'
build_alias=''
datadir='${datarootdir}'
datarootdir='${prefix}/share'
docdir='${datarootdir}/doc/${PACKAGE}'
dvidir='${docdir}'
etcbuild_dir='/home/ariana/workspace/enisi/hpylori_compartments/deps/src/project_repast/INSTALLATION/mpich2-1.4.1p1/src/mpe2/etc'
exec_prefix='${prefix}'
host_alias=''
htmldir='${docdir}'
includebuild_dir='/home/ariana/workspace/enisi/hpylori_compartments/deps/src/project_repast/INSTALLATION/mpich2-1.4.1p1/src/mpe2/include'
includedir='${prefix}/include'
infodir='${datarootdir}/info'
libbuild_dir='/home/ariana/workspace/enisi/hpylori_compartments/deps/src/project_repast/INSTALLATION/mpich2-1.4.1p1/src/mpe2/lib'
libdir='${exec_prefix}/lib'
libexecdir='${exec_prefix}/libexec'
localedir='${datarootdir}/locale'
localstatedir='${prefix}/var'
mandir='${datarootdir}/man'
oldincludedir='/usr/include'
pdfdir='${docdir}'
prefix='/home/ariana/workspace/enisi/hpylori_compartments/deps/src/project_repast/ext//MPICH'
program_transform_name='s,x,x,'
psdir='${docdir}'
sbinbuild_dir='/home/ariana/workspace/enisi/hpylori_compartments/deps/src/project_repast/INSTALLATION/mpich2-1.4.1p1/src/mpe2/sbin'
sbindir='${exec_prefix}/sbin'
sharedstatedir='${prefix}/com'
sysconfdir='${prefix}/etc'
target_alias=''
top_srcdir_abs='/home/ariana/workspace/enisi/hpylori_compartments/deps/src/project_repast/INSTALLATION/mpich2-1.4.1p1/src/mpe2/src/graphics'

## ----------- ##
## confdefs.h. ##
## ----------- ##

#define PACKAGE_NAME ""
#define PACKAGE_TARNAME ""
#define PACKAGE_VERSION ""
#define PACKAGE_STRING ""
#define PACKAGE_BUGREPORT ""
#define STDC_HEADERS 1
#define HAVE_SYS_TYPES_H 1
#define HAVE_SYS_STAT_H 1
#define HAVE_STDLIB_H 1
#define HAVE_STRING_H 1
#define HAVE_MEMORY_H 1
#define HAVE_STRINGS_H 1
#define HAVE_INTTYPES_H 1
#define HAVE_STDINT_H 1
#define HAVE_UNISTD_H 1
#define SIZEOF_VOID_P 8
#define POINTER_64_BITS 1
#define HAVE_SYSTEM 1
#define HAVE_UNISTD_H 1
#define HAVE_STDLIB_H 1
#define HAVE_STRING_H 1

configure: exit 0
