Scanning dependencies of target libCOPASISE-core
[  0%] Building CXX object copasi/CMakeFiles/libCOPASISE-core.dir/CopasiDataModel/CCopasiDataModel.cpp.o
[  1%] Building CXX object copasi/CMakeFiles/libCOPASISE-core.dir/MIRIAM/CRDFNode.cpp.o
[  1%] Building CXX object copasi/CMakeFiles/libCOPASISE-core.dir/MIRIAM/CRDFParser.cpp.o
[  1%] Building CXX object copasi/CMakeFiles/libCOPASISE-core.dir/MIRIAM/CCreator.cpp.o
[  2%] Building CXX object copasi/CMakeFiles/libCOPASISE-core.dir/MIRIAM/CModified.cpp.o
[  2%] Building CXX object copasi/CMakeFiles/libCOPASISE-core.dir/MIRIAM/CRDFObject.cpp.o
[  2%] Building CXX object copasi/CMakeFiles/libCOPASISE-core.dir/MIRIAM/CRaptorInit.cpp.o
[  2%] Building CXX object copasi/CMakeFiles/libCOPASISE-core.dir/MIRIAM/CRDFGraphConverter.cpp.o
[  3%] Building CXX object copasi/CMakeFiles/libCOPASISE-core.dir/MIRIAM/CRDFUtilities.cpp.o
[  3%] Building CXX object copasi/CMakeFiles/libCOPASISE-core.dir/MIRIAM/CConstants.cpp.o
[  3%] Building CXX object copasi/CMakeFiles/libCOPASISE-core.dir/MIRIAM/CRDFTriplet.cpp.o
[  4%] Building CXX object copasi/CMakeFiles/libCOPASISE-core.dir/MIRIAM/CMIRIAMResource.cpp.o
[  4%] Building CXX object copasi/CMakeFiles/libCOPASISE-core.dir/MIRIAM/CRDFLiteral.cpp.o
[  4%] Building CXX object copasi/CMakeFiles/libCOPASISE-core.dir/MIRIAM/CBiologicalDescription.cpp.o
[  4%] Building CXX object copasi/CMakeFiles/libCOPASISE-core.dir/MIRIAM/CRDFWriter.cpp.o
[  5%] Building CXX object copasi/CMakeFiles/libCOPASISE-core.dir/MIRIAM/CRDFPredicate.cpp.o
[  5%] Building CXX object copasi/CMakeFiles/libCOPASISE-core.dir/MIRIAM/CReference.cpp.o
[  5%] Building CXX object copasi/CMakeFiles/libCOPASISE-core.dir/MIRIAM/CRDFGraph.cpp.o
[  6%] Building CXX object copasi/CMakeFiles/libCOPASISE-core.dir/MIRIAM/CModelMIRIAMInfo.cpp.o
[  6%] Building CXX object copasi/CMakeFiles/libCOPASISE-core.dir/MIRIAM/WebServicesIssues/soapC.cpp.o
[  6%] Building CXX object copasi/CMakeFiles/libCOPASISE-core.dir/MIRIAM/WebServicesIssues/soapMiriamWebServicesSoapBindingProxy.cpp.o
[  6%] Building CXX object copasi/CMakeFiles/libCOPASISE-core.dir/MIRIAM/WebServicesIssues/stdsoap2.cpp.o
[  7%] Building CXX object copasi/CMakeFiles/libCOPASISE-core.dir/MIRIAM/CRDFSubject.cpp.o
[  7%] Building CXX object copasi/CMakeFiles/libCOPASISE-core.dir/commandline/COptionParser.cpp.o
[  7%] Building CXX object copasi/CMakeFiles/libCOPASISE-core.dir/commandline/COptions.cpp.o
[  8%] Building CXX object copasi/CMakeFiles/libCOPASISE-core.dir/commandline/CConfigurationFile.cpp.o
[  8%] Building CXX object copasi/CMakeFiles/libCOPASISE-core.dir/commandline/CLocaleString.cpp.o
[  8%] Building CXX object copasi/CMakeFiles/libCOPASISE-core.dir/compareExpressions/CNormalItemPower.cpp.o
[  9%] Building CXX object copasi/CMakeFiles/libCOPASISE-core.dir/compareExpressions/CNormalBase.cpp.o
[  9%] Building CXX object copasi/CMakeFiles/libCOPASISE-core.dir/compareExpressions/CNormalGeneralPower.cpp.o
[  9%] Building CXX object copasi/CMakeFiles/libCOPASISE-core.dir/compareExpressions/CNormalLcm.cpp.o
[  9%] Building CXX object copasi/CMakeFiles/libCOPASISE-core.dir/compareExpressions/CNormalChoice.cpp.o
[ 10%] Building CXX object copasi/CMakeFiles/libCOPASISE-core.dir/compareExpressions/ConvertToCEvaluationNode.cpp.o
[ 10%] Building CXX object copasi/CMakeFiles/libCOPASISE-core.dir/compareExpressions/CNormalCall.cpp.o
[ 10%] Building CXX object copasi/CMakeFiles/libCOPASISE-core.dir/compareExpressions/CNormalChoiceLogical.cpp.o
[ 11%] Building CXX object copasi/CMakeFiles/libCOPASISE-core.dir/compareExpressions/CNormalLogicalItem.cpp.o
[ 11%] Building CXX object copasi/CMakeFiles/libCOPASISE-core.dir/compareExpressions/CNormalLogical.cpp.o
[ 11%] Building CXX object copasi/CMakeFiles/libCOPASISE-core.dir/compareExpressions/CNormalItem.cpp.o
[ 11%] Building CXX object copasi/CMakeFiles/libCOPASISE-core.dir/compareExpressions/CNormalProduct.cpp.o
[ 12%] Building CXX object copasi/CMakeFiles/libCOPASISE-core.dir/compareExpressions/CNormalFraction.cpp.o
[ 12%] Building CXX object copasi/CMakeFiles/libCOPASISE-core.dir/compareExpressions/compare_utilities.cpp.o
[ 12%] Building CXX object copasi/CMakeFiles/libCOPASISE-core.dir/compareExpressions/CNormalTranslation.cpp.o
[ 13%] Building CXX object copasi/CMakeFiles/libCOPASISE-core.dir/compareExpressions/CEvaluationNodeNormalizer.cpp.o
[ 13%] Building CXX object copasi/CMakeFiles/libCOPASISE-core.dir/compareExpressions/CNormalSum.cpp.o
[ 13%] Building CXX object copasi/CMakeFiles/libCOPASISE-core.dir/compareExpressions/CNormalFunction.cpp.o
[ 13%] Building CXX object copasi/CMakeFiles/libCOPASISE-core.dir/crosssection/CCrossSectionTask.cpp.o
[ 14%] Building CXX object copasi/CMakeFiles/libCOPASISE-core.dir/crosssection/CCrossSectionProblem.cpp.o
[ 14%] Building CXX object copasi/CMakeFiles/libCOPASISE-core.dir/crosssection/CCrossSectionMethod.cpp.o
[ 14%] Building CXX object copasi/CMakeFiles/libCOPASISE-core.dir/elementaryFluxModes/CBitPatternTreeMethod.cpp.o
[ 15%] Building CXX object copasi/CMakeFiles/libCOPASISE-core.dir/elementaryFluxModes/CFluxMode.cpp.o
[ 15%] Building CXX object copasi/CMakeFiles/libCOPASISE-core.dir/elementaryFluxModes/CEFMMethod.cpp.o
[ 15%] Building CXX object copasi/CMakeFiles/libCOPASISE-core.dir/elementaryFluxModes/CBitPatternMethod.cpp.o
[ 15%] Building CXX object copasi/CMakeFiles/libCOPASISE-core.dir/elementaryFluxModes/CFluxScore.cpp.o
[ 16%] Building CXX object copasi/CMakeFiles/libCOPASISE-core.dir/elementaryFluxModes/CBitPatternTreeNode.cpp.o
[ 16%] Building CXX object copasi/CMakeFiles/libCOPASISE-core.dir/elementaryFluxModes/CTableauMatrix.cpp.o
[ 16%] Building CXX object copasi/CMakeFiles/libCOPASISE-core.dir/elementaryFluxModes/CEFMProblem.cpp.o
[ 17%] Building CXX object copasi/CMakeFiles/libCOPASISE-core.dir/elementaryFluxModes/CEFMAlgorithm.cpp.o
[ 17%] Building CXX object copasi/CMakeFiles/libCOPASISE-core.dir/elementaryFluxModes/CStepMatrixColumn.cpp.o
[ 17%] Building CXX object copasi/CMakeFiles/libCOPASISE-core.dir/elementaryFluxModes/CEFMTask.cpp.o
[ 18%] Building CXX object copasi/CMakeFiles/libCOPASISE-core.dir/elementaryFluxModes/CTableauLine.cpp.o
[ 18%] Building CXX object copasi/CMakeFiles/libCOPASISE-core.dir/elementaryFluxModes/CBitPatternTree.cpp.o
[ 18%] Building CXX object copasi/CMakeFiles/libCOPASISE-core.dir/elementaryFluxModes/CZeroSet.cpp.o
[ 18%] Building CXX object copasi/CMakeFiles/libCOPASISE-core.dir/elementaryFluxModes/CStepMatrix.cpp.o
[ 19%] Building CXX object copasi/CMakeFiles/libCOPASISE-core.dir/function/CEvaluationNodeWhiteSpace.cpp.o
[ 19%] Building CXX object copasi/CMakeFiles/libCOPASISE-core.dir/function/CEvaluationNodeOperator.cpp.o
[ 19%] Building CXX object copasi/CMakeFiles/libCOPASISE-core.dir/function/CEvaluationNodeNumber.cpp.o
[ 20%] Building CXX object copasi/CMakeFiles/libCOPASISE-core.dir/function/CMassAction.cpp.o
[ 20%] Building CXX object copasi/CMakeFiles/libCOPASISE-core.dir/function/CFunctionParameter.cpp.o
[ 20%] Building CXX object copasi/CMakeFiles/libCOPASISE-core.dir/function/CCallParameters.cpp.o
[ 20%] Building CXX object copasi/CMakeFiles/libCOPASISE-core.dir/function/CEvaluationParser_yacc.cpp.o
[ 21%] Building CXX object copasi/CMakeFiles/libCOPASISE-core.dir/function/CNodeK.cpp.o
[ 21%] Building CXX object copasi/CMakeFiles/libCOPASISE-core.dir/function/CFunction.cpp.o
[ 21%] Building CXX object copasi/CMakeFiles/libCOPASISE-core.dir/function/CFunctionDB.cpp.o
[ 22%] Building CXX object copasi/CMakeFiles/libCOPASISE-core.dir/function/CEvaluationLexer_lex.cpp.o
[ 22%] Building CXX object copasi/CMakeFiles/libCOPASISE-core.dir/function/CEvaluationNodeVector.cpp.o
[ 22%] Building CXX object copasi/CMakeFiles/libCOPASISE-core.dir/function/CEvaluationNodeConstant.cpp.o
[ 22%] Building CXX object copasi/CMakeFiles/libCOPASISE-core.dir/function/CEvaluationNodeLogical.cpp.o
[ 23%] Building CXX object copasi/CMakeFiles/libCOPASISE-core.dir/function/CFunctionParameters.cpp.o
[ 23%] Building CXX object copasi/CMakeFiles/libCOPASISE-core.dir/function/CExpression.cpp.o
[ 23%] Building CXX object copasi/CMakeFiles/libCOPASISE-core.dir/function/CEvaluationNode.cpp.o
[ 24%] Building CXX object copasi/CMakeFiles/libCOPASISE-core.dir/function/CDerive.cpp.o
[ 24%] Building CXX object copasi/CMakeFiles/libCOPASISE-core.dir/function/CKinFunction.cpp.o
[ 24%] Building CXX object copasi/CMakeFiles/libCOPASISE-core.dir/function/CEvaluationNodeStructure.cpp.o
[ 25%] Building CXX object copasi/CMakeFiles/libCOPASISE-core.dir/function/CEvaluationNodeCall.cpp.o
[ 25%] Building CXX object copasi/CMakeFiles/libCOPASISE-core.dir/function/CEvaluationTree.cpp.o
[ 25%] Building CXX object copasi/CMakeFiles/libCOPASISE-core.dir/function/CEvaluationNodeChoice.cpp.o
[ 25%] Building CXX object copasi/CMakeFiles/libCOPASISE-core.dir/function/CEvaluationNodeVariable.cpp.o
[ 26%] Building CXX object copasi/CMakeFiles/libCOPASISE-core.dir/function/CEvaluationNodeObject.cpp.o
[ 26%] Building CXX object copasi/CMakeFiles/libCOPASISE-core.dir/function/CEvaluationNodeDelay.cpp.o
[ 26%] Building CXX object copasi/CMakeFiles/libCOPASISE-core.dir/function/CEvaluationNodeFunction.cpp.o
[ 27%] Building CXX object copasi/CMakeFiles/libCOPASISE-core.dir/function/CFunctionAnalyzer.cpp.o
[ 27%] Building CXX object copasi/CMakeFiles/libCOPASISE-core.dir/layout/CLGroup.cpp.o
[ 27%] Building CXX object copasi/CMakeFiles/libCOPASISE-core.dir/layout/CLStyle.cpp.o
[ 27%] Building CXX object copasi/CMakeFiles/libCOPASISE-core.dir/layout/CLUnresolvedReferenceException.cpp.o
[ 28%] Building CXX object copasi/CMakeFiles/libCOPASISE-core.dir/layout/CLLineEnding.cpp.o
[ 28%] Building CXX object copasi/CMakeFiles/libCOPASISE-core.dir/layout/CLGraphicalPrimitive2D.cpp.o
[ 28%] Building CXX object copasi/CMakeFiles/libCOPASISE-core.dir/layout/CLTransformation2D.cpp.o
[ 29%] Building CXX object copasi/CMakeFiles/libCOPASISE-core.dir/layout/CLPolygon.cpp.o
[ 29%] Building CXX object copasi/CMakeFiles/libCOPASISE-core.dir/layout/CLImage.cpp.o
[ 29%] Building CXX object copasi/CMakeFiles/libCOPASISE-core.dir/layout/CAbstractLayoutInterface.cpp.o
[ 29%] Building CXX object copasi/CMakeFiles/libCOPASISE-core.dir/layout/CLayout.cpp.o
[ 30%] Building CXX object copasi/CMakeFiles/libCOPASISE-core.dir/layout/CLGlyphs.cpp.o
[ 30%] Building CXX object copasi/CMakeFiles/libCOPASISE-core.dir/layout/CLayoutState.cpp.o
[ 30%] Building CXX object copasi/CMakeFiles/libCOPASISE-core.dir/layout/CLLinearGradient.cpp.o
[ 31%] Building CXX object copasi/CMakeFiles/libCOPASISE-core.dir/layout/CLLocalStyle.cpp.o
[ 31%] Building CXX object copasi/CMakeFiles/libCOPASISE-core.dir/layout/CLGradientStops.cpp.o
[ 31%] Building CXX object copasi/CMakeFiles/libCOPASISE-core.dir/layout/CLRenderPoint.cpp.o
[ 31%] Building CXX object copasi/CMakeFiles/libCOPASISE-core.dir/layout/CLRadialGradient.cpp.o
[ 32%] Building CXX object copasi/CMakeFiles/libCOPASISE-core.dir/layout/CLRenderCurve.cpp.o
[ 32%] Building CXX object copasi/CMakeFiles/libCOPASISE-core.dir/layout/CLTransformation.cpp.o
[ 32%] Building CXX object copasi/CMakeFiles/libCOPASISE-core.dir/layout/CCopasiSpringLayout.cpp.o
[ 33%] Building CXX object copasi/CMakeFiles/libCOPASISE-core.dir/layout/CLColorDefinition.cpp.o
[ 33%] Building CXX object copasi/CMakeFiles/libCOPASISE-core.dir/layout/CLGraphicalObject.cpp.o
[ 33%] Building CXX object copasi/CMakeFiles/libCOPASISE-core.dir/layout/CLRectangle.cpp.o
[ 34%] Building CXX object copasi/CMakeFiles/libCOPASISE-core.dir/layout/CLRenderInformationBase.cpp.o
[ 34%] Building CXX object copasi/CMakeFiles/libCOPASISE-core.dir/layout/CLGraphicalPrimitive1D.cpp.o
[ 34%] Building CXX object copasi/CMakeFiles/libCOPASISE-core.dir/layout/CLayoutInitializer.cpp.o
[ 34%] Building CXX object copasi/CMakeFiles/libCOPASISE-core.dir/layout/CLDefaultStyles.cpp.o
[ 35%] Building CXX object copasi/CMakeFiles/libCOPASISE-core.dir/layout/CLLocalRenderInformation.cpp.o
[ 35%] Building CXX object copasi/CMakeFiles/libCOPASISE-core.dir/layout/CLText.cpp.o
[ 35%] Building CXX object copasi/CMakeFiles/libCOPASISE-core.dir/layout/CLCurve.cpp.o
[ 36%] Building CXX object copasi/CMakeFiles/libCOPASISE-core.dir/layout/CLEllipse.cpp.o
[ 36%] Building CXX object copasi/CMakeFiles/libCOPASISE-core.dir/layout/CLBase.cpp.o
[ 36%] Building CXX object copasi/CMakeFiles/libCOPASISE-core.dir/layout/CLImageTexturizer.cpp.o
[ 36%] Building CXX object copasi/CMakeFiles/libCOPASISE-core.dir/layout/CLRenderFlattener.cpp.o
[ 37%] Building CXX object copasi/CMakeFiles/libCOPASISE-core.dir/layout/CLRenderCubicBezier.cpp.o
[ 37%] Building CXX object copasi/CMakeFiles/libCOPASISE-core.dir/layout/CLGlobalStyle.cpp.o
[ 37%] Building CXX object copasi/CMakeFiles/libCOPASISE-core.dir/layout/SBMLDocumentLoader.cpp.o
[ 38%] Building CXX object copasi/CMakeFiles/libCOPASISE-core.dir/layout/CLGradientStop.cpp.o
[ 38%] Building CXX object copasi/CMakeFiles/libCOPASISE-core.dir/layout/CLRelAbsVector.cpp.o
[ 38%] Building CXX object copasi/CMakeFiles/libCOPASISE-core.dir/layout/CLGradientBase.cpp.o
[ 38%] Building CXX object copasi/CMakeFiles/libCOPASISE-core.dir/layout/CLReactionGlyph.cpp.o
[ 39%] Building CXX object copasi/CMakeFiles/libCOPASISE-core.dir/layout/CLGlobalRenderInformation.cpp.o
[ 39%] Building CXX object copasi/CMakeFiles/libCOPASISE-core.dir/layout/CListOfLayouts.cpp.o
[ 39%] Building CXX object copasi/CMakeFiles/libCOPASISE-core.dir/layout/CLRenderResolver.cpp.o
[ 40%] Building CXX object copasi/CMakeFiles/libCOPASISE-core.dir/layout/CLayoutEngine.cpp.o
[ 40%] Building CXX object copasi/CMakeFiles/libCOPASISE-core.dir/lna/CLNAProblem.cpp.o
[ 40%] Building CXX object copasi/CMakeFiles/libCOPASISE-core.dir/lna/CLNAMethod.cpp.o
[ 40%] Building CXX object copasi/CMakeFiles/libCOPASISE-core.dir/lna/CLNATask.cpp.o
[ 41%] Building CXX object copasi/CMakeFiles/libCOPASISE-core.dir/lyap/CLyapProblem.cpp.o
[ 41%] Building CXX object copasi/CMakeFiles/libCOPASISE-core.dir/lyap/CLyapWolfMethod.cpp.o
[ 41%] Building CXX object copasi/CMakeFiles/libCOPASISE-core.dir/lyap/CLyapMethod.cpp.o
[ 42%] Building CXX object copasi/CMakeFiles/libCOPASISE-core.dir/lyap/CLyapTask.cpp.o
[ 42%] Building CXX object copasi/CMakeFiles/libCOPASISE-core.dir/math/CMathDependencyNodeIterator.cpp.o
[ 42%] Building CXX object copasi/CMakeFiles/libCOPASISE-core.dir/math/CMathContainer.cpp.o
[ 43%] Building CXX object copasi/CMakeFiles/libCOPASISE-core.dir/math/CMathDependencyNode.cpp.o
[ 43%] Building CXX object copasi/CMakeFiles/libCOPASISE-core.dir/math/CMathReaction.cpp.o
[ 43%] Building CXX object copasi/CMakeFiles/libCOPASISE-core.dir/math/CMathTrigger.cpp.o
[ 43%] Building CXX object copasi/CMakeFiles/libCOPASISE-core.dir/math/CMathEnum.cpp.o
[ 44%] Building CXX object copasi/CMakeFiles/libCOPASISE-core.dir/math/CMathExpression.cpp.o
[ 44%] Building CXX object copasi/CMakeFiles/libCOPASISE-core.dir/math/CMathObject.cpp.o
[ 44%] Building CXX object copasi/CMakeFiles/libCOPASISE-core.dir/math/CMathDependencyGraph.cpp.o
[ 45%] Building CXX object copasi/CMakeFiles/libCOPASISE-core.dir/math/CMathEvent.cpp.o
[ 45%] Building CXX object copasi/CMakeFiles/libCOPASISE-core.dir/model/CChemEqParser_yacc.cpp.o
[ 45%] Building CXX object copasi/CMakeFiles/libCOPASISE-core.dir/model/CCompartment.cpp.o
[ 45%] Building CXX object copasi/CMakeFiles/libCOPASISE-core.dir/model/CModelParameterSet.cpp.o
[ 46%] Building CXX object copasi/CMakeFiles/libCOPASISE-core.dir/model/CModelValue.cpp.o
[ 46%] Building CXX object copasi/CMakeFiles/libCOPASISE-core.dir/model/CMetab.cpp.o
[ 46%] Building CXX object copasi/CMakeFiles/libCOPASISE-core.dir/model/CObjectLists.cpp.o
[ 47%] Building CXX object copasi/CMakeFiles/libCOPASISE-core.dir/model/CModel.cpp.o
[ 47%] Building CXX object copasi/CMakeFiles/libCOPASISE-core.dir/model/CChemEqParser.cpp.o
[ 47%] Building CXX object copasi/CMakeFiles/libCOPASISE-core.dir/model/CReactionInterface.cpp.o
[ 47%] Building CXX object copasi/CMakeFiles/libCOPASISE-core.dir/model/CReaction.cpp.o
[ 48%] Building CXX object copasi/CMakeFiles/libCOPASISE-core.dir/model/CMoiety.cpp.o
[ 48%] Building CXX object copasi/CMakeFiles/libCOPASISE-core.dir/model/CChemEqParser_lex.cpp.o
[ 48%] Building CXX object copasi/CMakeFiles/libCOPASISE-core.dir/model/CModelAnalyzer.cpp.o
[ 49%] Building CXX object copasi/CMakeFiles/libCOPASISE-core.dir/model/CModelParameter.cpp.o
[ 49%] Building CXX object copasi/CMakeFiles/libCOPASISE-core.dir/model/CProcessQueue.cpp.o
[ 49%] Building CXX object copasi/CMakeFiles/libCOPASISE-core.dir/model/CEvent.cpp.o
[ 50%] Building CXX object copasi/CMakeFiles/libCOPASISE-core.dir/model/CMathModel.cpp.o
[ 50%] Building CXX object copasi/CMakeFiles/libCOPASISE-core.dir/model/CModelExpansion.cpp.o
[ 50%] Building CXX object copasi/CMakeFiles/libCOPASISE-core.dir/model/CMetabNameInterface.cpp.o
[ 50%] Building CXX object copasi/CMakeFiles/libCOPASISE-core.dir/model/CModelMerging.cpp.o
[ 51%] Building CXX object copasi/CMakeFiles/libCOPASISE-core.dir/model/CChemEqInterface.cpp.o
[ 51%] Building CXX object copasi/CMakeFiles/libCOPASISE-core.dir/model/CMMLOutput.cpp.o
[ 51%] Building CXX object copasi/CMakeFiles/libCOPASISE-core.dir/model/CDotOutput.cpp.o
[ 52%] Building CXX object copasi/CMakeFiles/libCOPASISE-core.dir/model/CModelParameterGroup.cpp.o
[ 52%] Building CXX object copasi/CMakeFiles/libCOPASISE-core.dir/model/CAnnotation.cpp.o
[ 52%] Building CXX object copasi/CMakeFiles/libCOPASISE-core.dir/model/CChemEqElement.cpp.o
[ 52%] Building CXX object copasi/CMakeFiles/libCOPASISE-core.dir/model/CState.cpp.o
[ 53%] Building CXX object copasi/CMakeFiles/libCOPASISE-core.dir/model/CChemEq.cpp.o
[ 53%] Building CXX object copasi/CMakeFiles/libCOPASISE-core.dir/moieties/CMoietiesTask.cpp.o
[ 53%] Building CXX object copasi/CMakeFiles/libCOPASISE-core.dir/moieties/CMoietiesProblem.cpp.o
[ 54%] Building CXX object copasi/CMakeFiles/libCOPASISE-core.dir/moieties/CMoietiesMethod.cpp.o
[ 54%] Building CXX object copasi/CMakeFiles/libCOPASISE-core.dir/odepack++/CLSODAR.cpp.o
[ 54%] Building CXX object copasi/CMakeFiles/libCOPASISE-core.dir/odepack++/CInternalSolver.cpp.o
[ 54%] Building CXX object copasi/CMakeFiles/libCOPASISE-core.dir/odepack++/dsolsy.cpp.o
[ 55%] Building CXX object copasi/CMakeFiles/libCOPASISE-core.dir/odepack++/dstoda.cpp.o
[ 55%] Building CXX object copasi/CMakeFiles/libCOPASISE-core.dir/odepack++/dfnorm.cpp.o
[ 55%] Building CXX object copasi/CMakeFiles/libCOPASISE-core.dir/odepack++/dcfode.cpp.o
[ 56%] Building CXX object copasi/CMakeFiles/libCOPASISE-core.dir/odepack++/Cxerrwd.cpp.o
[ 56%] Building CXX object copasi/CMakeFiles/libCOPASISE-core.dir/odepack++/drcheck.cpp.o
[ 56%] Building CXX object copasi/CMakeFiles/libCOPASISE-core.dir/odepack++/dintdy.cpp.o
[ 56%] Building CXX object copasi/CMakeFiles/libCOPASISE-core.dir/odepack++/dbnorm.cpp.o
[ 57%] Building CXX object copasi/CMakeFiles/libCOPASISE-core.dir/odepack++/dmnorm.cpp.o
[ 57%] Building CXX object copasi/CMakeFiles/libCOPASISE-core.dir/odepack++/dewset.cpp.o
[ 57%] Building CXX object copasi/CMakeFiles/libCOPASISE-core.dir/odepack++/dprja.cpp.o
[ 58%] Building CXX object copasi/CMakeFiles/libCOPASISE-core.dir/odepack++/common.cpp.o
[ 58%] Building CXX object copasi/CMakeFiles/libCOPASISE-core.dir/odepack++/CLSODA.cpp.o
[ 58%] Building CXX object copasi/CMakeFiles/libCOPASISE-core.dir/optimization/COptMethodGASR.cpp.o
[ 59%] Building CXX object copasi/CMakeFiles/libCOPASISE-core.dir/optimization/COptMethod.cpp.o
[ 59%] Building CXX object copasi/CMakeFiles/libCOPASISE-core.dir/optimization/COptMethodSA.cpp.o
[ 59%] Building CXX object copasi/CMakeFiles/libCOPASISE-core.dir/optimization/CRealProblem.cpp.o
[ 59%] Building CXX object copasi/CMakeFiles/libCOPASISE-core.dir/optimization/CRandomSearch.cpp.o
[ 60%] Building CXX object copasi/CMakeFiles/libCOPASISE-core.dir/optimization/COptTask.cpp.o
[ 60%] Building CXX object copasi/CMakeFiles/libCOPASISE-core.dir/optimization/COptMethodNelderMead.cpp.o
[ 60%] Building CXX object copasi/CMakeFiles/libCOPASISE-core.dir/optimization/CTruncatedNewton.cpp.o
[ 61%] Building CXX object copasi/CMakeFiles/libCOPASISE-core.dir/optimization/COptMethodStatistics.cpp.o
[ 61%] Building CXX object copasi/CMakeFiles/libCOPASISE-core.dir/optimization/COptMethodSRES.cpp.o
[ 61%] Building CXX object copasi/CMakeFiles/libCOPASISE-core.dir/optimization/COptMethodDE.cpp.o
[ 61%] Building CXX object copasi/CMakeFiles/libCOPASISE-core.dir/optimization/FminBrent.cpp.o
[ 62%] Building CXX object copasi/CMakeFiles/libCOPASISE-core.dir/optimization/COptMethodTruncatedNewton.cpp.o
[ 62%] Building CXX object copasi/CMakeFiles/libCOPASISE-core.dir/optimization/COptItem.cpp.o
[ 62%] Building CXX object copasi/CMakeFiles/libCOPASISE-core.dir/optimization/COptMethodCoranaWalk.cpp.o
[ 63%] Building CXX object copasi/CMakeFiles/libCOPASISE-core.dir/optimization/COptMethodHookeJeeves.cpp.o
[ 63%] Building CXX object copasi/CMakeFiles/libCOPASISE-core.dir/optimization/COptMethodEP.cpp.o
[ 63%] Building CXX object copasi/CMakeFiles/libCOPASISE-core.dir/optimization/COptMethodGA.cpp.o
[ 63%] Building CXX object copasi/CMakeFiles/libCOPASISE-core.dir/optimization/COptProblem.cpp.o
[ 64%] Building CXX object copasi/CMakeFiles/libCOPASISE-core.dir/optimization/COptMethodSS.cpp.o
[ 64%] Building CXX object copasi/CMakeFiles/libCOPASISE-core.dir/optimization/COptMethodPraxis.cpp.o
[ 64%] Building CXX object copasi/CMakeFiles/libCOPASISE-core.dir/optimization/COptMethodPS.cpp.o
[ 65%] Building CXX object copasi/CMakeFiles/libCOPASISE-core.dir/optimization/CPraxis.cpp.o
[ 65%] Building CXX object copasi/CMakeFiles/libCOPASISE-core.dir/optimization/COptMethodSteepestDescent.cpp.o
[ 65%] Building CXX object copasi/CMakeFiles/libCOPASISE-core.dir/optimization/COptMethodLevenbergMarquardt.cpp.o
[ 65%] Building CXX object copasi/CMakeFiles/libCOPASISE-core.dir/parameterFitting/CFitTask.cpp.o
[ 66%] Building CXX object copasi/CMakeFiles/libCOPASISE-core.dir/parameterFitting/CFitProblem.cpp.o
[ 66%] Building CXX object copasi/CMakeFiles/libCOPASISE-core.dir/parameterFitting/CFitItem.cpp.o
[ 66%] Building CXX object copasi/CMakeFiles/libCOPASISE-core.dir/parameterFitting/CFitMethod.cpp.o
[ 67%] Building CXX object copasi/CMakeFiles/libCOPASISE-core.dir/parameterFitting/CExperimentSet.cpp.o
[ 67%] Building CXX object copasi/CMakeFiles/libCOPASISE-core.dir/parameterFitting/CExperimentFileInfo.cpp.o
[ 67%] Building CXX object copasi/CMakeFiles/libCOPASISE-core.dir/parameterFitting/CExperiment.cpp.o
[ 68%] Building CXX object copasi/CMakeFiles/libCOPASISE-core.dir/parameterFitting/CExperimentObjectMap.cpp.o
[ 68%] Building CXX object copasi/CMakeFiles/libCOPASISE-core.dir/plot/CPlotColors.cpp.o
[ 68%] Building CXX object copasi/CMakeFiles/libCOPASISE-core.dir/plot/CPlotItem.cpp.o
[ 68%] Building CXX object copasi/CMakeFiles/libCOPASISE-core.dir/plot/COutputDefinitionVector.cpp.o
[ 69%] Building CXX object copasi/CMakeFiles/libCOPASISE-core.dir/plot/CPlotSpecification.cpp.o
[ 69%] Building CXX object copasi/CMakeFiles/libCOPASISE-core.dir/randomGenerator/CPermutation.cpp.o
[ 69%] Building CXX object copasi/CMakeFiles/libCOPASISE-core.dir/randomGenerator/Cr250.cpp.o
[ 70%] Building CXX object copasi/CMakeFiles/libCOPASISE-core.dir/randomGenerator/CRandom.cpp.o
[ 70%] Building CXX object copasi/CMakeFiles/libCOPASISE-core.dir/randomGenerator/Cmt19937.cpp.o
[ 70%] Building CXX object copasi/CMakeFiles/libCOPASISE-core.dir/report/CReport.cpp.o
[ 70%] Building CXX object copasi/CMakeFiles/libCOPASISE-core.dir/report/CReportBody.cpp.o
[ 71%] Building CXX object copasi/CMakeFiles/libCOPASISE-core.dir/report/CKeyFactory.cpp.o
[ 71%] Building CXX object copasi/CMakeFiles/libCOPASISE-core.dir/report/CCopasiTimer.cpp.o
[ 71%] Building CXX object copasi/CMakeFiles/libCOPASISE-core.dir/report/CArrayElementReference.cpp.o
[ 72%] Building CXX object copasi/CMakeFiles/libCOPASISE-core.dir/report/CCopasiContainer.cpp.o
[ 72%] Building CXX object copasi/CMakeFiles/libCOPASISE-core.dir/report/CCopasiObjectName.cpp.o
[ 72%] Building CXX object copasi/CMakeFiles/libCOPASISE-core.dir/report/CCopasiObject.cpp.o
[ 72%] Building CXX object copasi/CMakeFiles/libCOPASISE-core.dir/report/CCopasiArray.cpp.o
[ 73%] Building CXX object copasi/CMakeFiles/libCOPASISE-core.dir/report/COutputAssistant.cpp.o
[ 73%] Building CXX object copasi/CMakeFiles/libCOPASISE-core.dir/report/CCopasiStaticString.cpp.o
[ 73%] Building CXX object copasi/CMakeFiles/libCOPASISE-core.dir/report/CReportDefinitionVector.cpp.o
[ 74%] Building CXX object copasi/CMakeFiles/libCOPASISE-core.dir/report/CReportDefinition.cpp.o
[ 74%] Building CXX object copasi/CMakeFiles/libCOPASISE-core.dir/report/CCopasiRootContainer.cpp.o
[ 74%] Building CXX object copasi/CMakeFiles/libCOPASISE-core.dir/sbml/SBMLReference.cpp.o
[ 75%] Building CXX object copasi/CMakeFiles/libCOPASISE-core.dir/sbml/SBMLIncompatibility.cpp.o
[ 75%] Building CXX object copasi/CMakeFiles/libCOPASISE-core.dir/sbml/SBMLImporter.cpp.o
[ 75%] Building CXX object copasi/CMakeFiles/libCOPASISE-core.dir/sbml/StdException.cpp.o
[ 75%] Building CXX object copasi/CMakeFiles/libCOPASISE-core.dir/sbml/ConverterASTNode.cpp.o
[ 76%] Building CXX object copasi/CMakeFiles/libCOPASISE-core.dir/sbml/SBMLUtils.cpp.o
[ 76%] Building CXX object copasi/CMakeFiles/libCOPASISE-core.dir/sbml/CCellDesignerImporter.cpp.o
[ 76%] Building CXX object copasi/CMakeFiles/libCOPASISE-core.dir/sbml/UnitConversionFactory.cpp.o
[ 77%] Building CXX object copasi/CMakeFiles/libCOPASISE-core.dir/sbml/CSBMLExporter.cpp.o
[ 77%] Building CXX object copasi/CMakeFiles/libCOPASISE-core.dir/sbmlunit/CSBMLunit.cpp.o
[ 77%] Building CXX object copasi/CMakeFiles/libCOPASISE-core.dir/sbmlunit/CSBMLunitInterface.cpp.o
[ 77%] Building CXX object copasi/CMakeFiles/libCOPASISE-core.dir/sbmlunit/Expression2PresentationMMLUnits.cpp.o
[ 78%] Building CXX object copasi/CMakeFiles/libCOPASISE-core.dir/sbmlunit/Expression2PresentationMML.cpp.o
[ 78%] Building CXX object copasi/CMakeFiles/libCOPASISE-core.dir/scan/CScanMethod.cpp.o
[ 78%] Building CXX object copasi/CMakeFiles/libCOPASISE-core.dir/scan/CScanProblem.cpp.o
[ 79%] Building CXX object copasi/CMakeFiles/libCOPASISE-core.dir/scan/CScanTask.cpp.o
[ 79%] Building CXX object copasi/CMakeFiles/libCOPASISE-core.dir/sensitivities/CSensMethod.cpp.o
[ 79%] Building CXX object copasi/CMakeFiles/libCOPASISE-core.dir/sensitivities/CSensProblem.cpp.o
[ 79%] Building CXX object copasi/CMakeFiles/libCOPASISE-core.dir/sensitivities/CSensTask.cpp.o
[ 80%] Building CXX object copasi/CMakeFiles/libCOPASISE-core.dir/steadystate/CSteadyStateTask.cpp.o
[ 80%] Building CXX object copasi/CMakeFiles/libCOPASISE-core.dir/steadystate/CSteadyStateProblem.cpp.o
[ 80%] Building CXX object copasi/CMakeFiles/libCOPASISE-core.dir/steadystate/CMCAProblem.cpp.o
[ 81%] Building CXX object copasi/CMakeFiles/libCOPASISE-core.dir/steadystate/CSteadyStateMethod.cpp.o
[ 81%] Building CXX object copasi/CMakeFiles/libCOPASISE-core.dir/steadystate/CEigen.cpp.o
[ 81%] Building CXX object copasi/CMakeFiles/libCOPASISE-core.dir/steadystate/CMCAMethod.cpp.o
[ 81%] Building CXX object copasi/CMakeFiles/libCOPASISE-core.dir/steadystate/CNewtonMethod.cpp.o
[ 82%] Building CXX object copasi/CMakeFiles/libCOPASISE-core.dir/steadystate/CMCATask.cpp.o
[ 82%] Building CXX object copasi/CMakeFiles/libCOPASISE-core.dir/trajectory/CHybridMethod.cpp.o
[ 82%] Building CXX object copasi/CMakeFiles/libCOPASISE-core.dir/trajectory/CLsodaMethod.cpp.o
[ 83%] Building CXX object copasi/CMakeFiles/libCOPASISE-core.dir/trajectory/CTrajectoryMethodDsaLsodar.cpp.o
[ 83%] Building CXX object copasi/CMakeFiles/libCOPASISE-core.dir/trajectory/CTrajectoryTask.cpp.o
[ 83%] Building CXX object copasi/CMakeFiles/libCOPASISE-core.dir/trajectory/CTrajectoryMethod.cpp.o
[ 84%] Building CXX object copasi/CMakeFiles/libCOPASISE-core.dir/trajectory/CTrajectoryProblem.cpp.o
[ 84%] Building CXX object copasi/CMakeFiles/libCOPASISE-core.dir/trajectory/CStochNextReactionMethod.cpp.o
[ 84%] Building CXX object copasi/CMakeFiles/libCOPASISE-core.dir/trajectory/CHybridMethodLSODA.cpp.o
[ 84%] Building CXX object copasi/CMakeFiles/libCOPASISE-core.dir/trajectory/CHybridNextReactionRKMethod.cpp.o
[ 85%] Building CXX object copasi/CMakeFiles/libCOPASISE-core.dir/trajectory/CTimeSeries.cpp.o
[ 85%] Building CXX object copasi/CMakeFiles/libCOPASISE-core.dir/trajectory/CTauLeapMethod.cpp.o
[ 85%] Building CXX object copasi/CMakeFiles/libCOPASISE-core.dir/trajectory/CHybridMethodODE45.cpp.o
[ 86%] Building CXX object copasi/CMakeFiles/libCOPASISE-core.dir/trajectory/CStochMethod.cpp.o
[ 86%] Building CXX object copasi/CMakeFiles/libCOPASISE-core.dir/trajectory/CInterpolation.cpp.o
[ 86%] Building CXX object copasi/CMakeFiles/libCOPASISE-core.dir/trajectory/CHybridNextReactionLSODAMethod.cpp.o
[ 86%] Building CXX object copasi/CMakeFiles/libCOPASISE-core.dir/trajectory/CTrajAdaptiveSA.cpp.o
[ 87%] Building CXX object copasi/CMakeFiles/libCOPASISE-core.dir/trajectory/CStochDirectMethod.cpp.o
[ 87%] Building CXX object copasi/CMakeFiles/libCOPASISE-core.dir/tss/CODEExporterC.cpp.o
[ 87%] Building CXX object copasi/CMakeFiles/libCOPASISE-core.dir/tss/CODEExporterBM.cpp.o
[ 88%] Building CXX object copasi/CMakeFiles/libCOPASISE-core.dir/tss/CODEExporter.cpp.o
[ 88%] Building CXX object copasi/CMakeFiles/libCOPASISE-core.dir/tss/CODEExporterXPPAUT.cpp.o
[ 88%] Building CXX object copasi/CMakeFiles/libCOPASISE-core.dir/tssanalysis/CILDMMethod.cpp.o
[ 88%] Building CXX object copasi/CMakeFiles/libCOPASISE-core.dir/tssanalysis/CTSSATask.cpp.o
[ 89%] Building CXX object copasi/CMakeFiles/libCOPASISE-core.dir/tssanalysis/CTSSAMethod.cpp.o
[ 89%] Building CXX object copasi/CMakeFiles/libCOPASISE-core.dir/tssanalysis/CCSPMethod.cpp.o
[ 89%] Building CXX object copasi/CMakeFiles/libCOPASISE-core.dir/tssanalysis/CTSSAProblem.cpp.o
[ 90%] Building CXX object copasi/CMakeFiles/libCOPASISE-core.dir/tssanalysis/CILDMModifiedMethod.cpp.o
[ 90%] Building CXX object copasi/CMakeFiles/libCOPASISE-core.dir/utilities/CCopasiException.cpp.o
[ 90%] Building CXX object copasi/CMakeFiles/libCOPASISE-core.dir/utilities/CDirEntry.cpp.o
[ 90%] Building CXX object copasi/CMakeFiles/libCOPASISE-core.dir/utilities/CSparseMatrix.cpp.o
[ 91%] Building CXX object copasi/CMakeFiles/libCOPASISE-core.dir/utilities/CCopasiParameterGroup.cpp.o
[ 91%] Building CXX object copasi/CMakeFiles/libCOPASISE-core.dir/utilities/CDependencyGraph.cpp.o
[ 91%] Building CXX object copasi/CMakeFiles/libCOPASISE-core.dir/utilities/CVersion.cpp.o
[ 92%] Building CXX object copasi/CMakeFiles/libCOPASISE-core.dir/utilities/CopasiTime.cpp.o
[ 92%] Building CXX object copasi/CMakeFiles/libCOPASISE-core.dir/utilities/CSlider.cpp.o
[ 92%] Building CXX object copasi/CMakeFiles/libCOPASISE-core.dir/utilities/CIndexedPriorityQueue.cpp.o
[ 93%] Building CXX object copasi/CMakeFiles/libCOPASISE-core.dir/utilities/CCopasiTask.cpp.o
[ 93%] Building CXX object copasi/CMakeFiles/libCOPASISE-core.dir/utilities/CCopasiProblem.cpp.o
[ 93%] Building CXX object copasi/CMakeFiles/libCOPASISE-core.dir/utilities/utility.cpp.o
[ 93%] Building CXX object copasi/CMakeFiles/libCOPASISE-core.dir/utilities/CCopasiMethod.cpp.o
[ 94%] Building CXX object copasi/CMakeFiles/libCOPASISE-core.dir/utilities/CDimension.cpp.o
[ 94%] Building CXX object copasi/CMakeFiles/libCOPASISE-core.dir/utilities/CluX.cpp.o
[ 94%] Building CXX object copasi/CMakeFiles/libCOPASISE-core.dir/utilities/COutputHandler.cpp.o
[ 95%] Building CXX object copasi/CMakeFiles/libCOPASISE-core.dir/utilities/CLinkMatrix.cpp.o
[ 95%] Building CXX object copasi/CMakeFiles/libCOPASISE-core.dir/utilities/CAnnotatedMatrix.cpp.o
[ 95%] Building CXX object copasi/CMakeFiles/libCOPASISE-core.dir/utilities/CReadConfig.cpp.o
[ 95%] Building CXX object copasi/CMakeFiles/libCOPASISE-core.dir/utilities/CCopasiParameter.cpp.o
[ 96%] Building CXX object copasi/CMakeFiles/libCOPASISE-core.dir/utilities/CTableCell.cpp.o
[ 96%] Building CXX object copasi/CMakeFiles/libCOPASISE-core.dir/utilities/CProcessReport.cpp.o
[ 96%] Building CXX object copasi/CMakeFiles/libCOPASISE-core.dir/utilities/CCopasiMessage.cpp.o
[ 97%] Building CXX object copasi/CMakeFiles/libCOPASISE-core.dir/xml/CCopasiXMLParser.cpp.o
[ 97%] Building CXX object copasi/CMakeFiles/libCOPASISE-core.dir/xml/CCopasiXMLInterface.cpp.o
[ 97%] Building CXX object copasi/CMakeFiles/libCOPASISE-core.dir/xml/CFixLocalReactionParameters.cpp.o
[ 97%] Building CXX object copasi/CMakeFiles/libCOPASISE-core.dir/xml/CExpat.cpp.o
[ 98%] Building CXX object copasi/CMakeFiles/libCOPASISE-core.dir/xml/ListOfUnsupportedAnnotations.cpp.o
[ 98%] Building CXX object copasi/CMakeFiles/libCOPASISE-core.dir/xml/CCopasiXML.cpp.o
[ 98%] Building CXX object copasi/CMakeFiles/libCOPASISE-core.dir/xml/ListOfModelParameterSets.cpp.o
[ 99%] Building CXX object copasi/CMakeFiles/libCOPASISE-core.dir/sedml/SEDMLUtils.cpp.o
[ 99%] Building CXX object copasi/CMakeFiles/libCOPASISE-core.dir/sedml/SEDMLImporter.cpp.o
[ 99%] Building CXX object copasi/CMakeFiles/libCOPASISE-core.dir/sedml/CSEDMLExporter.cpp.o
[ 99%] Built target libCOPASISE-core
Scanning dependencies of target libCOPASISE-static
[100%] Linking CXX static library libCOPASISE.a
[100%] Built target libCOPASISE-static
Scanning dependencies of target CopasiSE
[100%] Building CXX object copasi/CopasiSE/CMakeFiles/CopasiSE.dir/CopasiSE.cpp.o
[100%] Linking CXX executable CopasiSE
[100%] Built target CopasiSE
