Determining if files check.h exist failed with the following output:
Change Dir: /home/ariana/workspace/enisi/hpylori_compartments/deps/src/project_copasi_deps/tmp/libsbml/CMakeFiles/CMakeTmp

Run Build Command:"/usr/bin/make" "cmTC_0bd37/fast"
make[3]: Entering directory '/home/ariana/workspace/enisi/hpylori_compartments/deps/src/project_copasi_deps/tmp/libsbml/CMakeFiles/CMakeTmp'
/usr/bin/make -f CMakeFiles/cmTC_0bd37.dir/build.make CMakeFiles/cmTC_0bd37.dir/build
make[4]: Entering directory '/home/ariana/workspace/enisi/hpylori_compartments/deps/src/project_copasi_deps/tmp/libsbml/CMakeFiles/CMakeTmp'
Building C object CMakeFiles/cmTC_0bd37.dir/CheckIncludeFiles.c.o
/usr/bin/cc    -fno-strict-aliasing -fPIC    -o CMakeFiles/cmTC_0bd37.dir/CheckIncludeFiles.c.o   -c /home/ariana/workspace/enisi/hpylori_compartments/deps/src/project_copasi_deps/tmp/libsbml/CMakeFiles/CMakeTmp/CheckIncludeFiles.c
/home/ariana/workspace/enisi/hpylori_compartments/deps/src/project_copasi_deps/tmp/libsbml/CMakeFiles/CMakeTmp/CheckIncludeFiles.c:2:19: fatal error: check.h: No such file or directory
compilation terminated.
CMakeFiles/cmTC_0bd37.dir/build.make:65: recipe for target 'CMakeFiles/cmTC_0bd37.dir/CheckIncludeFiles.c.o' failed
make[4]: *** [CMakeFiles/cmTC_0bd37.dir/CheckIncludeFiles.c.o] Error 1
make[4]: Leaving directory '/home/ariana/workspace/enisi/hpylori_compartments/deps/src/project_copasi_deps/tmp/libsbml/CMakeFiles/CMakeTmp'
Makefile:126: recipe for target 'cmTC_0bd37/fast' failed
make[3]: *** [cmTC_0bd37/fast] Error 2
make[3]: Leaving directory '/home/ariana/workspace/enisi/hpylori_compartments/deps/src/project_copasi_deps/tmp/libsbml/CMakeFiles/CMakeTmp'

Source:
/* */
#include <check.h>


int main(void){return 0;}

Determining if files expat.h exist failed with the following output:
Change Dir: /home/ariana/workspace/enisi/hpylori_compartments/deps/src/project_copasi_deps/tmp/libsbml/CMakeFiles/CMakeTmp

Run Build Command:"/usr/bin/make" "cmTC_7b1bb/fast"
make[3]: Entering directory '/home/ariana/workspace/enisi/hpylori_compartments/deps/src/project_copasi_deps/tmp/libsbml/CMakeFiles/CMakeTmp'
/usr/bin/make -f CMakeFiles/cmTC_7b1bb.dir/build.make CMakeFiles/cmTC_7b1bb.dir/build
make[4]: Entering directory '/home/ariana/workspace/enisi/hpylori_compartments/deps/src/project_copasi_deps/tmp/libsbml/CMakeFiles/CMakeTmp'
Building C object CMakeFiles/cmTC_7b1bb.dir/CheckIncludeFiles.c.o
/usr/bin/cc    -fno-strict-aliasing -fPIC    -o CMakeFiles/cmTC_7b1bb.dir/CheckIncludeFiles.c.o   -c /home/ariana/workspace/enisi/hpylori_compartments/deps/src/project_copasi_deps/tmp/libsbml/CMakeFiles/CMakeTmp/CheckIncludeFiles.c
/home/ariana/workspace/enisi/hpylori_compartments/deps/src/project_copasi_deps/tmp/libsbml/CMakeFiles/CMakeTmp/CheckIncludeFiles.c:2:19: fatal error: expat.h: No such file or directory
compilation terminated.
CMakeFiles/cmTC_7b1bb.dir/build.make:65: recipe for target 'CMakeFiles/cmTC_7b1bb.dir/CheckIncludeFiles.c.o' failed
make[4]: *** [CMakeFiles/cmTC_7b1bb.dir/CheckIncludeFiles.c.o] Error 1
make[4]: Leaving directory '/home/ariana/workspace/enisi/hpylori_compartments/deps/src/project_copasi_deps/tmp/libsbml/CMakeFiles/CMakeTmp'
Makefile:126: recipe for target 'cmTC_7b1bb/fast' failed
make[3]: *** [cmTC_7b1bb/fast] Error 2
make[3]: Leaving directory '/home/ariana/workspace/enisi/hpylori_compartments/deps/src/project_copasi_deps/tmp/libsbml/CMakeFiles/CMakeTmp'

Source:
/* */
#include <expat.h>


int main(void){return 0;}

Determining if files ieeefp.h exist failed with the following output:
Change Dir: /home/ariana/workspace/enisi/hpylori_compartments/deps/src/project_copasi_deps/tmp/libsbml/CMakeFiles/CMakeTmp

Run Build Command:"/usr/bin/make" "cmTC_01cd1/fast"
make[3]: Entering directory '/home/ariana/workspace/enisi/hpylori_compartments/deps/src/project_copasi_deps/tmp/libsbml/CMakeFiles/CMakeTmp'
/usr/bin/make -f CMakeFiles/cmTC_01cd1.dir/build.make CMakeFiles/cmTC_01cd1.dir/build
make[4]: Entering directory '/home/ariana/workspace/enisi/hpylori_compartments/deps/src/project_copasi_deps/tmp/libsbml/CMakeFiles/CMakeTmp'
Building C object CMakeFiles/cmTC_01cd1.dir/CheckIncludeFiles.c.o
/usr/bin/cc    -fno-strict-aliasing -fPIC    -o CMakeFiles/cmTC_01cd1.dir/CheckIncludeFiles.c.o   -c /home/ariana/workspace/enisi/hpylori_compartments/deps/src/project_copasi_deps/tmp/libsbml/CMakeFiles/CMakeTmp/CheckIncludeFiles.c
/home/ariana/workspace/enisi/hpylori_compartments/deps/src/project_copasi_deps/tmp/libsbml/CMakeFiles/CMakeTmp/CheckIncludeFiles.c:2:20: fatal error: ieeefp.h: No such file or directory
compilation terminated.
CMakeFiles/cmTC_01cd1.dir/build.make:65: recipe for target 'CMakeFiles/cmTC_01cd1.dir/CheckIncludeFiles.c.o' failed
make[4]: *** [CMakeFiles/cmTC_01cd1.dir/CheckIncludeFiles.c.o] Error 1
make[4]: Leaving directory '/home/ariana/workspace/enisi/hpylori_compartments/deps/src/project_copasi_deps/tmp/libsbml/CMakeFiles/CMakeTmp'
Makefile:126: recipe for target 'cmTC_01cd1/fast' failed
make[3]: *** [cmTC_01cd1/fast] Error 2
make[3]: Leaving directory '/home/ariana/workspace/enisi/hpylori_compartments/deps/src/project_copasi_deps/tmp/libsbml/CMakeFiles/CMakeTmp'

Source:
/* */
#include <ieeefp.h>


int main(void){return 0;}

Determining if the system is big endian passed with the following output:
Change Dir: /home/ariana/workspace/enisi/hpylori_compartments/deps/src/project_copasi_deps/tmp/libsbml/CMakeFiles/CMakeTmp

Run Build Command:"/usr/bin/make" "cmTC_95783/fast"
make[3]: Entering directory '/home/ariana/workspace/enisi/hpylori_compartments/deps/src/project_copasi_deps/tmp/libsbml/CMakeFiles/CMakeTmp'
/usr/bin/make -f CMakeFiles/cmTC_95783.dir/build.make CMakeFiles/cmTC_95783.dir/build
make[4]: Entering directory '/home/ariana/workspace/enisi/hpylori_compartments/deps/src/project_copasi_deps/tmp/libsbml/CMakeFiles/CMakeTmp'
Building C object CMakeFiles/cmTC_95783.dir/TestEndianess.c.o
/usr/bin/cc    -fno-strict-aliasing -fPIC    -o CMakeFiles/cmTC_95783.dir/TestEndianess.c.o   -c /home/ariana/workspace/enisi/hpylori_compartments/deps/src/project_copasi_deps/tmp/libsbml/CMakeFiles/CMakeTmp/TestEndianess.c
Linking C executable cmTC_95783
/usr/bin/cmake -E cmake_link_script CMakeFiles/cmTC_95783.dir/link.txt --verbose=1
/usr/bin/cc   -fno-strict-aliasing -fPIC     CMakeFiles/cmTC_95783.dir/TestEndianess.c.o  -o cmTC_95783 -rdynamic 
make[4]: Leaving directory '/home/ariana/workspace/enisi/hpylori_compartments/deps/src/project_copasi_deps/tmp/libsbml/CMakeFiles/CMakeTmp'
make[3]: Leaving directory '/home/ariana/workspace/enisi/hpylori_compartments/deps/src/project_copasi_deps/tmp/libsbml/CMakeFiles/CMakeTmp'

TestEndianess.c:
/* A 16 bit integer is required. */
typedef unsigned short cmakeint16;

/* On a little endian machine, these 16bit ints will give "THIS IS LITTLE ENDIAN."
   On a big endian machine the characters will be exchanged pairwise. */
const cmakeint16 info_little[] =  {0x4854, 0x5349, 0x4920, 0x2053, 0x494c, 0x5454, 0x454c, 0x4520, 0x444e, 0x4149, 0x2e4e, 0x0000};

/* on a big endian machine, these 16bit ints will give "THIS IS BIG ENDIAN."
   On a little endian machine the characters will be exchanged pairwise. */
const cmakeint16 info_big[] =     {0x5448, 0x4953, 0x2049, 0x5320, 0x4249, 0x4720, 0x454e, 0x4449, 0x414e, 0x2e2e, 0x0000};

#ifdef __CLASSIC_C__
int main(argc, argv) int argc; char *argv[];
#else
int main(int argc, char *argv[])
#endif
{
  int require = 0;
  require += info_little[argc];
  require += info_big[argc];
  (void)argv;
  return require;
}


