This file contains any messages produced by compilers while
running configure, to aid debugging if configure makes a mistake.

It was created by configure, which was
generated by GNU Autoconf 2.63.  Invocation command line was

  $ ./configure --disable-option-checking --prefix=/home/ariana/workspace/enisi/hpylori_compartments/deps/src/project_repast/ext//MPICH --disable-f77 --disable-fc MPI_CC=/home/ariana/workspace/enisi/hpylori_compartments/deps/src/project_repast/INSTALLATION/mpich2-1.4.1p1/bin/mpicc MPI_F77=/home/ariana/workspace/enisi/hpylori_compartments/deps/src/project_repast/INSTALLATION/mpich2-1.4.1p1/bin/mpif77 CC=gcc CFLAGS=   -O2 LDFLAGS=  LIBS=-lrt -lpthread   CPPFLAGS= -I/home/ariana/workspace/enisi/hpylori_compartments/deps/src/project_repast/INSTALLATION/mpich2-1.4.1p1/src/mpl/include -I/home/ariana/workspace/enisi/hpylori_compartments/deps/src/project_repast/INSTALLATION/mpich2-1.4.1p1/src/mpl/include -I/home/ariana/workspace/enisi/hpylori_compartments/deps/src/project_repast/INSTALLATION/mpich2-1.4.1p1/src/openpa/src -I/home/ariana/workspace/enisi/hpylori_compartments/deps/src/project_repast/INSTALLATION/mpich2-1.4.1p1/src/openpa/src -I/home/ariana/workspace/enisi/hpylori_compartments/deps/src/project_repast/INSTALLATION/mpich2-1.4.1p1/src/mpid/ch3/include -I/home/ariana/workspace/enisi/hpylori_compartments/deps/src/project_repast/INSTALLATION/mpich2-1.4.1p1/src/mpid/ch3/include -I/home/ariana/workspace/enisi/hpylori_compartments/deps/src/project_repast/INSTALLATION/mpich2-1.4.1p1/src/mpid/common/datatype -I/home/ariana/workspace/enisi/hpylori_compartments/deps/src/project_repast/INSTALLATION/mpich2-1.4.1p1/src/mpid/common/datatype -I/home/ariana/workspace/enisi/hpylori_compartments/deps/src/project_repast/INSTALLATION/mpich2-1.4.1p1/src/mpid/common/locks -I/home/ariana/workspace/enisi/hpylori_compartments/deps/src/project_repast/INSTALLATION/mpich2-1.4.1p1/src/mpid/common/locks -I/home/ariana/workspace/enisi/hpylori_compartments/deps/src/project_repast/INSTALLATION/mpich2-1.4.1p1/src/mpid/ch3/channels/nemesis/include -I/home/ariana/workspace/enisi/hpylori_compartments/deps/src/project_repast/INSTALLATION/mpich2-1.4.1p1/src/mpid/ch3/channels/nemesis/include -I/home/ariana/workspace/enisi/hpylori_compartments/deps/src/project_repast/INSTALLATION/mpich2-1.4.1p1/src/mpid/ch3/channels/nemesis/nemesis/include -I/home/ariana/workspace/enisi/hpylori_compartments/deps/src/project_repast/INSTALLATION/mpich2-1.4.1p1/src/mpid/ch3/channels/nemesis/nemesis/include -I/home/ariana/workspace/enisi/hpylori_compartments/deps/src/project_repast/INSTALLATION/mpich2-1.4.1p1/src/mpid/ch3/channels/nemesis/nemesis/utils/monitor -I/home/ariana/workspace/enisi/hpylori_compartments/deps/src/project_repast/INSTALLATION/mpich2-1.4.1p1/src/mpid/ch3/channels/nemesis/nemesis/utils/monitor -I/home/ariana/workspace/enisi/hpylori_compartments/deps/src/project_repast/INSTALLATION/mpich2-1.4.1p1/src/util/wrappers -I/home/ariana/workspace/enisi/hpylori_compartments/deps/src/project_repast/INSTALLATION/mpich2-1.4.1p1/src/util/wrappers FFLAGS=  --cache-file=/dev/null --srcdir=.

## --------- ##
## Platform. ##
## --------- ##

hostname = herbst-Lenovo-B40-80
uname -m = x86_64
uname -r = 4.4.0-36-generic
uname -s = Linux
uname -v = #55-Ubuntu SMP Thu Aug 11 18:01:55 UTC 2016

/usr/bin/uname -p = unknown
/bin/uname -X     = unknown

/bin/arch              = unknown
/usr/bin/arch -k       = unknown
/usr/convex/getsysinfo = unknown
/usr/bin/hostinfo      = unknown
/bin/machine           = unknown
/usr/bin/oslevel       = unknown
/bin/universe          = unknown

PATH: /usr/local/sbin
PATH: /usr/local/bin
PATH: /usr/sbin
PATH: /usr/bin
PATH: /sbin
PATH: /bin
PATH: /usr/games
PATH: /usr/local/games
PATH: /snap/bin


## ----------- ##
## Core tests. ##
## ----------- ##

configure:1863: checking for current directory name
configure:1907: result: /home/ariana/workspace/enisi/hpylori_compartments/deps/src/project_repast/INSTALLATION/mpich2-1.4.1p1/src/mpe2/src/slog2sdk
configure:1985: checking gnumake
configure:2000: result: yes using --no-print-directory
configure:2014: checking BSD 4.4 make
configure:2034: result: no - whew
configure:2040: checking OSF V3 make
configure:2059: result: no
configure:2066: checking for virtual path format
configure:2081: result: VPATH
configure:2130: checking for a BSD-compatible install
configure:2198: result: /usr/bin/install -c
configure:2218: checking whether install works
configure:2226: result: yes
configure:2269: checking if CLASSPATH is set
configure:2294: result: no, good to go
configure:2306: checking build system type
configure:2324: result: x86_64-unknown-linux-gnu
configure:2346: checking host system type
configure:2361: result: x86_64-unknown-linux-gnu
configure:2643: checking for java in user's PATH
configure:2645: result: found /usr/bin/java
configure:2652: checking if /usr/bin/java runs simple java class
configure:2670: /usr/bin/java  simple 1>&5
configure:2673: $? = 0
configure:2681: result: yes
configure:2689: checking if /usr/bin/java runs simple jar file
configure:2706: /usr/bin/java  -jar simple.jar 1>&5
configure:2709: $? = 0
configure:2717: result: yes
configure:2725: checking if /usr/bin/java runs non-GUI tool
configure:2742: /usr/bin/java  -jar awt_color.jar 1>&5
blue =java.awt.Color[r=0,g=0,b=255]
configure:2745: $? = 0
configure:2787: result: yes
configure:2793: checking if /usr/bin/java runs simple Swing class
configure:2811: /usr/bin/java  simple_swing 1>&5
configure:2814: $? = 0
configure:2822: result: yes
configure:2831: checking if /usr/bin/java runs simple Swing jar file
configure:2848: /usr/bin/java  -jar simple_swing.jar 1>&5
configure:2851: $? = 0
configure:2859: result: yes
configure:3270: checking for Java version
configure:3287: result: openjdk full version "1.8.0_91-8u91-b14-3ubuntu1~16.04.1-b14", i.e. Java 2 SDK
configure:3315: checking for cygpath
configure:3334: result: no
configure:3471: checking for leftover Makefiles in subpackages 
configure:3486: result: none 
configure:3641: creating ./config.status

## ---------------------- ##
## Running config.status. ##
## ---------------------- ##

This file was extended by config.status, which was
generated by GNU Autoconf 2.63.  Invocation command line was

  CONFIG_FILES    = 
  CONFIG_HEADERS  = 
  CONFIG_LINKS    = 
  CONFIG_COMMANDS = 
  $ ./config.status 

on herbst-Lenovo-B40-80

config.status:664: creating Makefile
config.status:664: creating sbin/install-package
config.status:664: creating bin/slog2print
config.status:664: creating bin/slog2navigator
config.status:664: creating bin/slog2filter
config.status:664: creating bin/slog2updater
config.status:664: creating bin/logconvertor
config.status:664: creating bin/jumpshot
config.status:664: creating bin/clogprint
config.status:664: creating bin/clogTOslog2
config.status:664: creating bin/clog2print
config.status:664: creating bin/clog2TOslog2
configure:4686: === configuring in trace_rlog (/home/ariana/workspace/enisi/hpylori_compartments/deps/src/project_repast/INSTALLATION/mpich2-1.4.1p1/src/mpe2/src/slog2sdk/trace_rlog)
configure:4789: running /bin/bash ./configure --disable-option-checking '--prefix=/home/ariana/workspace/enisi/hpylori_compartments/deps/src/project_repast/ext//MPICH'  '--disable-f77' '--disable-fc' 'MPI_CC=/home/ariana/workspace/enisi/hpylori_compartments/deps/src/project_repast/INSTALLATION/mpich2-1.4.1p1/bin/mpicc' 'MPI_F77=/home/ariana/workspace/enisi/hpylori_compartments/deps/src/project_repast/INSTALLATION/mpich2-1.4.1p1/bin/mpif77' 'CC=gcc' 'CFLAGS=   -O2' 'LDFLAGS= ' 'LIBS=-lrt -lpthread  ' 'CPPFLAGS= -I/home/ariana/workspace/enisi/hpylori_compartments/deps/src/project_repast/INSTALLATION/mpich2-1.4.1p1/src/mpl/include -I/home/ariana/workspace/enisi/hpylori_compartments/deps/src/project_repast/INSTALLATION/mpich2-1.4.1p1/src/mpl/include -I/home/ariana/workspace/enisi/hpylori_compartments/deps/src/project_repast/INSTALLATION/mpich2-1.4.1p1/src/openpa/src -I/home/ariana/workspace/enisi/hpylori_compartments/deps/src/project_repast/INSTALLATION/mpich2-1.4.1p1/src/openpa/src -I/home/ariana/workspace/enisi/hpylori_compartments/deps/src/project_repast/INSTALLATION/mpich2-1.4.1p1/src/mpid/ch3/include -I/home/ariana/workspace/enisi/hpylori_compartments/deps/src/project_repast/INSTALLATION/mpich2-1.4.1p1/src/mpid/ch3/include -I/home/ariana/workspace/enisi/hpylori_compartments/deps/src/project_repast/INSTALLATION/mpich2-1.4.1p1/src/mpid/common/datatype -I/home/ariana/workspace/enisi/hpylori_compartments/deps/src/project_repast/INSTALLATION/mpich2-1.4.1p1/src/mpid/common/datatype -I/home/ariana/workspace/enisi/hpylori_compartments/deps/src/project_repast/INSTALLATION/mpich2-1.4.1p1/src/mpid/common/locks -I/home/ariana/workspace/enisi/hpylori_compartments/deps/src/project_repast/INSTALLATION/mpich2-1.4.1p1/src/mpid/common/locks -I/home/ariana/workspace/enisi/hpylori_compartments/deps/src/project_repast/INSTALLATION/mpich2-1.4.1p1/src/mpid/ch3/channels/nemesis/include -I/home/ariana/workspace/enisi/hpylori_compartments/deps/src/project_repast/INSTALLATION/mpich2-1.4.1p1/src/mpid/ch3/channels/nemesis/include -I/home/ariana/workspace/enisi/hpylori_compartments/deps/src/project_repast/INSTALLATION/mpich2-1.4.1p1/src/mpid/ch3/channels/nemesis/nemesis/include -I/home/ariana/workspace/enisi/hpylori_compartments/deps/src/project_repast/INSTALLATION/mpich2-1.4.1p1/src/mpid/ch3/channels/nemesis/nemesis/include -I/home/ariana/workspace/enisi/hpylori_compartments/deps/src/project_repast/INSTALLATION/mpich2-1.4.1p1/src/mpid/ch3/channels/nemesis/nemesis/utils/monitor -I/home/ariana/workspace/enisi/hpylori_compartments/deps/src/project_repast/INSTALLATION/mpich2-1.4.1p1/src/mpid/ch3/channels/nemesis/nemesis/utils/monitor -I/home/ariana/workspace/enisi/hpylori_compartments/deps/src/project_repast/INSTALLATION/mpich2-1.4.1p1/src/util/wrappers -I/home/ariana/workspace/enisi/hpylori_compartments/deps/src/project_repast/INSTALLATION/mpich2-1.4.1p1/src/util/wrappers' 'FFLAGS= ' --cache-file=/dev/null --srcdir=.
configure:4851: result: SLOG2SDK:  "trace_rlog" have been configured

## ---------------- ##
## Cache variables. ##
## ---------------- ##

ac_cv_build=x86_64-unknown-linux-gnu
ac_cv_env_build_alias_set=
ac_cv_env_build_alias_value=
ac_cv_env_host_alias_set=
ac_cv_env_host_alias_value=
ac_cv_env_target_alias_set=
ac_cv_env_target_alias_value=
ac_cv_host=x86_64-unknown-linux-gnu
ac_cv_path_install='/usr/bin/install -c'

## ----------------- ##
## Output variables. ##
## ----------------- ##

DEFS='-DPACKAGE_NAME=\"\" -DPACKAGE_TARNAME=\"\" -DPACKAGE_VERSION=\"\" -DPACKAGE_STRING=\"\" -DPACKAGE_BUGREPORT=\"\"'
ECHO_C=''
ECHO_N='-n'
ECHO_T=''
EXEFILES='slog2print slog2navigator slog2filter slog2updater logconvertor jumpshot clogprint clogTOslog2 clog2print clog2TOslog2 '
INSTALL_DATA='${INSTALL} -m 644'
INSTALL_PROGRAM='${INSTALL}'
INSTALL_SCRIPT='${INSTALL}'
JPATH_FINAL=''
JPATH_START=''
JVM='/usr/bin/java'
JVMFLAGS=''
LIBOBJS=''
LIBS='-lrt -lpthread  '
LTLIBOBJS=''
MAKE='make --no-print-directory'
NONGUI_JVMFLAGS=''
PACKAGE_BUGREPORT=''
PACKAGE_NAME=''
PACKAGE_STRING=''
PACKAGE_TARNAME=''
PACKAGE_VERSION=''
PATH_SEPARATOR=':'
RM='rm -f'
SHELL='/bin/bash'
TRACE_LIBDIR=''
VPATH='VPATH=.:$(srcdir)'
binbuild_dir='/home/ariana/workspace/enisi/hpylori_compartments/deps/src/project_repast/INSTALLATION/mpich2-1.4.1p1/src/mpe2/src/slog2sdk/bin'
bindir='${exec_prefix}/bin'
build='x86_64-unknown-linux-gnu'
build_alias=''
build_cpu='x86_64'
build_os='linux-gnu'
build_vendor='unknown'
datadir='${datarootdir}'
datarootdir='${prefix}/share'
docbuild_dir='/home/ariana/workspace/enisi/hpylori_compartments/deps/src/project_repast/INSTALLATION/mpich2-1.4.1p1/src/mpe2/src/slog2sdk/doc'
docdir='${datarootdir}/doc/${PACKAGE}'
dvidir='${docdir}'
etcbuild_dir='/home/ariana/workspace/enisi/hpylori_compartments/deps/src/project_repast/INSTALLATION/mpich2-1.4.1p1/src/mpe2/src/slog2sdk/etc'
exec_prefix='${prefix}'
host='x86_64-unknown-linux-gnu'
host_alias=''
host_cpu='x86_64'
host_os='linux-gnu'
host_vendor='unknown'
htmldir='${docdir}'
includedir='${prefix}/include'
infodir='${datarootdir}/info'
libbuild_dir='/home/ariana/workspace/enisi/hpylori_compartments/deps/src/project_repast/INSTALLATION/mpich2-1.4.1p1/src/mpe2/src/slog2sdk/lib'
libdir='${exec_prefix}/lib'
libexecdir='${exec_prefix}/libexec'
localedir='${datarootdir}/locale'
localstatedir='${prefix}/var'
mandir='${datarootdir}/man'
oldincludedir='/usr/include'
pdfdir='${docdir}'
prefix='/home/ariana/workspace/enisi/hpylori_compartments/deps/src/project_repast/ext//MPICH'
program_transform_name='s,x,x,'
psdir='${docdir}'
sbinbuild_dir='/home/ariana/workspace/enisi/hpylori_compartments/deps/src/project_repast/INSTALLATION/mpich2-1.4.1p1/src/mpe2/src/slog2sdk/sbin'
sbindir='${exec_prefix}/sbin'
sharebuild_dir='/home/ariana/workspace/enisi/hpylori_compartments/deps/src/project_repast/INSTALLATION/mpich2-1.4.1p1/src/mpe2/src/slog2sdk/share'
sharedstatedir='${prefix}/com'
subdirs=' trace_rlog'
sysconfdir='${prefix}/etc'
target_alias=''
top_srcdir_abs='/home/ariana/workspace/enisi/hpylori_compartments/deps/src/project_repast/INSTALLATION/mpich2-1.4.1p1/src/mpe2/src/slog2sdk'

## ----------- ##
## confdefs.h. ##
## ----------- ##

#define PACKAGE_NAME ""
#define PACKAGE_TARNAME ""
#define PACKAGE_VERSION ""
#define PACKAGE_STRING ""
#define PACKAGE_BUGREPORT ""

configure: exit 0
