This file contains any messages produced by compilers while
running configure, to aid debugging if configure makes a mistake.

It was created by netCDF configure 4.2.1.1, which was
generated by GNU Autoconf 2.68.  Invocation command line was

  $ ./configure --disable-netcdf-4 --prefix=/home/ariana/workspace/enisi/hpylori_compartments/deps/src/project_repast/ext//NetCDF

## --------- ##
## Platform. ##
## --------- ##

hostname = herbst-Lenovo-B40-80
uname -m = x86_64
uname -r = 4.4.0-36-generic
uname -s = Linux
uname -v = #55-Ubuntu SMP Thu Aug 11 18:01:55 UTC 2016

/usr/bin/uname -p = unknown
/bin/uname -X     = unknown

/bin/arch              = unknown
/usr/bin/arch -k       = unknown
/usr/convex/getsysinfo = unknown
/usr/bin/hostinfo      = unknown
/bin/machine           = unknown
/usr/bin/oslevel       = unknown
/bin/universe          = unknown

PATH: /usr/local/sbin
PATH: /usr/local/bin
PATH: /usr/sbin
PATH: /usr/bin
PATH: /sbin
PATH: /bin
PATH: /usr/games
PATH: /usr/local/games
PATH: /snap/bin


## ----------- ##
## Core tests. ##
## ----------- ##

configure:2730: netCDF 4.2.1.1
configure:2770: checking build system type
configure:2784: result: x86_64-unknown-linux-gnu
configure:2804: checking host system type
configure:2817: result: x86_64-unknown-linux-gnu
configure:2839: checking target system type
configure:2852: result: x86_64-unknown-linux-gnu
configure:2899: checking for a BSD-compatible install
configure:2967: result: /usr/bin/install -c
configure:2978: checking whether build environment is sane
configure:3028: result: yes
configure:3169: checking for a thread-safe mkdir -p
configure:3208: result: /bin/mkdir -p
configure:3221: checking for gawk
configure:3251: result: no
configure:3221: checking for mawk
configure:3237: found /usr/bin/mawk
configure:3248: result: mawk
configure:3259: checking whether make sets $(MAKE)
configure:3281: result: yes
configure:3365: checking user options
configure:3370: checking whether a win32 DLL is desired
configure:3378: result: no
configure:3398: checking whether a NCIO_MINBLOCKSIZE was specified
configure:3408: result: 256
configure:3440: checking if fsync support is enabled
configure:3448: result: yes
configure:3457: checking whether extra valgrind tests should be run
configure:3465: result: no
configure:3469: checking whether we should try to build netCDF-4
configure:3477: result: no
configure:3492: checking whether reading of HDF4 SD files is to be enabled
configure:3500: result: no
configure:3504: checking whether to fetch some sample HDF4 files from Unidata ftp site to test HDF4 reading (requires wget)
configure:3517: result: no
configure:3521: checking whether parallel I/O for classic and 64-bit offset files using parallel-netcdf is to be enabled
configure:3529: result: no
configure:3533: checking whether extra example tests should be run
configure:3541: result: no
configure:3545: checking whether parallel IO tests should be run
configure:3553: result: no
configure:3557: checking whether a default chunk size in bytes was specified
configure:3567: result: 4194304
configure:3576: checking whether a maximum per-variable cache size for HDF5 was specified
configure:3586: result: 67108864
configure:3595: checking whether a number of chunks for the default per-variable cache was specified
configure:3605: result: 10
configure:3614: checking whether a default file cache size for HDF5 was specified
configure:3624: result: 4194304
configure:3633: checking whether a default file cache maximum number of elements for HDF5 was specified
configure:3643: result: 1009
configure:3652: checking whether a default cache preemption for HDF5 was specified
configure:3662: result: 0.75
configure:3671: checking whether netCDF-4 logging is enabled
configure:3679: result: no
configure:3683: checking whether cdmremote client is to be built
configure:3693: result: no
configure:3697: checking whether DAP client is to be built
configure:3705: result: yes
configure:3742: checking for style of include used by make
configure:3770: result: GNU
configure:3840: checking for gcc
configure:3856: found /usr/bin/gcc
configure:3867: result: gcc
configure:4096: checking for C compiler version
configure:4105: gcc --version >&5
gcc (Ubuntu 5.4.0-6ubuntu1~16.04.2) 5.4.0 20160609
Copyright (C) 2015 Free Software Foundation, Inc.
This is free software; see the source for copying conditions.  There is NO
warranty; not even for MERCHANTABILITY or FITNESS FOR A PARTICULAR PURPOSE.

configure:4116: $? = 0
configure:4105: gcc -v >&5
Using built-in specs.
COLLECT_GCC=gcc
COLLECT_LTO_WRAPPER=/usr/lib/gcc/x86_64-linux-gnu/5/lto-wrapper
Target: x86_64-linux-gnu
Configured with: ../src/configure -v --with-pkgversion='Ubuntu 5.4.0-6ubuntu1~16.04.2' --with-bugurl=file:///usr/share/doc/gcc-5/README.Bugs --enable-languages=c,ada,c++,java,go,d,fortran,objc,obj-c++ --prefix=/usr --program-suffix=-5 --enable-shared --enable-linker-build-id --libexecdir=/usr/lib --without-included-gettext --enable-threads=posix --libdir=/usr/lib --enable-nls --with-sysroot=/ --enable-clocale=gnu --enable-libstdcxx-debug --enable-libstdcxx-time=yes --with-default-libstdcxx-abi=new --enable-gnu-unique-object --disable-vtable-verify --enable-libmpx --enable-plugin --with-system-zlib --disable-browser-plugin --enable-java-awt=gtk --enable-gtk-cairo --with-java-home=/usr/lib/jvm/java-1.5.0-gcj-5-amd64/jre --enable-java-home --with-jvm-root-dir=/usr/lib/jvm/java-1.5.0-gcj-5-amd64 --with-jvm-jar-dir=/usr/lib/jvm-exports/java-1.5.0-gcj-5-amd64 --with-arch-directory=amd64 --with-ecj-jar=/usr/share/java/eclipse-ecj.jar --enable-objc-gc --enable-multiarch --disable-werror --with-arch-32=i686 --with-abi=m64 --with-multilib-list=m32,m64,mx32 --enable-multilib --with-tune=generic --enable-checking=release --build=x86_64-linux-gnu --host=x86_64-linux-gnu --target=x86_64-linux-gnu
Thread model: posix
gcc version 5.4.0 20160609 (Ubuntu 5.4.0-6ubuntu1~16.04.2) 
configure:4116: $? = 0
configure:4105: gcc -V >&5
gcc: error: unrecognized command line option '-V'
gcc: fatal error: no input files
compilation terminated.
configure:4116: $? = 1
configure:4105: gcc -qversion >&5
gcc: error: unrecognized command line option '-qversion'
gcc: fatal error: no input files
compilation terminated.
configure:4116: $? = 1
configure:4136: checking whether the C compiler works
configure:4158: gcc    conftest.c  >&5
configure:4162: $? = 0
configure:4210: result: yes
configure:4213: checking for C compiler default output file name
configure:4215: result: a.out
configure:4221: checking for suffix of executables
configure:4228: gcc -o conftest    conftest.c  >&5
configure:4232: $? = 0
configure:4254: result: 
configure:4276: checking whether we are cross compiling
configure:4284: gcc -o conftest    conftest.c  >&5
configure:4288: $? = 0
configure:4295: ./conftest
configure:4299: $? = 0
configure:4314: result: no
configure:4319: checking for suffix of object files
configure:4341: gcc -c   conftest.c >&5
configure:4345: $? = 0
configure:4366: result: o
configure:4370: checking whether we are using the GNU C compiler
configure:4389: gcc -c   conftest.c >&5
configure:4389: $? = 0
configure:4398: result: yes
configure:4407: checking whether gcc accepts -g
configure:4427: gcc -c -g  conftest.c >&5
configure:4427: $? = 0
configure:4468: result: yes
configure:4485: checking for gcc option to accept ISO C89
configure:4549: gcc  -c -g -O2  conftest.c >&5
configure:4549: $? = 0
configure:4562: result: none needed
configure:4584: checking dependency style of gcc
configure:4694: result: gcc3
configure:4710: checking for curl_easy_setopt in -lcurl
configure:4735: gcc -o conftest -g -O2   conftest.c -lcurl   >&5
/usr/bin/ld: cannot find -lcurl
collect2: error: ld returned 1 exit status
configure:4735: $? = 1
configure: failed program was:
| /* confdefs.h */
| #define PACKAGE_NAME "netCDF"
| #define PACKAGE_TARNAME "netcdf"
| #define PACKAGE_VERSION "4.2.1.1"
| #define PACKAGE_STRING "netCDF 4.2.1.1"
| #define PACKAGE_BUGREPORT "support-netcdf@unidata.ucar.edu"
| #define PACKAGE_URL ""
| #define PACKAGE "netcdf"
| #define VERSION "4.2.1.1"
| #define NCIO_MINBLOCKSIZE 256
| #define USE_FSYNC 1
| #define DEFAULT_CHUNK_SIZE 4194304
| #define MAX_DEFAULT_CACHE_SIZE 67108864
| #define DEFAULT_CHUNKS_IN_CACHE 10
| #define CHUNK_CACHE_SIZE 4194304
| #define CHUNK_CACHE_NELEMS 1009
| #define CHUNK_CACHE_PREEMPTION 0.75
| /* end confdefs.h.  */
| 
| /* Override any GCC internal prototype to avoid an error.
|    Use char because int might match the return type of a GCC
|    builtin and then its argument prototype would still apply.  */
| #ifdef __cplusplus
| extern "C"
| #endif
| char curl_easy_setopt ();
| int
| main ()
| {
| return curl_easy_setopt ();
|   ;
|   return 0;
| }
configure:4744: result: no
configure:4760: libcurl not found; disabling remote protocol(s) support
configure:4828: checking whether dap remote testing should be enabled (default on)
configure:4839: result: no
configure:4843: checking whether netcdf4 group names should be enabled (default on)
configure:4852: dap groups disabled because dap disabled or netcdf-4 disabled
configure:4856: result: no
configure:4892: checking whether the time-consuming dap tests should be enabled (default off)
configure:4903: result: no
configure:4916: checking whether netCDF extra tests should be run (developers only)
configure:4924: result: no
configure:4941: checking whether FFIO will be used
configure:4949: result: no
configure:4975: checking whether examples should be built
configure:4983: result: yes
configure:4995: checking whether v2 netCDF API should be built
configure:5003: result: yes
configure:5022: checking whether the ncgen/ncdump/nccopy should be built
configure:5031: result: yes
configure:5043: checking whether test should be built and run
configure:5052: result: yes
configure:5064: checking whether large file (> 2GB) tests should be run
configure:5072: result: no
configure:5089: checking whether benchmaks should be run (experimental)
configure:5097: result: no
configure:5109: checking whether extreme numbers should be used in tests
configure:5124: result: yes
configure:5136: checking where to put large temp files if large file tests are run
configure:5145: result: .
configure:5160: finding C compiler
configure:5211: checking for gcc
configure:5238: result: gcc
configure:5467: checking for C compiler version
configure:5476: gcc --version >&5
gcc (Ubuntu 5.4.0-6ubuntu1~16.04.2) 5.4.0 20160609
Copyright (C) 2015 Free Software Foundation, Inc.
This is free software; see the source for copying conditions.  There is NO
warranty; not even for MERCHANTABILITY or FITNESS FOR A PARTICULAR PURPOSE.

configure:5487: $? = 0
configure:5476: gcc -v >&5
Using built-in specs.
COLLECT_GCC=gcc
COLLECT_LTO_WRAPPER=/usr/lib/gcc/x86_64-linux-gnu/5/lto-wrapper
Target: x86_64-linux-gnu
Configured with: ../src/configure -v --with-pkgversion='Ubuntu 5.4.0-6ubuntu1~16.04.2' --with-bugurl=file:///usr/share/doc/gcc-5/README.Bugs --enable-languages=c,ada,c++,java,go,d,fortran,objc,obj-c++ --prefix=/usr --program-suffix=-5 --enable-shared --enable-linker-build-id --libexecdir=/usr/lib --without-included-gettext --enable-threads=posix --libdir=/usr/lib --enable-nls --with-sysroot=/ --enable-clocale=gnu --enable-libstdcxx-debug --enable-libstdcxx-time=yes --with-default-libstdcxx-abi=new --enable-gnu-unique-object --disable-vtable-verify --enable-libmpx --enable-plugin --with-system-zlib --disable-browser-plugin --enable-java-awt=gtk --enable-gtk-cairo --with-java-home=/usr/lib/jvm/java-1.5.0-gcj-5-amd64/jre --enable-java-home --with-jvm-root-dir=/usr/lib/jvm/java-1.5.0-gcj-5-amd64 --with-jvm-jar-dir=/usr/lib/jvm-exports/java-1.5.0-gcj-5-amd64 --with-arch-directory=amd64 --with-ecj-jar=/usr/share/java/eclipse-ecj.jar --enable-objc-gc --enable-multiarch --disable-werror --with-arch-32=i686 --with-abi=m64 --with-multilib-list=m32,m64,mx32 --enable-multilib --with-tune=generic --enable-checking=release --build=x86_64-linux-gnu --host=x86_64-linux-gnu --target=x86_64-linux-gnu
Thread model: posix
gcc version 5.4.0 20160609 (Ubuntu 5.4.0-6ubuntu1~16.04.2) 
configure:5487: $? = 0
configure:5476: gcc -V >&5
gcc: error: unrecognized command line option '-V'
gcc: fatal error: no input files
compilation terminated.
configure:5487: $? = 1
configure:5476: gcc -qversion >&5
gcc: error: unrecognized command line option '-qversion'
gcc: fatal error: no input files
compilation terminated.
configure:5487: $? = 1
configure:5491: checking whether we are using the GNU C compiler
configure:5519: result: yes
configure:5528: checking whether gcc accepts -g
configure:5589: result: yes
configure:5606: checking for gcc option to accept ISO C89
configure:5683: result: none needed
configure:5705: checking dependency style of gcc
configure:5815: result: gcc3
configure:5831: checking whether gcc and cc understand -c and -o together
configure:5862: gcc -c conftest.c -o conftest2.o >&5
configure:5866: $? = 0
configure:5872: gcc -c conftest.c -o conftest2.o >&5
configure:5876: $? = 0
configure:5887: cc -c conftest.c >&5
configure:5891: $? = 0
configure:5899: cc -c conftest.c -o conftest2.o >&5
configure:5903: $? = 0
configure:5909: cc -c conftest.c -o conftest2.o >&5
configure:5913: $? = 0
configure:5931: result: yes
configure:5956: checking for an ANSI C-conforming const
configure:6021: gcc -c -g -O2  conftest.c >&5
configure:6021: $? = 0
configure:6028: result: yes
configure:6053: gcc -c   conftest.c >&5
conftest.c:21:23: fatal error: curl/curl.h: No such file or directory
compilation terminated.
configure:6053: $? = 1
configure: failed program was:
| /* confdefs.h */
| #define PACKAGE_NAME "netCDF"
| #define PACKAGE_TARNAME "netcdf"
| #define PACKAGE_VERSION "4.2.1.1"
| #define PACKAGE_STRING "netCDF 4.2.1.1"
| #define PACKAGE_BUGREPORT "support-netcdf@unidata.ucar.edu"
| #define PACKAGE_URL ""
| #define PACKAGE "netcdf"
| #define VERSION "4.2.1.1"
| #define NCIO_MINBLOCKSIZE 256
| #define USE_FSYNC 1
| #define DEFAULT_CHUNK_SIZE 4194304
| #define MAX_DEFAULT_CACHE_SIZE 67108864
| #define DEFAULT_CHUNKS_IN_CACHE 10
| #define CHUNK_CACHE_SIZE 4194304
| #define CHUNK_CACHE_NELEMS 1009
| #define CHUNK_CACHE_PREEMPTION 0.75
| #define USE_EXTREME_NUMBERS 1
| #define TEMP_LARGE "."
| /* end confdefs.h.  */
| #include "curl/curl.h"
| int
| main ()
| {
| int x = CURLOPT_KEYPASSWD;
|   ;
|   return 0;
| }
configure:6059: checking whether a CURLOPT_KEYPASSWD is defined
configure:6061: result: no
configure:6071: setting up libtool
configure:6120: checking how to print strings
configure:6147: result: printf
configure:6168: checking for a sed that does not truncate output
configure:6232: result: /bin/sed
configure:6250: checking for grep that handles long lines and -e
configure:6308: result: /bin/grep
configure:6313: checking for egrep
configure:6375: result: /bin/grep -E
configure:6380: checking for fgrep
configure:6442: result: /bin/grep -F
configure:6477: checking for ld used by gcc
configure:6544: result: /usr/bin/ld
configure:6551: checking if the linker (/usr/bin/ld) is GNU ld
configure:6566: result: yes
configure:6578: checking for BSD- or MS-compatible name lister (nm)
configure:6627: result: /usr/bin/nm -B
configure:6757: checking the name lister (/usr/bin/nm -B) interface
configure:6764: gcc -c -g -O2  conftest.c >&5
configure:6767: /usr/bin/nm -B "conftest.o"
configure:6770: output
0000000000000000 B some_variable
configure:6777: result: BSD nm
configure:6780: checking whether ln -s works
configure:6784: result: yes
configure:6792: checking the maximum length of command line arguments
configure:6917: result: 1572864
configure:6934: checking whether the shell understands some XSI constructs
configure:6944: result: yes
configure:6948: checking whether the shell understands "+="
configure:6954: result: yes
configure:6989: checking how to convert x86_64-unknown-linux-gnu file names to x86_64-unknown-linux-gnu format
configure:7029: result: func_convert_file_noop
configure:7036: checking how to convert x86_64-unknown-linux-gnu file names to toolchain format
configure:7056: result: func_convert_file_noop
configure:7063: checking for /usr/bin/ld option to reload object files
configure:7070: result: -r
configure:7144: checking for objdump
configure:7160: found /usr/bin/objdump
configure:7171: result: objdump
configure:7200: checking how to recognize dependent libraries
configure:7402: result: pass_all
configure:7487: checking for dlltool
configure:7517: result: no
configure:7544: checking how to associate runtime and link libraries
configure:7571: result: printf %s\n
configure:7631: checking for ar
configure:7647: found /usr/bin/ar
configure:7658: result: ar
configure:7695: checking for archiver @FILE support
configure:7712: gcc -c -g -O2  conftest.c >&5
configure:7712: $? = 0
configure:7715: ar cru libconftest.a @conftest.lst >&5
ar: `u' modifier ignored since `D' is the default (see `U')
configure:7718: $? = 0
configure:7723: ar cru libconftest.a @conftest.lst >&5
ar: `u' modifier ignored since `D' is the default (see `U')
ar: conftest.o: No such file or directory
configure:7726: $? = 1
configure:7738: result: @
configure:7796: checking for strip
configure:7812: found /usr/bin/strip
configure:7823: result: strip
configure:7895: checking for ranlib
configure:7911: found /usr/bin/ranlib
configure:7922: result: ranlib
configure:8024: checking command to parse /usr/bin/nm -B output from gcc object
configure:8143: gcc -c -g -O2  conftest.c >&5
configure:8146: $? = 0
configure:8150: /usr/bin/nm -B conftest.o \| sed -n -e 's/^.*[ ]\([ABCDGIRSTW][ABCDGIRSTW]*\)[ ][ ]*\([_A-Za-z][_A-Za-z0-9]*\)$/\1 \2 \2/p' | sed '/ __gnu_lto/d' \> conftest.nm
configure:8153: $? = 0
configure:8219: gcc -o conftest -g -O2   conftest.c conftstm.o >&5
configure:8222: $? = 0
configure:8260: result: ok
configure:8297: checking for sysroot
configure:8327: result: no
configure:8404: gcc -c -g -O2  conftest.c >&5
configure:8407: $? = 0
configure:8570: checking for mt
configure:8586: found /bin/mt
configure:8597: result: mt
configure:8620: checking if mt is a manifest tool
configure:8626: mt '-?'
configure:8634: result: no
configure:9266: checking how to run the C preprocessor
configure:9297: gcc -E  conftest.c
configure:9297: $? = 0
configure:9311: gcc -E  conftest.c
conftest.c:21:28: fatal error: ac_nonexistent.h: No such file or directory
compilation terminated.
configure:9311: $? = 1
configure: failed program was:
| /* confdefs.h */
| #define PACKAGE_NAME "netCDF"
| #define PACKAGE_TARNAME "netcdf"
| #define PACKAGE_VERSION "4.2.1.1"
| #define PACKAGE_STRING "netCDF 4.2.1.1"
| #define PACKAGE_BUGREPORT "support-netcdf@unidata.ucar.edu"
| #define PACKAGE_URL ""
| #define PACKAGE "netcdf"
| #define VERSION "4.2.1.1"
| #define NCIO_MINBLOCKSIZE 256
| #define USE_FSYNC 1
| #define DEFAULT_CHUNK_SIZE 4194304
| #define MAX_DEFAULT_CACHE_SIZE 67108864
| #define DEFAULT_CHUNKS_IN_CACHE 10
| #define CHUNK_CACHE_SIZE 4194304
| #define CHUNK_CACHE_NELEMS 1009
| #define CHUNK_CACHE_PREEMPTION 0.75
| #define USE_EXTREME_NUMBERS 1
| #define TEMP_LARGE "."
| /* end confdefs.h.  */
| #include <ac_nonexistent.h>
configure:9336: result: gcc -E
configure:9356: gcc -E  conftest.c
configure:9356: $? = 0
configure:9370: gcc -E  conftest.c
conftest.c:21:28: fatal error: ac_nonexistent.h: No such file or directory
compilation terminated.
configure:9370: $? = 1
configure: failed program was:
| /* confdefs.h */
| #define PACKAGE_NAME "netCDF"
| #define PACKAGE_TARNAME "netcdf"
| #define PACKAGE_VERSION "4.2.1.1"
| #define PACKAGE_STRING "netCDF 4.2.1.1"
| #define PACKAGE_BUGREPORT "support-netcdf@unidata.ucar.edu"
| #define PACKAGE_URL ""
| #define PACKAGE "netcdf"
| #define VERSION "4.2.1.1"
| #define NCIO_MINBLOCKSIZE 256
| #define USE_FSYNC 1
| #define DEFAULT_CHUNK_SIZE 4194304
| #define MAX_DEFAULT_CACHE_SIZE 67108864
| #define DEFAULT_CHUNKS_IN_CACHE 10
| #define CHUNK_CACHE_SIZE 4194304
| #define CHUNK_CACHE_NELEMS 1009
| #define CHUNK_CACHE_PREEMPTION 0.75
| #define USE_EXTREME_NUMBERS 1
| #define TEMP_LARGE "."
| /* end confdefs.h.  */
| #include <ac_nonexistent.h>
configure:9399: checking for ANSI C header files
configure:9419: gcc -c -g -O2  conftest.c >&5
configure:9419: $? = 0
configure:9492: gcc -o conftest -g -O2   conftest.c  >&5
configure:9492: $? = 0
configure:9492: ./conftest
configure:9492: $? = 0
configure:9503: result: yes
configure:9516: checking for sys/types.h
configure:9516: gcc -c -g -O2  conftest.c >&5
configure:9516: $? = 0
configure:9516: result: yes
configure:9516: checking for sys/stat.h
configure:9516: gcc -c -g -O2  conftest.c >&5
configure:9516: $? = 0
configure:9516: result: yes
configure:9516: checking for stdlib.h
configure:9516: gcc -c -g -O2  conftest.c >&5
configure:9516: $? = 0
configure:9516: result: yes
configure:9516: checking for string.h
configure:9516: gcc -c -g -O2  conftest.c >&5
configure:9516: $? = 0
configure:9516: result: yes
configure:9516: checking for memory.h
configure:9516: gcc -c -g -O2  conftest.c >&5
configure:9516: $? = 0
configure:9516: result: yes
configure:9516: checking for strings.h
configure:9516: gcc -c -g -O2  conftest.c >&5
configure:9516: $? = 0
configure:9516: result: yes
configure:9516: checking for inttypes.h
configure:9516: gcc -c -g -O2  conftest.c >&5
configure:9516: $? = 0
configure:9516: result: yes
configure:9516: checking for stdint.h
configure:9516: gcc -c -g -O2  conftest.c >&5
configure:9516: $? = 0
configure:9516: result: yes
configure:9516: checking for unistd.h
configure:9516: gcc -c -g -O2  conftest.c >&5
configure:9516: $? = 0
configure:9516: result: yes
configure:9530: checking for dlfcn.h
configure:9530: gcc -c -g -O2  conftest.c >&5
configure:9530: $? = 0
configure:9530: result: yes
configure:10015: checking for objdir
configure:10030: result: .libs
configure:10301: checking if gcc supports -fno-rtti -fno-exceptions
configure:10319: gcc -c -g -O2  -fno-rtti -fno-exceptions conftest.c >&5
cc1: warning: command line option '-fno-rtti' is valid for C++/ObjC++ but not for C
configure:10323: $? = 0
configure:10336: result: no
configure:10646: checking for gcc option to produce PIC
configure:10653: result: -fPIC -DPIC
configure:10661: checking if gcc PIC flag -fPIC -DPIC works
configure:10679: gcc -c -g -O2  -fPIC -DPIC -DPIC conftest.c >&5
configure:10683: $? = 0
configure:10696: result: yes
configure:10725: checking if gcc static flag -static works
configure:10753: result: yes
configure:10768: checking if gcc supports -c -o file.o
configure:10789: gcc -c -g -O2  -o out/conftest2.o conftest.c >&5
configure:10793: $? = 0
configure:10815: result: yes
configure:10823: checking if gcc supports -c -o file.o
configure:10870: result: yes
configure:10903: checking whether the gcc linker (/usr/bin/ld -m elf_x86_64) supports shared libraries
configure:12061: result: yes
configure:12098: checking whether -lc should be explicitly linked in
configure:12106: gcc -c -g -O2  conftest.c >&5
configure:12109: $? = 0
configure:12124: gcc -shared  -fPIC -DPIC conftest.o  -v -Wl,-soname -Wl,conftest -o conftest 2\>\&1 \| /bin/grep  -lc  \>/dev/null 2\>\&1
configure:12127: $? = 0
configure:12141: result: no
configure:12306: checking dynamic linker characteristics
configure:12820: gcc -o conftest -g -O2   -Wl,-rpath -Wl,/foo conftest.c  >&5
configure:12820: $? = 0
configure:13042: result: GNU/Linux ld.so
configure:13149: checking how to hardcode library paths into programs
configure:13174: result: immediate
configure:13714: checking whether stripping libraries is possible
configure:13719: result: yes
configure:13754: checking if libtool supports shared libraries
configure:13756: result: yes
configure:13759: checking whether to build shared libraries
configure:13780: result: yes
configure:13783: checking whether to build static libraries
configure:13787: result: yes
configure:13831: finding other utilities
configure:13839: checking for doxygen
configure:13869: result: no
configure:13878: WARNING: Doxygen not found - documentation will not be built
configure:13905: checking for special C compiler options needed for large files
configure:13950: result: no
configure:13956: checking for _FILE_OFFSET_BITS value needed for large files
configure:13981: gcc -c -g -O2  conftest.c >&5
configure:13981: $? = 0
configure:14013: result: no
configure:14097: displaying some results
configure:14103: checking CPPFLAGS
configure:14105: result: 
configure:14107: checking CC CFLAGS
configure:14109: result: gcc -g -O2
configure:14112: checking type gcc
configure:14114: result: gcc is /usr/bin/gcc
configure:14117: checking CXX
configure:14132: result: unset
configure:14136: checking FC
configure:14151: result: unset
configure:14155: checking F90
configure:14170: result: unset
configure:14174: checking AR
configure:14177: result: ar
configure:14179: checking AR_FLAGS
configure:14181: result: cru
configure:14184: checking type ar
configure:14186: result: ar is /usr/bin/ar
configure:14193: checking NM
configure:14196: result: /usr/bin/nm -B
configure:14198: checking NMFLAGS
configure:14200: result: 
configure:14215: checking types, headers, and functions
configure:14218: checking for stdlib.h
configure:14218: result: yes
configure:14228: checking for sys/types.h
configure:14228: result: yes
configure:14240: checking sys/param.h usability
configure:14240: gcc -c -g -O2  conftest.c >&5
configure:14240: $? = 0
configure:14240: result: yes
configure:14240: checking sys/param.h presence
configure:14240: gcc -E  conftest.c
configure:14240: $? = 0
configure:14240: result: yes
configure:14240: checking for sys/param.h
configure:14240: result: yes
configure:14254: checking for dirent.h that defines DIR
configure:14273: gcc -c -g -O2  conftest.c >&5
configure:14273: $? = 0
configure:14281: result: yes
configure:14294: checking for library containing opendir
configure:14325: gcc -o conftest -g -O2   conftest.c  >&5
configure:14325: $? = 0
configure:14342: result: none required
configure:14409: checking for ANSI C header files
configure:14513: result: yes
configure:14521: checking for sys/wait.h that is POSIX.1 compatible
configure:14547: gcc -c -g -O2  conftest.c >&5
configure:14547: $? = 0
configure:14554: result: yes
configure:14562: checking whether time.h and sys/time.h may both be included
configure:14582: gcc -c -g -O2  conftest.c >&5
configure:14582: $? = 0
configure:14589: result: yes
configure:14600: checking locale.h usability
configure:14600: gcc -c -g -O2  conftest.c >&5
configure:14600: $? = 0
configure:14600: result: yes
configure:14600: checking locale.h presence
configure:14600: gcc -E  conftest.c
configure:14600: $? = 0
configure:14600: result: yes
configure:14600: checking for locale.h
configure:14600: result: yes
configure:14600: checking stdio.h usability
configure:14600: gcc -c -g -O2  conftest.c >&5
configure:14600: $? = 0
configure:14600: result: yes
configure:14600: checking stdio.h presence
configure:14600: gcc -E  conftest.c
configure:14600: $? = 0
configure:14600: result: yes
configure:14600: checking for stdio.h
configure:14600: result: yes
configure:14600: checking stdarg.h usability
configure:14600: gcc -c -g -O2  conftest.c >&5
configure:14600: $? = 0
configure:14600: result: yes
configure:14600: checking stdarg.h presence
configure:14600: gcc -E  conftest.c
configure:14600: $? = 0
configure:14600: result: yes
configure:14600: checking for stdarg.h
configure:14600: result: yes
configure:14600: checking errno.h usability
configure:14600: gcc -c -g -O2  conftest.c >&5
configure:14600: $? = 0
configure:14600: result: yes
configure:14600: checking errno.h presence
configure:14600: gcc -E  conftest.c
configure:14600: $? = 0
configure:14600: result: yes
configure:14600: checking for errno.h
configure:14600: result: yes
configure:14600: checking ctype.h usability
configure:14600: gcc -c -g -O2  conftest.c >&5
configure:14600: $? = 0
configure:14600: result: yes
configure:14600: checking ctype.h presence
configure:14600: gcc -E  conftest.c
configure:14600: $? = 0
configure:14600: result: yes
configure:14600: checking for ctype.h
configure:14600: result: yes
configure:14600: checking fcntl.h usability
configure:14600: gcc -c -g -O2  conftest.c >&5
configure:14600: $? = 0
configure:14600: result: yes
configure:14600: checking fcntl.h presence
configure:14600: gcc -E  conftest.c
configure:14600: $? = 0
configure:14600: result: yes
configure:14600: checking for fcntl.h
configure:14600: result: yes
configure:14600: checking malloc.h usability
configure:14600: gcc -c -g -O2  conftest.c >&5
configure:14600: $? = 0
configure:14600: result: yes
configure:14600: checking malloc.h presence
configure:14600: gcc -E  conftest.c
configure:14600: $? = 0
configure:14600: result: yes
configure:14600: checking for malloc.h
configure:14600: result: yes
configure:14600: checking for stdlib.h
configure:14600: result: yes
configure:14600: checking for string.h
configure:14600: result: yes
configure:14600: checking for strings.h
configure:14600: result: yes
configure:14600: checking for unistd.h
configure:14600: result: yes
configure:14600: checking for sys/stat.h
configure:14600: result: yes
configure:14600: checking getopt.h usability
configure:14600: gcc -c -g -O2  conftest.c >&5
configure:14600: $? = 0
configure:14600: result: yes
configure:14600: checking getopt.h presence
configure:14600: gcc -E  conftest.c
configure:14600: $? = 0
configure:14600: result: yes
configure:14600: checking for getopt.h
configure:14600: result: yes
configure:14600: checking sys/time.h usability
configure:14600: gcc -c -g -O2  conftest.c >&5
configure:14600: $? = 0
configure:14600: result: yes
configure:14600: checking sys/time.h presence
configure:14600: gcc -E  conftest.c
configure:14600: $? = 0
configure:14600: result: yes
configure:14600: checking for sys/time.h
configure:14600: result: yes
configure:14612: checking for vprintf
configure:14612: gcc -o conftest -g -O2   conftest.c  >&5
conftest.c:75:6: warning: conflicting types for built-in function 'vprintf'
 char vprintf ();
      ^
configure:14612: $? = 0
configure:14612: result: yes
configure:14618: checking for _doprnt
configure:14618: gcc -o conftest -g -O2   conftest.c  >&5
/tmp/ccHncnuw.o: In function `main':
/home/ariana/workspace/enisi/hpylori_compartments/deps/src/project_repast/INSTALLATION/netcdf-4.2.1.1/conftest.c:87: undefined reference to `_doprnt'
collect2: error: ld returned 1 exit status
configure:14618: $? = 1
configure: failed program was:
| /* confdefs.h */
| #define PACKAGE_NAME "netCDF"
| #define PACKAGE_TARNAME "netcdf"
| #define PACKAGE_VERSION "4.2.1.1"
| #define PACKAGE_STRING "netCDF 4.2.1.1"
| #define PACKAGE_BUGREPORT "support-netcdf@unidata.ucar.edu"
| #define PACKAGE_URL ""
| #define PACKAGE "netcdf"
| #define VERSION "4.2.1.1"
| #define NCIO_MINBLOCKSIZE 256
| #define USE_FSYNC 1
| #define DEFAULT_CHUNK_SIZE 4194304
| #define MAX_DEFAULT_CACHE_SIZE 67108864
| #define DEFAULT_CHUNKS_IN_CACHE 10
| #define CHUNK_CACHE_SIZE 4194304
| #define CHUNK_CACHE_NELEMS 1009
| #define CHUNK_CACHE_PREEMPTION 0.75
| #define USE_EXTREME_NUMBERS 1
| #define TEMP_LARGE "."
| #define STDC_HEADERS 1
| #define HAVE_SYS_TYPES_H 1
| #define HAVE_SYS_STAT_H 1
| #define HAVE_STDLIB_H 1
| #define HAVE_STRING_H 1
| #define HAVE_MEMORY_H 1
| #define HAVE_STRINGS_H 1
| #define HAVE_INTTYPES_H 1
| #define HAVE_STDINT_H 1
| #define HAVE_UNISTD_H 1
| #define HAVE_DLFCN_H 1
| #define LT_OBJDIR ".libs/"
| #define HAVE_SYS_PARAM_H 1
| #define HAVE_DIRENT_H 1
| #define STDC_HEADERS 1
| #define HAVE_SYS_WAIT_H 1
| #define TIME_WITH_SYS_TIME 1
| #define HAVE_LOCALE_H 1
| #define HAVE_STDIO_H 1
| #define HAVE_STDARG_H 1
| #define HAVE_ERRNO_H 1
| #define HAVE_CTYPE_H 1
| #define HAVE_FCNTL_H 1
| #define HAVE_MALLOC_H 1
| #define HAVE_STDLIB_H 1
| #define HAVE_STRING_H 1
| #define HAVE_STRINGS_H 1
| #define HAVE_UNISTD_H 1
| #define HAVE_SYS_STAT_H 1
| #define HAVE_GETOPT_H 1
| #define HAVE_SYS_TIME_H 1
| #define HAVE_VPRINTF 1
| /* end confdefs.h.  */
| /* Define _doprnt to an innocuous variant, in case <limits.h> declares _doprnt.
|    For example, HP-UX 11i <limits.h> declares gettimeofday.  */
| #define _doprnt innocuous__doprnt
| 
| /* System header to define __stub macros and hopefully few prototypes,
|     which can conflict with char _doprnt (); below.
|     Prefer <limits.h> to <assert.h> if __STDC__ is defined, since
|     <limits.h> exists even on freestanding compilers.  */
| 
| #ifdef __STDC__
| # include <limits.h>
| #else
| # include <assert.h>
| #endif
| 
| #undef _doprnt
| 
| /* Override any GCC internal prototype to avoid an error.
|    Use char because int might match the return type of a GCC
|    builtin and then its argument prototype would still apply.  */
| #ifdef __cplusplus
| extern "C"
| #endif
| char _doprnt ();
| /* The GNU C library defines this for functions which it implements
|     to always fail with ENOSYS.  Some functions are actually named
|     something starting with __ and the normal name is an alias.  */
| #if defined __stub__doprnt || defined __stub____doprnt
| choke me
| #endif
| 
| int
| main ()
| {
| return _doprnt ();
|   ;
|   return 0;
| }
configure:14618: result: no
configure:14635: checking sys/resource.h usability
configure:14635: gcc -c -g -O2  conftest.c >&5
configure:14635: $? = 0
configure:14635: result: yes
configure:14635: checking sys/resource.h presence
configure:14635: gcc -E  conftest.c
configure:14635: $? = 0
configure:14635: result: yes
configure:14635: checking for sys/resource.h
configure:14635: result: yes
configure:14648: checking for stdbool.h that conforms to C99
configure:14715: gcc -c -g -O2  conftest.c >&5
configure:14715: $? = 0
configure:14722: result: yes
configure:14724: checking for _Bool
configure:14724: gcc -c -g -O2  conftest.c >&5
configure:14724: $? = 0
configure:14724: gcc -c -g -O2  conftest.c >&5
conftest.c: In function 'main':
conftest.c:90:20: error: expected expression before ')' token
 if (sizeof ((_Bool)))
                    ^
configure:14724: $? = 1
configure: failed program was:
| /* confdefs.h */
| #define PACKAGE_NAME "netCDF"
| #define PACKAGE_TARNAME "netcdf"
| #define PACKAGE_VERSION "4.2.1.1"
| #define PACKAGE_STRING "netCDF 4.2.1.1"
| #define PACKAGE_BUGREPORT "support-netcdf@unidata.ucar.edu"
| #define PACKAGE_URL ""
| #define PACKAGE "netcdf"
| #define VERSION "4.2.1.1"
| #define NCIO_MINBLOCKSIZE 256
| #define USE_FSYNC 1
| #define DEFAULT_CHUNK_SIZE 4194304
| #define MAX_DEFAULT_CACHE_SIZE 67108864
| #define DEFAULT_CHUNKS_IN_CACHE 10
| #define CHUNK_CACHE_SIZE 4194304
| #define CHUNK_CACHE_NELEMS 1009
| #define CHUNK_CACHE_PREEMPTION 0.75
| #define USE_EXTREME_NUMBERS 1
| #define TEMP_LARGE "."
| #define STDC_HEADERS 1
| #define HAVE_SYS_TYPES_H 1
| #define HAVE_SYS_STAT_H 1
| #define HAVE_STDLIB_H 1
| #define HAVE_STRING_H 1
| #define HAVE_MEMORY_H 1
| #define HAVE_STRINGS_H 1
| #define HAVE_INTTYPES_H 1
| #define HAVE_STDINT_H 1
| #define HAVE_UNISTD_H 1
| #define HAVE_DLFCN_H 1
| #define LT_OBJDIR ".libs/"
| #define HAVE_SYS_PARAM_H 1
| #define HAVE_DIRENT_H 1
| #define STDC_HEADERS 1
| #define HAVE_SYS_WAIT_H 1
| #define TIME_WITH_SYS_TIME 1
| #define HAVE_LOCALE_H 1
| #define HAVE_STDIO_H 1
| #define HAVE_STDARG_H 1
| #define HAVE_ERRNO_H 1
| #define HAVE_CTYPE_H 1
| #define HAVE_FCNTL_H 1
| #define HAVE_MALLOC_H 1
| #define HAVE_STDLIB_H 1
| #define HAVE_STRING_H 1
| #define HAVE_STRINGS_H 1
| #define HAVE_UNISTD_H 1
| #define HAVE_SYS_STAT_H 1
| #define HAVE_GETOPT_H 1
| #define HAVE_SYS_TIME_H 1
| #define HAVE_VPRINTF 1
| #define HAVE_SYS_RESOURCE_H 1
| /* end confdefs.h.  */
| #include <stdio.h>
| #ifdef HAVE_SYS_TYPES_H
| # include <sys/types.h>
| #endif
| #ifdef HAVE_SYS_STAT_H
| # include <sys/stat.h>
| #endif
| #ifdef STDC_HEADERS
| # include <stdlib.h>
| # include <stddef.h>
| #else
| # ifdef HAVE_STDLIB_H
| #  include <stdlib.h>
| # endif
| #endif
| #ifdef HAVE_STRING_H
| # if !defined STDC_HEADERS && defined HAVE_MEMORY_H
| #  include <memory.h>
| # endif
| # include <string.h>
| #endif
| #ifdef HAVE_STRINGS_H
| # include <strings.h>
| #endif
| #ifdef HAVE_INTTYPES_H
| # include <inttypes.h>
| #endif
| #ifdef HAVE_STDINT_H
| # include <stdint.h>
| #endif
| #ifdef HAVE_UNISTD_H
| # include <unistd.h>
| #endif
| int
| main ()
| {
| if (sizeof ((_Bool)))
| 	    return 0;
|   ;
|   return 0;
| }
configure:14724: result: yes
configure:14748: checking for strlcat
configure:14748: gcc -o conftest -g -O2   conftest.c  >&5
/tmp/ccGtnXTL.o: In function `main':
/home/ariana/workspace/enisi/hpylori_compartments/deps/src/project_repast/INSTALLATION/netcdf-4.2.1.1/conftest.c:90: undefined reference to `strlcat'
collect2: error: ld returned 1 exit status
configure:14748: $? = 1
configure: failed program was:
| /* confdefs.h */
| #define PACKAGE_NAME "netCDF"
| #define PACKAGE_TARNAME "netcdf"
| #define PACKAGE_VERSION "4.2.1.1"
| #define PACKAGE_STRING "netCDF 4.2.1.1"
| #define PACKAGE_BUGREPORT "support-netcdf@unidata.ucar.edu"
| #define PACKAGE_URL ""
| #define PACKAGE "netcdf"
| #define VERSION "4.2.1.1"
| #define NCIO_MINBLOCKSIZE 256
| #define USE_FSYNC 1
| #define DEFAULT_CHUNK_SIZE 4194304
| #define MAX_DEFAULT_CACHE_SIZE 67108864
| #define DEFAULT_CHUNKS_IN_CACHE 10
| #define CHUNK_CACHE_SIZE 4194304
| #define CHUNK_CACHE_NELEMS 1009
| #define CHUNK_CACHE_PREEMPTION 0.75
| #define USE_EXTREME_NUMBERS 1
| #define TEMP_LARGE "."
| #define STDC_HEADERS 1
| #define HAVE_SYS_TYPES_H 1
| #define HAVE_SYS_STAT_H 1
| #define HAVE_STDLIB_H 1
| #define HAVE_STRING_H 1
| #define HAVE_MEMORY_H 1
| #define HAVE_STRINGS_H 1
| #define HAVE_INTTYPES_H 1
| #define HAVE_STDINT_H 1
| #define HAVE_UNISTD_H 1
| #define HAVE_DLFCN_H 1
| #define LT_OBJDIR ".libs/"
| #define HAVE_SYS_PARAM_H 1
| #define HAVE_DIRENT_H 1
| #define STDC_HEADERS 1
| #define HAVE_SYS_WAIT_H 1
| #define TIME_WITH_SYS_TIME 1
| #define HAVE_LOCALE_H 1
| #define HAVE_STDIO_H 1
| #define HAVE_STDARG_H 1
| #define HAVE_ERRNO_H 1
| #define HAVE_CTYPE_H 1
| #define HAVE_FCNTL_H 1
| #define HAVE_MALLOC_H 1
| #define HAVE_STDLIB_H 1
| #define HAVE_STRING_H 1
| #define HAVE_STRINGS_H 1
| #define HAVE_UNISTD_H 1
| #define HAVE_SYS_STAT_H 1
| #define HAVE_GETOPT_H 1
| #define HAVE_SYS_TIME_H 1
| #define HAVE_VPRINTF 1
| #define HAVE_SYS_RESOURCE_H 1
| #define HAVE__BOOL 1
| #define HAVE_STDBOOL_H 1
| /* end confdefs.h.  */
| /* Define strlcat to an innocuous variant, in case <limits.h> declares strlcat.
|    For example, HP-UX 11i <limits.h> declares gettimeofday.  */
| #define strlcat innocuous_strlcat
| 
| /* System header to define __stub macros and hopefully few prototypes,
|     which can conflict with char strlcat (); below.
|     Prefer <limits.h> to <assert.h> if __STDC__ is defined, since
|     <limits.h> exists even on freestanding compilers.  */
| 
| #ifdef __STDC__
| # include <limits.h>
| #else
| # include <assert.h>
| #endif
| 
| #undef strlcat
| 
| /* Override any GCC internal prototype to avoid an error.
|    Use char because int might match the return type of a GCC
|    builtin and then its argument prototype would still apply.  */
| #ifdef __cplusplus
| extern "C"
| #endif
| char strlcat ();
| /* The GNU C library defines this for functions which it implements
|     to always fail with ENOSYS.  Some functions are actually named
|     something starting with __ and the normal name is an alias.  */
| #if defined __stub_strlcat || defined __stub___strlcat
| choke me
| #endif
| 
| int
| main ()
| {
| return strlcat ();
|   ;
|   return 0;
| }
configure:14748: result: no
configure:14748: checking for strerror
configure:14748: gcc -o conftest -g -O2   conftest.c  >&5
configure:14748: $? = 0
configure:14748: result: yes
configure:14748: checking for snprintf
configure:14748: gcc -o conftest -g -O2   conftest.c  >&5
conftest.c:80:6: warning: conflicting types for built-in function 'snprintf'
 char snprintf ();
      ^
configure:14748: $? = 0
configure:14748: result: yes
configure:14748: checking for strchr
configure:14748: gcc -o conftest -g -O2   conftest.c  >&5
conftest.c:81:6: warning: conflicting types for built-in function 'strchr'
 char strchr ();
      ^
configure:14748: $? = 0
configure:14748: result: yes
configure:14748: checking for strrchr
configure:14748: gcc -o conftest -g -O2   conftest.c  >&5
conftest.c:82:6: warning: conflicting types for built-in function 'strrchr'
 char strrchr ();
      ^
configure:14748: $? = 0
configure:14748: result: yes
configure:14748: checking for strcat
configure:14748: gcc -o conftest -g -O2   conftest.c  >&5
conftest.c:83:6: warning: conflicting types for built-in function 'strcat'
 char strcat ();
      ^
configure:14748: $? = 0
configure:14748: result: yes
configure:14748: checking for strcpy
configure:14748: gcc -o conftest -g -O2   conftest.c  >&5
conftest.c:84:6: warning: conflicting types for built-in function 'strcpy'
 char strcpy ();
      ^
configure:14748: $? = 0
configure:14748: result: yes
configure:14748: checking for strdup
configure:14748: gcc -o conftest -g -O2   conftest.c  >&5
conftest.c:85:6: warning: conflicting types for built-in function 'strdup'
 char strdup ();
      ^
configure:14748: $? = 0
configure:14748: result: yes
configure:14748: checking for strcasecmp
configure:14748: gcc -o conftest -g -O2   conftest.c  >&5
conftest.c:86:6: warning: conflicting types for built-in function 'strcasecmp'
 char strcasecmp ();
      ^
configure:14748: $? = 0
configure:14748: result: yes
configure:14748: checking for strtod
configure:14748: gcc -o conftest -g -O2   conftest.c  >&5
configure:14748: $? = 0
configure:14748: result: yes
configure:14748: checking for strtoll
configure:14748: gcc -o conftest -g -O2   conftest.c  >&5
configure:14748: $? = 0
configure:14748: result: yes
configure:14748: checking for strtoull
configure:14748: gcc -o conftest -g -O2   conftest.c  >&5
configure:14748: $? = 0
configure:14748: result: yes
configure:14748: checking for strstr
configure:14748: gcc -o conftest -g -O2   conftest.c  >&5
conftest.c:90:6: warning: conflicting types for built-in function 'strstr'
 char strstr ();
      ^
configure:14748: $? = 0
configure:14748: result: yes
configure:14748: checking for mkstemp
configure:14748: gcc -o conftest -g -O2   conftest.c  >&5
configure:14748: $? = 0
configure:14748: result: yes
configure:14748: checking for rand
configure:14748: gcc -o conftest -g -O2   conftest.c  >&5
configure:14748: $? = 0
configure:14748: result: yes
configure:14748: checking for getrlimit
configure:14748: gcc -o conftest -g -O2   conftest.c  >&5
configure:14748: $? = 0
configure:14748: result: yes
configure:14748: checking for gettimeofday
configure:14748: gcc -o conftest -g -O2   conftest.c  >&5
configure:14748: $? = 0
configure:14748: result: yes
configure:14748: checking for fsync
configure:14748: gcc -o conftest -g -O2   conftest.c  >&5
configure:14748: $? = 0
configure:14748: result: yes
configure:14748: checking for MPI_Comm_f2c
configure:14748: gcc -o conftest -g -O2   conftest.c  >&5
/tmp/ccOJ6hLB.o: In function `main':
/home/ariana/workspace/enisi/hpylori_compartments/deps/src/project_repast/INSTALLATION/netcdf-4.2.1.1/conftest.c:107: undefined reference to `MPI_Comm_f2c'
collect2: error: ld returned 1 exit status
configure:14748: $? = 1
configure: failed program was:
| /* confdefs.h */
| #define PACKAGE_NAME "netCDF"
| #define PACKAGE_TARNAME "netcdf"
| #define PACKAGE_VERSION "4.2.1.1"
| #define PACKAGE_STRING "netCDF 4.2.1.1"
| #define PACKAGE_BUGREPORT "support-netcdf@unidata.ucar.edu"
| #define PACKAGE_URL ""
| #define PACKAGE "netcdf"
| #define VERSION "4.2.1.1"
| #define NCIO_MINBLOCKSIZE 256
| #define USE_FSYNC 1
| #define DEFAULT_CHUNK_SIZE 4194304
| #define MAX_DEFAULT_CACHE_SIZE 67108864
| #define DEFAULT_CHUNKS_IN_CACHE 10
| #define CHUNK_CACHE_SIZE 4194304
| #define CHUNK_CACHE_NELEMS 1009
| #define CHUNK_CACHE_PREEMPTION 0.75
| #define USE_EXTREME_NUMBERS 1
| #define TEMP_LARGE "."
| #define STDC_HEADERS 1
| #define HAVE_SYS_TYPES_H 1
| #define HAVE_SYS_STAT_H 1
| #define HAVE_STDLIB_H 1
| #define HAVE_STRING_H 1
| #define HAVE_MEMORY_H 1
| #define HAVE_STRINGS_H 1
| #define HAVE_INTTYPES_H 1
| #define HAVE_STDINT_H 1
| #define HAVE_UNISTD_H 1
| #define HAVE_DLFCN_H 1
| #define LT_OBJDIR ".libs/"
| #define HAVE_SYS_PARAM_H 1
| #define HAVE_DIRENT_H 1
| #define STDC_HEADERS 1
| #define HAVE_SYS_WAIT_H 1
| #define TIME_WITH_SYS_TIME 1
| #define HAVE_LOCALE_H 1
| #define HAVE_STDIO_H 1
| #define HAVE_STDARG_H 1
| #define HAVE_ERRNO_H 1
| #define HAVE_CTYPE_H 1
| #define HAVE_FCNTL_H 1
| #define HAVE_MALLOC_H 1
| #define HAVE_STDLIB_H 1
| #define HAVE_STRING_H 1
| #define HAVE_STRINGS_H 1
| #define HAVE_UNISTD_H 1
| #define HAVE_SYS_STAT_H 1
| #define HAVE_GETOPT_H 1
| #define HAVE_SYS_TIME_H 1
| #define HAVE_VPRINTF 1
| #define HAVE_SYS_RESOURCE_H 1
| #define HAVE__BOOL 1
| #define HAVE_STDBOOL_H 1
| #define HAVE_STRERROR 1
| #define HAVE_SNPRINTF 1
| #define HAVE_STRCHR 1
| #define HAVE_STRRCHR 1
| #define HAVE_STRCAT 1
| #define HAVE_STRCPY 1
| #define HAVE_STRDUP 1
| #define HAVE_STRCASECMP 1
| #define HAVE_STRTOD 1
| #define HAVE_STRTOLL 1
| #define HAVE_STRTOULL 1
| #define HAVE_STRSTR 1
| #define HAVE_MKSTEMP 1
| #define HAVE_RAND 1
| #define HAVE_GETRLIMIT 1
| #define HAVE_GETTIMEOFDAY 1
| #define HAVE_FSYNC 1
| /* end confdefs.h.  */
| /* Define MPI_Comm_f2c to an innocuous variant, in case <limits.h> declares MPI_Comm_f2c.
|    For example, HP-UX 11i <limits.h> declares gettimeofday.  */
| #define MPI_Comm_f2c innocuous_MPI_Comm_f2c
| 
| /* System header to define __stub macros and hopefully few prototypes,
|     which can conflict with char MPI_Comm_f2c (); below.
|     Prefer <limits.h> to <assert.h> if __STDC__ is defined, since
|     <limits.h> exists even on freestanding compilers.  */
| 
| #ifdef __STDC__
| # include <limits.h>
| #else
| # include <assert.h>
| #endif
| 
| #undef MPI_Comm_f2c
| 
| /* Override any GCC internal prototype to avoid an error.
|    Use char because int might match the return type of a GCC
|    builtin and then its argument prototype would still apply.  */
| #ifdef __cplusplus
| extern "C"
| #endif
| char MPI_Comm_f2c ();
| /* The GNU C library defines this for functions which it implements
|     to always fail with ENOSYS.  Some functions are actually named
|     something starting with __ and the normal name is an alias.  */
| #if defined __stub_MPI_Comm_f2c || defined __stub___MPI_Comm_f2c
| choke me
| #endif
| 
| int
| main ()
| {
| return MPI_Comm_f2c ();
|   ;
|   return 0;
| }
configure:14748: result: no
configure:14759: checking whether in-memory files are enabled
configure:14767: result: yes
configure:14774: checking for memmove
configure:14774: gcc -o conftest -g -O2   conftest.c  >&5
conftest.c:96:6: warning: conflicting types for built-in function 'memmove'
 char memmove ();
      ^
configure:14774: $? = 0
configure:14774: result: yes
configure:14774: checking for getpagesize
configure:14774: gcc -o conftest -g -O2   conftest.c  >&5
configure:14774: $? = 0
configure:14774: result: yes
configure:14774: checking for sysconf
configure:14774: gcc -o conftest -g -O2   conftest.c  >&5
configure:14774: $? = 0
configure:14774: result: yes
configure:14785: checking whether mmap is enabled for in-memory files
configure:14793: result: no
configure:14803: checking for stdlib.h
configure:14803: result: yes
configure:14803: checking for unistd.h
configure:14803: result: yes
configure:14803: checking for sys/param.h
configure:14803: result: yes
configure:14823: checking for getpagesize
configure:14823: result: yes
configure:14832: checking for working mmap
configure:14979: gcc -o conftest -g -O2   conftest.c  >&5
configure:14979: $? = 0
configure:14979: ./conftest
configure:14979: $? = 0
configure:14989: result: yes
configure:15000: checking for mremap
configure:15000: gcc -o conftest -g -O2   conftest.c  >&5
configure:15000: $? = 0
configure:15000: result: yes
configure:15027: checking for size_t
configure:15027: gcc -c -g -O2  conftest.c >&5
configure:15027: $? = 0
configure:15027: gcc -c -g -O2  conftest.c >&5
conftest.c: In function 'main':
conftest.c:119:21: error: expected expression before ')' token
 if (sizeof ((size_t)))
                     ^
configure:15027: $? = 1
configure: failed program was:
| /* confdefs.h */
| #define PACKAGE_NAME "netCDF"
| #define PACKAGE_TARNAME "netcdf"
| #define PACKAGE_VERSION "4.2.1.1"
| #define PACKAGE_STRING "netCDF 4.2.1.1"
| #define PACKAGE_BUGREPORT "support-netcdf@unidata.ucar.edu"
| #define PACKAGE_URL ""
| #define PACKAGE "netcdf"
| #define VERSION "4.2.1.1"
| #define NCIO_MINBLOCKSIZE 256
| #define USE_FSYNC 1
| #define DEFAULT_CHUNK_SIZE 4194304
| #define MAX_DEFAULT_CACHE_SIZE 67108864
| #define DEFAULT_CHUNKS_IN_CACHE 10
| #define CHUNK_CACHE_SIZE 4194304
| #define CHUNK_CACHE_NELEMS 1009
| #define CHUNK_CACHE_PREEMPTION 0.75
| #define USE_EXTREME_NUMBERS 1
| #define TEMP_LARGE "."
| #define STDC_HEADERS 1
| #define HAVE_SYS_TYPES_H 1
| #define HAVE_SYS_STAT_H 1
| #define HAVE_STDLIB_H 1
| #define HAVE_STRING_H 1
| #define HAVE_MEMORY_H 1
| #define HAVE_STRINGS_H 1
| #define HAVE_INTTYPES_H 1
| #define HAVE_STDINT_H 1
| #define HAVE_UNISTD_H 1
| #define HAVE_DLFCN_H 1
| #define LT_OBJDIR ".libs/"
| #define HAVE_SYS_PARAM_H 1
| #define HAVE_DIRENT_H 1
| #define STDC_HEADERS 1
| #define HAVE_SYS_WAIT_H 1
| #define TIME_WITH_SYS_TIME 1
| #define HAVE_LOCALE_H 1
| #define HAVE_STDIO_H 1
| #define HAVE_STDARG_H 1
| #define HAVE_ERRNO_H 1
| #define HAVE_CTYPE_H 1
| #define HAVE_FCNTL_H 1
| #define HAVE_MALLOC_H 1
| #define HAVE_STDLIB_H 1
| #define HAVE_STRING_H 1
| #define HAVE_STRINGS_H 1
| #define HAVE_UNISTD_H 1
| #define HAVE_SYS_STAT_H 1
| #define HAVE_GETOPT_H 1
| #define HAVE_SYS_TIME_H 1
| #define HAVE_VPRINTF 1
| #define HAVE_SYS_RESOURCE_H 1
| #define HAVE__BOOL 1
| #define HAVE_STDBOOL_H 1
| #define HAVE_STRERROR 1
| #define HAVE_SNPRINTF 1
| #define HAVE_STRCHR 1
| #define HAVE_STRRCHR 1
| #define HAVE_STRCAT 1
| #define HAVE_STRCPY 1
| #define HAVE_STRDUP 1
| #define HAVE_STRCASECMP 1
| #define HAVE_STRTOD 1
| #define HAVE_STRTOLL 1
| #define HAVE_STRTOULL 1
| #define HAVE_STRSTR 1
| #define HAVE_MKSTEMP 1
| #define HAVE_RAND 1
| #define HAVE_GETRLIMIT 1
| #define HAVE_GETTIMEOFDAY 1
| #define HAVE_FSYNC 1
| #define HAVE_MEMMOVE 1
| #define HAVE_GETPAGESIZE 1
| #define HAVE_SYSCONF 1
| #define HAVE_STDLIB_H 1
| #define HAVE_UNISTD_H 1
| #define HAVE_SYS_PARAM_H 1
| #define HAVE_GETPAGESIZE 1
| #define HAVE_MMAP 1
| #define HAVE_MREMAP 1
| #define USE_DISKLESS 1
| /* end confdefs.h.  */
| #include <stdio.h>
| #ifdef HAVE_SYS_TYPES_H
| # include <sys/types.h>
| #endif
| #ifdef HAVE_SYS_STAT_H
| # include <sys/stat.h>
| #endif
| #ifdef STDC_HEADERS
| # include <stdlib.h>
| # include <stddef.h>
| #else
| # ifdef HAVE_STDLIB_H
| #  include <stdlib.h>
| # endif
| #endif
| #ifdef HAVE_STRING_H
| # if !defined STDC_HEADERS && defined HAVE_MEMORY_H
| #  include <memory.h>
| # endif
| # include <string.h>
| #endif
| #ifdef HAVE_STRINGS_H
| # include <strings.h>
| #endif
| #ifdef HAVE_INTTYPES_H
| # include <inttypes.h>
| #endif
| #ifdef HAVE_STDINT_H
| # include <stdint.h>
| #endif
| #ifdef HAVE_UNISTD_H
| # include <unistd.h>
| #endif
| int
| main ()
| {
| if (sizeof ((size_t)))
| 	    return 0;
|   ;
|   return 0;
| }
configure:15027: result: yes
configure:15040: checking for working alloca.h
configure:15057: gcc -o conftest -g -O2   conftest.c  >&5
configure:15057: $? = 0
configure:15065: result: yes
configure:15073: checking for alloca
configure:15110: gcc -o conftest -g -O2   conftest.c  >&5
configure:15110: $? = 0
configure:15118: result: yes
configure:15227: checking whether isnan is declared
configure:15227: gcc -c -g -O2  conftest.c >&5
configure:15227: $? = 0
configure:15227: result: yes
configure:15238: checking whether isinf is declared
configure:15238: gcc -c -g -O2  conftest.c >&5
configure:15238: $? = 0
configure:15238: result: yes
configure:15249: checking whether isfinite is declared
configure:15249: gcc -c -g -O2  conftest.c >&5
configure:15249: $? = 0
configure:15249: result: yes
configure:15260: checking whether signbit is declared
configure:15260: gcc -c -g -O2  conftest.c >&5
configure:15260: $? = 0
configure:15260: result: yes
configure:15272: checking for struct stat.st_blksize
configure:15272: gcc -c -g -O2  conftest.c >&5
configure:15272: $? = 0
configure:15272: result: yes
configure:15286: checking for IEEE floating point format
configure:15324: gcc -o conftest -g -O2   conftest.c  >&5
configure:15324: $? = 0
configure:15324: ./conftest
configure:15324: $? = 0
configure:15333: result: yes
configure:15341: checking for size_t
configure:15341: result: yes
configure:15352: checking for off_t
configure:15352: gcc -c -g -O2  conftest.c >&5
configure:15352: $? = 0
configure:15352: gcc -c -g -O2  conftest.c >&5
conftest.c: In function 'main':
conftest.c:127:20: error: expected expression before ')' token
 if (sizeof ((off_t)))
                    ^
configure:15352: $? = 1
configure: failed program was:
| /* confdefs.h */
| #define PACKAGE_NAME "netCDF"
| #define PACKAGE_TARNAME "netcdf"
| #define PACKAGE_VERSION "4.2.1.1"
| #define PACKAGE_STRING "netCDF 4.2.1.1"
| #define PACKAGE_BUGREPORT "support-netcdf@unidata.ucar.edu"
| #define PACKAGE_URL ""
| #define PACKAGE "netcdf"
| #define VERSION "4.2.1.1"
| #define NCIO_MINBLOCKSIZE 256
| #define USE_FSYNC 1
| #define DEFAULT_CHUNK_SIZE 4194304
| #define MAX_DEFAULT_CACHE_SIZE 67108864
| #define DEFAULT_CHUNKS_IN_CACHE 10
| #define CHUNK_CACHE_SIZE 4194304
| #define CHUNK_CACHE_NELEMS 1009
| #define CHUNK_CACHE_PREEMPTION 0.75
| #define USE_EXTREME_NUMBERS 1
| #define TEMP_LARGE "."
| #define STDC_HEADERS 1
| #define HAVE_SYS_TYPES_H 1
| #define HAVE_SYS_STAT_H 1
| #define HAVE_STDLIB_H 1
| #define HAVE_STRING_H 1
| #define HAVE_MEMORY_H 1
| #define HAVE_STRINGS_H 1
| #define HAVE_INTTYPES_H 1
| #define HAVE_STDINT_H 1
| #define HAVE_UNISTD_H 1
| #define HAVE_DLFCN_H 1
| #define LT_OBJDIR ".libs/"
| #define HAVE_SYS_PARAM_H 1
| #define HAVE_DIRENT_H 1
| #define STDC_HEADERS 1
| #define HAVE_SYS_WAIT_H 1
| #define TIME_WITH_SYS_TIME 1
| #define HAVE_LOCALE_H 1
| #define HAVE_STDIO_H 1
| #define HAVE_STDARG_H 1
| #define HAVE_ERRNO_H 1
| #define HAVE_CTYPE_H 1
| #define HAVE_FCNTL_H 1
| #define HAVE_MALLOC_H 1
| #define HAVE_STDLIB_H 1
| #define HAVE_STRING_H 1
| #define HAVE_STRINGS_H 1
| #define HAVE_UNISTD_H 1
| #define HAVE_SYS_STAT_H 1
| #define HAVE_GETOPT_H 1
| #define HAVE_SYS_TIME_H 1
| #define HAVE_VPRINTF 1
| #define HAVE_SYS_RESOURCE_H 1
| #define HAVE__BOOL 1
| #define HAVE_STDBOOL_H 1
| #define HAVE_STRERROR 1
| #define HAVE_SNPRINTF 1
| #define HAVE_STRCHR 1
| #define HAVE_STRRCHR 1
| #define HAVE_STRCAT 1
| #define HAVE_STRCPY 1
| #define HAVE_STRDUP 1
| #define HAVE_STRCASECMP 1
| #define HAVE_STRTOD 1
| #define HAVE_STRTOLL 1
| #define HAVE_STRTOULL 1
| #define HAVE_STRSTR 1
| #define HAVE_MKSTEMP 1
| #define HAVE_RAND 1
| #define HAVE_GETRLIMIT 1
| #define HAVE_GETTIMEOFDAY 1
| #define HAVE_FSYNC 1
| #define HAVE_MEMMOVE 1
| #define HAVE_GETPAGESIZE 1
| #define HAVE_SYSCONF 1
| #define HAVE_STDLIB_H 1
| #define HAVE_UNISTD_H 1
| #define HAVE_SYS_PARAM_H 1
| #define HAVE_GETPAGESIZE 1
| #define HAVE_MMAP 1
| #define HAVE_MREMAP 1
| #define USE_DISKLESS 1
| #define HAVE_ALLOCA_H 1
| #define HAVE_ALLOCA 1
| #define HAVE_DECL_ISNAN 1
| #define HAVE_DECL_ISINF 1
| #define HAVE_DECL_ISFINITE 1
| #define HAVE_DECL_SIGNBIT 1
| #define HAVE_STRUCT_STAT_ST_BLKSIZE 1
| #define HAVE_ST_BLKSIZE 1
| /* end confdefs.h.  */
| #include <stdio.h>
| #ifdef HAVE_SYS_TYPES_H
| # include <sys/types.h>
| #endif
| #ifdef HAVE_SYS_STAT_H
| # include <sys/stat.h>
| #endif
| #ifdef STDC_HEADERS
| # include <stdlib.h>
| # include <stddef.h>
| #else
| # ifdef HAVE_STDLIB_H
| #  include <stdlib.h>
| # endif
| #endif
| #ifdef HAVE_STRING_H
| # if !defined STDC_HEADERS && defined HAVE_MEMORY_H
| #  include <memory.h>
| # endif
| # include <string.h>
| #endif
| #ifdef HAVE_STRINGS_H
| # include <strings.h>
| #endif
| #ifdef HAVE_INTTYPES_H
| # include <inttypes.h>
| #endif
| #ifdef HAVE_STDINT_H
| # include <stdint.h>
| #endif
| #ifdef HAVE_UNISTD_H
| # include <unistd.h>
| #endif
| int
| main ()
| {
| if (sizeof ((off_t)))
| 	    return 0;
|   ;
|   return 0;
| }
configure:15352: result: yes
configure:15363: checking for ssize_t
configure:15363: gcc -c -g -O2  conftest.c >&5
configure:15363: $? = 0
configure:15363: gcc -c -g -O2  conftest.c >&5
conftest.c: In function 'main':
conftest.c:127:22: error: expected expression before ')' token
 if (sizeof ((ssize_t)))
                      ^
configure:15363: $? = 1
configure: failed program was:
| /* confdefs.h */
| #define PACKAGE_NAME "netCDF"
| #define PACKAGE_TARNAME "netcdf"
| #define PACKAGE_VERSION "4.2.1.1"
| #define PACKAGE_STRING "netCDF 4.2.1.1"
| #define PACKAGE_BUGREPORT "support-netcdf@unidata.ucar.edu"
| #define PACKAGE_URL ""
| #define PACKAGE "netcdf"
| #define VERSION "4.2.1.1"
| #define NCIO_MINBLOCKSIZE 256
| #define USE_FSYNC 1
| #define DEFAULT_CHUNK_SIZE 4194304
| #define MAX_DEFAULT_CACHE_SIZE 67108864
| #define DEFAULT_CHUNKS_IN_CACHE 10
| #define CHUNK_CACHE_SIZE 4194304
| #define CHUNK_CACHE_NELEMS 1009
| #define CHUNK_CACHE_PREEMPTION 0.75
| #define USE_EXTREME_NUMBERS 1
| #define TEMP_LARGE "."
| #define STDC_HEADERS 1
| #define HAVE_SYS_TYPES_H 1
| #define HAVE_SYS_STAT_H 1
| #define HAVE_STDLIB_H 1
| #define HAVE_STRING_H 1
| #define HAVE_MEMORY_H 1
| #define HAVE_STRINGS_H 1
| #define HAVE_INTTYPES_H 1
| #define HAVE_STDINT_H 1
| #define HAVE_UNISTD_H 1
| #define HAVE_DLFCN_H 1
| #define LT_OBJDIR ".libs/"
| #define HAVE_SYS_PARAM_H 1
| #define HAVE_DIRENT_H 1
| #define STDC_HEADERS 1
| #define HAVE_SYS_WAIT_H 1
| #define TIME_WITH_SYS_TIME 1
| #define HAVE_LOCALE_H 1
| #define HAVE_STDIO_H 1
| #define HAVE_STDARG_H 1
| #define HAVE_ERRNO_H 1
| #define HAVE_CTYPE_H 1
| #define HAVE_FCNTL_H 1
| #define HAVE_MALLOC_H 1
| #define HAVE_STDLIB_H 1
| #define HAVE_STRING_H 1
| #define HAVE_STRINGS_H 1
| #define HAVE_UNISTD_H 1
| #define HAVE_SYS_STAT_H 1
| #define HAVE_GETOPT_H 1
| #define HAVE_SYS_TIME_H 1
| #define HAVE_VPRINTF 1
| #define HAVE_SYS_RESOURCE_H 1
| #define HAVE__BOOL 1
| #define HAVE_STDBOOL_H 1
| #define HAVE_STRERROR 1
| #define HAVE_SNPRINTF 1
| #define HAVE_STRCHR 1
| #define HAVE_STRRCHR 1
| #define HAVE_STRCAT 1
| #define HAVE_STRCPY 1
| #define HAVE_STRDUP 1
| #define HAVE_STRCASECMP 1
| #define HAVE_STRTOD 1
| #define HAVE_STRTOLL 1
| #define HAVE_STRTOULL 1
| #define HAVE_STRSTR 1
| #define HAVE_MKSTEMP 1
| #define HAVE_RAND 1
| #define HAVE_GETRLIMIT 1
| #define HAVE_GETTIMEOFDAY 1
| #define HAVE_FSYNC 1
| #define HAVE_MEMMOVE 1
| #define HAVE_GETPAGESIZE 1
| #define HAVE_SYSCONF 1
| #define HAVE_STDLIB_H 1
| #define HAVE_UNISTD_H 1
| #define HAVE_SYS_PARAM_H 1
| #define HAVE_GETPAGESIZE 1
| #define HAVE_MMAP 1
| #define HAVE_MREMAP 1
| #define USE_DISKLESS 1
| #define HAVE_ALLOCA_H 1
| #define HAVE_ALLOCA 1
| #define HAVE_DECL_ISNAN 1
| #define HAVE_DECL_ISINF 1
| #define HAVE_DECL_ISFINITE 1
| #define HAVE_DECL_SIGNBIT 1
| #define HAVE_STRUCT_STAT_ST_BLKSIZE 1
| #define HAVE_ST_BLKSIZE 1
| /* end confdefs.h.  */
| #include <stdio.h>
| #ifdef HAVE_SYS_TYPES_H
| # include <sys/types.h>
| #endif
| #ifdef HAVE_SYS_STAT_H
| # include <sys/stat.h>
| #endif
| #ifdef STDC_HEADERS
| # include <stdlib.h>
| # include <stddef.h>
| #else
| # ifdef HAVE_STDLIB_H
| #  include <stdlib.h>
| # endif
| #endif
| #ifdef HAVE_STRING_H
| # if !defined STDC_HEADERS && defined HAVE_MEMORY_H
| #  include <memory.h>
| # endif
| # include <string.h>
| #endif
| #ifdef HAVE_STRINGS_H
| # include <strings.h>
| #endif
| #ifdef HAVE_INTTYPES_H
| # include <inttypes.h>
| #endif
| #ifdef HAVE_STDINT_H
| # include <stdint.h>
| #endif
| #ifdef HAVE_UNISTD_H
| # include <unistd.h>
| #endif
| int
| main ()
| {
| if (sizeof ((ssize_t)))
| 	    return 0;
|   ;
|   return 0;
| }
configure:15363: result: yes
configure:15372: checking for ptrdiff_t
configure:15372: gcc -c -g -O2  conftest.c >&5
configure:15372: $? = 0
configure:15372: gcc -c -g -O2  conftest.c >&5
conftest.c: In function 'main':
conftest.c:128:24: error: expected expression before ')' token
 if (sizeof ((ptrdiff_t)))
                        ^
configure:15372: $? = 1
configure: failed program was:
| /* confdefs.h */
| #define PACKAGE_NAME "netCDF"
| #define PACKAGE_TARNAME "netcdf"
| #define PACKAGE_VERSION "4.2.1.1"
| #define PACKAGE_STRING "netCDF 4.2.1.1"
| #define PACKAGE_BUGREPORT "support-netcdf@unidata.ucar.edu"
| #define PACKAGE_URL ""
| #define PACKAGE "netcdf"
| #define VERSION "4.2.1.1"
| #define NCIO_MINBLOCKSIZE 256
| #define USE_FSYNC 1
| #define DEFAULT_CHUNK_SIZE 4194304
| #define MAX_DEFAULT_CACHE_SIZE 67108864
| #define DEFAULT_CHUNKS_IN_CACHE 10
| #define CHUNK_CACHE_SIZE 4194304
| #define CHUNK_CACHE_NELEMS 1009
| #define CHUNK_CACHE_PREEMPTION 0.75
| #define USE_EXTREME_NUMBERS 1
| #define TEMP_LARGE "."
| #define STDC_HEADERS 1
| #define HAVE_SYS_TYPES_H 1
| #define HAVE_SYS_STAT_H 1
| #define HAVE_STDLIB_H 1
| #define HAVE_STRING_H 1
| #define HAVE_MEMORY_H 1
| #define HAVE_STRINGS_H 1
| #define HAVE_INTTYPES_H 1
| #define HAVE_STDINT_H 1
| #define HAVE_UNISTD_H 1
| #define HAVE_DLFCN_H 1
| #define LT_OBJDIR ".libs/"
| #define HAVE_SYS_PARAM_H 1
| #define HAVE_DIRENT_H 1
| #define STDC_HEADERS 1
| #define HAVE_SYS_WAIT_H 1
| #define TIME_WITH_SYS_TIME 1
| #define HAVE_LOCALE_H 1
| #define HAVE_STDIO_H 1
| #define HAVE_STDARG_H 1
| #define HAVE_ERRNO_H 1
| #define HAVE_CTYPE_H 1
| #define HAVE_FCNTL_H 1
| #define HAVE_MALLOC_H 1
| #define HAVE_STDLIB_H 1
| #define HAVE_STRING_H 1
| #define HAVE_STRINGS_H 1
| #define HAVE_UNISTD_H 1
| #define HAVE_SYS_STAT_H 1
| #define HAVE_GETOPT_H 1
| #define HAVE_SYS_TIME_H 1
| #define HAVE_VPRINTF 1
| #define HAVE_SYS_RESOURCE_H 1
| #define HAVE__BOOL 1
| #define HAVE_STDBOOL_H 1
| #define HAVE_STRERROR 1
| #define HAVE_SNPRINTF 1
| #define HAVE_STRCHR 1
| #define HAVE_STRRCHR 1
| #define HAVE_STRCAT 1
| #define HAVE_STRCPY 1
| #define HAVE_STRDUP 1
| #define HAVE_STRCASECMP 1
| #define HAVE_STRTOD 1
| #define HAVE_STRTOLL 1
| #define HAVE_STRTOULL 1
| #define HAVE_STRSTR 1
| #define HAVE_MKSTEMP 1
| #define HAVE_RAND 1
| #define HAVE_GETRLIMIT 1
| #define HAVE_GETTIMEOFDAY 1
| #define HAVE_FSYNC 1
| #define HAVE_MEMMOVE 1
| #define HAVE_GETPAGESIZE 1
| #define HAVE_SYSCONF 1
| #define HAVE_STDLIB_H 1
| #define HAVE_UNISTD_H 1
| #define HAVE_SYS_PARAM_H 1
| #define HAVE_GETPAGESIZE 1
| #define HAVE_MMAP 1
| #define HAVE_MREMAP 1
| #define USE_DISKLESS 1
| #define HAVE_ALLOCA_H 1
| #define HAVE_ALLOCA 1
| #define HAVE_DECL_ISNAN 1
| #define HAVE_DECL_ISINF 1
| #define HAVE_DECL_ISFINITE 1
| #define HAVE_DECL_SIGNBIT 1
| #define HAVE_STRUCT_STAT_ST_BLKSIZE 1
| #define HAVE_ST_BLKSIZE 1
| #define HAVE_SSIZE_T 1
| /* end confdefs.h.  */
| #include <stdio.h>
| #ifdef HAVE_SYS_TYPES_H
| # include <sys/types.h>
| #endif
| #ifdef HAVE_SYS_STAT_H
| # include <sys/stat.h>
| #endif
| #ifdef STDC_HEADERS
| # include <stdlib.h>
| # include <stddef.h>
| #else
| # ifdef HAVE_STDLIB_H
| #  include <stdlib.h>
| # endif
| #endif
| #ifdef HAVE_STRING_H
| # if !defined STDC_HEADERS && defined HAVE_MEMORY_H
| #  include <memory.h>
| # endif
| # include <string.h>
| #endif
| #ifdef HAVE_STRINGS_H
| # include <strings.h>
| #endif
| #ifdef HAVE_INTTYPES_H
| # include <inttypes.h>
| #endif
| #ifdef HAVE_STDINT_H
| # include <stdint.h>
| #endif
| #ifdef HAVE_UNISTD_H
| # include <unistd.h>
| #endif
| int
| main ()
| {
| if (sizeof ((ptrdiff_t)))
| 	    return 0;
|   ;
|   return 0;
| }
configure:15372: result: yes
configure:15381: checking for uchar
configure:15381: gcc -c -g -O2  conftest.c >&5
conftest.c: In function 'main':
conftest.c:129:13: error: 'uchar' undeclared (first use in this function)
 if (sizeof (uchar))
             ^
conftest.c:129:13: note: each undeclared identifier is reported only once for each function it appears in
configure:15381: $? = 1
configure: failed program was:
| /* confdefs.h */
| #define PACKAGE_NAME "netCDF"
| #define PACKAGE_TARNAME "netcdf"
| #define PACKAGE_VERSION "4.2.1.1"
| #define PACKAGE_STRING "netCDF 4.2.1.1"
| #define PACKAGE_BUGREPORT "support-netcdf@unidata.ucar.edu"
| #define PACKAGE_URL ""
| #define PACKAGE "netcdf"
| #define VERSION "4.2.1.1"
| #define NCIO_MINBLOCKSIZE 256
| #define USE_FSYNC 1
| #define DEFAULT_CHUNK_SIZE 4194304
| #define MAX_DEFAULT_CACHE_SIZE 67108864
| #define DEFAULT_CHUNKS_IN_CACHE 10
| #define CHUNK_CACHE_SIZE 4194304
| #define CHUNK_CACHE_NELEMS 1009
| #define CHUNK_CACHE_PREEMPTION 0.75
| #define USE_EXTREME_NUMBERS 1
| #define TEMP_LARGE "."
| #define STDC_HEADERS 1
| #define HAVE_SYS_TYPES_H 1
| #define HAVE_SYS_STAT_H 1
| #define HAVE_STDLIB_H 1
| #define HAVE_STRING_H 1
| #define HAVE_MEMORY_H 1
| #define HAVE_STRINGS_H 1
| #define HAVE_INTTYPES_H 1
| #define HAVE_STDINT_H 1
| #define HAVE_UNISTD_H 1
| #define HAVE_DLFCN_H 1
| #define LT_OBJDIR ".libs/"
| #define HAVE_SYS_PARAM_H 1
| #define HAVE_DIRENT_H 1
| #define STDC_HEADERS 1
| #define HAVE_SYS_WAIT_H 1
| #define TIME_WITH_SYS_TIME 1
| #define HAVE_LOCALE_H 1
| #define HAVE_STDIO_H 1
| #define HAVE_STDARG_H 1
| #define HAVE_ERRNO_H 1
| #define HAVE_CTYPE_H 1
| #define HAVE_FCNTL_H 1
| #define HAVE_MALLOC_H 1
| #define HAVE_STDLIB_H 1
| #define HAVE_STRING_H 1
| #define HAVE_STRINGS_H 1
| #define HAVE_UNISTD_H 1
| #define HAVE_SYS_STAT_H 1
| #define HAVE_GETOPT_H 1
| #define HAVE_SYS_TIME_H 1
| #define HAVE_VPRINTF 1
| #define HAVE_SYS_RESOURCE_H 1
| #define HAVE__BOOL 1
| #define HAVE_STDBOOL_H 1
| #define HAVE_STRERROR 1
| #define HAVE_SNPRINTF 1
| #define HAVE_STRCHR 1
| #define HAVE_STRRCHR 1
| #define HAVE_STRCAT 1
| #define HAVE_STRCPY 1
| #define HAVE_STRDUP 1
| #define HAVE_STRCASECMP 1
| #define HAVE_STRTOD 1
| #define HAVE_STRTOLL 1
| #define HAVE_STRTOULL 1
| #define HAVE_STRSTR 1
| #define HAVE_MKSTEMP 1
| #define HAVE_RAND 1
| #define HAVE_GETRLIMIT 1
| #define HAVE_GETTIMEOFDAY 1
| #define HAVE_FSYNC 1
| #define HAVE_MEMMOVE 1
| #define HAVE_GETPAGESIZE 1
| #define HAVE_SYSCONF 1
| #define HAVE_STDLIB_H 1
| #define HAVE_UNISTD_H 1
| #define HAVE_SYS_PARAM_H 1
| #define HAVE_GETPAGESIZE 1
| #define HAVE_MMAP 1
| #define HAVE_MREMAP 1
| #define USE_DISKLESS 1
| #define HAVE_ALLOCA_H 1
| #define HAVE_ALLOCA 1
| #define HAVE_DECL_ISNAN 1
| #define HAVE_DECL_ISINF 1
| #define HAVE_DECL_ISFINITE 1
| #define HAVE_DECL_SIGNBIT 1
| #define HAVE_STRUCT_STAT_ST_BLKSIZE 1
| #define HAVE_ST_BLKSIZE 1
| #define HAVE_SSIZE_T 1
| #define HAVE_PTRDIFF_T 1
| /* end confdefs.h.  */
| #include <stdio.h>
| #ifdef HAVE_SYS_TYPES_H
| # include <sys/types.h>
| #endif
| #ifdef HAVE_SYS_STAT_H
| # include <sys/stat.h>
| #endif
| #ifdef STDC_HEADERS
| # include <stdlib.h>
| # include <stddef.h>
| #else
| # ifdef HAVE_STDLIB_H
| #  include <stdlib.h>
| # endif
| #endif
| #ifdef HAVE_STRING_H
| # if !defined STDC_HEADERS && defined HAVE_MEMORY_H
| #  include <memory.h>
| # endif
| # include <string.h>
| #endif
| #ifdef HAVE_STRINGS_H
| # include <strings.h>
| #endif
| #ifdef HAVE_INTTYPES_H
| # include <inttypes.h>
| #endif
| #ifdef HAVE_STDINT_H
| # include <stdint.h>
| #endif
| #ifdef HAVE_UNISTD_H
| # include <unistd.h>
| #endif
| int
| main ()
| {
| if (sizeof (uchar))
| 	 return 0;
|   ;
|   return 0;
| }
configure:15381: result: no
configure:15390: checking for longlong
configure:15390: gcc -c -g -O2  conftest.c >&5
conftest.c: In function 'main':
conftest.c:129:13: error: 'longlong' undeclared (first use in this function)
 if (sizeof (longlong))
             ^
conftest.c:129:13: note: each undeclared identifier is reported only once for each function it appears in
configure:15390: $? = 1
configure: failed program was:
| /* confdefs.h */
| #define PACKAGE_NAME "netCDF"
| #define PACKAGE_TARNAME "netcdf"
| #define PACKAGE_VERSION "4.2.1.1"
| #define PACKAGE_STRING "netCDF 4.2.1.1"
| #define PACKAGE_BUGREPORT "support-netcdf@unidata.ucar.edu"
| #define PACKAGE_URL ""
| #define PACKAGE "netcdf"
| #define VERSION "4.2.1.1"
| #define NCIO_MINBLOCKSIZE 256
| #define USE_FSYNC 1
| #define DEFAULT_CHUNK_SIZE 4194304
| #define MAX_DEFAULT_CACHE_SIZE 67108864
| #define DEFAULT_CHUNKS_IN_CACHE 10
| #define CHUNK_CACHE_SIZE 4194304
| #define CHUNK_CACHE_NELEMS 1009
| #define CHUNK_CACHE_PREEMPTION 0.75
| #define USE_EXTREME_NUMBERS 1
| #define TEMP_LARGE "."
| #define STDC_HEADERS 1
| #define HAVE_SYS_TYPES_H 1
| #define HAVE_SYS_STAT_H 1
| #define HAVE_STDLIB_H 1
| #define HAVE_STRING_H 1
| #define HAVE_MEMORY_H 1
| #define HAVE_STRINGS_H 1
| #define HAVE_INTTYPES_H 1
| #define HAVE_STDINT_H 1
| #define HAVE_UNISTD_H 1
| #define HAVE_DLFCN_H 1
| #define LT_OBJDIR ".libs/"
| #define HAVE_SYS_PARAM_H 1
| #define HAVE_DIRENT_H 1
| #define STDC_HEADERS 1
| #define HAVE_SYS_WAIT_H 1
| #define TIME_WITH_SYS_TIME 1
| #define HAVE_LOCALE_H 1
| #define HAVE_STDIO_H 1
| #define HAVE_STDARG_H 1
| #define HAVE_ERRNO_H 1
| #define HAVE_CTYPE_H 1
| #define HAVE_FCNTL_H 1
| #define HAVE_MALLOC_H 1
| #define HAVE_STDLIB_H 1
| #define HAVE_STRING_H 1
| #define HAVE_STRINGS_H 1
| #define HAVE_UNISTD_H 1
| #define HAVE_SYS_STAT_H 1
| #define HAVE_GETOPT_H 1
| #define HAVE_SYS_TIME_H 1
| #define HAVE_VPRINTF 1
| #define HAVE_SYS_RESOURCE_H 1
| #define HAVE__BOOL 1
| #define HAVE_STDBOOL_H 1
| #define HAVE_STRERROR 1
| #define HAVE_SNPRINTF 1
| #define HAVE_STRCHR 1
| #define HAVE_STRRCHR 1
| #define HAVE_STRCAT 1
| #define HAVE_STRCPY 1
| #define HAVE_STRDUP 1
| #define HAVE_STRCASECMP 1
| #define HAVE_STRTOD 1
| #define HAVE_STRTOLL 1
| #define HAVE_STRTOULL 1
| #define HAVE_STRSTR 1
| #define HAVE_MKSTEMP 1
| #define HAVE_RAND 1
| #define HAVE_GETRLIMIT 1
| #define HAVE_GETTIMEOFDAY 1
| #define HAVE_FSYNC 1
| #define HAVE_MEMMOVE 1
| #define HAVE_GETPAGESIZE 1
| #define HAVE_SYSCONF 1
| #define HAVE_STDLIB_H 1
| #define HAVE_UNISTD_H 1
| #define HAVE_SYS_PARAM_H 1
| #define HAVE_GETPAGESIZE 1
| #define HAVE_MMAP 1
| #define HAVE_MREMAP 1
| #define USE_DISKLESS 1
| #define HAVE_ALLOCA_H 1
| #define HAVE_ALLOCA 1
| #define HAVE_DECL_ISNAN 1
| #define HAVE_DECL_ISINF 1
| #define HAVE_DECL_ISFINITE 1
| #define HAVE_DECL_SIGNBIT 1
| #define HAVE_STRUCT_STAT_ST_BLKSIZE 1
| #define HAVE_ST_BLKSIZE 1
| #define HAVE_SSIZE_T 1
| #define HAVE_PTRDIFF_T 1
| /* end confdefs.h.  */
| #include <stdio.h>
| #ifdef HAVE_SYS_TYPES_H
| # include <sys/types.h>
| #endif
| #ifdef HAVE_SYS_STAT_H
| # include <sys/stat.h>
| #endif
| #ifdef STDC_HEADERS
| # include <stdlib.h>
| # include <stddef.h>
| #else
| # ifdef HAVE_STDLIB_H
| #  include <stdlib.h>
| # endif
| #endif
| #ifdef HAVE_STRING_H
| # if !defined STDC_HEADERS && defined HAVE_MEMORY_H
| #  include <memory.h>
| # endif
| # include <string.h>
| #endif
| #ifdef HAVE_STRINGS_H
| # include <strings.h>
| #endif
| #ifdef HAVE_INTTYPES_H
| # include <inttypes.h>
| #endif
| #ifdef HAVE_STDINT_H
| # include <stdint.h>
| #endif
| #ifdef HAVE_UNISTD_H
| # include <unistd.h>
| #endif
| int
| main ()
| {
| if (sizeof (longlong))
| 	 return 0;
|   ;
|   return 0;
| }
configure:15390: result: no
configure:15400: checking whether char is unsigned
configure:15418: gcc -c -g -O2  conftest.c >&5
configure:15418: $? = 0
configure:15425: result: no
configure:15432: checking whether byte ordering is bigendian
configure:15447: gcc -c -g -O2  conftest.c >&5
conftest.c:94:9: error: unknown type name 'not'
         not a universal capable compiler
         ^
conftest.c:94:15: error: expected '=', ',', ';', 'asm' or '__attribute__' before 'universal'
         not a universal capable compiler
               ^
conftest.c:94:15: error: unknown type name 'universal'
configure:15447: $? = 1
configure: failed program was:
| /* confdefs.h */
| #define PACKAGE_NAME "netCDF"
| #define PACKAGE_TARNAME "netcdf"
| #define PACKAGE_VERSION "4.2.1.1"
| #define PACKAGE_STRING "netCDF 4.2.1.1"
| #define PACKAGE_BUGREPORT "support-netcdf@unidata.ucar.edu"
| #define PACKAGE_URL ""
| #define PACKAGE "netcdf"
| #define VERSION "4.2.1.1"
| #define NCIO_MINBLOCKSIZE 256
| #define USE_FSYNC 1
| #define DEFAULT_CHUNK_SIZE 4194304
| #define MAX_DEFAULT_CACHE_SIZE 67108864
| #define DEFAULT_CHUNKS_IN_CACHE 10
| #define CHUNK_CACHE_SIZE 4194304
| #define CHUNK_CACHE_NELEMS 1009
| #define CHUNK_CACHE_PREEMPTION 0.75
| #define USE_EXTREME_NUMBERS 1
| #define TEMP_LARGE "."
| #define STDC_HEADERS 1
| #define HAVE_SYS_TYPES_H 1
| #define HAVE_SYS_STAT_H 1
| #define HAVE_STDLIB_H 1
| #define HAVE_STRING_H 1
| #define HAVE_MEMORY_H 1
| #define HAVE_STRINGS_H 1
| #define HAVE_INTTYPES_H 1
| #define HAVE_STDINT_H 1
| #define HAVE_UNISTD_H 1
| #define HAVE_DLFCN_H 1
| #define LT_OBJDIR ".libs/"
| #define HAVE_SYS_PARAM_H 1
| #define HAVE_DIRENT_H 1
| #define STDC_HEADERS 1
| #define HAVE_SYS_WAIT_H 1
| #define TIME_WITH_SYS_TIME 1
| #define HAVE_LOCALE_H 1
| #define HAVE_STDIO_H 1
| #define HAVE_STDARG_H 1
| #define HAVE_ERRNO_H 1
| #define HAVE_CTYPE_H 1
| #define HAVE_FCNTL_H 1
| #define HAVE_MALLOC_H 1
| #define HAVE_STDLIB_H 1
| #define HAVE_STRING_H 1
| #define HAVE_STRINGS_H 1
| #define HAVE_UNISTD_H 1
| #define HAVE_SYS_STAT_H 1
| #define HAVE_GETOPT_H 1
| #define HAVE_SYS_TIME_H 1
| #define HAVE_VPRINTF 1
| #define HAVE_SYS_RESOURCE_H 1
| #define HAVE__BOOL 1
| #define HAVE_STDBOOL_H 1
| #define HAVE_STRERROR 1
| #define HAVE_SNPRINTF 1
| #define HAVE_STRCHR 1
| #define HAVE_STRRCHR 1
| #define HAVE_STRCAT 1
| #define HAVE_STRCPY 1
| #define HAVE_STRDUP 1
| #define HAVE_STRCASECMP 1
| #define HAVE_STRTOD 1
| #define HAVE_STRTOLL 1
| #define HAVE_STRTOULL 1
| #define HAVE_STRSTR 1
| #define HAVE_MKSTEMP 1
| #define HAVE_RAND 1
| #define HAVE_GETRLIMIT 1
| #define HAVE_GETTIMEOFDAY 1
| #define HAVE_FSYNC 1
| #define HAVE_MEMMOVE 1
| #define HAVE_GETPAGESIZE 1
| #define HAVE_SYSCONF 1
| #define HAVE_STDLIB_H 1
| #define HAVE_UNISTD_H 1
| #define HAVE_SYS_PARAM_H 1
| #define HAVE_GETPAGESIZE 1
| #define HAVE_MMAP 1
| #define HAVE_MREMAP 1
| #define USE_DISKLESS 1
| #define HAVE_ALLOCA_H 1
| #define HAVE_ALLOCA 1
| #define HAVE_DECL_ISNAN 1
| #define HAVE_DECL_ISINF 1
| #define HAVE_DECL_ISFINITE 1
| #define HAVE_DECL_SIGNBIT 1
| #define HAVE_STRUCT_STAT_ST_BLKSIZE 1
| #define HAVE_ST_BLKSIZE 1
| #define HAVE_SSIZE_T 1
| #define HAVE_PTRDIFF_T 1
| /* end confdefs.h.  */
| #ifndef __APPLE_CC__
| 	       not a universal capable compiler
| 	     #endif
| 	     typedef int dummy;
| 
configure:15492: gcc -c -g -O2  conftest.c >&5
configure:15492: $? = 0
configure:15510: gcc -c -g -O2  conftest.c >&5
conftest.c: In function 'main':
conftest.c:100:4: error: unknown type name 'not'
    not big endian
    ^
conftest.c:100:12: error: expected '=', ',', ';', 'asm' or '__attribute__' before 'endian'
    not big endian
            ^
configure:15510: $? = 1
configure: failed program was:
| /* confdefs.h */
| #define PACKAGE_NAME "netCDF"
| #define PACKAGE_TARNAME "netcdf"
| #define PACKAGE_VERSION "4.2.1.1"
| #define PACKAGE_STRING "netCDF 4.2.1.1"
| #define PACKAGE_BUGREPORT "support-netcdf@unidata.ucar.edu"
| #define PACKAGE_URL ""
| #define PACKAGE "netcdf"
| #define VERSION "4.2.1.1"
| #define NCIO_MINBLOCKSIZE 256
| #define USE_FSYNC 1
| #define DEFAULT_CHUNK_SIZE 4194304
| #define MAX_DEFAULT_CACHE_SIZE 67108864
| #define DEFAULT_CHUNKS_IN_CACHE 10
| #define CHUNK_CACHE_SIZE 4194304
| #define CHUNK_CACHE_NELEMS 1009
| #define CHUNK_CACHE_PREEMPTION 0.75
| #define USE_EXTREME_NUMBERS 1
| #define TEMP_LARGE "."
| #define STDC_HEADERS 1
| #define HAVE_SYS_TYPES_H 1
| #define HAVE_SYS_STAT_H 1
| #define HAVE_STDLIB_H 1
| #define HAVE_STRING_H 1
| #define HAVE_MEMORY_H 1
| #define HAVE_STRINGS_H 1
| #define HAVE_INTTYPES_H 1
| #define HAVE_STDINT_H 1
| #define HAVE_UNISTD_H 1
| #define HAVE_DLFCN_H 1
| #define LT_OBJDIR ".libs/"
| #define HAVE_SYS_PARAM_H 1
| #define HAVE_DIRENT_H 1
| #define STDC_HEADERS 1
| #define HAVE_SYS_WAIT_H 1
| #define TIME_WITH_SYS_TIME 1
| #define HAVE_LOCALE_H 1
| #define HAVE_STDIO_H 1
| #define HAVE_STDARG_H 1
| #define HAVE_ERRNO_H 1
| #define HAVE_CTYPE_H 1
| #define HAVE_FCNTL_H 1
| #define HAVE_MALLOC_H 1
| #define HAVE_STDLIB_H 1
| #define HAVE_STRING_H 1
| #define HAVE_STRINGS_H 1
| #define HAVE_UNISTD_H 1
| #define HAVE_SYS_STAT_H 1
| #define HAVE_GETOPT_H 1
| #define HAVE_SYS_TIME_H 1
| #define HAVE_VPRINTF 1
| #define HAVE_SYS_RESOURCE_H 1
| #define HAVE__BOOL 1
| #define HAVE_STDBOOL_H 1
| #define HAVE_STRERROR 1
| #define HAVE_SNPRINTF 1
| #define HAVE_STRCHR 1
| #define HAVE_STRRCHR 1
| #define HAVE_STRCAT 1
| #define HAVE_STRCPY 1
| #define HAVE_STRDUP 1
| #define HAVE_STRCASECMP 1
| #define HAVE_STRTOD 1
| #define HAVE_STRTOLL 1
| #define HAVE_STRTOULL 1
| #define HAVE_STRSTR 1
| #define HAVE_MKSTEMP 1
| #define HAVE_RAND 1
| #define HAVE_GETRLIMIT 1
| #define HAVE_GETTIMEOFDAY 1
| #define HAVE_FSYNC 1
| #define HAVE_MEMMOVE 1
| #define HAVE_GETPAGESIZE 1
| #define HAVE_SYSCONF 1
| #define HAVE_STDLIB_H 1
| #define HAVE_UNISTD_H 1
| #define HAVE_SYS_PARAM_H 1
| #define HAVE_GETPAGESIZE 1
| #define HAVE_MMAP 1
| #define HAVE_MREMAP 1
| #define USE_DISKLESS 1
| #define HAVE_ALLOCA_H 1
| #define HAVE_ALLOCA 1
| #define HAVE_DECL_ISNAN 1
| #define HAVE_DECL_ISINF 1
| #define HAVE_DECL_ISFINITE 1
| #define HAVE_DECL_SIGNBIT 1
| #define HAVE_STRUCT_STAT_ST_BLKSIZE 1
| #define HAVE_ST_BLKSIZE 1
| #define HAVE_SSIZE_T 1
| #define HAVE_PTRDIFF_T 1
| /* end confdefs.h.  */
| #include <sys/types.h>
| 		#include <sys/param.h>
| 
| int
| main ()
| {
| #if BYTE_ORDER != BIG_ENDIAN
| 		 not big endian
| 		#endif
| 
|   ;
|   return 0;
| }
configure:15638: result: no
configure:15660: checking size of short
configure:15665: gcc -o conftest -g -O2   conftest.c  >&5
configure:15665: $? = 0
configure:15665: ./conftest
configure:15665: $? = 0
configure:15679: result: 2
configure:15693: checking size of int
configure:15698: gcc -o conftest -g -O2   conftest.c  >&5
configure:15698: $? = 0
configure:15698: ./conftest
configure:15698: $? = 0
configure:15712: result: 4
configure:15726: checking size of long
configure:15731: gcc -o conftest -g -O2   conftest.c  >&5
configure:15731: $? = 0
configure:15731: ./conftest
configure:15731: $? = 0
configure:15745: result: 8
configure:15759: checking size of long long
configure:15764: gcc -o conftest -g -O2   conftest.c  >&5
configure:15764: $? = 0
configure:15764: ./conftest
configure:15764: $? = 0
configure:15778: result: 8
configure:15792: checking size of float
configure:15797: gcc -o conftest -g -O2   conftest.c  >&5
configure:15797: $? = 0
configure:15797: ./conftest
configure:15797: $? = 0
configure:15811: result: 4
configure:15825: checking size of double
configure:15830: gcc -o conftest -g -O2   conftest.c  >&5
configure:15830: $? = 0
configure:15830: ./conftest
configure:15830: $? = 0
configure:15844: result: 8
configure:15858: checking size of off_t
configure:15863: gcc -o conftest -g -O2   conftest.c  >&5
configure:15863: $? = 0
configure:15863: ./conftest
configure:15863: $? = 0
configure:15877: result: 8
configure:15891: checking size of size_t
configure:15896: gcc -o conftest -g -O2   conftest.c  >&5
configure:15896: $? = 0
configure:15896: ./conftest
configure:15896: $? = 0
configure:15910: result: 8
configure:15985: checking for floor in -lm
configure:16010: gcc -o conftest -g -O2   conftest.c -lm   >&5
conftest.c:108:6: warning: conflicting types for built-in function 'floor'
 char floor ();
      ^
configure:16010: $? = 0
configure:16019: result: yes
configure:16831: checking what to call the output of the ftpbin target
configure:16837: result: binary-netcdf-4.2.1.1_nc3.tar  
configure:16840: checking binary distribution directory
configure:16848: result: /home/ftp/pub/binary/dummy_system
configure:16852: checking value of LIBS
configure:16854: result: -lm 
configure:16913: generating header files and makefiles
configure:17184: creating ./config.status

## ---------------------- ##
## Running config.status. ##
## ---------------------- ##

This file was extended by netCDF config.status 4.2.1.1, which was
generated by GNU Autoconf 2.68.  Invocation command line was

  CONFIG_FILES    = 
  CONFIG_HEADERS  = 
  CONFIG_LINKS    = 
  CONFIG_COMMANDS = 
  $ ./config.status 

on herbst-Lenovo-B40-80

config.status:1283: creating Makefile
config.status:1283: creating nc-config
config.status:1283: creating netcdf.pc
config.status:1283: creating include/Makefile
config.status:1283: creating h5_test/Makefile
config.status:1283: creating man4/Makefile
config.status:1283: creating man4/images/Makefile
config.status:1283: creating libsrc/Makefile
config.status:1283: creating libsrc4/Makefile
config.status:1283: creating nctest/Makefile
config.status:1283: creating nc_test4/Makefile
config.status:1283: creating nc_test/Makefile
config.status:1283: creating ncdump/Makefile
config.status:1283: creating ncgen3/Makefile
config.status:1283: creating ncgen/Makefile
config.status:1283: creating examples/Makefile
config.status:1283: creating examples/C/Makefile
config.status:1283: creating examples/CDL/Makefile
config.status:1283: creating oc/Makefile
config.status:1283: creating libdap2/Makefile
config.status:1283: creating libcdmr/Makefile
config.status:1283: creating librpc/Makefile
config.status:1283: creating libdispatch/Makefile
config.status:1283: creating liblib/Makefile
config.status:1283: creating ncdump/cdl4/Makefile
config.status:1283: creating ncdump/expected4/Makefile
config.status:1283: creating ncdap_test/Makefile
config.status:1283: creating ncdap_test/testdata3/Makefile
config.status:1283: creating ncdap_test/expected3/Makefile
config.status:1283: creating ncdap_test/expected4/Makefile
config.status:1283: creating ncdap_test/expectremote3/Makefile
config.status:1283: creating ncdap_test/expectremote4/Makefile
config.status:1283: creating config.h
config.status:1512: executing depfiles commands
config.status:1512: executing libtool commands

## ---------------- ##
## Cache variables. ##
## ---------------- ##

ac_cv_build=x86_64-unknown-linux-gnu
ac_cv_c_bigendian=no
ac_cv_c_char_unsigned=no
ac_cv_c_compiler_gnu=yes
ac_cv_c_const=yes
ac_cv_c_ieeefloat=yes
ac_cv_env_CC_set=
ac_cv_env_CC_value=
ac_cv_env_CFLAGS_set=
ac_cv_env_CFLAGS_value=
ac_cv_env_CPPFLAGS_set=
ac_cv_env_CPPFLAGS_value=
ac_cv_env_CPP_set=
ac_cv_env_CPP_value=
ac_cv_env_LDFLAGS_set=
ac_cv_env_LDFLAGS_value=
ac_cv_env_LIBS_set=
ac_cv_env_LIBS_value=
ac_cv_env_build_alias_set=
ac_cv_env_build_alias_value=
ac_cv_env_host_alias_set=
ac_cv_env_host_alias_value=
ac_cv_env_target_alias_set=
ac_cv_env_target_alias_value=
ac_cv_func_MPI_Comm_f2c=no
ac_cv_func__doprnt=no
ac_cv_func_alloca_works=yes
ac_cv_func_fsync=yes
ac_cv_func_getpagesize=yes
ac_cv_func_getrlimit=yes
ac_cv_func_gettimeofday=yes
ac_cv_func_memmove=yes
ac_cv_func_mkstemp=yes
ac_cv_func_mmap_fixed_mapped=yes
ac_cv_func_mremap=yes
ac_cv_func_rand=yes
ac_cv_func_snprintf=yes
ac_cv_func_strcasecmp=yes
ac_cv_func_strcat=yes
ac_cv_func_strchr=yes
ac_cv_func_strcpy=yes
ac_cv_func_strdup=yes
ac_cv_func_strerror=yes
ac_cv_func_strlcat=no
ac_cv_func_strrchr=yes
ac_cv_func_strstr=yes
ac_cv_func_strtod=yes
ac_cv_func_strtoll=yes
ac_cv_func_strtoull=yes
ac_cv_func_sysconf=yes
ac_cv_func_vprintf=yes
ac_cv_have_decl_isfinite=yes
ac_cv_have_decl_isinf=yes
ac_cv_have_decl_isnan=yes
ac_cv_have_decl_signbit=yes
ac_cv_header_ctype_h=yes
ac_cv_header_dirent_dirent_h=yes
ac_cv_header_dlfcn_h=yes
ac_cv_header_errno_h=yes
ac_cv_header_fcntl_h=yes
ac_cv_header_getopt_h=yes
ac_cv_header_inttypes_h=yes
ac_cv_header_locale_h=yes
ac_cv_header_malloc_h=yes
ac_cv_header_memory_h=yes
ac_cv_header_stdarg_h=yes
ac_cv_header_stdbool_h=yes
ac_cv_header_stdc=yes
ac_cv_header_stdint_h=yes
ac_cv_header_stdio_h=yes
ac_cv_header_stdlib_h=yes
ac_cv_header_string_h=yes
ac_cv_header_strings_h=yes
ac_cv_header_sys_param_h=yes
ac_cv_header_sys_resource_h=yes
ac_cv_header_sys_stat_h=yes
ac_cv_header_sys_time_h=yes
ac_cv_header_sys_types_h=yes
ac_cv_header_sys_wait_h=yes
ac_cv_header_time=yes
ac_cv_header_unistd_h=yes
ac_cv_host=x86_64-unknown-linux-gnu
ac_cv_lib_curl_curl_easy_setopt=no
ac_cv_lib_m_floor=yes
ac_cv_member_struct_stat_st_blksize=yes
ac_cv_objext=o
ac_cv_path_EGREP='/bin/grep -E'
ac_cv_path_FGREP='/bin/grep -F'
ac_cv_path_GREP=/bin/grep
ac_cv_path_SED=/bin/sed
ac_cv_path_install='/usr/bin/install -c'
ac_cv_path_mkdir=/bin/mkdir
ac_cv_prog_AWK=mawk
ac_cv_prog_CPP='gcc -E'
ac_cv_prog_ac_ct_AR=ar
ac_cv_prog_ac_ct_CC=gcc
ac_cv_prog_ac_ct_MANIFEST_TOOL=mt
ac_cv_prog_ac_ct_OBJDUMP=objdump
ac_cv_prog_ac_ct_RANLIB=ranlib
ac_cv_prog_ac_ct_STRIP=strip
ac_cv_prog_cc_c89=
ac_cv_prog_cc_g=yes
ac_cv_prog_cc_gcc_c_o=yes
ac_cv_prog_make_make_set=yes
ac_cv_search_opendir='none required'
ac_cv_sizeof_double=8
ac_cv_sizeof_float=4
ac_cv_sizeof_int=4
ac_cv_sizeof_long=8
ac_cv_sizeof_long_long=8
ac_cv_sizeof_off_t=8
ac_cv_sizeof_short=2
ac_cv_sizeof_size_t=8
ac_cv_sys_file_offset_bits=no
ac_cv_sys_largefile_CC=no
ac_cv_target=x86_64-unknown-linux-gnu
ac_cv_type__Bool=yes
ac_cv_type_longlong=no
ac_cv_type_off_t=yes
ac_cv_type_ptrdiff_t=yes
ac_cv_type_size_t=yes
ac_cv_type_ssize_t=yes
ac_cv_type_uchar=no
ac_cv_working_alloca_h=yes
am_cv_CC_dependencies_compiler_type=gcc3
lt_cv_ar_at_file=@
lt_cv_archive_cmds_need_lc=no
lt_cv_deplibs_check_method=pass_all
lt_cv_file_magic_cmd='$MAGIC_CMD'
lt_cv_file_magic_test_file=
lt_cv_ld_reload_flag=-r
lt_cv_nm_interface='BSD nm'
lt_cv_objdir=.libs
lt_cv_path_LD=/usr/bin/ld
lt_cv_path_NM='/usr/bin/nm -B'
lt_cv_path_mainfest_tool=no
lt_cv_prog_compiler_c_o=yes
lt_cv_prog_compiler_pic='-fPIC -DPIC'
lt_cv_prog_compiler_pic_works=yes
lt_cv_prog_compiler_rtti_exceptions=no
lt_cv_prog_compiler_static_works=yes
lt_cv_prog_gnu_ld=yes
lt_cv_sharedlib_from_linklib_cmd='printf %s\n'
lt_cv_shlibpath_overrides_runpath=no
lt_cv_sys_global_symbol_pipe='sed -n -e '\''s/^.*[	 ]\([ABCDGIRSTW][ABCDGIRSTW]*\)[	 ][	 ]*\([_A-Za-z][_A-Za-z0-9]*\)$/\1 \2 \2/p'\'' | sed '\''/ __gnu_lto/d'\'''
lt_cv_sys_global_symbol_to_c_name_address='sed -n -e '\''s/^: \([^ ]*\)[ ]*$/  {\"\1\", (void *) 0},/p'\'' -e '\''s/^[ABCDGIRSTW]* \([^ ]*\) \([^ ]*\)$/  {"\2", (void *) \&\2},/p'\'''
lt_cv_sys_global_symbol_to_c_name_address_lib_prefix='sed -n -e '\''s/^: \([^ ]*\)[ ]*$/  {\"\1\", (void *) 0},/p'\'' -e '\''s/^[ABCDGIRSTW]* \([^ ]*\) \(lib[^ ]*\)$/  {"\2", (void *) \&\2},/p'\'' -e '\''s/^[ABCDGIRSTW]* \([^ ]*\) \([^ ]*\)$/  {"lib\2", (void *) \&\2},/p'\'''
lt_cv_sys_global_symbol_to_cdecl='sed -n -e '\''s/^T .* \(.*\)$/extern int \1();/p'\'' -e '\''s/^[ABCDGIRSTW]* .* \(.*\)$/extern char \1;/p'\'''
lt_cv_sys_max_cmd_len=1572864
lt_cv_to_host_file_cmd=func_convert_file_noop
lt_cv_to_tool_file_cmd=func_convert_file_noop

## ----------------- ##
## Output variables. ##
## ----------------- ##

ACLOCAL='${SHELL} /home/ariana/workspace/enisi/hpylori_compartments/deps/src/project_repast/INSTALLATION/netcdf-4.2.1.1/missing --run aclocal-1.11'
ALLOCA=''
AMDEPBACKSLASH='\'
AMDEP_FALSE='#'
AMDEP_TRUE=''
AMTAR='${SHELL} /home/ariana/workspace/enisi/hpylori_compartments/deps/src/project_repast/INSTALLATION/netcdf-4.2.1.1/missing --run tar'
AR='ar'
AS='as'
AUTOCONF='${SHELL} /home/ariana/workspace/enisi/hpylori_compartments/deps/src/project_repast/INSTALLATION/netcdf-4.2.1.1/missing --run autoconf'
AUTOHEADER='${SHELL} /home/ariana/workspace/enisi/hpylori_compartments/deps/src/project_repast/INSTALLATION/netcdf-4.2.1.1/missing --run autoheader'
AUTOMAKE='${SHELL} /home/ariana/workspace/enisi/hpylori_compartments/deps/src/project_repast/INSTALLATION/netcdf-4.2.1.1/missing --run automake-1.11'
AWK='mawk'
BINFILE_NAME='binary-netcdf-4.2.1.1_nc3.tar'
BUILD_BENCHMARKS_FALSE=''
BUILD_BENCHMARKS_TRUE='#'
BUILD_CDMREMOTE_FALSE=''
BUILD_CDMREMOTE_TRUE='#'
BUILD_DAP_FALSE=''
BUILD_DAP_TRUE='#'
BUILD_DISKLESS_FALSE='#'
BUILD_DISKLESS_TRUE=''
BUILD_DLL_FALSE=''
BUILD_DLL_TRUE='#'
BUILD_DOCS_FALSE=''
BUILD_DOCS_TRUE='#'
BUILD_EXAMPLES_FALSE='#'
BUILD_EXAMPLES_TRUE=''
BUILD_INTERNAL_DOCS='no'
BUILD_MMAP_FALSE=''
BUILD_MMAP_TRUE='#'
BUILD_PARALLEL_FALSE=''
BUILD_PARALLEL_TRUE='#'
BUILD_RPC_FALSE=''
BUILD_RPC_TRUE='#'
BUILD_TESTSETS_FALSE='#'
BUILD_TESTSETS_TRUE=''
BUILD_UTILITIES_FALSE='#'
BUILD_UTILITIES_TRUE=''
BUILD_V2_FALSE='#'
BUILD_V2_TRUE=''
CC='gcc'
CCDEPMODE='depmode=gcc3'
CFLAGS='-g -O2'
CPP='gcc -E'
CPPFLAGS=''
CROSS_COMPILING_FALSE=''
CROSS_COMPILING_TRUE='#'
CYGPATH_W='echo'
DEFS='-DHAVE_CONFIG_H'
DEPDIR='.deps'
DLLTOOL='false'
DOXYGEN=''
DSYMUTIL=''
DUMPBIN=''
ECHO_C=''
ECHO_N='-n'
ECHO_T=''
EGREP='/bin/grep -E'
ENABLE_DAP_LONG_TESTS_FALSE=''
ENABLE_DAP_LONG_TESTS_TRUE='#'
ENABLE_DAP_REMOTE_TESTS_FALSE=''
ENABLE_DAP_REMOTE_TESTS_TRUE='#'
EXEEXT=''
EXTRA_EXAMPLE_TESTS_FALSE=''
EXTRA_EXAMPLE_TESTS_TRUE='#'
EXTRA_TESTS_FALSE=''
EXTRA_TESTS_TRUE='#'
FGREP='/bin/grep -F'
FTPBINDIR='/home/ftp/pub/binary/dummy_system'
GREP='/bin/grep'
HAS_DAP='no'
HAS_HDF4='no'
HAS_HDF5='no'
HAS_NC2='yes'
HAS_NC4='no'
HAS_PNETCDF='no'
HAS_SZLIB=''
INSTALL_DATA='${INSTALL} -m 644'
INSTALL_PROGRAM='${INSTALL}'
INSTALL_SCRIPT='${INSTALL}'
INSTALL_STRIP_PROGRAM='$(install_sh) -c -s'
INTERNAL_OCLIB_FALSE='#'
INTERNAL_OCLIB_TRUE=''
LARGE_FILE_TESTS_FALSE=''
LARGE_FILE_TESTS_TRUE='#'
LD='/usr/bin/ld -m elf_x86_64'
LDFLAGS=''
LIBOBJS=''
LIBS='-lm '
LIBTOOL='$(SHELL) $(top_builddir)/libtool'
LIPO=''
LN_S='ln -s'
LTLIBOBJS=''
MAKEINFO='${SHELL} /home/ariana/workspace/enisi/hpylori_compartments/deps/src/project_repast/INSTALLATION/netcdf-4.2.1.1/missing --run makeinfo'
MANIFEST_TOOL=':'
MKDIR_P='/bin/mkdir -p'
NC_LIBS='-lnetcdf'
NM='/usr/bin/nm -B'
NMEDIT=''
OBJDUMP='objdump'
OBJEXT='o'
OTOOL64=''
OTOOL=''
PACKAGE='netcdf'
PACKAGE_BUGREPORT='support-netcdf@unidata.ucar.edu'
PACKAGE_NAME='netCDF'
PACKAGE_STRING='netCDF 4.2.1.1'
PACKAGE_TARNAME='netcdf'
PACKAGE_URL=''
PACKAGE_VERSION='4.2.1.1'
PATH_SEPARATOR=':'
RANLIB='ranlib'
SED='/bin/sed'
SET_MAKE=''
SHELL='/bin/bash'
STRIP='strip'
TEST_PARALLEL_FALSE=''
TEST_PARALLEL_TRUE='#'
USE_DAP_FALSE=''
USE_DAP_TRUE='#'
USE_DISPATCH_FALSE=''
USE_DISPATCH_TRUE='#'
USE_FFIO_FALSE=''
USE_FFIO_TRUE='#'
USE_HDF4_FALSE=''
USE_HDF4_FILE_TESTS_FALSE=''
USE_HDF4_FILE_TESTS_TRUE='#'
USE_HDF4_TRUE='#'
USE_LOGGING_FALSE=''
USE_LOGGING_TRUE='#'
USE_NETCDF4_FALSE=''
USE_NETCDF4_TRUE='#'
USE_PNETCDF_DIR_FALSE=''
USE_PNETCDF_DIR_TRUE='#'
USE_PNETCDF_FALSE=''
USE_PNETCDF_TRUE='#'
USE_RENAMEV3_FALSE=''
USE_RENAMEV3_TRUE='#'
USE_SZIP_FALSE=''
USE_SZIP_TRUE='#'
USE_VALGRIND_TESTS_FALSE=''
USE_VALGRIND_TESTS_TRUE='#'
VERSION='4.2.1.1'
ac_ct_AR='ar'
ac_ct_CC='gcc'
ac_ct_DUMPBIN=''
am__EXEEXT_FALSE=''
am__EXEEXT_TRUE='#'
am__fastdepCC_FALSE='#'
am__fastdepCC_TRUE=''
am__include='include'
am__isrc=''
am__leading_dot='.'
am__quote=''
am__tar='${AMTAR} chof - "$$tardir"'
am__untar='${AMTAR} xf -'
bindir='${exec_prefix}/bin'
build='x86_64-unknown-linux-gnu'
build_alias=''
build_cpu='x86_64'
build_os='linux-gnu'
build_vendor='unknown'
datadir='${datarootdir}'
datarootdir='${prefix}/share'
docdir='${datarootdir}/doc/${PACKAGE_TARNAME}'
dvidir='${docdir}'
exec_prefix='${prefix}'
host='x86_64-unknown-linux-gnu'
host_alias=''
host_cpu='x86_64'
host_os='linux-gnu'
host_vendor='unknown'
htmldir='${docdir}'
includedir='${prefix}/include'
infodir='${datarootdir}/info'
install_sh='${SHELL} /home/ariana/workspace/enisi/hpylori_compartments/deps/src/project_repast/INSTALLATION/netcdf-4.2.1.1/install-sh'
libdir='${exec_prefix}/lib'
libexecdir='${exec_prefix}/libexec'
localedir='${datarootdir}/locale'
localstatedir='${prefix}/var'
mandir='${datarootdir}/man'
mkdir_p='/bin/mkdir -p'
oldincludedir='/usr/include'
pdfdir='${docdir}'
prefix='/home/ariana/workspace/enisi/hpylori_compartments/deps/src/project_repast/ext//NetCDF'
program_transform_name='s,x,x,'
psdir='${docdir}'
sbindir='${exec_prefix}/sbin'
sharedstatedir='${prefix}/com'
sysconfdir='${prefix}/etc'
target='x86_64-unknown-linux-gnu'
target_alias=''
target_cpu='x86_64'
target_os='linux-gnu'
target_vendor='unknown'

## ----------- ##
## confdefs.h. ##
## ----------- ##

/* confdefs.h */
#define PACKAGE_NAME "netCDF"
#define PACKAGE_TARNAME "netcdf"
#define PACKAGE_VERSION "4.2.1.1"
#define PACKAGE_STRING "netCDF 4.2.1.1"
#define PACKAGE_BUGREPORT "support-netcdf@unidata.ucar.edu"
#define PACKAGE_URL ""
#define PACKAGE "netcdf"
#define VERSION "4.2.1.1"
#define NCIO_MINBLOCKSIZE 256
#define USE_FSYNC 1
#define DEFAULT_CHUNK_SIZE 4194304
#define MAX_DEFAULT_CACHE_SIZE 67108864
#define DEFAULT_CHUNKS_IN_CACHE 10
#define CHUNK_CACHE_SIZE 4194304
#define CHUNK_CACHE_NELEMS 1009
#define CHUNK_CACHE_PREEMPTION 0.75
#define USE_EXTREME_NUMBERS 1
#define TEMP_LARGE "."
#define STDC_HEADERS 1
#define HAVE_SYS_TYPES_H 1
#define HAVE_SYS_STAT_H 1
#define HAVE_STDLIB_H 1
#define HAVE_STRING_H 1
#define HAVE_MEMORY_H 1
#define HAVE_STRINGS_H 1
#define HAVE_INTTYPES_H 1
#define HAVE_STDINT_H 1
#define HAVE_UNISTD_H 1
#define HAVE_DLFCN_H 1
#define LT_OBJDIR ".libs/"
#define HAVE_SYS_PARAM_H 1
#define HAVE_DIRENT_H 1
#define STDC_HEADERS 1
#define HAVE_SYS_WAIT_H 1
#define TIME_WITH_SYS_TIME 1
#define HAVE_LOCALE_H 1
#define HAVE_STDIO_H 1
#define HAVE_STDARG_H 1
#define HAVE_ERRNO_H 1
#define HAVE_CTYPE_H 1
#define HAVE_FCNTL_H 1
#define HAVE_MALLOC_H 1
#define HAVE_STDLIB_H 1
#define HAVE_STRING_H 1
#define HAVE_STRINGS_H 1
#define HAVE_UNISTD_H 1
#define HAVE_SYS_STAT_H 1
#define HAVE_GETOPT_H 1
#define HAVE_SYS_TIME_H 1
#define HAVE_VPRINTF 1
#define HAVE_SYS_RESOURCE_H 1
#define HAVE__BOOL 1
#define HAVE_STDBOOL_H 1
#define HAVE_STRERROR 1
#define HAVE_SNPRINTF 1
#define HAVE_STRCHR 1
#define HAVE_STRRCHR 1
#define HAVE_STRCAT 1
#define HAVE_STRCPY 1
#define HAVE_STRDUP 1
#define HAVE_STRCASECMP 1
#define HAVE_STRTOD 1
#define HAVE_STRTOLL 1
#define HAVE_STRTOULL 1
#define HAVE_STRSTR 1
#define HAVE_MKSTEMP 1
#define HAVE_RAND 1
#define HAVE_GETRLIMIT 1
#define HAVE_GETTIMEOFDAY 1
#define HAVE_FSYNC 1
#define HAVE_MEMMOVE 1
#define HAVE_GETPAGESIZE 1
#define HAVE_SYSCONF 1
#define HAVE_STDLIB_H 1
#define HAVE_UNISTD_H 1
#define HAVE_SYS_PARAM_H 1
#define HAVE_GETPAGESIZE 1
#define HAVE_MMAP 1
#define HAVE_MREMAP 1
#define USE_DISKLESS 1
#define HAVE_ALLOCA_H 1
#define HAVE_ALLOCA 1
#define HAVE_DECL_ISNAN 1
#define HAVE_DECL_ISINF 1
#define HAVE_DECL_ISFINITE 1
#define HAVE_DECL_SIGNBIT 1
#define HAVE_STRUCT_STAT_ST_BLKSIZE 1
#define HAVE_ST_BLKSIZE 1
#define HAVE_SSIZE_T 1
#define HAVE_PTRDIFF_T 1
#define SIZEOF_SHORT 2
#define SIZEOF_INT 4
#define SIZEOF_LONG 8
#define SIZEOF_LONG_LONG 8
#define SIZEOF_FLOAT 4
#define SIZEOF_DOUBLE 8
#define SIZEOF_OFF_T 8
#define SIZEOF_SIZE_T 8
#define HAVE_LIBM 1

configure: exit 0
