This file contains any messages produced by compilers while
running configure, to aid debugging if configure makes a mistake.

It was created by OpenPA configure 1.0.2, which was
generated by GNU Autoconf 2.63.  Invocation command line was

  $ /home/ariana/workspace/enisi/hpylori_compartments/deps/src/project_repast/INSTALLATION/mpich2-1.4.1p1/src/openpa/configure --with-atomic-primitives=auto_allow_emulation --prefix=/home/ariana/workspace/enisi/hpylori_compartments/deps/src/project_repast/ext//MPICH --disable-f77 --disable-fc --disable-option-checking

## --------- ##
## Platform. ##
## --------- ##

hostname = herbst-Lenovo-B40-80
uname -m = x86_64
uname -r = 4.4.0-36-generic
uname -s = Linux
uname -v = #55-Ubuntu SMP Thu Aug 11 18:01:55 UTC 2016

/usr/bin/uname -p = unknown
/bin/uname -X     = unknown

/bin/arch              = unknown
/usr/bin/arch -k       = unknown
/usr/convex/getsysinfo = unknown
/usr/bin/hostinfo      = unknown
/bin/machine           = unknown
/usr/bin/oslevel       = unknown
/bin/universe          = unknown

PATH: /usr/local/sbin
PATH: /usr/local/bin
PATH: /usr/sbin
PATH: /usr/bin
PATH: /sbin
PATH: /bin
PATH: /usr/games
PATH: /usr/local/games
PATH: /snap/bin


## ----------- ##
## Core tests. ##
## ----------- ##

configure:2093: checking for a BSD-compatible install
configure:2161: result: /usr/bin/install -c
configure:2172: checking whether build environment is sane
configure:2232: result: yes
configure:2373: checking for a thread-safe mkdir -p
configure:2412: result: /bin/mkdir -p
configure:2425: checking for gawk
configure:2455: result: no
configure:2425: checking for mawk
configure:2441: found /usr/bin/mawk
configure:2452: result: mawk
configure:2463: checking whether make sets $(MAKE)
configure:2485: result: yes
configure:2603: checking build system type
configure:2621: result: x86_64-unknown-linux-gnu
configure:2643: checking host system type
configure:2658: result: x86_64-unknown-linux-gnu
configure:2692: checking for style of include used by make
configure:2720: result: GNU
configure:2790: checking for gcc
configure:2806: found /usr/bin/gcc
configure:2817: result: gcc
configure:3049: checking for C compiler version
configure:3057: gcc --version >&5
gcc (Ubuntu 5.4.0-6ubuntu1~16.04.2) 5.4.0 20160609
Copyright (C) 2015 Free Software Foundation, Inc.
This is free software; see the source for copying conditions.  There is NO
warranty; not even for MERCHANTABILITY or FITNESS FOR A PARTICULAR PURPOSE.

configure:3061: $? = 0
configure:3068: gcc -v >&5
Using built-in specs.
COLLECT_GCC=gcc
COLLECT_LTO_WRAPPER=/usr/lib/gcc/x86_64-linux-gnu/5/lto-wrapper
Target: x86_64-linux-gnu
Configured with: ../src/configure -v --with-pkgversion='Ubuntu 5.4.0-6ubuntu1~16.04.2' --with-bugurl=file:///usr/share/doc/gcc-5/README.Bugs --enable-languages=c,ada,c++,java,go,d,fortran,objc,obj-c++ --prefix=/usr --program-suffix=-5 --enable-shared --enable-linker-build-id --libexecdir=/usr/lib --without-included-gettext --enable-threads=posix --libdir=/usr/lib --enable-nls --with-sysroot=/ --enable-clocale=gnu --enable-libstdcxx-debug --enable-libstdcxx-time=yes --with-default-libstdcxx-abi=new --enable-gnu-unique-object --disable-vtable-verify --enable-libmpx --enable-plugin --with-system-zlib --disable-browser-plugin --enable-java-awt=gtk --enable-gtk-cairo --with-java-home=/usr/lib/jvm/java-1.5.0-gcj-5-amd64/jre --enable-java-home --with-jvm-root-dir=/usr/lib/jvm/java-1.5.0-gcj-5-amd64 --with-jvm-jar-dir=/usr/lib/jvm-exports/java-1.5.0-gcj-5-amd64 --with-arch-directory=amd64 --with-ecj-jar=/usr/share/java/eclipse-ecj.jar --enable-objc-gc --enable-multiarch --disable-werror --with-arch-32=i686 --with-abi=m64 --with-multilib-list=m32,m64,mx32 --enable-multilib --with-tune=generic --enable-checking=release --build=x86_64-linux-gnu --host=x86_64-linux-gnu --target=x86_64-linux-gnu
Thread model: posix
gcc version 5.4.0 20160609 (Ubuntu 5.4.0-6ubuntu1~16.04.2) 
configure:3072: $? = 0
configure:3079: gcc -V >&5
gcc: error: unrecognized command line option '-V'
gcc: fatal error: no input files
compilation terminated.
configure:3083: $? = 1
configure:3106: checking for C compiler default output file name
configure:3128: gcc      conftest.c  >&5
configure:3132: $? = 0
configure:3170: result: a.out
configure:3189: checking whether the C compiler works
configure:3199: ./a.out
configure:3203: $? = 0
configure:3222: result: yes
configure:3229: checking whether we are cross compiling
configure:3231: result: no
configure:3234: checking for suffix of executables
configure:3241: gcc -o conftest      conftest.c  >&5
configure:3245: $? = 0
configure:3271: result: 
configure:3277: checking for suffix of object files
configure:3303: gcc -c     conftest.c >&5
configure:3307: $? = 0
configure:3332: result: o
configure:3336: checking whether we are using the GNU C compiler
configure:3365: gcc -c     conftest.c >&5
configure:3372: $? = 0
configure:3389: result: yes
configure:3398: checking whether gcc accepts -g
configure:3428: gcc -c -g  conftest.c >&5
configure:3435: $? = 0
configure:3536: result: yes
configure:3553: checking for gcc option to accept ISO C89
configure:3627: gcc  -c     conftest.c >&5
configure:3634: $? = 0
configure:3657: result: none needed
configure:3677: checking dependency style of gcc
configure:3787: result: gcc3
configure:3802: checking for a sed that does not truncate output
configure:3868: result: /bin/sed
configure:3886: checking for grep that handles long lines and -e
configure:3946: result: /bin/grep
configure:3951: checking for egrep
configure:4015: result: /bin/grep -E
configure:4020: checking for fgrep
configure:4084: result: /bin/grep -F
configure:4119: checking for ld used by gcc
configure:4186: result: /usr/bin/ld
configure:4195: checking if the linker (/usr/bin/ld) is GNU ld
configure:4210: result: yes
configure:4222: checking for BSD- or MS-compatible name lister (nm)
configure:4271: result: /usr/bin/nm -B
configure:4389: checking the name lister (/usr/bin/nm -B) interface
configure:4396: gcc -c     conftest.c >&5
configure:4399: /usr/bin/nm -B "conftest.o"
configure:4402: output
0000000000000000 B some_variable
configure:4409: result: BSD nm
configure:4412: checking whether ln -s works
configure:4416: result: yes
configure:4424: checking the maximum length of command line arguments
configure:4544: result: 1572864
configure:4561: checking whether the shell understands some XSI constructs
configure:4571: result: yes
configure:4575: checking whether the shell understands "+="
configure:4581: result: yes
configure:4616: checking for /usr/bin/ld option to reload object files
configure:4623: result: -r
configure:4692: checking for objdump
configure:4708: found /usr/bin/objdump
configure:4719: result: objdump
configure:4751: checking how to recognize dependent libraries
configure:4947: result: pass_all
configure:5007: checking for ar
configure:5023: found /usr/bin/ar
configure:5034: result: ar
configure:5112: checking for strip
configure:5128: found /usr/bin/strip
configure:5139: result: strip
configure:5211: checking for ranlib
configure:5227: found /usr/bin/ranlib
configure:5238: result: ranlib
configure:5328: checking command to parse /usr/bin/nm -B output from gcc object
configure:5446: gcc -c     conftest.c >&5
configure:5449: $? = 0
configure:5453: /usr/bin/nm -B conftest.o \| sed -n -e 's/^.*[	 ]\([ABCDGIRSTW][ABCDGIRSTW]*\)[	 ][	 ]*\([_A-Za-z][_A-Za-z0-9]*\)$/\1 \2 \2/p' \> conftest.nm
configure:5456: $? = 0
configure:5510: gcc -o conftest      conftest.c conftstm.o >&5
configure:5513: $? = 0
configure:5551: result: ok
configure:5647: gcc -c     conftest.c >&5
configure:5650: $? = 0
configure:6418: checking how to run the C preprocessor
configure:6458: gcc -E  conftest.c
configure:6465: $? = 0
configure:6496: gcc -E  conftest.c
conftest.c:10:28: fatal error: ac_nonexistent.h: No such file or directory
compilation terminated.
configure:6503: $? = 1
configure: failed program was:
| /* confdefs.h.  */
| #define PACKAGE_NAME "OpenPA"
| #define PACKAGE_TARNAME "openpa"
| #define PACKAGE_VERSION "1.0.2"
| #define PACKAGE_STRING "OpenPA 1.0.2"
| #define PACKAGE_BUGREPORT "https://trac.mcs.anl.gov/projects/openpa/newticket"
| #define PACKAGE "openpa"
| #define VERSION "1.0.2"
| /* end confdefs.h.  */
| #include <ac_nonexistent.h>
configure:6536: result: gcc -E
configure:6565: gcc -E  conftest.c
configure:6572: $? = 0
configure:6603: gcc -E  conftest.c
conftest.c:10:28: fatal error: ac_nonexistent.h: No such file or directory
compilation terminated.
configure:6610: $? = 1
configure: failed program was:
| /* confdefs.h.  */
| #define PACKAGE_NAME "OpenPA"
| #define PACKAGE_TARNAME "openpa"
| #define PACKAGE_VERSION "1.0.2"
| #define PACKAGE_STRING "OpenPA 1.0.2"
| #define PACKAGE_BUGREPORT "https://trac.mcs.anl.gov/projects/openpa/newticket"
| #define PACKAGE "openpa"
| #define VERSION "1.0.2"
| /* end confdefs.h.  */
| #include <ac_nonexistent.h>
configure:6650: checking for ANSI C header files
configure:6680: gcc -c     conftest.c >&5
configure:6687: $? = 0
configure:6786: gcc -o conftest      conftest.c  >&5
configure:6790: $? = 0
configure:6796: ./conftest
configure:6800: $? = 0
configure:6818: result: yes
configure:6842: checking for sys/types.h
configure:6863: gcc -c     conftest.c >&5
configure:6870: $? = 0
configure:6887: result: yes
configure:6842: checking for sys/stat.h
configure:6863: gcc -c     conftest.c >&5
configure:6870: $? = 0
configure:6887: result: yes
configure:6842: checking for stdlib.h
configure:6863: gcc -c     conftest.c >&5
configure:6870: $? = 0
configure:6887: result: yes
configure:6842: checking for string.h
configure:6863: gcc -c     conftest.c >&5
configure:6870: $? = 0
configure:6887: result: yes
configure:6842: checking for memory.h
configure:6863: gcc -c     conftest.c >&5
configure:6870: $? = 0
configure:6887: result: yes
configure:6842: checking for strings.h
configure:6863: gcc -c     conftest.c >&5
configure:6870: $? = 0
configure:6887: result: yes
configure:6842: checking for inttypes.h
configure:6863: gcc -c     conftest.c >&5
configure:6870: $? = 0
configure:6887: result: yes
configure:6842: checking for stdint.h
configure:6863: gcc -c     conftest.c >&5
configure:6870: $? = 0
configure:6887: result: yes
configure:6842: checking for unistd.h
configure:6863: gcc -c     conftest.c >&5
configure:6870: $? = 0
configure:6887: result: yes
configure:6905: checking for dlfcn.h
configure:6926: gcc -c     conftest.c >&5
configure:6933: $? = 0
configure:6950: result: yes
configure:7135: checking for objdir
configure:7150: result: .libs
configure:7446: checking if gcc supports -fno-rtti -fno-exceptions
configure:7464: gcc -c     -fno-rtti -fno-exceptions conftest.c >&5
cc1: warning: command line option '-fno-rtti' is valid for C++/ObjC++ but not for C
configure:7468: $? = 0
configure:7481: result: no
configure:7501: checking for gcc option to produce PIC
configure:7773: result: -fPIC -DPIC
configure:7785: checking if gcc PIC flag -fPIC -DPIC works
configure:7803: gcc -c     -fPIC -DPIC -DPIC conftest.c >&5
configure:7807: $? = 0
configure:7820: result: yes
configure:7844: checking if gcc static flag -static works
configure:7872: result: yes
configure:7887: checking if gcc supports -c -o file.o
configure:7908: gcc -c     -o out/conftest2.o conftest.c >&5
configure:7912: $? = 0
configure:7934: result: yes
configure:7942: checking if gcc supports -c -o file.o
configure:7989: result: yes
configure:8022: checking whether the gcc linker (/usr/bin/ld -m elf_x86_64) supports shared libraries
configure:9096: result: yes
configure:9335: checking dynamic linker characteristics
configure:9778: gcc -o conftest      -Wl,-rpath -Wl,/foo conftest.c  >&5
configure:9785: $? = 0
configure:10018: result: GNU/Linux ld.so
configure:10120: checking how to hardcode library paths into programs
configure:10145: result: immediate
configure:10978: checking whether stripping libraries is possible
configure:10983: result: yes
configure:11018: checking if libtool supports shared libraries
configure:11020: result: yes
configure:11023: checking whether to build shared libraries
configure:11044: result: no
configure:11047: checking whether to build static libraries
configure:11051: result: yes
configure:11167: checking for gcc
configure:11194: result: gcc
configure:11426: checking for C compiler version
configure:11434: gcc --version >&5
gcc (Ubuntu 5.4.0-6ubuntu1~16.04.2) 5.4.0 20160609
Copyright (C) 2015 Free Software Foundation, Inc.
This is free software; see the source for copying conditions.  There is NO
warranty; not even for MERCHANTABILITY or FITNESS FOR A PARTICULAR PURPOSE.

configure:11438: $? = 0
configure:11445: gcc -v >&5
Using built-in specs.
COLLECT_GCC=gcc
COLLECT_LTO_WRAPPER=/usr/lib/gcc/x86_64-linux-gnu/5/lto-wrapper
Target: x86_64-linux-gnu
Configured with: ../src/configure -v --with-pkgversion='Ubuntu 5.4.0-6ubuntu1~16.04.2' --with-bugurl=file:///usr/share/doc/gcc-5/README.Bugs --enable-languages=c,ada,c++,java,go,d,fortran,objc,obj-c++ --prefix=/usr --program-suffix=-5 --enable-shared --enable-linker-build-id --libexecdir=/usr/lib --without-included-gettext --enable-threads=posix --libdir=/usr/lib --enable-nls --with-sysroot=/ --enable-clocale=gnu --enable-libstdcxx-debug --enable-libstdcxx-time=yes --with-default-libstdcxx-abi=new --enable-gnu-unique-object --disable-vtable-verify --enable-libmpx --enable-plugin --with-system-zlib --disable-browser-plugin --enable-java-awt=gtk --enable-gtk-cairo --with-java-home=/usr/lib/jvm/java-1.5.0-gcj-5-amd64/jre --enable-java-home --with-jvm-root-dir=/usr/lib/jvm/java-1.5.0-gcj-5-amd64 --with-jvm-jar-dir=/usr/lib/jvm-exports/java-1.5.0-gcj-5-amd64 --with-arch-directory=amd64 --with-ecj-jar=/usr/share/java/eclipse-ecj.jar --enable-objc-gc --enable-multiarch --disable-werror --with-arch-32=i686 --with-abi=m64 --with-multilib-list=m32,m64,mx32 --enable-multilib --with-tune=generic --enable-checking=release --build=x86_64-linux-gnu --host=x86_64-linux-gnu --target=x86_64-linux-gnu
Thread model: posix
gcc version 5.4.0 20160609 (Ubuntu 5.4.0-6ubuntu1~16.04.2) 
configure:11449: $? = 0
configure:11456: gcc -V >&5
gcc: error: unrecognized command line option '-V'
gcc: fatal error: no input files
compilation terminated.
configure:11460: $? = 1
configure:11463: checking whether we are using the GNU C compiler
configure:11516: result: yes
configure:11525: checking whether gcc accepts -g
configure:11663: result: yes
configure:11680: checking for gcc option to accept ISO C89
configure:11784: result: none needed
configure:11804: checking dependency style of gcc
configure:11914: result: gcc3
configure:11931: checking whether to enable assertions
configure:11943: result: yes
configure:11970: checking pthread.h usability
configure:11987: gcc -c     conftest.c >&5
configure:11994: $? = 0
configure:12008: result: yes
configure:12012: checking pthread.h presence
configure:12027: gcc -E  conftest.c
configure:12034: $? = 0
configure:12048: result: yes
configure:12081: checking for pthread.h
configure:12090: result: yes
configure:11970: checking atomic.h usability
configure:11987: gcc -c     conftest.c >&5
conftest.c:56:20: fatal error: atomic.h: No such file or directory
compilation terminated.
configure:11994: $? = 1
configure: failed program was:
| /* confdefs.h.  */
| #define PACKAGE_NAME "OpenPA"
| #define PACKAGE_TARNAME "openpa"
| #define PACKAGE_VERSION "1.0.2"
| #define PACKAGE_STRING "OpenPA 1.0.2"
| #define PACKAGE_BUGREPORT "https://trac.mcs.anl.gov/projects/openpa/newticket"
| #define PACKAGE "openpa"
| #define VERSION "1.0.2"
| #define STDC_HEADERS 1
| #define HAVE_SYS_TYPES_H 1
| #define HAVE_SYS_STAT_H 1
| #define HAVE_STDLIB_H 1
| #define HAVE_STRING_H 1
| #define HAVE_MEMORY_H 1
| #define HAVE_STRINGS_H 1
| #define HAVE_INTTYPES_H 1
| #define HAVE_STDINT_H 1
| #define HAVE_UNISTD_H 1
| #define HAVE_DLFCN_H 1
| #define LT_OBJDIR ".libs/"
| #define HAVE_PTHREAD_H 1
| /* end confdefs.h.  */
| #include <stdio.h>
| #ifdef HAVE_SYS_TYPES_H
| # include <sys/types.h>
| #endif
| #ifdef HAVE_SYS_STAT_H
| # include <sys/stat.h>
| #endif
| #ifdef STDC_HEADERS
| # include <stdlib.h>
| # include <stddef.h>
| #else
| # ifdef HAVE_STDLIB_H
| #  include <stdlib.h>
| # endif
| #endif
| #ifdef HAVE_STRING_H
| # if !defined STDC_HEADERS && defined HAVE_MEMORY_H
| #  include <memory.h>
| # endif
| # include <string.h>
| #endif
| #ifdef HAVE_STRINGS_H
| # include <strings.h>
| #endif
| #ifdef HAVE_INTTYPES_H
| # include <inttypes.h>
| #endif
| #ifdef HAVE_STDINT_H
| # include <stdint.h>
| #endif
| #ifdef HAVE_UNISTD_H
| # include <unistd.h>
| #endif
| #include <atomic.h>
configure:12008: result: no
configure:12012: checking atomic.h presence
configure:12027: gcc -E  conftest.c
conftest.c:23:20: fatal error: atomic.h: No such file or directory
compilation terminated.
configure:12034: $? = 1
configure: failed program was:
| /* confdefs.h.  */
| #define PACKAGE_NAME "OpenPA"
| #define PACKAGE_TARNAME "openpa"
| #define PACKAGE_VERSION "1.0.2"
| #define PACKAGE_STRING "OpenPA 1.0.2"
| #define PACKAGE_BUGREPORT "https://trac.mcs.anl.gov/projects/openpa/newticket"
| #define PACKAGE "openpa"
| #define VERSION "1.0.2"
| #define STDC_HEADERS 1
| #define HAVE_SYS_TYPES_H 1
| #define HAVE_SYS_STAT_H 1
| #define HAVE_STDLIB_H 1
| #define HAVE_STRING_H 1
| #define HAVE_MEMORY_H 1
| #define HAVE_STRINGS_H 1
| #define HAVE_INTTYPES_H 1
| #define HAVE_STDINT_H 1
| #define HAVE_UNISTD_H 1
| #define HAVE_DLFCN_H 1
| #define LT_OBJDIR ".libs/"
| #define HAVE_PTHREAD_H 1
| /* end confdefs.h.  */
| #include <atomic.h>
configure:12048: result: no
configure:12081: checking for atomic.h
configure:12090: result: no
configure:11970: checking intrin.h usability
configure:11987: gcc -c     conftest.c >&5
conftest.c:56:20: fatal error: intrin.h: No such file or directory
compilation terminated.
configure:11994: $? = 1
configure: failed program was:
| /* confdefs.h.  */
| #define PACKAGE_NAME "OpenPA"
| #define PACKAGE_TARNAME "openpa"
| #define PACKAGE_VERSION "1.0.2"
| #define PACKAGE_STRING "OpenPA 1.0.2"
| #define PACKAGE_BUGREPORT "https://trac.mcs.anl.gov/projects/openpa/newticket"
| #define PACKAGE "openpa"
| #define VERSION "1.0.2"
| #define STDC_HEADERS 1
| #define HAVE_SYS_TYPES_H 1
| #define HAVE_SYS_STAT_H 1
| #define HAVE_STDLIB_H 1
| #define HAVE_STRING_H 1
| #define HAVE_MEMORY_H 1
| #define HAVE_STRINGS_H 1
| #define HAVE_INTTYPES_H 1
| #define HAVE_STDINT_H 1
| #define HAVE_UNISTD_H 1
| #define HAVE_DLFCN_H 1
| #define LT_OBJDIR ".libs/"
| #define HAVE_PTHREAD_H 1
| /* end confdefs.h.  */
| #include <stdio.h>
| #ifdef HAVE_SYS_TYPES_H
| # include <sys/types.h>
| #endif
| #ifdef HAVE_SYS_STAT_H
| # include <sys/stat.h>
| #endif
| #ifdef STDC_HEADERS
| # include <stdlib.h>
| # include <stddef.h>
| #else
| # ifdef HAVE_STDLIB_H
| #  include <stdlib.h>
| # endif
| #endif
| #ifdef HAVE_STRING_H
| # if !defined STDC_HEADERS && defined HAVE_MEMORY_H
| #  include <memory.h>
| # endif
| # include <string.h>
| #endif
| #ifdef HAVE_STRINGS_H
| # include <strings.h>
| #endif
| #ifdef HAVE_INTTYPES_H
| # include <inttypes.h>
| #endif
| #ifdef HAVE_STDINT_H
| # include <stdint.h>
| #endif
| #ifdef HAVE_UNISTD_H
| # include <unistd.h>
| #endif
| #include <intrin.h>
configure:12008: result: no
configure:12012: checking intrin.h presence
configure:12027: gcc -E  conftest.c
conftest.c:23:20: fatal error: intrin.h: No such file or directory
compilation terminated.
configure:12034: $? = 1
configure: failed program was:
| /* confdefs.h.  */
| #define PACKAGE_NAME "OpenPA"
| #define PACKAGE_TARNAME "openpa"
| #define PACKAGE_VERSION "1.0.2"
| #define PACKAGE_STRING "OpenPA 1.0.2"
| #define PACKAGE_BUGREPORT "https://trac.mcs.anl.gov/projects/openpa/newticket"
| #define PACKAGE "openpa"
| #define VERSION "1.0.2"
| #define STDC_HEADERS 1
| #define HAVE_SYS_TYPES_H 1
| #define HAVE_SYS_STAT_H 1
| #define HAVE_STDLIB_H 1
| #define HAVE_STRING_H 1
| #define HAVE_MEMORY_H 1
| #define HAVE_STRINGS_H 1
| #define HAVE_INTTYPES_H 1
| #define HAVE_STDINT_H 1
| #define HAVE_UNISTD_H 1
| #define HAVE_DLFCN_H 1
| #define LT_OBJDIR ".libs/"
| #define HAVE_PTHREAD_H 1
| /* end confdefs.h.  */
| #include <intrin.h>
configure:12048: result: no
configure:12081: checking for intrin.h
configure:12090: result: no
configure:11959: checking for inttypes.h
configure:11966: result: yes
configure:11959: checking for stdint.h
configure:11966: result: yes
configure:11970: checking stddef.h usability
configure:11987: gcc -c     conftest.c >&5
configure:11994: $? = 0
configure:12008: result: yes
configure:12012: checking stddef.h presence
configure:12027: gcc -E  conftest.c
configure:12034: $? = 0
configure:12048: result: yes
configure:12081: checking for stddef.h
configure:12090: result: yes
configure:12106: checking for C/C++ restrict keyword
configure:12141: gcc -c     conftest.c >&5
configure:12148: $? = 0
configure:12166: result: __restrict
configure:12182: checking for inline
configure:12208: gcc -c     conftest.c >&5
configure:12215: $? = 0
configure:12233: result: inline
configure:12255: checking for an ANSI C-conforming const
configure:12330: gcc -c     conftest.c >&5
configure:12337: $? = 0
configure:12352: result: yes
configure:12364: checking for pthread_create in -lpthread
configure:12399: gcc -o conftest      conftest.c -lpthread   >&5
configure:12406: $? = 0
configure:12427: result: yes
configure:12443: checking for pthread_yield
configure:12499: gcc -o conftest      conftest.c -lpthread  >&5
configure:12506: $? = 0
configure:12528: result: yes
configure:12782: checking if 100 threads can be run at once
configure:12830: gcc -o conftest      conftest.c -lpthread  >&5
configure:12834: $? = 0
configure:12840: ./conftest
configure:12844: $? = 0
configure:12846: result: yes
configure:12963: checking size of void *
configure:13268: gcc -o conftest      conftest.c -lpthread  >&5
configure:13272: $? = 0
configure:13278: ./conftest
configure:13282: $? = 0
configure:13308: result: 8
configure:13322: checking size of int
configure:13627: gcc -o conftest      conftest.c -lpthread  >&5
configure:13631: $? = 0
configure:13637: ./conftest
configure:13641: $? = 0
configure:13667: result: 4
configure:13679: checking whether __attribute__ allowed
configure:13706: gcc -c     conftest.c >&5
configure:13713: $? = 0
configure:13728: result: yes
configure:13730: checking whether __attribute__((format)) allowed
configure:13757: gcc -c     conftest.c >&5
configure:13764: $? = 0
configure:13779: result: yes
configure:13790: checking if compiler rejects bogus asm statements
configure:13815: gcc -o conftest      conftest.c -lpthread  >&5
conftest.c: Assembler messages:
conftest.c:38: Error: no such instruction: `illegal_asm_stmt'
configure:13822: $? = 1
configure: failed program was:
| /* confdefs.h.  */
| #define PACKAGE_NAME "OpenPA"
| #define PACKAGE_TARNAME "openpa"
| #define PACKAGE_VERSION "1.0.2"
| #define PACKAGE_STRING "OpenPA 1.0.2"
| #define PACKAGE_BUGREPORT "https://trac.mcs.anl.gov/projects/openpa/newticket"
| #define PACKAGE "openpa"
| #define VERSION "1.0.2"
| #define STDC_HEADERS 1
| #define HAVE_SYS_TYPES_H 1
| #define HAVE_SYS_STAT_H 1
| #define HAVE_STDLIB_H 1
| #define HAVE_STRING_H 1
| #define HAVE_MEMORY_H 1
| #define HAVE_STRINGS_H 1
| #define HAVE_INTTYPES_H 1
| #define HAVE_STDINT_H 1
| #define HAVE_UNISTD_H 1
| #define HAVE_DLFCN_H 1
| #define LT_OBJDIR ".libs/"
| #define HAVE_PTHREAD_H 1
| #define HAVE_INTTYPES_H 1
| #define HAVE_STDINT_H 1
| #define HAVE_STDDEF_H 1
| #define restrict __restrict
| #define HAVE_LIBPTHREAD 1
| #define HAVE_PTHREAD_YIELD 1
| #define MAX_NTHREADS 100
| #define SIZEOF_VOID_P 8
| #define SIZEOF_INT 4
| #define HAVE_GCC_ATTRIBUTE 1
| /* end confdefs.h.  */
| 
| int
| main ()
| {
| 
|     __asm__ __volatile__ ("ILLEGAL_ASM_STMT");
| 
|   ;
|   return 0;
| }
configure:13839: result: yes
configure:13899: checking for support for gcc x86/x86_64 primitives
configure:14066: gcc -o conftest    -I./src   conftest.c -lpthread  >&5
configure:14070: $? = 0
configure:14076: ./conftest
configure:14080: $? = 0
configure:14088: result: yes
configure:14116: checking for support for gcc x86 primitives for pre-Pentium 4
configure:14283: gcc -o conftest    -I./src   conftest.c -lpthread  >&5
configure:14287: $? = 0
configure:14293: ./conftest
configure:14297: $? = 0
configure:14305: result: yes
configure:14332: checking for support for gcc ia64 primitives
configure:14398: gcc -o conftest    -I./src   conftest.c -lpthread  >&5
./src/primitives/opa_gcc_ia64.h: Assembler messages:
./src/primitives/opa_gcc_ia64.h:52: Error: no such instruction: `fetchadd4.rel %eax=[%rax],$-1'
./src/primitives/opa_gcc_ia64.h:70: Error: no such instruction: `zxt4 (%rsi)=(%rsi)'
./src/primitives/opa_gcc_ia64.h:70: Error: invalid character '=' in operand 1
./src/primitives/opa_gcc_ia64.h:70: Error: no such instruction: `cmpxchg4.rel %eax=[%rdx],%ecx,ar.ccv'
./src/primitives/opa_gcc_ia64.h:100: Error: no such instruction: `fetchadd4.rel %eax=[%rax],$-16'
./src/primitives/opa_gcc_ia64.h:101: Error: no such instruction: `fetchadd4.rel %eax=[%rax],$-8'
./src/primitives/opa_gcc_ia64.h:102: Error: no such instruction: `fetchadd4.rel %eax=[%rax],$-4'
./src/primitives/opa_gcc_ia64.h:103: Error: no such instruction: `fetchadd4.rel %eax=[%rax],$-1'
./src/primitives/opa_gcc_ia64.h:104: Error: no such instruction: `fetchadd4.rel %eax=[%rax],$1'
./src/primitives/opa_gcc_ia64.h:105: Error: no such instruction: `fetchadd4.rel %eax=[%rax],$4'
./src/primitives/opa_gcc_ia64.h:106: Error: no such instruction: `fetchadd4.rel %eax=[%rax],$8'
./src/primitives/opa_gcc_ia64.h:107: Error: no such instruction: `fetchadd4.rel %eax=[%rax],$16'
./src/primitives/opa_gcc_ia64.h:146: Error: no such instruction: `xchg8 %eax=[%rdx],%eax'
conftest.c:76: Error: no such instruction: `mf'
conftest.c:77: Error: no such instruction: `mf'
conftest.c:78: Error: no such instruction: `mf'
configure:14405: $? = 1
configure: failed program was:
| /* confdefs.h.  */
| #define PACKAGE_NAME "OpenPA"
| #define PACKAGE_TARNAME "openpa"
| #define PACKAGE_VERSION "1.0.2"
| #define PACKAGE_STRING "OpenPA 1.0.2"
| #define PACKAGE_BUGREPORT "https://trac.mcs.anl.gov/projects/openpa/newticket"
| #define PACKAGE "openpa"
| #define VERSION "1.0.2"
| #define STDC_HEADERS 1
| #define HAVE_SYS_TYPES_H 1
| #define HAVE_SYS_STAT_H 1
| #define HAVE_STDLIB_H 1
| #define HAVE_STRING_H 1
| #define HAVE_MEMORY_H 1
| #define HAVE_STRINGS_H 1
| #define HAVE_INTTYPES_H 1
| #define HAVE_STDINT_H 1
| #define HAVE_UNISTD_H 1
| #define HAVE_DLFCN_H 1
| #define LT_OBJDIR ".libs/"
| #define HAVE_PTHREAD_H 1
| #define HAVE_INTTYPES_H 1
| #define HAVE_STDINT_H 1
| #define HAVE_STDDEF_H 1
| #define restrict __restrict
| #define HAVE_LIBPTHREAD 1
| #define HAVE_PTHREAD_YIELD 1
| #define MAX_NTHREADS 100
| #define SIZEOF_VOID_P 8
| #define SIZEOF_INT 4
| #define HAVE_GCC_ATTRIBUTE 1
| #define HAVE_GCC_X86_32_64 1
| #define HAVE_GCC_X86_32_64_P3 1
| /* end confdefs.h.  */
| 
| #define OPA_SIZEOF_INT SIZEOF_INT
| #define OPA_SIZEOF_VOID_P SIZEOF_VOID_P
| #ifndef _opa_inline
| #define _opa_inline inline
| #endif
| #ifndef _opa_restrict
| #define _opa_restrict restrict
| #endif
| #ifndef _opa_const
| #define _opa_const const
| #endif
| #ifdef HAVE_GCC_ATTRIBUTE
| #define OPA_HAVE_GCC_ATTRIBUTE 1
| #endif
| #include "opa_util.h" /* for OPA_ATTRIBUTE and friends */
| #include "primitives/opa_gcc_ia64.h"
| 
| int
| main ()
| {
| 
|     OPA_int_t a, b;
|     int c;
| 
|     OPA_store_int(&a, 0);
|     OPA_store_int(&b, 1);
|     c = OPA_load_int(&a);
| 
|     OPA_add_int(&a, 10);
|     OPA_incr_int(&a);
|     OPA_decr_int(&a);
| 
|     c = OPA_decr_and_test_int(&a);
|     c = OPA_fetch_and_add_int(&a, 10);
|     c = OPA_fetch_and_incr_int(&a);
|     c = OPA_fetch_and_decr_int(&a);
| 
|     c = OPA_cas_int(&a, 10, 11);
|     c = OPA_swap_int(&a, OPA_load_int(&b));
| 
|     OPA_write_barrier();
|     OPA_read_barrier();
|     OPA_read_write_barrier();
| 
|   ;
|   return 0;
| }
| 
configure:14426: result: no
configure:14443: checking for support for gcc PowerPC atomics
configure:14509: gcc -o conftest    -I./src   conftest.c -lpthread  >&5
./src/primitives/opa_gcc_ppc.h: Assembler messages:
./src/primitives/opa_gcc_ppc.h:50: Error: no such instruction: `lwarx %eax,0,%rax'
./src/primitives/opa_gcc_ppc.h:62: Error: no such instruction: `stwcx. %ecx,0,%rdx'
./src/primitives/opa_gcc_ppc.h:63: Error: no such instruction: `beq 1f'
./src/primitives/opa_gcc_ppc.h:64: Error: no such instruction: `li %eax,0'
conftest.c:76: Error: no such instruction: `sync'
conftest.c:77: Error: no such instruction: `sync'
conftest.c:78: Error: no such instruction: `sync'
configure:14516: $? = 1
configure: failed program was:
| /* confdefs.h.  */
| #define PACKAGE_NAME "OpenPA"
| #define PACKAGE_TARNAME "openpa"
| #define PACKAGE_VERSION "1.0.2"
| #define PACKAGE_STRING "OpenPA 1.0.2"
| #define PACKAGE_BUGREPORT "https://trac.mcs.anl.gov/projects/openpa/newticket"
| #define PACKAGE "openpa"
| #define VERSION "1.0.2"
| #define STDC_HEADERS 1
| #define HAVE_SYS_TYPES_H 1
| #define HAVE_SYS_STAT_H 1
| #define HAVE_STDLIB_H 1
| #define HAVE_STRING_H 1
| #define HAVE_MEMORY_H 1
| #define HAVE_STRINGS_H 1
| #define HAVE_INTTYPES_H 1
| #define HAVE_STDINT_H 1
| #define HAVE_UNISTD_H 1
| #define HAVE_DLFCN_H 1
| #define LT_OBJDIR ".libs/"
| #define HAVE_PTHREAD_H 1
| #define HAVE_INTTYPES_H 1
| #define HAVE_STDINT_H 1
| #define HAVE_STDDEF_H 1
| #define restrict __restrict
| #define HAVE_LIBPTHREAD 1
| #define HAVE_PTHREAD_YIELD 1
| #define MAX_NTHREADS 100
| #define SIZEOF_VOID_P 8
| #define SIZEOF_INT 4
| #define HAVE_GCC_ATTRIBUTE 1
| #define HAVE_GCC_X86_32_64 1
| #define HAVE_GCC_X86_32_64_P3 1
| /* end confdefs.h.  */
| 
| #define OPA_SIZEOF_INT SIZEOF_INT
| #define OPA_SIZEOF_VOID_P SIZEOF_VOID_P
| #ifndef _opa_inline
| #define _opa_inline inline
| #endif
| #ifndef _opa_restrict
| #define _opa_restrict restrict
| #endif
| #ifndef _opa_const
| #define _opa_const const
| #endif
| #ifdef HAVE_GCC_ATTRIBUTE
| #define OPA_HAVE_GCC_ATTRIBUTE 1
| #endif
| #include "opa_util.h" /* for OPA_ATTRIBUTE and friends */
| #include "primitives/opa_gcc_ppc.h"
| 
| int
| main ()
| {
| 
|     OPA_int_t a, b;
|     int c;
| 
|     OPA_store_int(&a, 0);
|     OPA_store_int(&b, 1);
|     c = OPA_load_int(&a);
| 
|     OPA_add_int(&a, 10);
|     OPA_incr_int(&a);
|     OPA_decr_int(&a);
| 
|     c = OPA_decr_and_test_int(&a);
|     c = OPA_fetch_and_add_int(&a, 10);
|     c = OPA_fetch_and_incr_int(&a);
|     c = OPA_fetch_and_decr_int(&a);
| 
|     c = OPA_cas_int(&a, 10, 11);
|     c = OPA_swap_int(&a, OPA_load_int(&b));
| 
|     OPA_write_barrier();
|     OPA_read_barrier();
|     OPA_read_write_barrier();
| 
|   ;
|   return 0;
| }
| 
configure:14537: result: no
configure:14554: checking for support for gcc SiCortex atomics
configure:14620: gcc -o conftest    -I./src   conftest.c -lpthread  >&5
./src/primitives/opa_gcc_sicortex.h: Assembler messages:
./src/primitives/opa_gcc_sicortex.h:100: Error: expected comma after "mips3"
./src/primitives/opa_gcc_sicortex.h:101: Error: expected comma after "noreorder"
./src/primitives/opa_gcc_sicortex.h:102: Error: no such instruction: `ll %rcx,(%rsi)'
./src/primitives/opa_gcc_sicortex.h:103: Error: no such instruction: `addu %rdx,%rcx,%eax'
./src/primitives/opa_gcc_sicortex.h:104: Error: no such instruction: `sc %rdx,(%rsi)'
./src/primitives/opa_gcc_sicortex.h:105: Error: no such instruction: `beqz %rdx,1b'
./src/primitives/opa_gcc_sicortex.h:107: Error: expected comma after "reorder"
./src/primitives/opa_gcc_sicortex.h:108: Error: expected comma after "mips0"
./src/primitives/opa_gcc_sicortex.h:184: Error: expected comma after "mips3"
./src/primitives/opa_gcc_sicortex.h:185: Error: expected comma after "noreorder"
./src/primitives/opa_gcc_sicortex.h:186: Error: no such instruction: `ll %rcx,(%rsi)'
./src/primitives/opa_gcc_sicortex.h:187: Error: no such instruction: `move %rdx,%eax'
./src/primitives/opa_gcc_sicortex.h:188: Error: no such instruction: `sc %rdx,(%rsi)'
./src/primitives/opa_gcc_sicortex.h:189: Error: no such instruction: `beqz %rdx,1b'
./src/primitives/opa_gcc_sicortex.h:191: Error: expected comma after "reorder"
./src/primitives/opa_gcc_sicortex.h:192: Error: expected comma after "mips0"
./src/primitives/opa_gcc_sicortex.h:271: Error: expected comma after "mips3"
./src/primitives/opa_gcc_sicortex.h:272: Error: expected comma after "noreorder"
./src/primitives/opa_gcc_sicortex.h:273: Error: no such instruction: `ll %rsi,(%rdi)'
./src/primitives/opa_gcc_sicortex.h:274: Error: no such instruction: `bne %rsi,%edx,1f'
./src/primitives/opa_gcc_sicortex.h:275: Error: no such instruction: `move %rcx,%eax'
./src/primitives/opa_gcc_sicortex.h:276: Error: no such instruction: `sc %rcx,(%rdi)'
./src/primitives/opa_gcc_sicortex.h:277: Error: no such instruction: `beqz %rcx,1b'
./src/primitives/opa_gcc_sicortex.h:279: Error: expected comma after "reorder"
./src/primitives/opa_gcc_sicortex.h:281: Error: expected comma after "mips0"
conftest.c:76: Error: no such instruction: `sync'
conftest.c:77: Error: no such instruction: `sync'
conftest.c:78: Error: no such instruction: `sync'
configure:14627: $? = 1
configure: failed program was:
| /* confdefs.h.  */
| #define PACKAGE_NAME "OpenPA"
| #define PACKAGE_TARNAME "openpa"
| #define PACKAGE_VERSION "1.0.2"
| #define PACKAGE_STRING "OpenPA 1.0.2"
| #define PACKAGE_BUGREPORT "https://trac.mcs.anl.gov/projects/openpa/newticket"
| #define PACKAGE "openpa"
| #define VERSION "1.0.2"
| #define STDC_HEADERS 1
| #define HAVE_SYS_TYPES_H 1
| #define HAVE_SYS_STAT_H 1
| #define HAVE_STDLIB_H 1
| #define HAVE_STRING_H 1
| #define HAVE_MEMORY_H 1
| #define HAVE_STRINGS_H 1
| #define HAVE_INTTYPES_H 1
| #define HAVE_STDINT_H 1
| #define HAVE_UNISTD_H 1
| #define HAVE_DLFCN_H 1
| #define LT_OBJDIR ".libs/"
| #define HAVE_PTHREAD_H 1
| #define HAVE_INTTYPES_H 1
| #define HAVE_STDINT_H 1
| #define HAVE_STDDEF_H 1
| #define restrict __restrict
| #define HAVE_LIBPTHREAD 1
| #define HAVE_PTHREAD_YIELD 1
| #define MAX_NTHREADS 100
| #define SIZEOF_VOID_P 8
| #define SIZEOF_INT 4
| #define HAVE_GCC_ATTRIBUTE 1
| #define HAVE_GCC_X86_32_64 1
| #define HAVE_GCC_X86_32_64_P3 1
| /* end confdefs.h.  */
| 
| #define OPA_SIZEOF_INT SIZEOF_INT
| #define OPA_SIZEOF_VOID_P SIZEOF_VOID_P
| #ifndef _opa_inline
| #define _opa_inline inline
| #endif
| #ifndef _opa_restrict
| #define _opa_restrict restrict
| #endif
| #ifndef _opa_const
| #define _opa_const const
| #endif
| #ifdef HAVE_GCC_ATTRIBUTE
| #define OPA_HAVE_GCC_ATTRIBUTE 1
| #endif
| #include "opa_util.h" /* for OPA_ATTRIBUTE and friends */
| #include "primitives/opa_gcc_sicortex.h"
| 
| int
| main ()
| {
| 
|     OPA_int_t a, b;
|     int c;
| 
|     OPA_store_int(&a, 0);
|     OPA_store_int(&b, 1);
|     c = OPA_load_int(&a);
| 
|     OPA_add_int(&a, 10);
|     OPA_incr_int(&a);
|     OPA_decr_int(&a);
| 
|     c = OPA_decr_and_test_int(&a);
|     c = OPA_fetch_and_add_int(&a, 10);
|     c = OPA_fetch_and_incr_int(&a);
|     c = OPA_fetch_and_decr_int(&a);
| 
|     c = OPA_cas_int(&a, 10, 11);
|     c = OPA_swap_int(&a, OPA_load_int(&b));
| 
|     OPA_write_barrier();
|     OPA_read_barrier();
|     OPA_read_write_barrier();
| 
|   ;
|   return 0;
| }
| 
configure:14648: result: no
configure:14667: checking for support for gcc atomic intrinsics
configure:14733: gcc -o conftest    -I./src   conftest.c -lpthread  >&5
configure:14740: $? = 0
configure:14754: result: yes
configure:14778: checking for support for Windows NT atomic intrinsics
configure:14844: gcc -o conftest    -I./src   conftest.c -lpthread  >&5
In file included from conftest.c:52:0:
./src/primitives/opa_nt_intrinsics.h:11:20: fatal error: windows.h: No such file or directory
compilation terminated.
configure:14851: $? = 1
configure: failed program was:
| /* confdefs.h.  */
| #define PACKAGE_NAME "OpenPA"
| #define PACKAGE_TARNAME "openpa"
| #define PACKAGE_VERSION "1.0.2"
| #define PACKAGE_STRING "OpenPA 1.0.2"
| #define PACKAGE_BUGREPORT "https://trac.mcs.anl.gov/projects/openpa/newticket"
| #define PACKAGE "openpa"
| #define VERSION "1.0.2"
| #define STDC_HEADERS 1
| #define HAVE_SYS_TYPES_H 1
| #define HAVE_SYS_STAT_H 1
| #define HAVE_STDLIB_H 1
| #define HAVE_STRING_H 1
| #define HAVE_MEMORY_H 1
| #define HAVE_STRINGS_H 1
| #define HAVE_INTTYPES_H 1
| #define HAVE_STDINT_H 1
| #define HAVE_UNISTD_H 1
| #define HAVE_DLFCN_H 1
| #define LT_OBJDIR ".libs/"
| #define HAVE_PTHREAD_H 1
| #define HAVE_INTTYPES_H 1
| #define HAVE_STDINT_H 1
| #define HAVE_STDDEF_H 1
| #define restrict __restrict
| #define HAVE_LIBPTHREAD 1
| #define HAVE_PTHREAD_YIELD 1
| #define MAX_NTHREADS 100
| #define SIZEOF_VOID_P 8
| #define SIZEOF_INT 4
| #define HAVE_GCC_ATTRIBUTE 1
| #define HAVE_GCC_X86_32_64 1
| #define HAVE_GCC_X86_32_64_P3 1
| #define HAVE_GCC_INTRINSIC_ATOMICS 1
| /* end confdefs.h.  */
| 
| #define OPA_SIZEOF_INT SIZEOF_INT
| #define OPA_SIZEOF_VOID_P SIZEOF_VOID_P
| #ifndef _opa_inline
| #define _opa_inline inline
| #endif
| #ifndef _opa_restrict
| #define _opa_restrict restrict
| #endif
| #ifndef _opa_const
| #define _opa_const const
| #endif
| #ifdef HAVE_GCC_ATTRIBUTE
| #define OPA_HAVE_GCC_ATTRIBUTE 1
| #endif
| #include "opa_util.h" /* for OPA_ATTRIBUTE and friends */
| #include "primitives/opa_nt_intrinsics.h"
| 
| int
| main ()
| {
| 
|     OPA_int_t a, b;
|     int c;
| 
|     OPA_store_int(&a, 0);
|     OPA_store_int(&b, 1);
|     c = OPA_load_int(&a);
| 
|     OPA_add_int(&a, 10);
|     OPA_incr_int(&a);
|     OPA_decr_int(&a);
| 
|     c = OPA_decr_and_test_int(&a);
|     c = OPA_fetch_and_add_int(&a, 10);
|     c = OPA_fetch_and_incr_int(&a);
|     c = OPA_fetch_and_decr_int(&a);
| 
|     c = OPA_cas_int(&a, 10, 11);
|     c = OPA_swap_int(&a, OPA_load_int(&b));
| 
|     OPA_write_barrier();
|     OPA_read_barrier();
|     OPA_read_write_barrier();
| 
|   ;
|   return 0;
| }
| 
configure:14872: result: no
configure:14889: checking for support for Sun atomic operations library
configure:14955: gcc -o conftest    -I./src   conftest.c -lpthread  >&5
In file included from conftest.c:52:0:
./src/primitives/opa_sun_atomic_ops.h:11:20: fatal error: atomic.h: No such file or directory
compilation terminated.
configure:14962: $? = 1
configure: failed program was:
| /* confdefs.h.  */
| #define PACKAGE_NAME "OpenPA"
| #define PACKAGE_TARNAME "openpa"
| #define PACKAGE_VERSION "1.0.2"
| #define PACKAGE_STRING "OpenPA 1.0.2"
| #define PACKAGE_BUGREPORT "https://trac.mcs.anl.gov/projects/openpa/newticket"
| #define PACKAGE "openpa"
| #define VERSION "1.0.2"
| #define STDC_HEADERS 1
| #define HAVE_SYS_TYPES_H 1
| #define HAVE_SYS_STAT_H 1
| #define HAVE_STDLIB_H 1
| #define HAVE_STRING_H 1
| #define HAVE_MEMORY_H 1
| #define HAVE_STRINGS_H 1
| #define HAVE_INTTYPES_H 1
| #define HAVE_STDINT_H 1
| #define HAVE_UNISTD_H 1
| #define HAVE_DLFCN_H 1
| #define LT_OBJDIR ".libs/"
| #define HAVE_PTHREAD_H 1
| #define HAVE_INTTYPES_H 1
| #define HAVE_STDINT_H 1
| #define HAVE_STDDEF_H 1
| #define restrict __restrict
| #define HAVE_LIBPTHREAD 1
| #define HAVE_PTHREAD_YIELD 1
| #define MAX_NTHREADS 100
| #define SIZEOF_VOID_P 8
| #define SIZEOF_INT 4
| #define HAVE_GCC_ATTRIBUTE 1
| #define HAVE_GCC_X86_32_64 1
| #define HAVE_GCC_X86_32_64_P3 1
| #define HAVE_GCC_INTRINSIC_ATOMICS 1
| /* end confdefs.h.  */
| 
| #define OPA_SIZEOF_INT SIZEOF_INT
| #define OPA_SIZEOF_VOID_P SIZEOF_VOID_P
| #ifndef _opa_inline
| #define _opa_inline inline
| #endif
| #ifndef _opa_restrict
| #define _opa_restrict restrict
| #endif
| #ifndef _opa_const
| #define _opa_const const
| #endif
| #ifdef HAVE_GCC_ATTRIBUTE
| #define OPA_HAVE_GCC_ATTRIBUTE 1
| #endif
| #include "opa_util.h" /* for OPA_ATTRIBUTE and friends */
| #include "primitives/opa_sun_atomic_ops.h"
| 
| int
| main ()
| {
| 
|     OPA_int_t a, b;
|     int c;
| 
|     OPA_store_int(&a, 0);
|     OPA_store_int(&b, 1);
|     c = OPA_load_int(&a);
| 
|     OPA_add_int(&a, 10);
|     OPA_incr_int(&a);
|     OPA_decr_int(&a);
| 
|     c = OPA_decr_and_test_int(&a);
|     c = OPA_fetch_and_add_int(&a, 10);
|     c = OPA_fetch_and_incr_int(&a);
|     c = OPA_fetch_and_decr_int(&a);
| 
|     c = OPA_cas_int(&a, 10, 11);
|     c = OPA_swap_int(&a, OPA_load_int(&b));
| 
|     OPA_write_barrier();
|     OPA_read_barrier();
|     OPA_read_write_barrier();
| 
|   ;
|   return 0;
| }
| 
configure:14983: result: no
configure:15077: checking whether to enable strict fairness checks
configure:15095: result: no
configure:15233: creating ./config.status

## ---------------------- ##
## Running config.status. ##
## ---------------------- ##

This file was extended by OpenPA config.status 1.0.2, which was
generated by GNU Autoconf 2.63.  Invocation command line was

  CONFIG_FILES    = 
  CONFIG_HEADERS  = 
  CONFIG_LINKS    = 
  CONFIG_COMMANDS = 
  $ ./config.status 

on herbst-Lenovo-B40-80

config.status:1010: creating Makefile
config.status:1010: creating src/Makefile
config.status:1010: creating test/Makefile
config.status:1010: creating openpa.pc
config.status:1010: creating src/config.h
config.status:1284: executing depfiles commands
config.status:1284: executing libtool commands
config.status:1284: executing src/opa_config.h commands
config.status:2094: creating src/opa_config.h - prefix OPA for src/config.h defines

## ---------------- ##
## Cache variables. ##
## ---------------- ##

ac_cv_build=x86_64-unknown-linux-gnu
ac_cv_c_compiler_gnu=yes
ac_cv_c_const=yes
ac_cv_c_inline=inline
ac_cv_c_restrict=__restrict
ac_cv_env_CC_set=
ac_cv_env_CC_value=
ac_cv_env_CFLAGS_set=set
ac_cv_env_CFLAGS_value='  '
ac_cv_env_CPPFLAGS_set=
ac_cv_env_CPPFLAGS_value=
ac_cv_env_CPP_set=
ac_cv_env_CPP_value=
ac_cv_env_LDFLAGS_set=
ac_cv_env_LDFLAGS_value=
ac_cv_env_LIBS_set=
ac_cv_env_LIBS_value=
ac_cv_env_build_alias_set=
ac_cv_env_build_alias_value=
ac_cv_env_host_alias_set=
ac_cv_env_host_alias_value=
ac_cv_env_target_alias_set=
ac_cv_env_target_alias_value=
ac_cv_func_pthread_yield=yes
ac_cv_header_atomic_h=no
ac_cv_header_dlfcn_h=yes
ac_cv_header_intrin_h=no
ac_cv_header_inttypes_h=yes
ac_cv_header_memory_h=yes
ac_cv_header_pthread_h=yes
ac_cv_header_stdc=yes
ac_cv_header_stddef_h=yes
ac_cv_header_stdint_h=yes
ac_cv_header_stdlib_h=yes
ac_cv_header_string_h=yes
ac_cv_header_strings_h=yes
ac_cv_header_sys_stat_h=yes
ac_cv_header_sys_types_h=yes
ac_cv_header_unistd_h=yes
ac_cv_host=x86_64-unknown-linux-gnu
ac_cv_lib_pthread_pthread_create=yes
ac_cv_objext=o
ac_cv_path_EGREP='/bin/grep -E'
ac_cv_path_FGREP='/bin/grep -F'
ac_cv_path_GREP=/bin/grep
ac_cv_path_SED=/bin/sed
ac_cv_path_install='/usr/bin/install -c'
ac_cv_path_mkdir=/bin/mkdir
ac_cv_prog_AWK=mawk
ac_cv_prog_CPP='gcc -E'
ac_cv_prog_ac_ct_AR=ar
ac_cv_prog_ac_ct_CC=gcc
ac_cv_prog_ac_ct_OBJDUMP=objdump
ac_cv_prog_ac_ct_RANLIB=ranlib
ac_cv_prog_ac_ct_STRIP=strip
ac_cv_prog_cc_c89=
ac_cv_prog_cc_g=yes
ac_cv_prog_make_make_set=yes
ac_cv_sizeof_int=4
ac_cv_sizeof_void_p=8
am_cv_CC_dependencies_compiler_type=gcc3
lt_cv_deplibs_check_method=pass_all
lt_cv_file_magic_cmd='$MAGIC_CMD'
lt_cv_file_magic_test_file=
lt_cv_ld_reload_flag=-r
lt_cv_nm_interface='BSD nm'
lt_cv_objdir=.libs
lt_cv_path_LD=/usr/bin/ld
lt_cv_path_NM='/usr/bin/nm -B'
lt_cv_prog_compiler_c_o=yes
lt_cv_prog_compiler_pic_works=yes
lt_cv_prog_compiler_rtti_exceptions=no
lt_cv_prog_compiler_static_works=yes
lt_cv_prog_gnu_ld=yes
lt_cv_sys_global_symbol_pipe='sed -n -e '\''s/^.*[	 ]\([ABCDGIRSTW][ABCDGIRSTW]*\)[	 ][	 ]*\([_A-Za-z][_A-Za-z0-9]*\)$/\1 \2 \2/p'\'''
lt_cv_sys_global_symbol_to_c_name_address='sed -n -e '\''s/^: \([^ ]*\) $/  {\"\1\", (void *) 0},/p'\'' -e '\''s/^[ABCDGIRSTW]* \([^ ]*\) \([^ ]*\)$/  {"\2", (void *) \&\2},/p'\'''
lt_cv_sys_global_symbol_to_c_name_address_lib_prefix='sed -n -e '\''s/^: \([^ ]*\) $/  {\"\1\", (void *) 0},/p'\'' -e '\''s/^[ABCDGIRSTW]* \([^ ]*\) \(lib[^ ]*\)$/  {"\2", (void *) \&\2},/p'\'' -e '\''s/^[ABCDGIRSTW]* \([^ ]*\) \([^ ]*\)$/  {"lib\2", (void *) \&\2},/p'\'''
lt_cv_sys_global_symbol_to_cdecl='sed -n -e '\''s/^T .* \(.*\)$/extern int \1();/p'\'' -e '\''s/^[ABCDGIRSTW]* .* \(.*\)$/extern char \1;/p'\'''
lt_cv_sys_max_cmd_len=1572864
pac_cv_gnu_attr_format=yes
pac_cv_gnu_attr_pure=yes

## ----------------- ##
## Output variables. ##
## ----------------- ##

ACLOCAL='${SHELL} /home/ariana/workspace/enisi/hpylori_compartments/deps/src/project_repast/INSTALLATION/mpich2-1.4.1p1/src/openpa/confdb/missing --run aclocal-1.11'
AMDEPBACKSLASH='\'
AMDEP_FALSE='#'
AMDEP_TRUE=''
AMTAR='${SHELL} /home/ariana/workspace/enisi/hpylori_compartments/deps/src/project_repast/INSTALLATION/mpich2-1.4.1p1/src/openpa/confdb/missing --run tar'
AR='ar'
AUTOCONF='${SHELL} /home/ariana/workspace/enisi/hpylori_compartments/deps/src/project_repast/INSTALLATION/mpich2-1.4.1p1/src/openpa/confdb/missing --run autoconf'
AUTOHEADER='${SHELL} /home/ariana/workspace/enisi/hpylori_compartments/deps/src/project_repast/INSTALLATION/mpich2-1.4.1p1/src/openpa/confdb/missing --run autoheader'
AUTOMAKE='${SHELL} /home/ariana/workspace/enisi/hpylori_compartments/deps/src/project_repast/INSTALLATION/mpich2-1.4.1p1/src/openpa/confdb/missing --run automake-1.11'
AWK='mawk'
CC='gcc'
CCDEPMODE='depmode=gcc3'
CFLAGS='  '
CPP='gcc -E'
CPPFLAGS=''
CYGPATH_W='echo'
DEFS='-DHAVE_CONFIG_H'
DEPDIR='.deps'
DSYMUTIL=''
DUMPBIN=''
ECHO_C=''
ECHO_N='-n'
ECHO_T=''
EGREP='/bin/grep -E'
EXEEXT=''
FGREP='/bin/grep -F'
GREP='/bin/grep'
INSTALL_DATA='${INSTALL} -m 644'
INSTALL_PROGRAM='${INSTALL}'
INSTALL_SCRIPT='${INSTALL}'
INSTALL_STRIP_PROGRAM='$(install_sh) -c -s'
LD='/usr/bin/ld -m elf_x86_64'
LDFLAGS=''
LIBOBJS=''
LIBS='-lpthread '
LIBTOOL='$(SHELL) $(top_builddir)/libtool'
LIPO=''
LN_S='ln -s'
LTLIBOBJS=''
MAKEINFO='${SHELL} /home/ariana/workspace/enisi/hpylori_compartments/deps/src/project_repast/INSTALLATION/mpich2-1.4.1p1/src/openpa/confdb/missing --run makeinfo'
MKDIR_P='/bin/mkdir -p'
NM='/usr/bin/nm -B'
NMEDIT=''
OBJDUMP='objdump'
OBJEXT='o'
OTOOL64=''
OTOOL=''
PACKAGE='openpa'
PACKAGE_BUGREPORT='https://trac.mcs.anl.gov/projects/openpa/newticket'
PACKAGE_NAME='OpenPA'
PACKAGE_STRING='OpenPA 1.0.2'
PACKAGE_TARNAME='openpa'
PACKAGE_VERSION='1.0.2'
PATH_SEPARATOR=':'
RANLIB='ranlib'
SED='/bin/sed'
SET_MAKE=''
SHELL='/bin/bash'
STRIP='strip'
VERSION='1.0.2'
ac_ct_CC='gcc'
ac_ct_DUMPBIN=''
am__EXEEXT_FALSE=''
am__EXEEXT_TRUE='#'
am__fastdepCC_FALSE='#'
am__fastdepCC_TRUE=''
am__include='include'
am__isrc=''
am__leading_dot='.'
am__quote=''
am__tar='${AMTAR} chof - "$$tardir"'
am__untar='${AMTAR} xf -'
bindir='${exec_prefix}/bin'
build='x86_64-unknown-linux-gnu'
build_alias=''
build_cpu='x86_64'
build_os='linux-gnu'
build_vendor='unknown'
datadir='${datarootdir}'
datarootdir='${prefix}/share'
docdir='${datarootdir}/doc/${PACKAGE_TARNAME}'
dvidir='${docdir}'
exec_prefix='${prefix}'
external_pkg_config_libs=''
host='x86_64-unknown-linux-gnu'
host_alias=''
host_cpu='x86_64'
host_os='linux-gnu'
host_vendor='unknown'
htmldir='${docdir}'
includedir='${prefix}/include'
infodir='${datarootdir}/info'
install_sh='${SHELL} /home/ariana/workspace/enisi/hpylori_compartments/deps/src/project_repast/INSTALLATION/mpich2-1.4.1p1/src/openpa/confdb/install-sh'
internal_pkg_config_libs=''
libdir='${exec_prefix}/lib'
libexecdir='${exec_prefix}/libexec'
libopa_so_version='1:0'
localedir='${datarootdir}/locale'
localstatedir='${prefix}/var'
lt_ECHO='echo'
mandir='${datarootdir}/man'
mkdir_p='/bin/mkdir -p'
oldincludedir='/usr/include'
pdfdir='${docdir}'
prefix='/home/ariana/workspace/enisi/hpylori_compartments/deps/src/project_repast/ext//MPICH'
program_transform_name='s,x,x,'
psdir='${docdir}'
sbindir='${exec_prefix}/sbin'
sharedstatedir='${prefix}/com'
sysconfdir='${prefix}/etc'
target_alias=''

## ----------- ##
## confdefs.h. ##
## ----------- ##

#define PACKAGE_NAME "OpenPA"
#define PACKAGE_TARNAME "openpa"
#define PACKAGE_VERSION "1.0.2"
#define PACKAGE_STRING "OpenPA 1.0.2"
#define PACKAGE_BUGREPORT "https://trac.mcs.anl.gov/projects/openpa/newticket"
#define PACKAGE "openpa"
#define VERSION "1.0.2"
#define STDC_HEADERS 1
#define HAVE_SYS_TYPES_H 1
#define HAVE_SYS_STAT_H 1
#define HAVE_STDLIB_H 1
#define HAVE_STRING_H 1
#define HAVE_MEMORY_H 1
#define HAVE_STRINGS_H 1
#define HAVE_INTTYPES_H 1
#define HAVE_STDINT_H 1
#define HAVE_UNISTD_H 1
#define HAVE_DLFCN_H 1
#define LT_OBJDIR ".libs/"
#define HAVE_PTHREAD_H 1
#define HAVE_INTTYPES_H 1
#define HAVE_STDINT_H 1
#define HAVE_STDDEF_H 1
#define restrict __restrict
#define HAVE_LIBPTHREAD 1
#define HAVE_PTHREAD_YIELD 1
#define MAX_NTHREADS 100
#define SIZEOF_VOID_P 8
#define SIZEOF_INT 4
#define HAVE_GCC_ATTRIBUTE 1
#define HAVE_GCC_X86_32_64 1
#define HAVE_GCC_X86_32_64_P3 1
#define HAVE_GCC_INTRINSIC_ATOMICS 1

configure: exit 0
