This file contains any messages produced by compilers while
running configure, to aid debugging if configure makes a mistake.

It was created by silo configure 4.10.2, which was
generated by GNU Autoconf 2.63.  Invocation command line was

  $ ./configure CXX=g++ CC=gcc CFLAGS= -m64 -fPIC  -O2 CXXFLAGS= -m64 -fPIC  -O2 --disable-fortran --prefix=/home/ariana/workspace/enisi/hpylori_compartments/deps/src/project_visit/src/svn_bin/visit/silo/4.10.2/linux-x86_64_gcc-5.4 --with-hdf5=/home/ariana/workspace/enisi/hpylori_compartments/deps/src/project_visit/src/svn_bin/visit/hdf5/1.8.7/linux-x86_64_gcc-5.4/include,/home/ariana/workspace/enisi/hpylori_compartments/deps/src/project_visit/src/svn_bin/visit/hdf5/1.8.7/linux-x86_64_gcc-5.4/lib --with-szlib=/home/ariana/workspace/enisi/hpylori_compartments/deps/src/project_visit/src/svn_bin/visit/szip/2.1/linux-x86_64_gcc-5.4 --disable-silex --enable-shared --enable-install-lite-headers --without-readline --with-zlib=/home/ariana/workspace/enisi/hpylori_compartments/deps/src/project_visit/src/svn_bin/visit/zlib/1.2.7/linux-x86_64_gcc-5.4/include,/home/ariana/workspace/enisi/hpylori_compartments/deps/src/project_visit/src/svn_bin/visit/zlib/1.2.7/linux-x86_64_gcc-5.4/lib

## --------- ##
## Platform. ##
## --------- ##

hostname = herbst-Lenovo-B40-80
uname -m = x86_64
uname -r = 4.4.0-36-generic
uname -s = Linux
uname -v = #55-Ubuntu SMP Thu Aug 11 18:01:55 UTC 2016

/usr/bin/uname -p = unknown
/bin/uname -X     = unknown

/bin/arch              = unknown
/usr/bin/arch -k       = unknown
/usr/convex/getsysinfo = unknown
/usr/bin/hostinfo      = unknown
/bin/machine           = unknown
/usr/bin/oslevel       = unknown
/bin/universe          = unknown

PATH: /usr/local/sbin
PATH: /usr/local/bin
PATH: /usr/sbin
PATH: /usr/bin
PATH: /sbin
PATH: /bin
PATH: /usr/games
PATH: /usr/local/games
PATH: /snap/bin


## ----------- ##
## Core tests. ##
## ----------- ##

configure:2254: checking for a BSD-compatible install
configure:2322: result: /usr/bin/install -c
configure:2333: checking whether build environment is sane
configure:2393: result: yes
configure:2534: checking for a thread-safe mkdir -p
configure:2573: result: /bin/mkdir -p
configure:2586: checking for gawk
configure:2616: result: no
configure:2586: checking for mawk
configure:2602: found /usr/bin/mawk
configure:2613: result: mawk
configure:2624: checking whether make sets $(MAKE)
configure:2646: result: yes
configure:2732: checking whether to enable maintainer-specific portions of Makefiles
configure:2741: result: no
configure:2840: checking build system type
configure:2858: result: x86_64-unknown-linux-gnu
configure:2880: checking host system type
configure:2895: result: x86_64-unknown-linux-gnu
configure:2919: checking what version the package is
configure:2921: result: 4.10.2
configure:2951: checking for site config host file
configure:2965: result: no
configure:3014: checking for config-site x86_64-unknown-linux-gnu
configure:3022: result: no
configure:3014: checking for config-site x86_64-unknown-linux-gnu
configure:3022: result: no
configure:3014: checking for config-site unknown-linux-gnu
configure:3022: result: no
configure:3014: checking for config-site unknown-linux-gnu
configure:3022: result: no
configure:3014: checking for config-site x86_64-linux-gnu
configure:3022: result: no
configure:3014: checking for config-site x86_64-linux-gnu
configure:3022: result: no
configure:3014: checking for config-site x86_64-unknown
configure:3022: result: no
configure:3014: checking for config-site linux-gnu
configure:3022: result: no
configure:3014: checking for config-site linux-gnu
configure:3022: result: no
configure:3014: checking for config-site unknown
configure:3022: result: no
configure:3014: checking for config-site x86_64
configure:3018: result: found
configure:3161: checking for C++ compiler version
configure:3169: g++ --version >&5
g++ (Ubuntu 5.4.0-6ubuntu1~16.04.2) 5.4.0 20160609
Copyright (C) 2015 Free Software Foundation, Inc.
This is free software; see the source for copying conditions.  There is NO
warranty; not even for MERCHANTABILITY or FITNESS FOR A PARTICULAR PURPOSE.

configure:3173: $? = 0
configure:3180: g++ -v >&5
Using built-in specs.
COLLECT_GCC=g++
COLLECT_LTO_WRAPPER=/usr/lib/gcc/x86_64-linux-gnu/5/lto-wrapper
Target: x86_64-linux-gnu
Configured with: ../src/configure -v --with-pkgversion='Ubuntu 5.4.0-6ubuntu1~16.04.2' --with-bugurl=file:///usr/share/doc/gcc-5/README.Bugs --enable-languages=c,ada,c++,java,go,d,fortran,objc,obj-c++ --prefix=/usr --program-suffix=-5 --enable-shared --enable-linker-build-id --libexecdir=/usr/lib --without-included-gettext --enable-threads=posix --libdir=/usr/lib --enable-nls --with-sysroot=/ --enable-clocale=gnu --enable-libstdcxx-debug --enable-libstdcxx-time=yes --with-default-libstdcxx-abi=new --enable-gnu-unique-object --disable-vtable-verify --enable-libmpx --enable-plugin --with-system-zlib --disable-browser-plugin --enable-java-awt=gtk --enable-gtk-cairo --with-java-home=/usr/lib/jvm/java-1.5.0-gcj-5-amd64/jre --enable-java-home --with-jvm-root-dir=/usr/lib/jvm/java-1.5.0-gcj-5-amd64 --with-jvm-jar-dir=/usr/lib/jvm-exports/java-1.5.0-gcj-5-amd64 --with-arch-directory=amd64 --with-ecj-jar=/usr/share/java/eclipse-ecj.jar --enable-objc-gc --enable-multiarch --disable-werror --with-arch-32=i686 --with-abi=m64 --with-multilib-list=m32,m64,mx32 --enable-multilib --with-tune=generic --enable-checking=release --build=x86_64-linux-gnu --host=x86_64-linux-gnu --target=x86_64-linux-gnu
Thread model: posix
gcc version 5.4.0 20160609 (Ubuntu 5.4.0-6ubuntu1~16.04.2) 
configure:3184: $? = 0
configure:3191: g++ -V >&5
g++: error: unrecognized command line option '-V'
g++: fatal error: no input files
compilation terminated.
configure:3195: $? = 1
configure:3218: checking for C++ compiler default output file name
configure:3240: g++  -m64 -fPIC  -O2   conftest.cpp  >&5
configure:3244: $? = 0
configure:3282: result: a.out
configure:3301: checking whether the C++ compiler works
configure:3311: ./a.out
configure:3315: $? = 0
configure:3334: result: yes
configure:3341: checking whether we are cross compiling
configure:3343: result: no
configure:3346: checking for suffix of executables
configure:3353: g++ -o conftest  -m64 -fPIC  -O2   conftest.cpp  >&5
configure:3357: $? = 0
configure:3383: result: 
configure:3389: checking for suffix of object files
configure:3415: g++ -c  -m64 -fPIC  -O2  conftest.cpp >&5
configure:3419: $? = 0
configure:3444: result: o
configure:3448: checking whether we are using the GNU C++ compiler
configure:3477: g++ -c  -m64 -fPIC  -O2  conftest.cpp >&5
configure:3484: $? = 0
configure:3501: result: yes
configure:3510: checking whether g++ accepts -g
configure:3540: g++ -c -g  conftest.cpp >&5
configure:3547: $? = 0
configure:3648: result: yes
configure:3682: checking for style of include used by make
configure:3710: result: GNU
configure:3735: checking dependency style of g++
configure:3845: result: gcc3
configure:3908: checking for gcc
configure:3935: result: gcc
configure:4167: checking for C compiler version
configure:4175: gcc --version >&5
gcc (Ubuntu 5.4.0-6ubuntu1~16.04.2) 5.4.0 20160609
Copyright (C) 2015 Free Software Foundation, Inc.
This is free software; see the source for copying conditions.  There is NO
warranty; not even for MERCHANTABILITY or FITNESS FOR A PARTICULAR PURPOSE.

configure:4179: $? = 0
configure:4186: gcc -v >&5
Using built-in specs.
COLLECT_GCC=gcc
COLLECT_LTO_WRAPPER=/usr/lib/gcc/x86_64-linux-gnu/5/lto-wrapper
Target: x86_64-linux-gnu
Configured with: ../src/configure -v --with-pkgversion='Ubuntu 5.4.0-6ubuntu1~16.04.2' --with-bugurl=file:///usr/share/doc/gcc-5/README.Bugs --enable-languages=c,ada,c++,java,go,d,fortran,objc,obj-c++ --prefix=/usr --program-suffix=-5 --enable-shared --enable-linker-build-id --libexecdir=/usr/lib --without-included-gettext --enable-threads=posix --libdir=/usr/lib --enable-nls --with-sysroot=/ --enable-clocale=gnu --enable-libstdcxx-debug --enable-libstdcxx-time=yes --with-default-libstdcxx-abi=new --enable-gnu-unique-object --disable-vtable-verify --enable-libmpx --enable-plugin --with-system-zlib --disable-browser-plugin --enable-java-awt=gtk --enable-gtk-cairo --with-java-home=/usr/lib/jvm/java-1.5.0-gcj-5-amd64/jre --enable-java-home --with-jvm-root-dir=/usr/lib/jvm/java-1.5.0-gcj-5-amd64 --with-jvm-jar-dir=/usr/lib/jvm-exports/java-1.5.0-gcj-5-amd64 --with-arch-directory=amd64 --with-ecj-jar=/usr/share/java/eclipse-ecj.jar --enable-objc-gc --enable-multiarch --disable-werror --with-arch-32=i686 --with-abi=m64 --with-multilib-list=m32,m64,mx32 --enable-multilib --with-tune=generic --enable-checking=release --build=x86_64-linux-gnu --host=x86_64-linux-gnu --target=x86_64-linux-gnu
Thread model: posix
gcc version 5.4.0 20160609 (Ubuntu 5.4.0-6ubuntu1~16.04.2) 
configure:4190: $? = 0
configure:4197: gcc -V >&5
gcc: error: unrecognized command line option '-V'
gcc: fatal error: no input files
compilation terminated.
configure:4201: $? = 1
configure:4204: checking whether we are using the GNU C compiler
configure:4233: gcc -c  -m64 -fPIC  -O2  conftest.c >&5
configure:4240: $? = 0
configure:4257: result: yes
configure:4266: checking whether gcc accepts -g
configure:4296: gcc -c -g  conftest.c >&5
configure:4303: $? = 0
configure:4404: result: yes
configure:4421: checking for gcc option to accept ISO C89
configure:4495: gcc  -c  -m64 -fPIC  -O2  conftest.c >&5
configure:4502: $? = 0
configure:4525: result: none needed
configure:4545: checking dependency style of gcc
configure:4655: result: gcc3
configure:4675: checking how to run the C preprocessor
configure:4715: gcc -E  conftest.c
configure:4722: $? = 0
configure:4753: gcc -E  conftest.c
conftest.c:10:28: fatal error: ac_nonexistent.h: No such file or directory
compilation terminated.
configure:4760: $? = 1
configure: failed program was:
| /* confdefs.h.  */
| #define PACKAGE_NAME "silo"
| #define PACKAGE_TARNAME "silo"
| #define PACKAGE_VERSION "4.10.2"
| #define PACKAGE_STRING "silo 4.10.2"
| #define PACKAGE_BUGREPORT "visit-users@elist.ornl.gov"
| #define PACKAGE "silo"
| #define VERSION "4.10.2"
| /* end confdefs.h.  */
| #include <ac_nonexistent.h>
configure:4793: result: gcc -E
configure:4822: gcc -E  conftest.c
configure:4829: $? = 0
configure:4860: gcc -E  conftest.c
conftest.c:10:28: fatal error: ac_nonexistent.h: No such file or directory
compilation terminated.
configure:4867: $? = 1
configure: failed program was:
| /* confdefs.h.  */
| #define PACKAGE_NAME "silo"
| #define PACKAGE_TARNAME "silo"
| #define PACKAGE_VERSION "4.10.2"
| #define PACKAGE_STRING "silo 4.10.2"
| #define PACKAGE_BUGREPORT "visit-users@elist.ornl.gov"
| #define PACKAGE "silo"
| #define VERSION "4.10.2"
| /* end confdefs.h.  */
| #include <ac_nonexistent.h>
configure:6291: checking whether make sets $(MAKE)
configure:6313: result: yes
configure:6347: checking for a sed that does not truncate output
configure:6413: result: /bin/sed
configure:6431: checking for grep that handles long lines and -e
configure:6491: result: /bin/grep
configure:6496: checking for egrep
configure:6560: result: /bin/grep -E
configure:6565: checking for fgrep
configure:6629: result: /bin/grep -F
configure:6664: checking for ld used by gcc
configure:6731: result: /usr/bin/ld
configure:6740: checking if the linker (/usr/bin/ld) is GNU ld
configure:6755: result: yes
configure:6767: checking for BSD- or MS-compatible name lister (nm)
configure:6816: result: /usr/bin/nm -B
configure:6934: checking the name lister (/usr/bin/nm -B) interface
configure:6941: gcc -c  -m64 -fPIC  -O2  conftest.c >&5
configure:6944: /usr/bin/nm -B "conftest.o"
configure:6947: output
0000000000000000 B some_variable
configure:6954: result: BSD nm
configure:6957: checking whether ln -s works
configure:6961: result: yes
configure:6969: checking the maximum length of command line arguments
configure:7089: result: 1572864
configure:7106: checking whether the shell understands some XSI constructs
configure:7116: result: yes
configure:7120: checking whether the shell understands "+="
configure:7126: result: yes
configure:7161: checking for /usr/bin/ld option to reload object files
configure:7168: result: -r
configure:7237: checking for objdump
configure:7253: found /usr/bin/objdump
configure:7264: result: objdump
configure:7296: checking how to recognize dependent libraries
configure:7492: result: pass_all
configure:7552: checking for ar
configure:7568: found /usr/bin/ar
configure:7579: result: ar
configure:7657: checking for strip
configure:7673: found /usr/bin/strip
configure:7684: result: strip
configure:7756: checking for ranlib
configure:7772: found /usr/bin/ranlib
configure:7783: result: ranlib
configure:7873: checking command to parse /usr/bin/nm -B output from gcc object
configure:7991: gcc -c  -m64 -fPIC  -O2  conftest.c >&5
configure:7994: $? = 0
configure:7998: /usr/bin/nm -B conftest.o \| sed -n -e 's/^.*[	 ]\([ABCDGIRSTW][ABCDGIRSTW]*\)[	 ][	 ]*\([_A-Za-z][_A-Za-z0-9]*\)$/\1 \2 \2/p' \> conftest.nm
configure:8001: $? = 0
configure:8055: gcc -o conftest  -m64 -fPIC  -O2   conftest.c conftstm.o >&5
configure:8058: $? = 0
configure:8096: result: ok
configure:8191: gcc -c  -m64 -fPIC  -O2  conftest.c >&5
configure:8194: $? = 0
configure:8974: checking for ANSI C header files
configure:9012: gcc -c  -m64 -fPIC  -O2  conftest.c >&5
configure:9019: $? = 0
configure:9118: gcc -o conftest  -m64 -fPIC  -O2   conftest.c  >&5
configure:9122: $? = 0
configure:9128: ./conftest
configure:9132: $? = 0
configure:9150: result: yes
configure:9174: checking for sys/types.h
configure:9195: gcc -c  -m64 -fPIC  -O2  conftest.c >&5
configure:9202: $? = 0
configure:9219: result: yes
configure:9174: checking for sys/stat.h
configure:9195: gcc -c  -m64 -fPIC  -O2  conftest.c >&5
configure:9202: $? = 0
configure:9219: result: yes
configure:9174: checking for stdlib.h
configure:9195: gcc -c  -m64 -fPIC  -O2  conftest.c >&5
configure:9202: $? = 0
configure:9219: result: yes
configure:9174: checking for string.h
configure:9195: gcc -c  -m64 -fPIC  -O2  conftest.c >&5
configure:9202: $? = 0
configure:9219: result: yes
configure:9174: checking for memory.h
configure:9195: gcc -c  -m64 -fPIC  -O2  conftest.c >&5
configure:9202: $? = 0
configure:9219: result: yes
configure:9174: checking for strings.h
configure:9195: gcc -c  -m64 -fPIC  -O2  conftest.c >&5
configure:9202: $? = 0
configure:9219: result: yes
configure:9174: checking for inttypes.h
configure:9195: gcc -c  -m64 -fPIC  -O2  conftest.c >&5
configure:9202: $? = 0
configure:9219: result: yes
configure:9174: checking for stdint.h
configure:9195: gcc -c  -m64 -fPIC  -O2  conftest.c >&5
configure:9202: $? = 0
configure:9219: result: yes
configure:9174: checking for unistd.h
configure:9195: gcc -c  -m64 -fPIC  -O2  conftest.c >&5
configure:9202: $? = 0
configure:9219: result: yes
configure:9237: checking for dlfcn.h
configure:9258: gcc -c  -m64 -fPIC  -O2  conftest.c >&5
configure:9265: $? = 0
configure:9282: result: yes
configure:9409: checking for C++ compiler version
configure:9417: g++ --version >&5
g++ (Ubuntu 5.4.0-6ubuntu1~16.04.2) 5.4.0 20160609
Copyright (C) 2015 Free Software Foundation, Inc.
This is free software; see the source for copying conditions.  There is NO
warranty; not even for MERCHANTABILITY or FITNESS FOR A PARTICULAR PURPOSE.

configure:9421: $? = 0
configure:9428: g++ -v >&5
Using built-in specs.
COLLECT_GCC=g++
COLLECT_LTO_WRAPPER=/usr/lib/gcc/x86_64-linux-gnu/5/lto-wrapper
Target: x86_64-linux-gnu
Configured with: ../src/configure -v --with-pkgversion='Ubuntu 5.4.0-6ubuntu1~16.04.2' --with-bugurl=file:///usr/share/doc/gcc-5/README.Bugs --enable-languages=c,ada,c++,java,go,d,fortran,objc,obj-c++ --prefix=/usr --program-suffix=-5 --enable-shared --enable-linker-build-id --libexecdir=/usr/lib --without-included-gettext --enable-threads=posix --libdir=/usr/lib --enable-nls --with-sysroot=/ --enable-clocale=gnu --enable-libstdcxx-debug --enable-libstdcxx-time=yes --with-default-libstdcxx-abi=new --enable-gnu-unique-object --disable-vtable-verify --enable-libmpx --enable-plugin --with-system-zlib --disable-browser-plugin --enable-java-awt=gtk --enable-gtk-cairo --with-java-home=/usr/lib/jvm/java-1.5.0-gcj-5-amd64/jre --enable-java-home --with-jvm-root-dir=/usr/lib/jvm/java-1.5.0-gcj-5-amd64 --with-jvm-jar-dir=/usr/lib/jvm-exports/java-1.5.0-gcj-5-amd64 --with-arch-directory=amd64 --with-ecj-jar=/usr/share/java/eclipse-ecj.jar --enable-objc-gc --enable-multiarch --disable-werror --with-arch-32=i686 --with-abi=m64 --with-multilib-list=m32,m64,mx32 --enable-multilib --with-tune=generic --enable-checking=release --build=x86_64-linux-gnu --host=x86_64-linux-gnu --target=x86_64-linux-gnu
Thread model: posix
gcc version 5.4.0 20160609 (Ubuntu 5.4.0-6ubuntu1~16.04.2) 
configure:9432: $? = 0
configure:9439: g++ -V >&5
g++: error: unrecognized command line option '-V'
g++: fatal error: no input files
compilation terminated.
configure:9443: $? = 1
configure:9446: checking whether we are using the GNU C++ compiler
configure:9507: result: yes
configure:9516: checking whether g++ accepts -g
configure:9678: result: yes
configure:9703: checking dependency style of g++
configure:9813: result: gcc3
configure:9836: checking how to run the C++ preprocessor
configure:9872: g++ -E  conftest.cpp
configure:9879: $? = 0
configure:9910: g++ -E  conftest.cpp
conftest.cpp:21:28: fatal error: ac_nonexistent.h: No such file or directory
compilation terminated.
configure:9917: $? = 1
configure: failed program was:
| /* confdefs.h.  */
| #define PACKAGE_NAME "silo"
| #define PACKAGE_TARNAME "silo"
| #define PACKAGE_VERSION "4.10.2"
| #define PACKAGE_STRING "silo 4.10.2"
| #define PACKAGE_BUGREPORT "visit-users@elist.ornl.gov"
| #define PACKAGE "silo"
| #define VERSION "4.10.2"
| #define STDC_HEADERS 1
| #define HAVE_SYS_TYPES_H 1
| #define HAVE_SYS_STAT_H 1
| #define HAVE_STDLIB_H 1
| #define HAVE_STRING_H 1
| #define HAVE_MEMORY_H 1
| #define HAVE_STRINGS_H 1
| #define HAVE_INTTYPES_H 1
| #define HAVE_STDINT_H 1
| #define HAVE_UNISTD_H 1
| #define HAVE_DLFCN_H 1
| /* end confdefs.h.  */
| #include <ac_nonexistent.h>
configure:9950: result: g++ -E
configure:9979: g++ -E  conftest.cpp
configure:9986: $? = 0
configure:10017: g++ -E  conftest.cpp
conftest.cpp:21:28: fatal error: ac_nonexistent.h: No such file or directory
compilation terminated.
configure:10024: $? = 1
configure: failed program was:
| /* confdefs.h.  */
| #define PACKAGE_NAME "silo"
| #define PACKAGE_TARNAME "silo"
| #define PACKAGE_VERSION "4.10.2"
| #define PACKAGE_STRING "silo 4.10.2"
| #define PACKAGE_BUGREPORT "visit-users@elist.ornl.gov"
| #define PACKAGE "silo"
| #define VERSION "4.10.2"
| #define STDC_HEADERS 1
| #define HAVE_SYS_TYPES_H 1
| #define HAVE_SYS_STAT_H 1
| #define HAVE_STDLIB_H 1
| #define HAVE_STRING_H 1
| #define HAVE_MEMORY_H 1
| #define HAVE_STRINGS_H 1
| #define HAVE_INTTYPES_H 1
| #define HAVE_STDINT_H 1
| #define HAVE_UNISTD_H 1
| #define HAVE_DLFCN_H 1
| /* end confdefs.h.  */
| #include <ac_nonexistent.h>
configure:10120: checking for g77
configure:10150: result: no
configure:10120: checking for xlf
configure:10150: result: no
configure:10120: checking for f77
configure:10150: result: no
configure:10120: checking for frt
configure:10150: result: no
configure:10120: checking for pgf77
configure:10150: result: no
configure:10120: checking for cf77
configure:10150: result: no
configure:10120: checking for fort77
configure:10150: result: no
configure:10120: checking for fl32
configure:10150: result: no
configure:10120: checking for af77
configure:10150: result: no
configure:10120: checking for xlf90
configure:10150: result: no
configure:10120: checking for f90
configure:10150: result: no
configure:10120: checking for pgf90
configure:10150: result: no
configure:10120: checking for pghpf
configure:10150: result: no
configure:10120: checking for epcf90
configure:10150: result: no
configure:10120: checking for gfortran
configure:10150: result: no
configure:10120: checking for g95
configure:10150: result: no
configure:10120: checking for xlf95
configure:10150: result: no
configure:10120: checking for f95
configure:10150: result: no
configure:10120: checking for fort
configure:10150: result: no
configure:10120: checking for ifort
configure:10150: result: no
configure:10120: checking for ifc
configure:10150: result: no
configure:10120: checking for efc
configure:10150: result: no
configure:10120: checking for pgf95
configure:10150: result: no
configure:10120: checking for lf95
configure:10150: result: no
configure:10120: checking for ftn
configure:10150: result: no
configure:10173: checking for Fortran 77 compiler version
configure:10181:  --version >&5
./configure: line 10183: --version: command not found
configure:10185: $? = 127
configure:10192:  -v >&5
./configure: line 10194: -v: command not found
configure:10196: $? = 127
configure:10203:  -V >&5
./configure: line 10205: -V: command not found
configure:10207: $? = 127
configure:10215: checking whether we are using the GNU Fortran 77 compiler
configure:10234:  -c  conftest.F >&5
./configure: line 10236: -c: command not found
configure:10241: $? = 127
configure: failed program was:
|       program main
| #ifndef __GNUC__
|        choke me
| #endif
| 
|       end
configure:10258: result: no
configure:10264: checking whether  accepts -g
configure:10281:  -c -g conftest.f >&5
./configure: line 10283: -c: command not found
configure:10288: $? = 127
configure: failed program was:
|       program main
| 
|       end
configure:10304: result: no
configure:10394: checking for gfortran
configure:10424: result: no
configure:10394: checking for g95
configure:10424: result: no
configure:10394: checking for xlf95
configure:10424: result: no
configure:10394: checking for f95
configure:10424: result: no
configure:10394: checking for fort
configure:10424: result: no
configure:10394: checking for ifort
configure:10424: result: no
configure:10394: checking for ifc
configure:10424: result: no
configure:10394: checking for efc
configure:10424: result: no
configure:10394: checking for pgf95
configure:10424: result: no
configure:10394: checking for lf95
configure:10424: result: no
configure:10394: checking for ftn
configure:10424: result: no
configure:10394: checking for xlf90
configure:10424: result: no
configure:10394: checking for f90
configure:10424: result: no
configure:10394: checking for pgf90
configure:10424: result: no
configure:10394: checking for pghpf
configure:10424: result: no
configure:10394: checking for epcf90
configure:10424: result: no
configure:10394: checking for g77
configure:10424: result: no
configure:10394: checking for xlf
configure:10424: result: no
configure:10394: checking for f77
configure:10424: result: no
configure:10394: checking for frt
configure:10424: result: no
configure:10394: checking for pgf77
configure:10424: result: no
configure:10394: checking for cf77
configure:10424: result: no
configure:10394: checking for fort77
configure:10424: result: no
configure:10394: checking for fl32
configure:10424: result: no
configure:10394: checking for af77
configure:10424: result: no
configure:10447: checking for Fortran compiler version
configure:10455:  --version >&5
./configure: line 10457: --version: command not found
configure:10459: $? = 127
configure:10466:  -v >&5
./configure: line 10468: -v: command not found
configure:10470: $? = 127
configure:10477:  -V >&5
./configure: line 10479: -V: command not found
configure:10481: $? = 127
configure:10489: checking whether we are using the GNU Fortran compiler
configure:10508:  -c   conftest.F >&5
./configure: line 10510: -c: command not found
configure:10515: $? = 127
configure: failed program was:
|       program main
| #ifndef __GNUC__
|        choke me
| #endif
| 
|       end
configure:10532: result: no
configure:10538: checking whether  accepts -g
configure:10555:  -c -g  conftest.f >&5
./configure: line 10557: -c: command not found
configure:10562: $? = 127
configure: failed program was:
|       program main
| 
|       end
configure:10578: result: no
configure:10750: checking for objdir
configure:10765: result: .libs
configure:11061: checking if gcc supports -fno-rtti -fno-exceptions
configure:11079: gcc -c  -m64 -fPIC  -O2  -fno-rtti -fno-exceptions conftest.c >&5
cc1: warning: command line option '-fno-rtti' is valid for C++/ObjC++ but not for C
configure:11083: $? = 0
configure:11096: result: no
configure:11116: checking for gcc option to produce PIC
configure:11388: result: -fPIC -DPIC
configure:11400: checking if gcc PIC flag -fPIC -DPIC works
configure:11418: gcc -c  -m64 -fPIC  -O2  -fPIC -DPIC -DPIC conftest.c >&5
configure:11422: $? = 0
configure:11435: result: yes
configure:11459: checking if gcc static flag -static works
configure:11487: result: yes
configure:11502: checking if gcc supports -c -o file.o
configure:11523: gcc -c  -m64 -fPIC  -O2  -o out/conftest2.o conftest.c >&5
configure:11527: $? = 0
configure:11549: result: yes
configure:11557: checking if gcc supports -c -o file.o
configure:11604: result: yes
configure:11637: checking whether the gcc linker (/usr/bin/ld -m elf_x86_64) supports shared libraries
configure:12727: result: yes
configure:12764: checking whether -lc should be explicitly linked in
configure:12769: gcc -c  -m64 -fPIC  -O2  conftest.c >&5
configure:12772: $? = 0
configure:12787: gcc -shared conftest.o  -v -Wl,-soname -Wl,conftest -o conftest 2\>\&1 \| /bin/grep  -lc  \>/dev/null 2\>\&1
configure:12790: $? = 0
configure:12802: result: no
configure:12966: checking dynamic linker characteristics
configure:13417: gcc -o conftest  -m64 -fPIC  -O2   -Wl,-rpath -Wl,/foo conftest.c  >&5
configure:13424: $? = 0
configure:13660: result: GNU/Linux ld.so
configure:13762: checking how to hardcode library paths into programs
configure:13787: result: immediate
configure:14676: checking whether stripping libraries is possible
configure:14681: result: yes
configure:14716: checking if libtool supports shared libraries
configure:14718: result: yes
configure:14721: checking whether to build shared libraries
configure:14742: result: yes
configure:14745: checking whether to build static libraries
configure:14749: result: yes
configure:14899: checking for ld used by g++
configure:14966: result: /usr/bin/ld -m elf_x86_64
configure:14975: checking if the linker (/usr/bin/ld -m elf_x86_64) is GNU ld
configure:14990: result: yes
configure:15045: checking whether the g++ linker (/usr/bin/ld -m elf_x86_64) supports shared libraries
configure:16036: result: yes
configure:16064: g++ -c  -m64 -fPIC  -O2  conftest.cpp >&5
configure:16067: $? = 0
configure:16249: checking for g++ option to produce PIC
configure:16566: result: -fPIC -DPIC
configure:16575: checking if g++ PIC flag -fPIC -DPIC works
configure:16593: g++ -c  -m64 -fPIC  -O2  -fPIC -DPIC -DPIC conftest.cpp >&5
configure:16597: $? = 0
configure:16610: result: yes
configure:16631: checking if g++ static flag -static works
configure:16659: result: yes
configure:16671: checking if g++ supports -c -o file.o
configure:16692: g++ -c  -m64 -fPIC  -O2  -o out/conftest2.o conftest.cpp >&5
configure:16696: $? = 0
configure:16718: result: yes
configure:16723: checking if g++ supports -c -o file.o
configure:16770: result: yes
configure:16800: checking whether the g++ linker (/usr/bin/ld -m elf_x86_64) supports shared libraries
configure:16826: result: yes
configure:16963: checking dynamic linker characteristics
configure:17362: g++ -o conftest  -m64 -fPIC  -O2   -Wl,-rpath -Wl,/foo conftest.cpp  >&5
configure:17369: $? = 0
configure:17605: result: GNU/Linux ld.so
configure:17656: checking how to hardcode library paths into programs
configure:17681: result: immediate
configure:23016: checking for library containing strerror
configure:23065: gcc -o conftest  -m64 -fPIC  -O2   conftest.c  >&5
configure:23072: $? = 0
configure:23103: result: none required
configure:23329: checking for hzip
configure:23332: result: found
configure:23372: checking zlib.h usability
configure:23389: gcc -c  -m64 -fPIC  -O2  -I/home/ariana/workspace/enisi/hpylori_compartments/deps/src/project_visit/src/svn_bin/visit/zlib/1.2.7/linux-x86_64_gcc-5.4/include conftest.c >&5
configure:23396: $? = 0
configure:23410: result: yes
configure:23414: checking zlib.h presence
configure:23429: gcc -E  -I/home/ariana/workspace/enisi/hpylori_compartments/deps/src/project_visit/src/svn_bin/visit/zlib/1.2.7/linux-x86_64_gcc-5.4/include conftest.c
configure:23436: $? = 0
configure:23450: result: yes
configure:23483: checking for zlib.h
configure:23492: result: yes
configure:23509: checking for inflateEnd in -lz
configure:23552: gcc -o conftest  -m64 -fPIC  -O2  -I/home/ariana/workspace/enisi/hpylori_compartments/deps/src/project_visit/src/svn_bin/visit/zlib/1.2.7/linux-x86_64_gcc-5.4/include  -L/home/ariana/workspace/enisi/hpylori_compartments/deps/src/project_visit/src/svn_bin/visit/zlib/1.2.7/linux-x86_64_gcc-5.4/lib conftest.c -lz   -lz >&5
configure:23559: $? = 0
configure:23580: result: yes
configure:23606: checking for fpzip
configure:23609: result: found
configure:23688: checking compiler optimization
configure:23697: result: disabled
configure:23707: checking whether C compiler accepts "-D_LARGEFILE_SOURCE"
configure:23744: gcc -c -D_LARGEFILE_SOURCE  -I/home/ariana/workspace/enisi/hpylori_compartments/deps/src/project_visit/src/svn_bin/visit/zlib/1.2.7/linux-x86_64_gcc-5.4/include conftest.c >&5
configure:23751: $? = 0
configure:23769: result: yes
configure:23777: checking whether C compiler accepts "-D_LARGEFILE64_SOURCE"
configure:23814: gcc -c -D_LARGEFILE64_SOURCE  -I/home/ariana/workspace/enisi/hpylori_compartments/deps/src/project_visit/src/svn_bin/visit/zlib/1.2.7/linux-x86_64_gcc-5.4/include conftest.c >&5
configure:23821: $? = 0
configure:23839: result: yes
configure:23847: checking whether C compiler accepts "-D_FILE_OFFSET_BITS=64"
configure:23884: gcc -c -D_FILE_OFFSET_BITS=64  -I/home/ariana/workspace/enisi/hpylori_compartments/deps/src/project_visit/src/svn_bin/visit/zlib/1.2.7/linux-x86_64_gcc-5.4/include conftest.c >&5
configure:23891: $? = 0
configure:23909: result: yes
configure:23917: checking whether C compiler accepts "-Wdeclaration-after-statement"
configure:23954: gcc -c -Wdeclaration-after-statement  -I/home/ariana/workspace/enisi/hpylori_compartments/deps/src/project_visit/src/svn_bin/visit/zlib/1.2.7/linux-x86_64_gcc-5.4/include conftest.c >&5
configure:23961: $? = 0
configure:23979: result: yes
configure:24000: checking size of off64_t
configure:24353: gcc -o conftest  -m64 -fPIC  -O2 -D_LARGEFILE_SOURCE -D_LARGEFILE64_SOURCE -D_FILE_OFFSET_BITS=64 -Wdeclaration-after-statement  -I/home/ariana/workspace/enisi/hpylori_compartments/deps/src/project_visit/src/svn_bin/visit/zlib/1.2.7/linux-x86_64_gcc-5.4/include  -L/home/ariana/workspace/enisi/hpylori_compartments/deps/src/project_visit/src/svn_bin/visit/zlib/1.2.7/linux-x86_64_gcc-5.4/lib conftest.c -lz  -lz >&5
configure:24357: $? = 0
configure:24363: ./conftest
configure:24367: $? = 0
configure:24393: result: 8
configure:24418: checking for a BSD-compatible install
configure:24486: result: /usr/bin/install -c
configure:24516: checking sys/time.h usability
configure:24533: gcc -c  -m64 -fPIC  -O2 -D_LARGEFILE_SOURCE -D_LARGEFILE64_SOURCE -D_FILE_OFFSET_BITS=64 -Wdeclaration-after-statement  -I/home/ariana/workspace/enisi/hpylori_compartments/deps/src/project_visit/src/svn_bin/visit/zlib/1.2.7/linux-x86_64_gcc-5.4/include conftest.c >&5
configure:24540: $? = 0
configure:24554: result: yes
configure:24558: checking sys/time.h presence
configure:24573: gcc -E  -I/home/ariana/workspace/enisi/hpylori_compartments/deps/src/project_visit/src/svn_bin/visit/zlib/1.2.7/linux-x86_64_gcc-5.4/include conftest.c
configure:24580: $? = 0
configure:24594: result: yes
configure:24627: checking for sys/time.h
configure:24636: result: yes
configure:24516: checking stdarg.h usability
configure:24533: gcc -c  -m64 -fPIC  -O2 -D_LARGEFILE_SOURCE -D_LARGEFILE64_SOURCE -D_FILE_OFFSET_BITS=64 -Wdeclaration-after-statement  -I/home/ariana/workspace/enisi/hpylori_compartments/deps/src/project_visit/src/svn_bin/visit/zlib/1.2.7/linux-x86_64_gcc-5.4/include conftest.c >&5
configure:24540: $? = 0
configure:24554: result: yes
configure:24558: checking stdarg.h presence
configure:24573: gcc -E  -I/home/ariana/workspace/enisi/hpylori_compartments/deps/src/project_visit/src/svn_bin/visit/zlib/1.2.7/linux-x86_64_gcc-5.4/include conftest.c
configure:24580: $? = 0
configure:24594: result: yes
configure:24627: checking for stdarg.h
configure:24636: result: yes
configure:24505: checking for sys/stat.h
configure:24512: result: yes
configure:24678: checking fcntl.h usability
configure:24695: gcc -c  -m64 -fPIC  -O2 -D_LARGEFILE_SOURCE -D_LARGEFILE64_SOURCE -D_FILE_OFFSET_BITS=64 -Wdeclaration-after-statement  -I/home/ariana/workspace/enisi/hpylori_compartments/deps/src/project_visit/src/svn_bin/visit/zlib/1.2.7/linux-x86_64_gcc-5.4/include conftest.c >&5
configure:24702: $? = 0
configure:24716: result: yes
configure:24720: checking fcntl.h presence
configure:24735: gcc -E  -I/home/ariana/workspace/enisi/hpylori_compartments/deps/src/project_visit/src/svn_bin/visit/zlib/1.2.7/linux-x86_64_gcc-5.4/include conftest.c
configure:24742: $? = 0
configure:24756: result: yes
configure:24789: checking for fcntl.h
configure:24798: result: yes
configure:24829: checking sys/fcntl.h usability
configure:24846: gcc -c  -m64 -fPIC  -O2 -D_LARGEFILE_SOURCE -D_LARGEFILE64_SOURCE -D_FILE_OFFSET_BITS=64 -Wdeclaration-after-statement  -I/home/ariana/workspace/enisi/hpylori_compartments/deps/src/project_visit/src/svn_bin/visit/zlib/1.2.7/linux-x86_64_gcc-5.4/include conftest.c >&5
configure:24853: $? = 0
configure:24867: result: yes
configure:24871: checking sys/fcntl.h presence
configure:24886: gcc -E  -I/home/ariana/workspace/enisi/hpylori_compartments/deps/src/project_visit/src/svn_bin/visit/zlib/1.2.7/linux-x86_64_gcc-5.4/include conftest.c
configure:24893: $? = 0
configure:24907: result: yes
configure:24940: checking for sys/fcntl.h
configure:24949: result: yes
configure:24994: checking fnmatch.h usability
configure:25011: gcc -c  -m64 -fPIC  -O2 -D_LARGEFILE_SOURCE -D_LARGEFILE64_SOURCE -D_FILE_OFFSET_BITS=64 -Wdeclaration-after-statement  -I/home/ariana/workspace/enisi/hpylori_compartments/deps/src/project_visit/src/svn_bin/visit/zlib/1.2.7/linux-x86_64_gcc-5.4/include conftest.c >&5
configure:25018: $? = 0
configure:25032: result: yes
configure:25036: checking fnmatch.h presence
configure:25051: gcc -E  -I/home/ariana/workspace/enisi/hpylori_compartments/deps/src/project_visit/src/svn_bin/visit/zlib/1.2.7/linux-x86_64_gcc-5.4/include conftest.c
configure:25058: $? = 0
configure:25072: result: yes
configure:25105: checking for fnmatch.h
configure:25114: result: yes
configure:25145: checking ieeefp.h usability
configure:25162: gcc -c  -m64 -fPIC  -O2 -D_LARGEFILE_SOURCE -D_LARGEFILE64_SOURCE -D_FILE_OFFSET_BITS=64 -Wdeclaration-after-statement  -I/home/ariana/workspace/enisi/hpylori_compartments/deps/src/project_visit/src/svn_bin/visit/zlib/1.2.7/linux-x86_64_gcc-5.4/include conftest.c >&5
conftest.c:72:20: fatal error: ieeefp.h: No such file or directory
compilation terminated.
configure:25169: $? = 1
configure: failed program was:
| /* confdefs.h.  */
| #define PACKAGE_NAME "silo"
| #define PACKAGE_TARNAME "silo"
| #define PACKAGE_VERSION "4.10.2"
| #define PACKAGE_STRING "silo 4.10.2"
| #define PACKAGE_BUGREPORT "visit-users@elist.ornl.gov"
| #define PACKAGE "silo"
| #define VERSION "4.10.2"
| #define STDC_HEADERS 1
| #define HAVE_SYS_TYPES_H 1
| #define HAVE_SYS_STAT_H 1
| #define HAVE_STDLIB_H 1
| #define HAVE_STRING_H 1
| #define HAVE_MEMORY_H 1
| #define HAVE_STRINGS_H 1
| #define HAVE_INTTYPES_H 1
| #define HAVE_STDINT_H 1
| #define HAVE_UNISTD_H 1
| #define HAVE_DLFCN_H 1
| #define LT_OBJDIR ".libs/"
| #define NORMAL_SCLITE_HEADERS 0
| #define HAVE_NETCDF_DRIVER 1
| #define HAVE_PDB_DRIVER 1
| #define HAVE_TAURUS_DRIVER 1
| #define HAVE_ZLIB_H 1
| #define HAVE_LIBZ 1
| #define HAVE_HZIP 1
| #define HAVE_ZLIB_H 1
| #define HAVE_LIBZ 1
| #define HAVE_FPZIP 1
| #define SIZEOF_OFF64_T 8
| #define HAVE_SYS_TIME_H 1
| #define HAVE_STDARG_H 1
| #define HAVE_SYS_STAT_H 1
| #define HAVE_FCNTL_H 1
| #define HAVE_SYS_FCNTL_H 1
| #define HAVE_FNMATCH_H 1
| /* end confdefs.h.  */
| #include <stdio.h>
| #ifdef HAVE_SYS_TYPES_H
| # include <sys/types.h>
| #endif
| #ifdef HAVE_SYS_STAT_H
| # include <sys/stat.h>
| #endif
| #ifdef STDC_HEADERS
| # include <stdlib.h>
| # include <stddef.h>
| #else
| # ifdef HAVE_STDLIB_H
| #  include <stdlib.h>
| # endif
| #endif
| #ifdef HAVE_STRING_H
| # if !defined STDC_HEADERS && defined HAVE_MEMORY_H
| #  include <memory.h>
| # endif
| # include <string.h>
| #endif
| #ifdef HAVE_STRINGS_H
| # include <strings.h>
| #endif
| #ifdef HAVE_INTTYPES_H
| # include <inttypes.h>
| #endif
| #ifdef HAVE_STDINT_H
| # include <stdint.h>
| #endif
| #ifdef HAVE_UNISTD_H
| # include <unistd.h>
| #endif
| #include <ieeefp.h>
configure:25183: result: no
configure:25187: checking ieeefp.h presence
configure:25202: gcc -E  -I/home/ariana/workspace/enisi/hpylori_compartments/deps/src/project_visit/src/svn_bin/visit/zlib/1.2.7/linux-x86_64_gcc-5.4/include conftest.c
conftest.c:39:20: fatal error: ieeefp.h: No such file or directory
compilation terminated.
configure:25209: $? = 1
configure: failed program was:
| /* confdefs.h.  */
| #define PACKAGE_NAME "silo"
| #define PACKAGE_TARNAME "silo"
| #define PACKAGE_VERSION "4.10.2"
| #define PACKAGE_STRING "silo 4.10.2"
| #define PACKAGE_BUGREPORT "visit-users@elist.ornl.gov"
| #define PACKAGE "silo"
| #define VERSION "4.10.2"
| #define STDC_HEADERS 1
| #define HAVE_SYS_TYPES_H 1
| #define HAVE_SYS_STAT_H 1
| #define HAVE_STDLIB_H 1
| #define HAVE_STRING_H 1
| #define HAVE_MEMORY_H 1
| #define HAVE_STRINGS_H 1
| #define HAVE_INTTYPES_H 1
| #define HAVE_STDINT_H 1
| #define HAVE_UNISTD_H 1
| #define HAVE_DLFCN_H 1
| #define LT_OBJDIR ".libs/"
| #define NORMAL_SCLITE_HEADERS 0
| #define HAVE_NETCDF_DRIVER 1
| #define HAVE_PDB_DRIVER 1
| #define HAVE_TAURUS_DRIVER 1
| #define HAVE_ZLIB_H 1
| #define HAVE_LIBZ 1
| #define HAVE_HZIP 1
| #define HAVE_ZLIB_H 1
| #define HAVE_LIBZ 1
| #define HAVE_FPZIP 1
| #define SIZEOF_OFF64_T 8
| #define HAVE_SYS_TIME_H 1
| #define HAVE_STDARG_H 1
| #define HAVE_SYS_STAT_H 1
| #define HAVE_FCNTL_H 1
| #define HAVE_SYS_FCNTL_H 1
| #define HAVE_FNMATCH_H 1
| /* end confdefs.h.  */
| #include <ieeefp.h>
configure:25223: result: no
configure:25256: checking for ieeefp.h
configure:25265: result: no
configure:25286: checking for sys/types.h
configure:25293: result: yes
configure:25286: checking for unistd.h
configure:25293: result: yes
configure:25432: checking for ANSI C header files
configure:25608: result: yes
configure:25674: checking for fclose function pointer
configure:25708: gcc -c  -m64 -fPIC  -O2 -D_LARGEFILE_SOURCE -D_LARGEFILE64_SOURCE -D_FILE_OFFSET_BITS=64 -Wdeclaration-after-statement  -I/home/ariana/workspace/enisi/hpylori_compartments/deps/src/project_visit/src/svn_bin/visit/zlib/1.2.7/linux-x86_64_gcc-5.4/include conftest.c >&5
configure:25715: $? = 0
configure:25742: result: yes
configure:25674: checking for fflush function pointer
configure:25708: gcc -c  -m64 -fPIC  -O2 -D_LARGEFILE_SOURCE -D_LARGEFILE64_SOURCE -D_FILE_OFFSET_BITS=64 -Wdeclaration-after-statement  -I/home/ariana/workspace/enisi/hpylori_compartments/deps/src/project_visit/src/svn_bin/visit/zlib/1.2.7/linux-x86_64_gcc-5.4/include conftest.c >&5
configure:25715: $? = 0
configure:25742: result: yes
configure:25674: checking for fopen function pointer
configure:25708: gcc -c  -m64 -fPIC  -O2 -D_LARGEFILE_SOURCE -D_LARGEFILE64_SOURCE -D_FILE_OFFSET_BITS=64 -Wdeclaration-after-statement  -I/home/ariana/workspace/enisi/hpylori_compartments/deps/src/project_visit/src/svn_bin/visit/zlib/1.2.7/linux-x86_64_gcc-5.4/include conftest.c >&5
configure:25715: $? = 0
configure:25742: result: yes
configure:25674: checking for fprintf function pointer
configure:25708: gcc -c  -m64 -fPIC  -O2 -D_LARGEFILE_SOURCE -D_LARGEFILE64_SOURCE -D_FILE_OFFSET_BITS=64 -Wdeclaration-after-statement  -I/home/ariana/workspace/enisi/hpylori_compartments/deps/src/project_visit/src/svn_bin/visit/zlib/1.2.7/linux-x86_64_gcc-5.4/include conftest.c >&5
configure:25715: $? = 0
configure:25742: result: yes
configure:25674: checking for fread function pointer
configure:25708: gcc -c  -m64 -fPIC  -O2 -D_LARGEFILE_SOURCE -D_LARGEFILE64_SOURCE -D_FILE_OFFSET_BITS=64 -Wdeclaration-after-statement  -I/home/ariana/workspace/enisi/hpylori_compartments/deps/src/project_visit/src/svn_bin/visit/zlib/1.2.7/linux-x86_64_gcc-5.4/include conftest.c >&5
configure:25715: $? = 0
configure:25742: result: yes
configure:25674: checking for fseek function pointer
configure:25708: gcc -c  -m64 -fPIC  -O2 -D_LARGEFILE_SOURCE -D_LARGEFILE64_SOURCE -D_FILE_OFFSET_BITS=64 -Wdeclaration-after-statement  -I/home/ariana/workspace/enisi/hpylori_compartments/deps/src/project_visit/src/svn_bin/visit/zlib/1.2.7/linux-x86_64_gcc-5.4/include conftest.c >&5
configure:25715: $? = 0
configure:25742: result: yes
configure:25674: checking for setvbuf function pointer
configure:25708: gcc -c  -m64 -fPIC  -O2 -D_LARGEFILE_SOURCE -D_LARGEFILE64_SOURCE -D_FILE_OFFSET_BITS=64 -Wdeclaration-after-statement  -I/home/ariana/workspace/enisi/hpylori_compartments/deps/src/project_visit/src/svn_bin/visit/zlib/1.2.7/linux-x86_64_gcc-5.4/include conftest.c >&5
configure:25715: $? = 0
configure:25742: result: yes
configure:25674: checking for ftell function pointer
configure:25708: gcc -c  -m64 -fPIC  -O2 -D_LARGEFILE_SOURCE -D_LARGEFILE64_SOURCE -D_FILE_OFFSET_BITS=64 -Wdeclaration-after-statement  -I/home/ariana/workspace/enisi/hpylori_compartments/deps/src/project_visit/src/svn_bin/visit/zlib/1.2.7/linux-x86_64_gcc-5.4/include conftest.c >&5
configure:25715: $? = 0
configure:25742: result: yes
configure:25674: checking for fwrite function pointer
configure:25708: gcc -c  -m64 -fPIC  -O2 -D_LARGEFILE_SOURCE -D_LARGEFILE64_SOURCE -D_FILE_OFFSET_BITS=64 -Wdeclaration-after-statement  -I/home/ariana/workspace/enisi/hpylori_compartments/deps/src/project_visit/src/svn_bin/visit/zlib/1.2.7/linux-x86_64_gcc-5.4/include conftest.c >&5
configure:25715: $? = 0
configure:25742: result: yes
configure:25755: checking for memmove
configure:25819: gcc -o conftest  -m64 -fPIC  -O2 -D_LARGEFILE_SOURCE -D_LARGEFILE64_SOURCE -D_FILE_OFFSET_BITS=64 -Wdeclaration-after-statement  -I/home/ariana/workspace/enisi/hpylori_compartments/deps/src/project_visit/src/svn_bin/visit/zlib/1.2.7/linux-x86_64_gcc-5.4/include  -L/home/ariana/workspace/enisi/hpylori_compartments/deps/src/project_visit/src/svn_bin/visit/zlib/1.2.7/linux-x86_64_gcc-5.4/lib conftest.c -lz  -lz >&5
conftest.c:74:6: warning: conflicting types for built-in function 'memmove'
 char memmove ();
      ^
configure:25826: $? = 0
configure:25848: result: yes
configure:25755: checking for fnmatch
configure:25819: gcc -o conftest  -m64 -fPIC  -O2 -D_LARGEFILE_SOURCE -D_LARGEFILE64_SOURCE -D_FILE_OFFSET_BITS=64 -Wdeclaration-after-statement  -I/home/ariana/workspace/enisi/hpylori_compartments/deps/src/project_visit/src/svn_bin/visit/zlib/1.2.7/linux-x86_64_gcc-5.4/include  -L/home/ariana/workspace/enisi/hpylori_compartments/deps/src/project_visit/src/svn_bin/visit/zlib/1.2.7/linux-x86_64_gcc-5.4/lib conftest.c -lz  -lz >&5
configure:25826: $? = 0
configure:25848: result: yes
configure:25755: checking for isnan
configure:25819: gcc -o conftest  -m64 -fPIC  -O2 -D_LARGEFILE_SOURCE -D_LARGEFILE64_SOURCE -D_FILE_OFFSET_BITS=64 -Wdeclaration-after-statement  -I/home/ariana/workspace/enisi/hpylori_compartments/deps/src/project_visit/src/svn_bin/visit/zlib/1.2.7/linux-x86_64_gcc-5.4/include  -L/home/ariana/workspace/enisi/hpylori_compartments/deps/src/project_visit/src/svn_bin/visit/zlib/1.2.7/linux-x86_64_gcc-5.4/lib conftest.c -lz  -lz >&5
conftest.c:76:6: warning: conflicting types for built-in function 'isnan'
 char isnan ();
      ^
configure:25826: $? = 0
configure:25848: result: yes
configure:25755: checking for fpclass
configure:25819: gcc -o conftest  -m64 -fPIC  -O2 -D_LARGEFILE_SOURCE -D_LARGEFILE64_SOURCE -D_FILE_OFFSET_BITS=64 -Wdeclaration-after-statement  -I/home/ariana/workspace/enisi/hpylori_compartments/deps/src/project_visit/src/svn_bin/visit/zlib/1.2.7/linux-x86_64_gcc-5.4/include  -L/home/ariana/workspace/enisi/hpylori_compartments/deps/src/project_visit/src/svn_bin/visit/zlib/1.2.7/linux-x86_64_gcc-5.4/lib conftest.c -lz  -lz >&5
/tmp/ccDoWhmx.o: In function `main':
conftest.c:(.text.startup+0x7): undefined reference to `fpclass'
collect2: error: ld returned 1 exit status
configure:25826: $? = 1
configure: failed program was:
| /* confdefs.h.  */
| #define PACKAGE_NAME "silo"
| #define PACKAGE_TARNAME "silo"
| #define PACKAGE_VERSION "4.10.2"
| #define PACKAGE_STRING "silo 4.10.2"
| #define PACKAGE_BUGREPORT "visit-users@elist.ornl.gov"
| #define PACKAGE "silo"
| #define VERSION "4.10.2"
| #define STDC_HEADERS 1
| #define HAVE_SYS_TYPES_H 1
| #define HAVE_SYS_STAT_H 1
| #define HAVE_STDLIB_H 1
| #define HAVE_STRING_H 1
| #define HAVE_MEMORY_H 1
| #define HAVE_STRINGS_H 1
| #define HAVE_INTTYPES_H 1
| #define HAVE_STDINT_H 1
| #define HAVE_UNISTD_H 1
| #define HAVE_DLFCN_H 1
| #define LT_OBJDIR ".libs/"
| #define NORMAL_SCLITE_HEADERS 0
| #define HAVE_NETCDF_DRIVER 1
| #define HAVE_PDB_DRIVER 1
| #define HAVE_TAURUS_DRIVER 1
| #define HAVE_ZLIB_H 1
| #define HAVE_LIBZ 1
| #define HAVE_HZIP 1
| #define HAVE_ZLIB_H 1
| #define HAVE_LIBZ 1
| #define HAVE_FPZIP 1
| #define SIZEOF_OFF64_T 8
| #define HAVE_SYS_TIME_H 1
| #define HAVE_STDARG_H 1
| #define HAVE_SYS_STAT_H 1
| #define HAVE_FCNTL_H 1
| #define HAVE_SYS_FCNTL_H 1
| #define HAVE_FNMATCH_H 1
| #define HAVE_SYS_TYPES_H 1
| #define HAVE_UNISTD_H 1
| #define STDC_HEADERS 1
| #define HAVE_FCLOSE_POINTER 1
| #define HAVE_FFLUSH_POINTER 1
| #define HAVE_FOPEN_POINTER 1
| #define HAVE_FPRINTF_POINTER 1
| #define HAVE_FREAD_POINTER 1
| #define HAVE_FSEEK_POINTER 1
| #define HAVE_SETVBUF_POINTER 1
| #define HAVE_FTELL_POINTER 1
| #define HAVE_FWRITE_POINTER 1
| #define HAVE_MEMMOVE 1
| #define HAVE_FNMATCH 1
| #define HAVE_ISNAN 1
| /* end confdefs.h.  */
| /* Define fpclass to an innocuous variant, in case <limits.h> declares fpclass.
|    For example, HP-UX 11i <limits.h> declares gettimeofday.  */
| #define fpclass innocuous_fpclass
| 
| /* System header to define __stub macros and hopefully few prototypes,
|     which can conflict with char fpclass (); below.
|     Prefer <limits.h> to <assert.h> if __STDC__ is defined, since
|     <limits.h> exists even on freestanding compilers.  */
| 
| #ifdef __STDC__
| # include <limits.h>
| #else
| # include <assert.h>
| #endif
| 
| #undef fpclass
| 
| /* Override any GCC internal prototype to avoid an error.
|    Use char because int might match the return type of a GCC
|    builtin and then its argument prototype would still apply.  */
| #ifdef __cplusplus
| extern "C"
| #endif
| char fpclass ();
| /* The GNU C library defines this for functions which it implements
|     to always fail with ENOSYS.  Some functions are actually named
|     something starting with __ and the normal name is an alias.  */
| #if defined __stub_fpclass || defined __stub___fpclass
| choke me
| #endif
| 
| #ifdef FC_DUMMY_MAIN
| #ifndef FC_DUMMY_MAIN_EQ_F77
| #  ifdef __cplusplus
|      extern "C"
| #  endif
|    int FC_DUMMY_MAIN() { return 1; }
| #endif
| #endif
| int
| main ()
| {
| return fpclass ();
|   ;
|   return 0;
| }
configure:25848: result: no
configure:25755: checking for strerror
configure:25819: gcc -o conftest  -m64 -fPIC  -O2 -D_LARGEFILE_SOURCE -D_LARGEFILE64_SOURCE -D_FILE_OFFSET_BITS=64 -Wdeclaration-after-statement  -I/home/ariana/workspace/enisi/hpylori_compartments/deps/src/project_visit/src/svn_bin/visit/zlib/1.2.7/linux-x86_64_gcc-5.4/include  -L/home/ariana/workspace/enisi/hpylori_compartments/deps/src/project_visit/src/svn_bin/visit/zlib/1.2.7/linux-x86_64_gcc-5.4/lib conftest.c -lz  -lz >&5
configure:25826: $? = 0
configure:25848: result: yes
configure:25861: checking if setjmp and longjmp work
configure:25877: result: yes
configure:28296: checking for cos in -lm
configure:28339: gcc -o conftest  -m64 -fPIC  -O2 -D_LARGEFILE_SOURCE -D_LARGEFILE64_SOURCE -D_FILE_OFFSET_BITS=64 -Wdeclaration-after-statement  -I/home/ariana/workspace/enisi/hpylori_compartments/deps/src/project_visit/src/svn_bin/visit/zlib/1.2.7/linux-x86_64_gcc-5.4/include  -L/home/ariana/workspace/enisi/hpylori_compartments/deps/src/project_visit/src/svn_bin/visit/zlib/1.2.7/linux-x86_64_gcc-5.4/lib conftest.c -lm  -lz  -lz >&5
conftest.c:62:6: warning: conflicting types for built-in function 'cos'
 char cos ();
      ^
configure:28346: $? = 0
configure:28367: result: yes
configure:28477: checking for SZ_BufftoBuffCompress in -lsz
configure:28520: gcc -o conftest  -m64 -fPIC  -O2 -D_LARGEFILE_SOURCE -D_LARGEFILE64_SOURCE -D_FILE_OFFSET_BITS=64 -Wdeclaration-after-statement  -I/home/ariana/workspace/enisi/hpylori_compartments/deps/src/project_visit/src/svn_bin/visit/zlib/1.2.7/linux-x86_64_gcc-5.4/include  -L/home/ariana/workspace/enisi/hpylori_compartments/deps/src/project_visit/src/svn_bin/visit/zlib/1.2.7/linux-x86_64_gcc-5.4/lib -L/home/ariana/workspace/enisi/hpylori_compartments/deps/src/project_visit/src/svn_bin/visit/szip/2.1/linux-x86_64_gcc-5.4/lib conftest.c -lsz  -lz  -lz -lm >&5
configure:28527: $? = 0
configure:28548: result: yes
configure:28599: checking for hdf5
configure:28680: checking for hdf5 and supporting libraries...
configure:28725: checking hdf5.h usability
configure:28742: gcc -c  -m64 -fPIC  -O2 -D_LARGEFILE_SOURCE -D_LARGEFILE64_SOURCE -D_FILE_OFFSET_BITS=64 -Wdeclaration-after-statement -I/home/ariana/workspace/enisi/hpylori_compartments/deps/src/project_visit/src/svn_bin/visit/hdf5/1.8.7/linux-x86_64_gcc-5.4/include  -I/home/ariana/workspace/enisi/hpylori_compartments/deps/src/project_visit/src/svn_bin/visit/zlib/1.2.7/linux-x86_64_gcc-5.4/include conftest.c >&5
configure:28749: $? = 0
configure:28763: result: yes
configure:28767: checking hdf5.h presence
configure:28782: gcc -E -I/home/ariana/workspace/enisi/hpylori_compartments/deps/src/project_visit/src/svn_bin/visit/hdf5/1.8.7/linux-x86_64_gcc-5.4/include  -I/home/ariana/workspace/enisi/hpylori_compartments/deps/src/project_visit/src/svn_bin/visit/zlib/1.2.7/linux-x86_64_gcc-5.4/include conftest.c
configure:28789: $? = 0
configure:28803: result: yes
configure:28836: checking for hdf5.h
configure:28845: result: yes
configure:28869: checking for H5open
configure:28933: gcc -o conftest  -m64 -fPIC  -O2 -D_LARGEFILE_SOURCE -D_LARGEFILE64_SOURCE -D_FILE_OFFSET_BITS=64 -Wdeclaration-after-statement -I/home/ariana/workspace/enisi/hpylori_compartments/deps/src/project_visit/src/svn_bin/visit/hdf5/1.8.7/linux-x86_64_gcc-5.4/include  -I/home/ariana/workspace/enisi/hpylori_compartments/deps/src/project_visit/src/svn_bin/visit/zlib/1.2.7/linux-x86_64_gcc-5.4/include -L/home/ariana/workspace/enisi/hpylori_compartments/deps/src/project_visit/src/svn_bin/visit/hdf5/1.8.7/linux-x86_64_gcc-5.4/lib -L/home/ariana/workspace/enisi/hpylori_compartments/deps/src/project_visit/src/svn_bin/visit/szip/2.1/linux-x86_64_gcc-5.4/lib  -L/home/ariana/workspace/enisi/hpylori_compartments/deps/src/project_visit/src/svn_bin/visit/zlib/1.2.7/linux-x86_64_gcc-5.4/lib -L/home/ariana/workspace/enisi/hpylori_compartments/deps/src/project_visit/src/svn_bin/visit/szip/2.1/linux-x86_64_gcc-5.4/lib conftest.c -lhdf5 -lsz -lsz -lz  -lz -lm >&5
configure:28940: $? = 0
configure:28960: result: yes
configure:30105: checking for readline
configure:30107: result: disabled
configure:30840: creating ./config.status

## ---------------------- ##
## Running config.status. ##
## ---------------------- ##

This file was extended by silo config.status 4.10.2, which was
generated by GNU Autoconf 2.63.  Invocation command line was

  CONFIG_FILES    = 
  CONFIG_HEADERS  = 
  CONFIG_LINKS    = 
  CONFIG_COMMANDS = 
  $ ./config.status 

on herbst-Lenovo-B40-80

config.status:1310: creating Makefile
config.status:1310: creating SiloWindows/Makefile
config.status:1310: creating svn_bin/Makefile
config.status:1310: creating config/Makefile
config.status:1310: creating config-site/Makefile
config.status:1310: creating docs/Makefile
config.status:1310: creating src/Makefile
config.status:1310: creating src/score/Makefile
config.status:1310: creating src/pdb/Makefile
config.status:1310: creating src/silo/Makefile
config.status:1310: creating src/silo/silo.h
config.status:1310: creating src/debug/Makefile
config.status:1310: creating src/netcdf/Makefile
config.status:1310: creating src/pdb_drv/Makefile
config.status:1310: creating src/pdbp_drv/Makefile
config.status:1310: creating src/hdf5_drv/Makefile
config.status:1310: creating src/taurus/Makefile
config.status:1310: creating src/unknown/Makefile
config.status:1310: creating src/filters/Makefile
config.status:1310: creating tests/Makefile
config.status:1310: creating tools/Makefile
config.status:1310: creating tools/browser/Makefile
config.status:1310: creating tools/python/Makefile
config.status:1310: creating tools/silex/Makefile
config.status:1310: creating tools/silock/Makefile
config.status:1310: creating tools/json/Makefile
config.status:1310: creating tools/mapred/Makefile
config.status:1310: creating src/hzip/Makefile
config.status:1310: creating src/fpzip/Makefile
config.status:1310: creating src/libsiloh5.settings
config.status:1310: creating config.h
config.status:1584: executing tests/atconfig commands
config.status:1584: executing depfiles commands
config.status:1584: executing libtool commands

## ---------------- ##
## Cache variables. ##
## ---------------- ##

ac_cv_build=x86_64-unknown-linux-gnu
ac_cv_c_compiler_gnu=yes
ac_cv_cxx_compiler_gnu=yes
ac_cv_env_CCC_set=
ac_cv_env_CCC_value=
ac_cv_env_CC_set=set
ac_cv_env_CC_value=gcc
ac_cv_env_CFLAGS_set=set
ac_cv_env_CFLAGS_value=' -m64 -fPIC  -O2'
ac_cv_env_CPPFLAGS_set=
ac_cv_env_CPPFLAGS_value=
ac_cv_env_CPP_set=
ac_cv_env_CPP_value=
ac_cv_env_CXXCPP_set=
ac_cv_env_CXXCPP_value=
ac_cv_env_CXXFLAGS_set=set
ac_cv_env_CXXFLAGS_value=' -m64 -fPIC  -O2'
ac_cv_env_CXX_set=set
ac_cv_env_CXX_value=g++
ac_cv_env_F77_set=
ac_cv_env_F77_value=
ac_cv_env_FCFLAGS_set=
ac_cv_env_FCFLAGS_value=
ac_cv_env_FC_set=
ac_cv_env_FC_value=
ac_cv_env_FFLAGS_set=
ac_cv_env_FFLAGS_value=
ac_cv_env_LDFLAGS_set=
ac_cv_env_LDFLAGS_value=
ac_cv_env_LIBS_set=
ac_cv_env_LIBS_value=
ac_cv_env_XMKMF_set=
ac_cv_env_XMKMF_value=
ac_cv_env_build_alias_set=
ac_cv_env_build_alias_value=
ac_cv_env_host_alias_set=
ac_cv_env_host_alias_value=
ac_cv_env_target_alias_set=
ac_cv_env_target_alias_value=
ac_cv_f77_compiler_gnu=no
ac_cv_fc_compiler_gnu=no
ac_cv_func_H5open=yes
ac_cv_func_fnmatch=yes
ac_cv_func_fpclass=no
ac_cv_func_isnan=yes
ac_cv_func_memmove=yes
ac_cv_func_strerror=yes
ac_cv_header_dlfcn_h=yes
ac_cv_header_fcntl_h=yes
ac_cv_header_fnmatch_h=yes
ac_cv_header_hdf5_h=yes
ac_cv_header_ieeefp_h=no
ac_cv_header_inttypes_h=yes
ac_cv_header_memory_h=yes
ac_cv_header_stdarg_h=yes
ac_cv_header_stdc=yes
ac_cv_header_stdint_h=yes
ac_cv_header_stdlib_h=yes
ac_cv_header_string_h=yes
ac_cv_header_strings_h=yes
ac_cv_header_sys_fcntl_h=yes
ac_cv_header_sys_stat_h=yes
ac_cv_header_sys_time_h=yes
ac_cv_header_sys_types_h=yes
ac_cv_header_unistd_h=yes
ac_cv_header_zlib_h=yes
ac_cv_host=x86_64-unknown-linux-gnu
ac_cv_lib_m_cos=yes
ac_cv_lib_sz_SZ_BufftoBuffCompress=yes
ac_cv_lib_z_inflateEnd=yes
ac_cv_objext=o
ac_cv_path_EGREP='/bin/grep -E'
ac_cv_path_FGREP='/bin/grep -F'
ac_cv_path_GREP=/bin/grep
ac_cv_path_SED=/bin/sed
ac_cv_path_install='/usr/bin/install -c'
ac_cv_path_mkdir=/bin/mkdir
ac_cv_prog_AWK=mawk
ac_cv_prog_CPP='gcc -E'
ac_cv_prog_CXXCPP='g++ -E'
ac_cv_prog_ac_ct_AR=ar
ac_cv_prog_ac_ct_CC=gcc
ac_cv_prog_ac_ct_OBJDUMP=objdump
ac_cv_prog_ac_ct_RANLIB=ranlib
ac_cv_prog_ac_ct_STRIP=strip
ac_cv_prog_cc_c89=
ac_cv_prog_cc_g=yes
ac_cv_prog_cxx_g=yes
ac_cv_prog_f77_g=no
ac_cv_prog_fc_g=no
ac_cv_prog_make_make_set=yes
ac_cv_search_strerror='none required'
ac_cv_sizeof_off64_t=8
am_cv_CC_dependencies_compiler_type=gcc3
am_cv_CXX_dependencies_compiler_type=gcc3
ax_cv_c_flags___D_FILE_OFFSET_BITS_64_=yes
ax_cv_c_flags___D_LARGEFILE64_SOURCE_=yes
ax_cv_c_flags___D_LARGEFILE_SOURCE_=yes
ax_cv_c_flags___Wdeclaration_after_statement_=yes
lt_cv_deplibs_check_method=pass_all
lt_cv_file_magic_cmd='$MAGIC_CMD'
lt_cv_file_magic_test_file=
lt_cv_ld_reload_flag=-r
lt_cv_nm_interface='BSD nm'
lt_cv_objdir=.libs
lt_cv_path_LD=/usr/bin/ld
lt_cv_path_LDCXX='/usr/bin/ld -m elf_x86_64'
lt_cv_path_NM='/usr/bin/nm -B'
lt_cv_prog_compiler_c_o=yes
lt_cv_prog_compiler_c_o_CXX=yes
lt_cv_prog_compiler_pic_works=yes
lt_cv_prog_compiler_pic_works_CXX=yes
lt_cv_prog_compiler_rtti_exceptions=no
lt_cv_prog_compiler_static_works=yes
lt_cv_prog_compiler_static_works_CXX=yes
lt_cv_prog_gnu_ld=yes
lt_cv_prog_gnu_ldcxx=yes
lt_cv_sys_global_symbol_pipe='sed -n -e '\''s/^.*[	 ]\([ABCDGIRSTW][ABCDGIRSTW]*\)[	 ][	 ]*\([_A-Za-z][_A-Za-z0-9]*\)$/\1 \2 \2/p'\'''
lt_cv_sys_global_symbol_to_c_name_address='sed -n -e '\''s/^: \([^ ]*\) $/  {\"\1\", (void *) 0},/p'\'' -e '\''s/^[ABCDGIRSTW]* \([^ ]*\) \([^ ]*\)$/  {"\2", (void *) \&\2},/p'\'''
lt_cv_sys_global_symbol_to_c_name_address_lib_prefix='sed -n -e '\''s/^: \([^ ]*\) $/  {\"\1\", (void *) 0},/p'\'' -e '\''s/^[ABCDGIRSTW]* \([^ ]*\) \(lib[^ ]*\)$/  {"\2", (void *) \&\2},/p'\'' -e '\''s/^[ABCDGIRSTW]* \([^ ]*\) \([^ ]*\)$/  {"lib\2", (void *) \&\2},/p'\'''
lt_cv_sys_global_symbol_to_cdecl='sed -n -e '\''s/^T .* \(.*\)$/extern int \1();/p'\'' -e '\''s/^[ABCDGIRSTW]* .* \(.*\)$/extern char \1;/p'\'''
lt_cv_sys_max_cmd_len=1572864
vc_cv_fclose_pointer=yes
vc_cv_fflush_pointer=yes
vc_cv_fopen_pointer=yes
vc_cv_fprintf_pointer=yes
vc_cv_fread_pointer=yes
vc_cv_fseek_pointer=yes
vc_cv_ftell_pointer=yes
vc_cv_fwrite_pointer=yes
vc_cv_setvbuf_pointer=yes

## ----------------- ##
## Output variables. ##
## ----------------- ##

ACLOCAL='${SHELL} /home/ariana/workspace/enisi/hpylori_compartments/deps/src/project_visit/src/svn_bin/silo-4.10.2/config/missing --run aclocal-1.11'
AMDEPBACKSLASH='\'
AMDEP_FALSE='#'
AMDEP_TRUE=''
AMTAR='${SHELL} /home/ariana/workspace/enisi/hpylori_compartments/deps/src/project_visit/src/svn_bin/silo-4.10.2/config/missing --run tar'
AR='ar'
AUTOCONF='${SHELL} /home/ariana/workspace/enisi/hpylori_compartments/deps/src/project_visit/src/svn_bin/silo-4.10.2/config/missing --run autoconf'
AUTOHEADER='${SHELL} /home/ariana/workspace/enisi/hpylori_compartments/deps/src/project_visit/src/svn_bin/silo-4.10.2/config/missing --run autoheader'
AUTOMAKE='${SHELL} /home/ariana/workspace/enisi/hpylori_compartments/deps/src/project_visit/src/svn_bin/silo-4.10.2/config/missing --run automake-1.11'
AWK='mawk'
BROWSER='browser'
BROWSER_NEEDED_FALSE='#'
BROWSER_NEEDED_TRUE=''
BUNDLE_TARGET=''
CC='gcc'
CCDEPMODE='depmode=gcc3'
CC_FULLPATH='/usr/bin/gcc'
CFLAGS=' -m64 -fPIC  -O2 -D_LARGEFILE_SOURCE -D_LARGEFILE64_SOURCE -D_FILE_OFFSET_BITS=64 -Wdeclaration-after-statement'
CONFIG_CMD='./configure '\''CXX=g++'\'' '\''CC=gcc'\'' '\''CFLAGS= -m64 -fPIC -O2'\'' '\''CXXFLAGS= -m64 -fPIC -O2'\'' '\''--disable-fortran'\'' '\''--prefix=/home/ariana/workspace/enisi/hpylori_compartments/deps/src/project_visit/src/svn_bin/visit/silo/4.10.2/linux-x86_64_gcc-5.4'\'' '\''--with-hdf5=/home/ariana/workspace/enisi/hpylori_compartments/deps/src/project_visit/src/svn_bin/visit/hdf5/1.8.7/linux-x86_64_gcc-5.4/include,/home/ariana/workspace/enisi/hpylori_compartments/deps/src/project_visit/src/svn_bin/visit/hdf5/1.8.7/linux-x86_64_gcc-5.4/lib'\'' '\''--with-szlib=/home/ariana/workspace/enisi/hpylori_compartments/deps/src/project_visit/src/svn_bin/visit/szip/2.1/linux-x86_64_gcc-5.4'\'' '\''--disable-silex'\'' '\''--enable-shared'\'' '\''--enable-install-lite-headers'\'' '\''--without-readline'\'' '\''--with-zlib=/home/ariana/workspace/enisi/hpylori_compartments/deps/src/project_visit/src/svn_bin/visit/zlib/1.2.7/linux-x86_64_gcc-5.4/include,/home/ariana/workspace/enisi/hpylori_compartments/deps/src/project_visit/src/svn_bin/visit/zlib/1.2.7/linux-x86_64_gcc-5.4/lib'\'''
CONFIG_DATE='Wed Sep 14 10:06:54 EDT 2016'
CONFIG_USER='ariana@herbst-Lenovo-B40-80'
CPP='gcc -E'
CPPFLAGS='-I/home/ariana/workspace/enisi/hpylori_compartments/deps/src/project_visit/src/svn_bin/visit/hdf5/1.8.7/linux-x86_64_gcc-5.4/include  -I/home/ariana/workspace/enisi/hpylori_compartments/deps/src/project_visit/src/svn_bin/visit/zlib/1.2.7/linux-x86_64_gcc-5.4/include'
CXX='g++'
CXXCPP='g++ -E'
CXXDEPMODE='depmode=gcc3'
CXXFLAGS=' -m64 -fPIC  -O2'
CXX_FULLPATH='/usr/bin/g++'
CXX_LINK_NEEDED_FALSE=''
CXX_LINK_NEEDED_TRUE='#'
CYGPATH_W='echo'
DEFS='-DHAVE_CONFIG_H'
DEPDIR='.deps'
DSYMUTIL=''
DUMPBIN=''
ECHO_C=''
ECHO_N='-n'
ECHO_T=''
EGREP='/bin/grep -E'
EXEEXT=''
F77=''
FC=''
FCFLAGS=''
FCLIBS=''
FC_FULLPATH=''
FFLAGS=''
FGREP='/bin/grep -F'
FORTRAN=''
FORTRAN_NEEDED_FALSE=''
FORTRAN_NEEDED_TRUE='#'
FPZIP='fpzip'
FPZIP_NEEDED_FALSE='#'
FPZIP_NEEDED_TRUE=''
GREP='/bin/grep'
HDF5_DRV='hdf5_drv'
HDF5_DRV_NEEDED_FALSE='#'
HDF5_DRV_NEEDED_TRUE=''
HZIP='hzip'
HZIP_NEEDED_FALSE='#'
HZIP_NEEDED_TRUE=''
INSTALL_DATA='${INSTALL} -m 644'
INSTALL_LITE_HEADERS_FALSE='#'
INSTALL_LITE_HEADERS_TRUE=''
INSTALL_PROGRAM='${INSTALL}'
INSTALL_SCRIPT='${INSTALL}'
INSTALL_STRIP_PROGRAM='$(install_sh) -c -s'
JSON=''
JSON_NEEDED_FALSE=''
JSON_NEEDED_TRUE='#'
LD='/usr/bin/ld -m elf_x86_64'
LDFLAGS='-L/home/ariana/workspace/enisi/hpylori_compartments/deps/src/project_visit/src/svn_bin/visit/hdf5/1.8.7/linux-x86_64_gcc-5.4/lib -L/home/ariana/workspace/enisi/hpylori_compartments/deps/src/project_visit/src/svn_bin/visit/szip/2.1/linux-x86_64_gcc-5.4/lib  -L/home/ariana/workspace/enisi/hpylori_compartments/deps/src/project_visit/src/svn_bin/visit/zlib/1.2.7/linux-x86_64_gcc-5.4/lib -L/home/ariana/workspace/enisi/hpylori_compartments/deps/src/project_visit/src/svn_bin/visit/szip/2.1/linux-x86_64_gcc-5.4/lib'
LIBM='-lm'
LIBOBJS=''
LIBS='-lhdf5 -lsz -lsz -lz  -lz -lm -lsz'
LIBTOOL='$(SHELL) $(top_builddir)/libtool'
LIPO=''
LN_S='ln -s'
LTLIBOBJS=''
MAINT='#'
MAINTAINER_MODE_FALSE=''
MAINTAINER_MODE_TRUE='#'
MAKEINFO='${SHELL} /home/ariana/workspace/enisi/hpylori_compartments/deps/src/project_visit/src/svn_bin/silo-4.10.2/config/missing --run makeinfo'
MKDIR_P='/bin/mkdir -p'
NETCDF='netcdf'
NETCDF_NEEDED_FALSE='#'
NETCDF_NEEDED_TRUE=''
NM='/usr/bin/nm -B'
NMEDIT=''
OBJDUMP='objdump'
OBJEXT='o'
OTOOL64=''
OTOOL=''
PACKAGE='silo'
PACKAGE_BUGREPORT='visit-users@elist.ornl.gov'
PACKAGE_NAME='silo'
PACKAGE_STRING='silo 4.10.2'
PACKAGE_TARNAME='silo'
PACKAGE_VERSION='4.10.2'
PATH_SEPARATOR=':'
PDBP_DRV=''
PDBP_DRV_NEEDED_FALSE=''
PDBP_DRV_NEEDED_TRUE='#'
PDB_DRV='pdb_drv'
PDB_DRV_NEEDED_FALSE='#'
PDB_DRV_NEEDED_TRUE=''
PYTHON=''
PYTHONMODULE=''
PYTHON_CPPFLAGS=''
PYTHON_EXEC_PREFIX=''
PYTHON_NEEDED_FALSE=''
PYTHON_NEEDED_TRUE='#'
PYTHON_PLATFORM=''
PYTHON_PREFIX=''
PYTHON_VERSION='2.7.6'
QT_CXXFLAGS=''
QT_DIR=''
QT_LIBS=''
QT_LRELEASE=''
QT_LUPDATE=''
QT_MOC=''
QT_UIC=''
RANLIB='ranlib'
READLINE_LIBS=''
SED='/bin/sed'
SET_MAKE=''
SHELL='/bin/bash'
SILEX=''
SILEX_NEEDED_FALSE=''
SILEX_NEEDED_TRUE='#'
SILO_VERS_MAJ='4'
SILO_VERS_MIN='10'
SILO_VERS_PAT='2'
SILO_VERS_PRE=''
SILO_VERS_TAG='Silo_version_4_10_2'
STRIP='strip'
TAURUS='taurus'
TAURUS_NEEDED_FALSE='#'
TAURUS_NEEDED_TRUE=''
VERSION='4.10.2'
XMKMF=''
X_CFLAGS=''
X_EXTRA_LIBS=''
X_LIBS=''
X_PRE_LIBS=''
ZLIB='zlib'
ZLIB_AVAILABLE_FALSE='#'
ZLIB_AVAILABLE_TRUE=''
ac_ct_CC='gcc'
ac_ct_CXX=''
ac_ct_DUMPBIN=''
ac_ct_F77=''
ac_ct_FC=''
am__EXEEXT_FALSE=''
am__EXEEXT_TRUE='#'
am__fastdepCC_FALSE='#'
am__fastdepCC_TRUE=''
am__fastdepCXX_FALSE='#'
am__fastdepCXX_TRUE=''
am__include='include'
am__isrc=''
am__leading_dot='.'
am__quote=''
am__tar='${AMTAR} chof - "$$tardir"'
am__untar='${AMTAR} xf -'
bindir='${exec_prefix}/bin'
build='x86_64-unknown-linux-gnu'
build_alias=''
build_cpu='x86_64'
build_os='linux-gnu'
build_vendor='unknown'
datadir='${datarootdir}'
datarootdir='${prefix}/share'
docdir='${datarootdir}/doc/${PACKAGE_TARNAME}'
dvidir='${docdir}'
exec_prefix='${prefix}'
host='x86_64-unknown-linux-gnu'
host_alias=''
host_cpu='x86_64'
host_os='linux-gnu'
host_vendor='unknown'
htmldir='${docdir}'
includedir='${prefix}/include'
infodir='${datarootdir}/info'
install_sh='${SHELL} /home/ariana/workspace/enisi/hpylori_compartments/deps/src/project_visit/src/svn_bin/silo-4.10.2/config/install-sh'
libdir='${exec_prefix}/lib'
libexecdir='${exec_prefix}/libexec'
localedir='${datarootdir}/locale'
localstatedir='${prefix}/var'
lt_ECHO='echo'
mandir='${datarootdir}/man'
mkdir_p='/bin/mkdir -p'
oldincludedir='/usr/include'
pdfdir='${docdir}'
pkgpyexecdir=''
pkgpythondir=''
prefix='/home/ariana/workspace/enisi/hpylori_compartments/deps/src/project_visit/src/svn_bin/visit/silo/4.10.2/linux-x86_64_gcc-5.4'
program_transform_name='s,x,x,'
psdir='${docdir}'
pyexecdir=''
pythondir=''
sbindir='${exec_prefix}/sbin'
sharedstatedir='${prefix}/com'
sysconfdir='${prefix}/etc'
target_alias=''

## ----------- ##
## confdefs.h. ##
## ----------- ##

#define PACKAGE_NAME "silo"
#define PACKAGE_TARNAME "silo"
#define PACKAGE_VERSION "4.10.2"
#define PACKAGE_STRING "silo 4.10.2"
#define PACKAGE_BUGREPORT "visit-users@elist.ornl.gov"
#define PACKAGE "silo"
#define VERSION "4.10.2"
#define STDC_HEADERS 1
#define HAVE_SYS_TYPES_H 1
#define HAVE_SYS_STAT_H 1
#define HAVE_STDLIB_H 1
#define HAVE_STRING_H 1
#define HAVE_MEMORY_H 1
#define HAVE_STRINGS_H 1
#define HAVE_INTTYPES_H 1
#define HAVE_STDINT_H 1
#define HAVE_UNISTD_H 1
#define HAVE_DLFCN_H 1
#define LT_OBJDIR ".libs/"
#define NORMAL_SCLITE_HEADERS 0
#define HAVE_NETCDF_DRIVER 1
#define HAVE_PDB_DRIVER 1
#define HAVE_TAURUS_DRIVER 1
#define HAVE_ZLIB_H 1
#define HAVE_LIBZ 1
#define HAVE_HZIP 1
#define HAVE_ZLIB_H 1
#define HAVE_LIBZ 1
#define HAVE_FPZIP 1
#define SIZEOF_OFF64_T 8
#define HAVE_SYS_TIME_H 1
#define HAVE_STDARG_H 1
#define HAVE_SYS_STAT_H 1
#define HAVE_FCNTL_H 1
#define HAVE_SYS_FCNTL_H 1
#define HAVE_FNMATCH_H 1
#define HAVE_SYS_TYPES_H 1
#define HAVE_UNISTD_H 1
#define STDC_HEADERS 1
#define HAVE_FCLOSE_POINTER 1
#define HAVE_FFLUSH_POINTER 1
#define HAVE_FOPEN_POINTER 1
#define HAVE_FPRINTF_POINTER 1
#define HAVE_FREAD_POINTER 1
#define HAVE_FSEEK_POINTER 1
#define HAVE_SETVBUF_POINTER 1
#define HAVE_FTELL_POINTER 1
#define HAVE_FWRITE_POINTER 1
#define HAVE_MEMMOVE 1
#define HAVE_FNMATCH 1
#define HAVE_ISNAN 1
#define HAVE_STRERROR 1
#define HAVE_LIBSZ 1
#define HAVE_HDF5_H 1
#define HAVE_LIBHDF5 1
#define HAVE_HDF5_DRIVER 1

configure: exit 0
