This file contains any messages produced by compilers while
running configure, to aid debugging if configure makes a mistake.

It was created by configure, which was
generated by GNU Autoconf 2.63.  Invocation command line was

  $ /home/ariana/workspace/enisi/hpylori_compartments/deps/src/project_repast/INSTALLATION/mpich2-1.4.1p1/src/mpe2/configure --prefix=/home/ariana/workspace/enisi/hpylori_compartments/deps/src/project_repast/ext//MPICH --disable-f77 --disable-fc --disable-option-checking

## --------- ##
## Platform. ##
## --------- ##

hostname = herbst-Lenovo-B40-80
uname -m = x86_64
uname -r = 4.4.0-36-generic
uname -s = Linux
uname -v = #55-Ubuntu SMP Thu Aug 11 18:01:55 UTC 2016

/usr/bin/uname -p = unknown
/bin/uname -X     = unknown

/bin/arch              = unknown
/usr/bin/arch -k       = unknown
/usr/convex/getsysinfo = unknown
/usr/bin/hostinfo      = unknown
/bin/machine           = unknown
/usr/bin/oslevel       = unknown
/bin/universe          = unknown

PATH: /usr/local/sbin
PATH: /usr/local/bin
PATH: /usr/sbin
PATH: /usr/bin
PATH: /sbin
PATH: /bin
PATH: /usr/games
PATH: /usr/local/games
PATH: /snap/bin


## ----------- ##
## Core tests. ##
## ----------- ##

configure:1963: checking for current directory name
configure:2012: result: /home/ariana/workspace/enisi/hpylori_compartments/deps/src/project_repast/INSTALLATION/mpich2-1.4.1p1/src/mpe2
configure:2055: checking gnumake
configure:2070: result: yes using --no-print-directory
configure:2084: checking BSD 4.4 make
configure:2104: result: no - whew
configure:2110: checking OSF V3 make
configure:2129: result: no
configure:2136: checking for virtual path format
configure:2151: result: VPATH
configure:2238: result: This MPE build is part of the MPICH2 build
configure:2391: checking for leftover Makefiles in subpackages 
configure:2406: result: none 
configure:2686: checking for gcc
configure:2713: result: gcc
configure:2945: checking for C compiler version
configure:2953: gcc --version >&5
gcc (Ubuntu 5.4.0-6ubuntu1~16.04.2) 5.4.0 20160609
Copyright (C) 2015 Free Software Foundation, Inc.
This is free software; see the source for copying conditions.  There is NO
warranty; not even for MERCHANTABILITY or FITNESS FOR A PARTICULAR PURPOSE.

configure:2957: $? = 0
configure:2964: gcc -v >&5
Using built-in specs.
COLLECT_GCC=gcc
COLLECT_LTO_WRAPPER=/usr/lib/gcc/x86_64-linux-gnu/5/lto-wrapper
Target: x86_64-linux-gnu
Configured with: ../src/configure -v --with-pkgversion='Ubuntu 5.4.0-6ubuntu1~16.04.2' --with-bugurl=file:///usr/share/doc/gcc-5/README.Bugs --enable-languages=c,ada,c++,java,go,d,fortran,objc,obj-c++ --prefix=/usr --program-suffix=-5 --enable-shared --enable-linker-build-id --libexecdir=/usr/lib --without-included-gettext --enable-threads=posix --libdir=/usr/lib --enable-nls --with-sysroot=/ --enable-clocale=gnu --enable-libstdcxx-debug --enable-libstdcxx-time=yes --with-default-libstdcxx-abi=new --enable-gnu-unique-object --disable-vtable-verify --enable-libmpx --enable-plugin --with-system-zlib --disable-browser-plugin --enable-java-awt=gtk --enable-gtk-cairo --with-java-home=/usr/lib/jvm/java-1.5.0-gcj-5-amd64/jre --enable-java-home --with-jvm-root-dir=/usr/lib/jvm/java-1.5.0-gcj-5-amd64 --with-jvm-jar-dir=/usr/lib/jvm-exports/java-1.5.0-gcj-5-amd64 --with-arch-directory=amd64 --with-ecj-jar=/usr/share/java/eclipse-ecj.jar --enable-objc-gc --enable-multiarch --disable-werror --with-arch-32=i686 --with-abi=m64 --with-multilib-list=m32,m64,mx32 --enable-multilib --with-tune=generic --enable-checking=release --build=x86_64-linux-gnu --host=x86_64-linux-gnu --target=x86_64-linux-gnu
Thread model: posix
gcc version 5.4.0 20160609 (Ubuntu 5.4.0-6ubuntu1~16.04.2) 
configure:2968: $? = 0
configure:2975: gcc -V >&5
gcc: error: unrecognized command line option '-V'
gcc: fatal error: no input files
compilation terminated.
configure:2979: $? = 1
configure:3002: checking for C compiler default output file name
configure:3024: gcc    -O2  -I/home/ariana/workspace/enisi/hpylori_compartments/deps/src/project_repast/INSTALLATION/mpich2-1.4.1p1/src/mpl/include -I/home/ariana/workspace/enisi/hpylori_compartments/deps/src/project_repast/INSTALLATION/mpich2-1.4.1p1/src/mpl/include -I/home/ariana/workspace/enisi/hpylori_compartments/deps/src/project_repast/INSTALLATION/mpich2-1.4.1p1/src/openpa/src -I/home/ariana/workspace/enisi/hpylori_compartments/deps/src/project_repast/INSTALLATION/mpich2-1.4.1p1/src/openpa/src -I/home/ariana/workspace/enisi/hpylori_compartments/deps/src/project_repast/INSTALLATION/mpich2-1.4.1p1/src/mpid/ch3/include -I/home/ariana/workspace/enisi/hpylori_compartments/deps/src/project_repast/INSTALLATION/mpich2-1.4.1p1/src/mpid/ch3/include -I/home/ariana/workspace/enisi/hpylori_compartments/deps/src/project_repast/INSTALLATION/mpich2-1.4.1p1/src/mpid/common/datatype -I/home/ariana/workspace/enisi/hpylori_compartments/deps/src/project_repast/INSTALLATION/mpich2-1.4.1p1/src/mpid/common/datatype -I/home/ariana/workspace/enisi/hpylori_compartments/deps/src/project_repast/INSTALLATION/mpich2-1.4.1p1/src/mpid/common/locks -I/home/ariana/workspace/enisi/hpylori_compartments/deps/src/project_repast/INSTALLATION/mpich2-1.4.1p1/src/mpid/common/locks -I/home/ariana/workspace/enisi/hpylori_compartments/deps/src/project_repast/INSTALLATION/mpich2-1.4.1p1/src/mpid/ch3/channels/nemesis/include -I/home/ariana/workspace/enisi/hpylori_compartments/deps/src/project_repast/INSTALLATION/mpich2-1.4.1p1/src/mpid/ch3/channels/nemesis/include -I/home/ariana/workspace/enisi/hpylori_compartments/deps/src/project_repast/INSTALLATION/mpich2-1.4.1p1/src/mpid/ch3/channels/nemesis/nemesis/include -I/home/ariana/workspace/enisi/hpylori_compartments/deps/src/project_repast/INSTALLATION/mpich2-1.4.1p1/src/mpid/ch3/channels/nemesis/nemesis/include -I/home/ariana/workspace/enisi/hpylori_compartments/deps/src/project_repast/INSTALLATION/mpich2-1.4.1p1/src/mpid/ch3/channels/nemesis/nemesis/utils/monitor -I/home/ariana/workspace/enisi/hpylori_compartments/deps/src/project_repast/INSTALLATION/mpich2-1.4.1p1/src/mpid/ch3/channels/nemesis/nemesis/utils/monitor -I/home/ariana/workspace/enisi/hpylori_compartments/deps/src/project_repast/INSTALLATION/mpich2-1.4.1p1/src/util/wrappers -I/home/ariana/workspace/enisi/hpylori_compartments/deps/src/project_repast/INSTALLATION/mpich2-1.4.1p1/src/util/wrappers   conftest.c -lrt -lpthread   >&5
configure:3028: $? = 0
configure:3066: result: a.out
configure:3085: checking whether the C compiler works
configure:3095: ./a.out
configure:3099: $? = 0
configure:3118: result: yes
configure:3125: checking whether we are cross compiling
configure:3127: result: no
configure:3130: checking for suffix of executables
configure:3137: gcc -o conftest    -O2  -I/home/ariana/workspace/enisi/hpylori_compartments/deps/src/project_repast/INSTALLATION/mpich2-1.4.1p1/src/mpl/include -I/home/ariana/workspace/enisi/hpylori_compartments/deps/src/project_repast/INSTALLATION/mpich2-1.4.1p1/src/mpl/include -I/home/ariana/workspace/enisi/hpylori_compartments/deps/src/project_repast/INSTALLATION/mpich2-1.4.1p1/src/openpa/src -I/home/ariana/workspace/enisi/hpylori_compartments/deps/src/project_repast/INSTALLATION/mpich2-1.4.1p1/src/openpa/src -I/home/ariana/workspace/enisi/hpylori_compartments/deps/src/project_repast/INSTALLATION/mpich2-1.4.1p1/src/mpid/ch3/include -I/home/ariana/workspace/enisi/hpylori_compartments/deps/src/project_repast/INSTALLATION/mpich2-1.4.1p1/src/mpid/ch3/include -I/home/ariana/workspace/enisi/hpylori_compartments/deps/src/project_repast/INSTALLATION/mpich2-1.4.1p1/src/mpid/common/datatype -I/home/ariana/workspace/enisi/hpylori_compartments/deps/src/project_repast/INSTALLATION/mpich2-1.4.1p1/src/mpid/common/datatype -I/home/ariana/workspace/enisi/hpylori_compartments/deps/src/project_repast/INSTALLATION/mpich2-1.4.1p1/src/mpid/common/locks -I/home/ariana/workspace/enisi/hpylori_compartments/deps/src/project_repast/INSTALLATION/mpich2-1.4.1p1/src/mpid/common/locks -I/home/ariana/workspace/enisi/hpylori_compartments/deps/src/project_repast/INSTALLATION/mpich2-1.4.1p1/src/mpid/ch3/channels/nemesis/include -I/home/ariana/workspace/enisi/hpylori_compartments/deps/src/project_repast/INSTALLATION/mpich2-1.4.1p1/src/mpid/ch3/channels/nemesis/include -I/home/ariana/workspace/enisi/hpylori_compartments/deps/src/project_repast/INSTALLATION/mpich2-1.4.1p1/src/mpid/ch3/channels/nemesis/nemesis/include -I/home/ariana/workspace/enisi/hpylori_compartments/deps/src/project_repast/INSTALLATION/mpich2-1.4.1p1/src/mpid/ch3/channels/nemesis/nemesis/include -I/home/ariana/workspace/enisi/hpylori_compartments/deps/src/project_repast/INSTALLATION/mpich2-1.4.1p1/src/mpid/ch3/channels/nemesis/nemesis/utils/monitor -I/home/ariana/workspace/enisi/hpylori_compartments/deps/src/project_repast/INSTALLATION/mpich2-1.4.1p1/src/mpid/ch3/channels/nemesis/nemesis/utils/monitor -I/home/ariana/workspace/enisi/hpylori_compartments/deps/src/project_repast/INSTALLATION/mpich2-1.4.1p1/src/util/wrappers -I/home/ariana/workspace/enisi/hpylori_compartments/deps/src/project_repast/INSTALLATION/mpich2-1.4.1p1/src/util/wrappers   conftest.c -lrt -lpthread   >&5
configure:3141: $? = 0
configure:3167: result: 
configure:3173: checking for suffix of object files
configure:3199: gcc -c    -O2  -I/home/ariana/workspace/enisi/hpylori_compartments/deps/src/project_repast/INSTALLATION/mpich2-1.4.1p1/src/mpl/include -I/home/ariana/workspace/enisi/hpylori_compartments/deps/src/project_repast/INSTALLATION/mpich2-1.4.1p1/src/mpl/include -I/home/ariana/workspace/enisi/hpylori_compartments/deps/src/project_repast/INSTALLATION/mpich2-1.4.1p1/src/openpa/src -I/home/ariana/workspace/enisi/hpylori_compartments/deps/src/project_repast/INSTALLATION/mpich2-1.4.1p1/src/openpa/src -I/home/ariana/workspace/enisi/hpylori_compartments/deps/src/project_repast/INSTALLATION/mpich2-1.4.1p1/src/mpid/ch3/include -I/home/ariana/workspace/enisi/hpylori_compartments/deps/src/project_repast/INSTALLATION/mpich2-1.4.1p1/src/mpid/ch3/include -I/home/ariana/workspace/enisi/hpylori_compartments/deps/src/project_repast/INSTALLATION/mpich2-1.4.1p1/src/mpid/common/datatype -I/home/ariana/workspace/enisi/hpylori_compartments/deps/src/project_repast/INSTALLATION/mpich2-1.4.1p1/src/mpid/common/datatype -I/home/ariana/workspace/enisi/hpylori_compartments/deps/src/project_repast/INSTALLATION/mpich2-1.4.1p1/src/mpid/common/locks -I/home/ariana/workspace/enisi/hpylori_compartments/deps/src/project_repast/INSTALLATION/mpich2-1.4.1p1/src/mpid/common/locks -I/home/ariana/workspace/enisi/hpylori_compartments/deps/src/project_repast/INSTALLATION/mpich2-1.4.1p1/src/mpid/ch3/channels/nemesis/include -I/home/ariana/workspace/enisi/hpylori_compartments/deps/src/project_repast/INSTALLATION/mpich2-1.4.1p1/src/mpid/ch3/channels/nemesis/include -I/home/ariana/workspace/enisi/hpylori_compartments/deps/src/project_repast/INSTALLATION/mpich2-1.4.1p1/src/mpid/ch3/channels/nemesis/nemesis/include -I/home/ariana/workspace/enisi/hpylori_compartments/deps/src/project_repast/INSTALLATION/mpich2-1.4.1p1/src/mpid/ch3/channels/nemesis/nemesis/include -I/home/ariana/workspace/enisi/hpylori_compartments/deps/src/project_repast/INSTALLATION/mpich2-1.4.1p1/src/mpid/ch3/channels/nemesis/nemesis/utils/monitor -I/home/ariana/workspace/enisi/hpylori_compartments/deps/src/project_repast/INSTALLATION/mpich2-1.4.1p1/src/mpid/ch3/channels/nemesis/nemesis/utils/monitor -I/home/ariana/workspace/enisi/hpylori_compartments/deps/src/project_repast/INSTALLATION/mpich2-1.4.1p1/src/util/wrappers -I/home/ariana/workspace/enisi/hpylori_compartments/deps/src/project_repast/INSTALLATION/mpich2-1.4.1p1/src/util/wrappers conftest.c >&5
configure:3203: $? = 0
configure:3228: result: o
configure:3232: checking whether we are using the GNU C compiler
configure:3261: gcc -c    -O2  -I/home/ariana/workspace/enisi/hpylori_compartments/deps/src/project_repast/INSTALLATION/mpich2-1.4.1p1/src/mpl/include -I/home/ariana/workspace/enisi/hpylori_compartments/deps/src/project_repast/INSTALLATION/mpich2-1.4.1p1/src/mpl/include -I/home/ariana/workspace/enisi/hpylori_compartments/deps/src/project_repast/INSTALLATION/mpich2-1.4.1p1/src/openpa/src -I/home/ariana/workspace/enisi/hpylori_compartments/deps/src/project_repast/INSTALLATION/mpich2-1.4.1p1/src/openpa/src -I/home/ariana/workspace/enisi/hpylori_compartments/deps/src/project_repast/INSTALLATION/mpich2-1.4.1p1/src/mpid/ch3/include -I/home/ariana/workspace/enisi/hpylori_compartments/deps/src/project_repast/INSTALLATION/mpich2-1.4.1p1/src/mpid/ch3/include -I/home/ariana/workspace/enisi/hpylori_compartments/deps/src/project_repast/INSTALLATION/mpich2-1.4.1p1/src/mpid/common/datatype -I/home/ariana/workspace/enisi/hpylori_compartments/deps/src/project_repast/INSTALLATION/mpich2-1.4.1p1/src/mpid/common/datatype -I/home/ariana/workspace/enisi/hpylori_compartments/deps/src/project_repast/INSTALLATION/mpich2-1.4.1p1/src/mpid/common/locks -I/home/ariana/workspace/enisi/hpylori_compartments/deps/src/project_repast/INSTALLATION/mpich2-1.4.1p1/src/mpid/common/locks -I/home/ariana/workspace/enisi/hpylori_compartments/deps/src/project_repast/INSTALLATION/mpich2-1.4.1p1/src/mpid/ch3/channels/nemesis/include -I/home/ariana/workspace/enisi/hpylori_compartments/deps/src/project_repast/INSTALLATION/mpich2-1.4.1p1/src/mpid/ch3/channels/nemesis/include -I/home/ariana/workspace/enisi/hpylori_compartments/deps/src/project_repast/INSTALLATION/mpich2-1.4.1p1/src/mpid/ch3/channels/nemesis/nemesis/include -I/home/ariana/workspace/enisi/hpylori_compartments/deps/src/project_repast/INSTALLATION/mpich2-1.4.1p1/src/mpid/ch3/channels/nemesis/nemesis/include -I/home/ariana/workspace/enisi/hpylori_compartments/deps/src/project_repast/INSTALLATION/mpich2-1.4.1p1/src/mpid/ch3/channels/nemesis/nemesis/utils/monitor -I/home/ariana/workspace/enisi/hpylori_compartments/deps/src/project_repast/INSTALLATION/mpich2-1.4.1p1/src/mpid/ch3/channels/nemesis/nemesis/utils/monitor -I/home/ariana/workspace/enisi/hpylori_compartments/deps/src/project_repast/INSTALLATION/mpich2-1.4.1p1/src/util/wrappers -I/home/ariana/workspace/enisi/hpylori_compartments/deps/src/project_repast/INSTALLATION/mpich2-1.4.1p1/src/util/wrappers conftest.c >&5
configure:3268: $? = 0
configure:3285: result: yes
configure:3294: checking whether gcc accepts -g
configure:3324: gcc -c -g  -I/home/ariana/workspace/enisi/hpylori_compartments/deps/src/project_repast/INSTALLATION/mpich2-1.4.1p1/src/mpl/include -I/home/ariana/workspace/enisi/hpylori_compartments/deps/src/project_repast/INSTALLATION/mpich2-1.4.1p1/src/mpl/include -I/home/ariana/workspace/enisi/hpylori_compartments/deps/src/project_repast/INSTALLATION/mpich2-1.4.1p1/src/openpa/src -I/home/ariana/workspace/enisi/hpylori_compartments/deps/src/project_repast/INSTALLATION/mpich2-1.4.1p1/src/openpa/src -I/home/ariana/workspace/enisi/hpylori_compartments/deps/src/project_repast/INSTALLATION/mpich2-1.4.1p1/src/mpid/ch3/include -I/home/ariana/workspace/enisi/hpylori_compartments/deps/src/project_repast/INSTALLATION/mpich2-1.4.1p1/src/mpid/ch3/include -I/home/ariana/workspace/enisi/hpylori_compartments/deps/src/project_repast/INSTALLATION/mpich2-1.4.1p1/src/mpid/common/datatype -I/home/ariana/workspace/enisi/hpylori_compartments/deps/src/project_repast/INSTALLATION/mpich2-1.4.1p1/src/mpid/common/datatype -I/home/ariana/workspace/enisi/hpylori_compartments/deps/src/project_repast/INSTALLATION/mpich2-1.4.1p1/src/mpid/common/locks -I/home/ariana/workspace/enisi/hpylori_compartments/deps/src/project_repast/INSTALLATION/mpich2-1.4.1p1/src/mpid/common/locks -I/home/ariana/workspace/enisi/hpylori_compartments/deps/src/project_repast/INSTALLATION/mpich2-1.4.1p1/src/mpid/ch3/channels/nemesis/include -I/home/ariana/workspace/enisi/hpylori_compartments/deps/src/project_repast/INSTALLATION/mpich2-1.4.1p1/src/mpid/ch3/channels/nemesis/include -I/home/ariana/workspace/enisi/hpylori_compartments/deps/src/project_repast/INSTALLATION/mpich2-1.4.1p1/src/mpid/ch3/channels/nemesis/nemesis/include -I/home/ariana/workspace/enisi/hpylori_compartments/deps/src/project_repast/INSTALLATION/mpich2-1.4.1p1/src/mpid/ch3/channels/nemesis/nemesis/include -I/home/ariana/workspace/enisi/hpylori_compartments/deps/src/project_repast/INSTALLATION/mpich2-1.4.1p1/src/mpid/ch3/channels/nemesis/nemesis/utils/monitor -I/home/ariana/workspace/enisi/hpylori_compartments/deps/src/project_repast/INSTALLATION/mpich2-1.4.1p1/src/mpid/ch3/channels/nemesis/nemesis/utils/monitor -I/home/ariana/workspace/enisi/hpylori_compartments/deps/src/project_repast/INSTALLATION/mpich2-1.4.1p1/src/util/wrappers -I/home/ariana/workspace/enisi/hpylori_compartments/deps/src/project_repast/INSTALLATION/mpich2-1.4.1p1/src/util/wrappers conftest.c >&5
configure:3331: $? = 0
configure:3432: result: yes
configure:3449: checking for gcc option to accept ISO C89
configure:3523: gcc  -c    -O2  -I/home/ariana/workspace/enisi/hpylori_compartments/deps/src/project_repast/INSTALLATION/mpich2-1.4.1p1/src/mpl/include -I/home/ariana/workspace/enisi/hpylori_compartments/deps/src/project_repast/INSTALLATION/mpich2-1.4.1p1/src/mpl/include -I/home/ariana/workspace/enisi/hpylori_compartments/deps/src/project_repast/INSTALLATION/mpich2-1.4.1p1/src/openpa/src -I/home/ariana/workspace/enisi/hpylori_compartments/deps/src/project_repast/INSTALLATION/mpich2-1.4.1p1/src/openpa/src -I/home/ariana/workspace/enisi/hpylori_compartments/deps/src/project_repast/INSTALLATION/mpich2-1.4.1p1/src/mpid/ch3/include -I/home/ariana/workspace/enisi/hpylori_compartments/deps/src/project_repast/INSTALLATION/mpich2-1.4.1p1/src/mpid/ch3/include -I/home/ariana/workspace/enisi/hpylori_compartments/deps/src/project_repast/INSTALLATION/mpich2-1.4.1p1/src/mpid/common/datatype -I/home/ariana/workspace/enisi/hpylori_compartments/deps/src/project_repast/INSTALLATION/mpich2-1.4.1p1/src/mpid/common/datatype -I/home/ariana/workspace/enisi/hpylori_compartments/deps/src/project_repast/INSTALLATION/mpich2-1.4.1p1/src/mpid/common/locks -I/home/ariana/workspace/enisi/hpylori_compartments/deps/src/project_repast/INSTALLATION/mpich2-1.4.1p1/src/mpid/common/locks -I/home/ariana/workspace/enisi/hpylori_compartments/deps/src/project_repast/INSTALLATION/mpich2-1.4.1p1/src/mpid/ch3/channels/nemesis/include -I/home/ariana/workspace/enisi/hpylori_compartments/deps/src/project_repast/INSTALLATION/mpich2-1.4.1p1/src/mpid/ch3/channels/nemesis/include -I/home/ariana/workspace/enisi/hpylori_compartments/deps/src/project_repast/INSTALLATION/mpich2-1.4.1p1/src/mpid/ch3/channels/nemesis/nemesis/include -I/home/ariana/workspace/enisi/hpylori_compartments/deps/src/project_repast/INSTALLATION/mpich2-1.4.1p1/src/mpid/ch3/channels/nemesis/nemesis/include -I/home/ariana/workspace/enisi/hpylori_compartments/deps/src/project_repast/INSTALLATION/mpich2-1.4.1p1/src/mpid/ch3/channels/nemesis/nemesis/utils/monitor -I/home/ariana/workspace/enisi/hpylori_compartments/deps/src/project_repast/INSTALLATION/mpich2-1.4.1p1/src/mpid/ch3/channels/nemesis/nemesis/utils/monitor -I/home/ariana/workspace/enisi/hpylori_compartments/deps/src/project_repast/INSTALLATION/mpich2-1.4.1p1/src/util/wrappers -I/home/ariana/workspace/enisi/hpylori_compartments/deps/src/project_repast/INSTALLATION/mpich2-1.4.1p1/src/util/wrappers conftest.c >&5
configure:3530: $? = 0
configure:3553: result: none needed
configure:3908: checking whether MPI_CC has been set 
configure:3913: result: /home/ariana/workspace/enisi/hpylori_compartments/deps/src/project_repast/INSTALLATION/mpich2-1.4.1p1/bin/mpicc 
configure:6480: checking how to run the C preprocessor
configure:6520: gcc -E  -I/home/ariana/workspace/enisi/hpylori_compartments/deps/src/project_repast/INSTALLATION/mpich2-1.4.1p1/src/mpl/include -I/home/ariana/workspace/enisi/hpylori_compartments/deps/src/project_repast/INSTALLATION/mpich2-1.4.1p1/src/mpl/include -I/home/ariana/workspace/enisi/hpylori_compartments/deps/src/project_repast/INSTALLATION/mpich2-1.4.1p1/src/openpa/src -I/home/ariana/workspace/enisi/hpylori_compartments/deps/src/project_repast/INSTALLATION/mpich2-1.4.1p1/src/openpa/src -I/home/ariana/workspace/enisi/hpylori_compartments/deps/src/project_repast/INSTALLATION/mpich2-1.4.1p1/src/mpid/ch3/include -I/home/ariana/workspace/enisi/hpylori_compartments/deps/src/project_repast/INSTALLATION/mpich2-1.4.1p1/src/mpid/ch3/include -I/home/ariana/workspace/enisi/hpylori_compartments/deps/src/project_repast/INSTALLATION/mpich2-1.4.1p1/src/mpid/common/datatype -I/home/ariana/workspace/enisi/hpylori_compartments/deps/src/project_repast/INSTALLATION/mpich2-1.4.1p1/src/mpid/common/datatype -I/home/ariana/workspace/enisi/hpylori_compartments/deps/src/project_repast/INSTALLATION/mpich2-1.4.1p1/src/mpid/common/locks -I/home/ariana/workspace/enisi/hpylori_compartments/deps/src/project_repast/INSTALLATION/mpich2-1.4.1p1/src/mpid/common/locks -I/home/ariana/workspace/enisi/hpylori_compartments/deps/src/project_repast/INSTALLATION/mpich2-1.4.1p1/src/mpid/ch3/channels/nemesis/include -I/home/ariana/workspace/enisi/hpylori_compartments/deps/src/project_repast/INSTALLATION/mpich2-1.4.1p1/src/mpid/ch3/channels/nemesis/include -I/home/ariana/workspace/enisi/hpylori_compartments/deps/src/project_repast/INSTALLATION/mpich2-1.4.1p1/src/mpid/ch3/channels/nemesis/nemesis/include -I/home/ariana/workspace/enisi/hpylori_compartments/deps/src/project_repast/INSTALLATION/mpich2-1.4.1p1/src/mpid/ch3/channels/nemesis/nemesis/include -I/home/ariana/workspace/enisi/hpylori_compartments/deps/src/project_repast/INSTALLATION/mpich2-1.4.1p1/src/mpid/ch3/channels/nemesis/nemesis/utils/monitor -I/home/ariana/workspace/enisi/hpylori_compartments/deps/src/project_repast/INSTALLATION/mpich2-1.4.1p1/src/mpid/ch3/channels/nemesis/nemesis/utils/monitor -I/home/ariana/workspace/enisi/hpylori_compartments/deps/src/project_repast/INSTALLATION/mpich2-1.4.1p1/src/util/wrappers -I/home/ariana/workspace/enisi/hpylori_compartments/deps/src/project_repast/INSTALLATION/mpich2-1.4.1p1/src/util/wrappers conftest.c
configure:6527: $? = 0
configure:6558: gcc -E  -I/home/ariana/workspace/enisi/hpylori_compartments/deps/src/project_repast/INSTALLATION/mpich2-1.4.1p1/src/mpl/include -I/home/ariana/workspace/enisi/hpylori_compartments/deps/src/project_repast/INSTALLATION/mpich2-1.4.1p1/src/mpl/include -I/home/ariana/workspace/enisi/hpylori_compartments/deps/src/project_repast/INSTALLATION/mpich2-1.4.1p1/src/openpa/src -I/home/ariana/workspace/enisi/hpylori_compartments/deps/src/project_repast/INSTALLATION/mpich2-1.4.1p1/src/openpa/src -I/home/ariana/workspace/enisi/hpylori_compartments/deps/src/project_repast/INSTALLATION/mpich2-1.4.1p1/src/mpid/ch3/include -I/home/ariana/workspace/enisi/hpylori_compartments/deps/src/project_repast/INSTALLATION/mpich2-1.4.1p1/src/mpid/ch3/include -I/home/ariana/workspace/enisi/hpylori_compartments/deps/src/project_repast/INSTALLATION/mpich2-1.4.1p1/src/mpid/common/datatype -I/home/ariana/workspace/enisi/hpylori_compartments/deps/src/project_repast/INSTALLATION/mpich2-1.4.1p1/src/mpid/common/datatype -I/home/ariana/workspace/enisi/hpylori_compartments/deps/src/project_repast/INSTALLATION/mpich2-1.4.1p1/src/mpid/common/locks -I/home/ariana/workspace/enisi/hpylori_compartments/deps/src/project_repast/INSTALLATION/mpich2-1.4.1p1/src/mpid/common/locks -I/home/ariana/workspace/enisi/hpylori_compartments/deps/src/project_repast/INSTALLATION/mpich2-1.4.1p1/src/mpid/ch3/channels/nemesis/include -I/home/ariana/workspace/enisi/hpylori_compartments/deps/src/project_repast/INSTALLATION/mpich2-1.4.1p1/src/mpid/ch3/channels/nemesis/include -I/home/ariana/workspace/enisi/hpylori_compartments/deps/src/project_repast/INSTALLATION/mpich2-1.4.1p1/src/mpid/ch3/channels/nemesis/nemesis/include -I/home/ariana/workspace/enisi/hpylori_compartments/deps/src/project_repast/INSTALLATION/mpich2-1.4.1p1/src/mpid/ch3/channels/nemesis/nemesis/include -I/home/ariana/workspace/enisi/hpylori_compartments/deps/src/project_repast/INSTALLATION/mpich2-1.4.1p1/src/mpid/ch3/channels/nemesis/nemesis/utils/monitor -I/home/ariana/workspace/enisi/hpylori_compartments/deps/src/project_repast/INSTALLATION/mpich2-1.4.1p1/src/mpid/ch3/channels/nemesis/nemesis/utils/monitor -I/home/ariana/workspace/enisi/hpylori_compartments/deps/src/project_repast/INSTALLATION/mpich2-1.4.1p1/src/util/wrappers -I/home/ariana/workspace/enisi/hpylori_compartments/deps/src/project_repast/INSTALLATION/mpich2-1.4.1p1/src/util/wrappers conftest.c
conftest.c:8:28: fatal error: ac_nonexistent.h: No such file or directory
compilation terminated.
configure:6565: $? = 1
configure: failed program was:
| /* confdefs.h.  */
| #define PACKAGE_NAME ""
| #define PACKAGE_TARNAME ""
| #define PACKAGE_VERSION ""
| #define PACKAGE_STRING ""
| #define PACKAGE_BUGREPORT ""
| /* end confdefs.h.  */
| #include <ac_nonexistent.h>
configure:6598: result: gcc -E
configure:6627: gcc -E  -I/home/ariana/workspace/enisi/hpylori_compartments/deps/src/project_repast/INSTALLATION/mpich2-1.4.1p1/src/mpl/include -I/home/ariana/workspace/enisi/hpylori_compartments/deps/src/project_repast/INSTALLATION/mpich2-1.4.1p1/src/mpl/include -I/home/ariana/workspace/enisi/hpylori_compartments/deps/src/project_repast/INSTALLATION/mpich2-1.4.1p1/src/openpa/src -I/home/ariana/workspace/enisi/hpylori_compartments/deps/src/project_repast/INSTALLATION/mpich2-1.4.1p1/src/openpa/src -I/home/ariana/workspace/enisi/hpylori_compartments/deps/src/project_repast/INSTALLATION/mpich2-1.4.1p1/src/mpid/ch3/include -I/home/ariana/workspace/enisi/hpylori_compartments/deps/src/project_repast/INSTALLATION/mpich2-1.4.1p1/src/mpid/ch3/include -I/home/ariana/workspace/enisi/hpylori_compartments/deps/src/project_repast/INSTALLATION/mpich2-1.4.1p1/src/mpid/common/datatype -I/home/ariana/workspace/enisi/hpylori_compartments/deps/src/project_repast/INSTALLATION/mpich2-1.4.1p1/src/mpid/common/datatype -I/home/ariana/workspace/enisi/hpylori_compartments/deps/src/project_repast/INSTALLATION/mpich2-1.4.1p1/src/mpid/common/locks -I/home/ariana/workspace/enisi/hpylori_compartments/deps/src/project_repast/INSTALLATION/mpich2-1.4.1p1/src/mpid/common/locks -I/home/ariana/workspace/enisi/hpylori_compartments/deps/src/project_repast/INSTALLATION/mpich2-1.4.1p1/src/mpid/ch3/channels/nemesis/include -I/home/ariana/workspace/enisi/hpylori_compartments/deps/src/project_repast/INSTALLATION/mpich2-1.4.1p1/src/mpid/ch3/channels/nemesis/include -I/home/ariana/workspace/enisi/hpylori_compartments/deps/src/project_repast/INSTALLATION/mpich2-1.4.1p1/src/mpid/ch3/channels/nemesis/nemesis/include -I/home/ariana/workspace/enisi/hpylori_compartments/deps/src/project_repast/INSTALLATION/mpich2-1.4.1p1/src/mpid/ch3/channels/nemesis/nemesis/include -I/home/ariana/workspace/enisi/hpylori_compartments/deps/src/project_repast/INSTALLATION/mpich2-1.4.1p1/src/mpid/ch3/channels/nemesis/nemesis/utils/monitor -I/home/ariana/workspace/enisi/hpylori_compartments/deps/src/project_repast/INSTALLATION/mpich2-1.4.1p1/src/mpid/ch3/channels/nemesis/nemesis/utils/monitor -I/home/ariana/workspace/enisi/hpylori_compartments/deps/src/project_repast/INSTALLATION/mpich2-1.4.1p1/src/util/wrappers -I/home/ariana/workspace/enisi/hpylori_compartments/deps/src/project_repast/INSTALLATION/mpich2-1.4.1p1/src/util/wrappers conftest.c
configure:6634: $? = 0
configure:6665: gcc -E  -I/home/ariana/workspace/enisi/hpylori_compartments/deps/src/project_repast/INSTALLATION/mpich2-1.4.1p1/src/mpl/include -I/home/ariana/workspace/enisi/hpylori_compartments/deps/src/project_repast/INSTALLATION/mpich2-1.4.1p1/src/mpl/include -I/home/ariana/workspace/enisi/hpylori_compartments/deps/src/project_repast/INSTALLATION/mpich2-1.4.1p1/src/openpa/src -I/home/ariana/workspace/enisi/hpylori_compartments/deps/src/project_repast/INSTALLATION/mpich2-1.4.1p1/src/openpa/src -I/home/ariana/workspace/enisi/hpylori_compartments/deps/src/project_repast/INSTALLATION/mpich2-1.4.1p1/src/mpid/ch3/include -I/home/ariana/workspace/enisi/hpylori_compartments/deps/src/project_repast/INSTALLATION/mpich2-1.4.1p1/src/mpid/ch3/include -I/home/ariana/workspace/enisi/hpylori_compartments/deps/src/project_repast/INSTALLATION/mpich2-1.4.1p1/src/mpid/common/datatype -I/home/ariana/workspace/enisi/hpylori_compartments/deps/src/project_repast/INSTALLATION/mpich2-1.4.1p1/src/mpid/common/datatype -I/home/ariana/workspace/enisi/hpylori_compartments/deps/src/project_repast/INSTALLATION/mpich2-1.4.1p1/src/mpid/common/locks -I/home/ariana/workspace/enisi/hpylori_compartments/deps/src/project_repast/INSTALLATION/mpich2-1.4.1p1/src/mpid/common/locks -I/home/ariana/workspace/enisi/hpylori_compartments/deps/src/project_repast/INSTALLATION/mpich2-1.4.1p1/src/mpid/ch3/channels/nemesis/include -I/home/ariana/workspace/enisi/hpylori_compartments/deps/src/project_repast/INSTALLATION/mpich2-1.4.1p1/src/mpid/ch3/channels/nemesis/include -I/home/ariana/workspace/enisi/hpylori_compartments/deps/src/project_repast/INSTALLATION/mpich2-1.4.1p1/src/mpid/ch3/channels/nemesis/nemesis/include -I/home/ariana/workspace/enisi/hpylori_compartments/deps/src/project_repast/INSTALLATION/mpich2-1.4.1p1/src/mpid/ch3/channels/nemesis/nemesis/include -I/home/ariana/workspace/enisi/hpylori_compartments/deps/src/project_repast/INSTALLATION/mpich2-1.4.1p1/src/mpid/ch3/channels/nemesis/nemesis/utils/monitor -I/home/ariana/workspace/enisi/hpylori_compartments/deps/src/project_repast/INSTALLATION/mpich2-1.4.1p1/src/mpid/ch3/channels/nemesis/nemesis/utils/monitor -I/home/ariana/workspace/enisi/hpylori_compartments/deps/src/project_repast/INSTALLATION/mpich2-1.4.1p1/src/util/wrappers -I/home/ariana/workspace/enisi/hpylori_compartments/deps/src/project_repast/INSTALLATION/mpich2-1.4.1p1/src/util/wrappers conftest.c
conftest.c:8:28: fatal error: ac_nonexistent.h: No such file or directory
compilation terminated.
configure:6672: $? = 1
configure: failed program was:
| /* confdefs.h.  */
| #define PACKAGE_NAME ""
| #define PACKAGE_TARNAME ""
| #define PACKAGE_VERSION ""
| #define PACKAGE_STRING ""
| #define PACKAGE_BUGREPORT ""
| /* end confdefs.h.  */
| #include <ac_nonexistent.h>
configure:6717: checking whether ln -s works
configure:6721: result: yes
configure:6743: checking for a BSD-compatible install
configure:6811: result: /usr/bin/install -c
configure:6831: checking whether install works
configure:6839: result: yes
configure:6895: checking for ranlib
configure:6922: result: ranlib
configure:6945: checking whether install breaks libraries
configure:6986: result: no
configure:7097: creating ./config.status

## ---------------------- ##
## Running config.status. ##
## ---------------------- ##

This file was extended by config.status, which was
generated by GNU Autoconf 2.63.  Invocation command line was

  CONFIG_FILES    = 
  CONFIG_HEADERS  = 
  CONFIG_LINKS    = 
  CONFIG_COMMANDS = 
  $ ./config.status 

on herbst-Lenovo-B40-80

config.status:7977: creating Makefile
config.status:7977: creating sbin/mpetestlink
config.status:7977: creating sbin/mpetestexec
config.status:7977: creating sbin/mpetestexeclog
config.status:7977: creating sbin/mpeinstall
config.status:7977: creating sbin/mpecheckinstall
config.status:8127: WARNING:  'sbin/mpecheckinstall.in' seems to ignore the --datarootdir setting
config.status:7977: creating sbin/mpecheckbuild
config.status:7977: creating etc/mpe_help.conf
config.status:7977: creating etc/mpe_f77env.conf
config.status:7977: creating mpe_conf.h
config.status:8217: executing default-1 commands
configure:8357: === configuring in src/misc (/home/ariana/workspace/enisi/hpylori_compartments/deps/src/project_repast/INSTALLATION/mpich2-1.4.1p1/src/mpe2/src/misc)
configure:8460: running /bin/bash ./configure --disable-option-checking '--prefix=/home/ariana/workspace/enisi/hpylori_compartments/deps/src/project_repast/ext//MPICH'  '--disable-f77' '--disable-fc' 'MPI_CC=/home/ariana/workspace/enisi/hpylori_compartments/deps/src/project_repast/INSTALLATION/mpich2-1.4.1p1/bin/mpicc' 'MPI_F77=/home/ariana/workspace/enisi/hpylori_compartments/deps/src/project_repast/INSTALLATION/mpich2-1.4.1p1/bin/mpif77' 'CC=gcc' 'CFLAGS=   -O2' 'LDFLAGS= ' 'LIBS=-lrt -lpthread  ' 'CPPFLAGS= -I/home/ariana/workspace/enisi/hpylori_compartments/deps/src/project_repast/INSTALLATION/mpich2-1.4.1p1/src/mpl/include -I/home/ariana/workspace/enisi/hpylori_compartments/deps/src/project_repast/INSTALLATION/mpich2-1.4.1p1/src/mpl/include -I/home/ariana/workspace/enisi/hpylori_compartments/deps/src/project_repast/INSTALLATION/mpich2-1.4.1p1/src/openpa/src -I/home/ariana/workspace/enisi/hpylori_compartments/deps/src/project_repast/INSTALLATION/mpich2-1.4.1p1/src/openpa/src -I/home/ariana/workspace/enisi/hpylori_compartments/deps/src/project_repast/INSTALLATION/mpich2-1.4.1p1/src/mpid/ch3/include -I/home/ariana/workspace/enisi/hpylori_compartments/deps/src/project_repast/INSTALLATION/mpich2-1.4.1p1/src/mpid/ch3/include -I/home/ariana/workspace/enisi/hpylori_compartments/deps/src/project_repast/INSTALLATION/mpich2-1.4.1p1/src/mpid/common/datatype -I/home/ariana/workspace/enisi/hpylori_compartments/deps/src/project_repast/INSTALLATION/mpich2-1.4.1p1/src/mpid/common/datatype -I/home/ariana/workspace/enisi/hpylori_compartments/deps/src/project_repast/INSTALLATION/mpich2-1.4.1p1/src/mpid/common/locks -I/home/ariana/workspace/enisi/hpylori_compartments/deps/src/project_repast/INSTALLATION/mpich2-1.4.1p1/src/mpid/common/locks -I/home/ariana/workspace/enisi/hpylori_compartments/deps/src/project_repast/INSTALLATION/mpich2-1.4.1p1/src/mpid/ch3/channels/nemesis/include -I/home/ariana/workspace/enisi/hpylori_compartments/deps/src/project_repast/INSTALLATION/mpich2-1.4.1p1/src/mpid/ch3/channels/nemesis/include -I/home/ariana/workspace/enisi/hpylori_compartments/deps/src/project_repast/INSTALLATION/mpich2-1.4.1p1/src/mpid/ch3/channels/nemesis/nemesis/include -I/home/ariana/workspace/enisi/hpylori_compartments/deps/src/project_repast/INSTALLATION/mpich2-1.4.1p1/src/mpid/ch3/channels/nemesis/nemesis/include -I/home/ariana/workspace/enisi/hpylori_compartments/deps/src/project_repast/INSTALLATION/mpich2-1.4.1p1/src/mpid/ch3/channels/nemesis/nemesis/utils/monitor -I/home/ariana/workspace/enisi/hpylori_compartments/deps/src/project_repast/INSTALLATION/mpich2-1.4.1p1/src/mpid/ch3/channels/nemesis/nemesis/utils/monitor -I/home/ariana/workspace/enisi/hpylori_compartments/deps/src/project_repast/INSTALLATION/mpich2-1.4.1p1/src/util/wrappers -I/home/ariana/workspace/enisi/hpylori_compartments/deps/src/project_repast/INSTALLATION/mpich2-1.4.1p1/src/util/wrappers' 'FFLAGS= ' --cache-file=/dev/null --srcdir=.
configure:8357: === configuring in src/callstack (/home/ariana/workspace/enisi/hpylori_compartments/deps/src/project_repast/INSTALLATION/mpich2-1.4.1p1/src/mpe2/src/callstack)
configure:8460: running /bin/bash ./configure --disable-option-checking '--prefix=/home/ariana/workspace/enisi/hpylori_compartments/deps/src/project_repast/ext//MPICH'  '--disable-f77' '--disable-fc' 'MPI_CC=/home/ariana/workspace/enisi/hpylori_compartments/deps/src/project_repast/INSTALLATION/mpich2-1.4.1p1/bin/mpicc' 'MPI_F77=/home/ariana/workspace/enisi/hpylori_compartments/deps/src/project_repast/INSTALLATION/mpich2-1.4.1p1/bin/mpif77' 'CC=gcc' 'CFLAGS=   -O2' 'LDFLAGS= ' 'LIBS=-lrt -lpthread  ' 'CPPFLAGS= -I/home/ariana/workspace/enisi/hpylori_compartments/deps/src/project_repast/INSTALLATION/mpich2-1.4.1p1/src/mpl/include -I/home/ariana/workspace/enisi/hpylori_compartments/deps/src/project_repast/INSTALLATION/mpich2-1.4.1p1/src/mpl/include -I/home/ariana/workspace/enisi/hpylori_compartments/deps/src/project_repast/INSTALLATION/mpich2-1.4.1p1/src/openpa/src -I/home/ariana/workspace/enisi/hpylori_compartments/deps/src/project_repast/INSTALLATION/mpich2-1.4.1p1/src/openpa/src -I/home/ariana/workspace/enisi/hpylori_compartments/deps/src/project_repast/INSTALLATION/mpich2-1.4.1p1/src/mpid/ch3/include -I/home/ariana/workspace/enisi/hpylori_compartments/deps/src/project_repast/INSTALLATION/mpich2-1.4.1p1/src/mpid/ch3/include -I/home/ariana/workspace/enisi/hpylori_compartments/deps/src/project_repast/INSTALLATION/mpich2-1.4.1p1/src/mpid/common/datatype -I/home/ariana/workspace/enisi/hpylori_compartments/deps/src/project_repast/INSTALLATION/mpich2-1.4.1p1/src/mpid/common/datatype -I/home/ariana/workspace/enisi/hpylori_compartments/deps/src/project_repast/INSTALLATION/mpich2-1.4.1p1/src/mpid/common/locks -I/home/ariana/workspace/enisi/hpylori_compartments/deps/src/project_repast/INSTALLATION/mpich2-1.4.1p1/src/mpid/common/locks -I/home/ariana/workspace/enisi/hpylori_compartments/deps/src/project_repast/INSTALLATION/mpich2-1.4.1p1/src/mpid/ch3/channels/nemesis/include -I/home/ariana/workspace/enisi/hpylori_compartments/deps/src/project_repast/INSTALLATION/mpich2-1.4.1p1/src/mpid/ch3/channels/nemesis/include -I/home/ariana/workspace/enisi/hpylori_compartments/deps/src/project_repast/INSTALLATION/mpich2-1.4.1p1/src/mpid/ch3/channels/nemesis/nemesis/include -I/home/ariana/workspace/enisi/hpylori_compartments/deps/src/project_repast/INSTALLATION/mpich2-1.4.1p1/src/mpid/ch3/channels/nemesis/nemesis/include -I/home/ariana/workspace/enisi/hpylori_compartments/deps/src/project_repast/INSTALLATION/mpich2-1.4.1p1/src/mpid/ch3/channels/nemesis/nemesis/utils/monitor -I/home/ariana/workspace/enisi/hpylori_compartments/deps/src/project_repast/INSTALLATION/mpich2-1.4.1p1/src/mpid/ch3/channels/nemesis/nemesis/utils/monitor -I/home/ariana/workspace/enisi/hpylori_compartments/deps/src/project_repast/INSTALLATION/mpich2-1.4.1p1/src/util/wrappers -I/home/ariana/workspace/enisi/hpylori_compartments/deps/src/project_repast/INSTALLATION/mpich2-1.4.1p1/src/util/wrappers' 'FFLAGS= ' --cache-file=/dev/null --srcdir=.
configure:8357: === configuring in src/logging (/home/ariana/workspace/enisi/hpylori_compartments/deps/src/project_repast/INSTALLATION/mpich2-1.4.1p1/src/mpe2/src/logging)
configure:8460: running /bin/bash ./configure --disable-option-checking '--prefix=/home/ariana/workspace/enisi/hpylori_compartments/deps/src/project_repast/ext//MPICH'  '--disable-f77' '--disable-fc' 'MPI_CC=/home/ariana/workspace/enisi/hpylori_compartments/deps/src/project_repast/INSTALLATION/mpich2-1.4.1p1/bin/mpicc' 'MPI_F77=/home/ariana/workspace/enisi/hpylori_compartments/deps/src/project_repast/INSTALLATION/mpich2-1.4.1p1/bin/mpif77' 'CC=gcc' 'CFLAGS=   -O2' 'LDFLAGS= ' 'LIBS=-lrt -lpthread  ' 'CPPFLAGS= -I/home/ariana/workspace/enisi/hpylori_compartments/deps/src/project_repast/INSTALLATION/mpich2-1.4.1p1/src/mpl/include -I/home/ariana/workspace/enisi/hpylori_compartments/deps/src/project_repast/INSTALLATION/mpich2-1.4.1p1/src/mpl/include -I/home/ariana/workspace/enisi/hpylori_compartments/deps/src/project_repast/INSTALLATION/mpich2-1.4.1p1/src/openpa/src -I/home/ariana/workspace/enisi/hpylori_compartments/deps/src/project_repast/INSTALLATION/mpich2-1.4.1p1/src/openpa/src -I/home/ariana/workspace/enisi/hpylori_compartments/deps/src/project_repast/INSTALLATION/mpich2-1.4.1p1/src/mpid/ch3/include -I/home/ariana/workspace/enisi/hpylori_compartments/deps/src/project_repast/INSTALLATION/mpich2-1.4.1p1/src/mpid/ch3/include -I/home/ariana/workspace/enisi/hpylori_compartments/deps/src/project_repast/INSTALLATION/mpich2-1.4.1p1/src/mpid/common/datatype -I/home/ariana/workspace/enisi/hpylori_compartments/deps/src/project_repast/INSTALLATION/mpich2-1.4.1p1/src/mpid/common/datatype -I/home/ariana/workspace/enisi/hpylori_compartments/deps/src/project_repast/INSTALLATION/mpich2-1.4.1p1/src/mpid/common/locks -I/home/ariana/workspace/enisi/hpylori_compartments/deps/src/project_repast/INSTALLATION/mpich2-1.4.1p1/src/mpid/common/locks -I/home/ariana/workspace/enisi/hpylori_compartments/deps/src/project_repast/INSTALLATION/mpich2-1.4.1p1/src/mpid/ch3/channels/nemesis/include -I/home/ariana/workspace/enisi/hpylori_compartments/deps/src/project_repast/INSTALLATION/mpich2-1.4.1p1/src/mpid/ch3/channels/nemesis/include -I/home/ariana/workspace/enisi/hpylori_compartments/deps/src/project_repast/INSTALLATION/mpich2-1.4.1p1/src/mpid/ch3/channels/nemesis/nemesis/include -I/home/ariana/workspace/enisi/hpylori_compartments/deps/src/project_repast/INSTALLATION/mpich2-1.4.1p1/src/mpid/ch3/channels/nemesis/nemesis/include -I/home/ariana/workspace/enisi/hpylori_compartments/deps/src/project_repast/INSTALLATION/mpich2-1.4.1p1/src/mpid/ch3/channels/nemesis/nemesis/utils/monitor -I/home/ariana/workspace/enisi/hpylori_compartments/deps/src/project_repast/INSTALLATION/mpich2-1.4.1p1/src/mpid/ch3/channels/nemesis/nemesis/utils/monitor -I/home/ariana/workspace/enisi/hpylori_compartments/deps/src/project_repast/INSTALLATION/mpich2-1.4.1p1/src/util/wrappers -I/home/ariana/workspace/enisi/hpylori_compartments/deps/src/project_repast/INSTALLATION/mpich2-1.4.1p1/src/util/wrappers' 'FFLAGS= ' --cache-file=/dev/null --srcdir=.
configure:8357: === configuring in src/wrappers (/home/ariana/workspace/enisi/hpylori_compartments/deps/src/project_repast/INSTALLATION/mpich2-1.4.1p1/src/mpe2/src/wrappers)
configure:8460: running /bin/bash ./configure --disable-option-checking '--prefix=/home/ariana/workspace/enisi/hpylori_compartments/deps/src/project_repast/ext//MPICH'  '--disable-f77' '--disable-fc' 'MPI_CC=/home/ariana/workspace/enisi/hpylori_compartments/deps/src/project_repast/INSTALLATION/mpich2-1.4.1p1/bin/mpicc' 'MPI_F77=/home/ariana/workspace/enisi/hpylori_compartments/deps/src/project_repast/INSTALLATION/mpich2-1.4.1p1/bin/mpif77' 'CC=gcc' 'CFLAGS=   -O2' 'LDFLAGS= ' 'LIBS=-lrt -lpthread  ' 'CPPFLAGS= -I/home/ariana/workspace/enisi/hpylori_compartments/deps/src/project_repast/INSTALLATION/mpich2-1.4.1p1/src/mpl/include -I/home/ariana/workspace/enisi/hpylori_compartments/deps/src/project_repast/INSTALLATION/mpich2-1.4.1p1/src/mpl/include -I/home/ariana/workspace/enisi/hpylori_compartments/deps/src/project_repast/INSTALLATION/mpich2-1.4.1p1/src/openpa/src -I/home/ariana/workspace/enisi/hpylori_compartments/deps/src/project_repast/INSTALLATION/mpich2-1.4.1p1/src/openpa/src -I/home/ariana/workspace/enisi/hpylori_compartments/deps/src/project_repast/INSTALLATION/mpich2-1.4.1p1/src/mpid/ch3/include -I/home/ariana/workspace/enisi/hpylori_compartments/deps/src/project_repast/INSTALLATION/mpich2-1.4.1p1/src/mpid/ch3/include -I/home/ariana/workspace/enisi/hpylori_compartments/deps/src/project_repast/INSTALLATION/mpich2-1.4.1p1/src/mpid/common/datatype -I/home/ariana/workspace/enisi/hpylori_compartments/deps/src/project_repast/INSTALLATION/mpich2-1.4.1p1/src/mpid/common/datatype -I/home/ariana/workspace/enisi/hpylori_compartments/deps/src/project_repast/INSTALLATION/mpich2-1.4.1p1/src/mpid/common/locks -I/home/ariana/workspace/enisi/hpylori_compartments/deps/src/project_repast/INSTALLATION/mpich2-1.4.1p1/src/mpid/common/locks -I/home/ariana/workspace/enisi/hpylori_compartments/deps/src/project_repast/INSTALLATION/mpich2-1.4.1p1/src/mpid/ch3/channels/nemesis/include -I/home/ariana/workspace/enisi/hpylori_compartments/deps/src/project_repast/INSTALLATION/mpich2-1.4.1p1/src/mpid/ch3/channels/nemesis/include -I/home/ariana/workspace/enisi/hpylori_compartments/deps/src/project_repast/INSTALLATION/mpich2-1.4.1p1/src/mpid/ch3/channels/nemesis/nemesis/include -I/home/ariana/workspace/enisi/hpylori_compartments/deps/src/project_repast/INSTALLATION/mpich2-1.4.1p1/src/mpid/ch3/channels/nemesis/nemesis/include -I/home/ariana/workspace/enisi/hpylori_compartments/deps/src/project_repast/INSTALLATION/mpich2-1.4.1p1/src/mpid/ch3/channels/nemesis/nemesis/utils/monitor -I/home/ariana/workspace/enisi/hpylori_compartments/deps/src/project_repast/INSTALLATION/mpich2-1.4.1p1/src/mpid/ch3/channels/nemesis/nemesis/utils/monitor -I/home/ariana/workspace/enisi/hpylori_compartments/deps/src/project_repast/INSTALLATION/mpich2-1.4.1p1/src/util/wrappers -I/home/ariana/workspace/enisi/hpylori_compartments/deps/src/project_repast/INSTALLATION/mpich2-1.4.1p1/src/util/wrappers' 'FFLAGS= ' --cache-file=/dev/null --srcdir=.
configure:8357: === configuring in src/graphics (/home/ariana/workspace/enisi/hpylori_compartments/deps/src/project_repast/INSTALLATION/mpich2-1.4.1p1/src/mpe2/src/graphics)
configure:8460: running /bin/bash ./configure --disable-option-checking '--prefix=/home/ariana/workspace/enisi/hpylori_compartments/deps/src/project_repast/ext//MPICH'  '--disable-f77' '--disable-fc' 'MPI_CC=/home/ariana/workspace/enisi/hpylori_compartments/deps/src/project_repast/INSTALLATION/mpich2-1.4.1p1/bin/mpicc' 'MPI_F77=/home/ariana/workspace/enisi/hpylori_compartments/deps/src/project_repast/INSTALLATION/mpich2-1.4.1p1/bin/mpif77' 'CC=gcc' 'CFLAGS=   -O2' 'LDFLAGS= ' 'LIBS=-lrt -lpthread  ' 'CPPFLAGS= -I/home/ariana/workspace/enisi/hpylori_compartments/deps/src/project_repast/INSTALLATION/mpich2-1.4.1p1/src/mpl/include -I/home/ariana/workspace/enisi/hpylori_compartments/deps/src/project_repast/INSTALLATION/mpich2-1.4.1p1/src/mpl/include -I/home/ariana/workspace/enisi/hpylori_compartments/deps/src/project_repast/INSTALLATION/mpich2-1.4.1p1/src/openpa/src -I/home/ariana/workspace/enisi/hpylori_compartments/deps/src/project_repast/INSTALLATION/mpich2-1.4.1p1/src/openpa/src -I/home/ariana/workspace/enisi/hpylori_compartments/deps/src/project_repast/INSTALLATION/mpich2-1.4.1p1/src/mpid/ch3/include -I/home/ariana/workspace/enisi/hpylori_compartments/deps/src/project_repast/INSTALLATION/mpich2-1.4.1p1/src/mpid/ch3/include -I/home/ariana/workspace/enisi/hpylori_compartments/deps/src/project_repast/INSTALLATION/mpich2-1.4.1p1/src/mpid/common/datatype -I/home/ariana/workspace/enisi/hpylori_compartments/deps/src/project_repast/INSTALLATION/mpich2-1.4.1p1/src/mpid/common/datatype -I/home/ariana/workspace/enisi/hpylori_compartments/deps/src/project_repast/INSTALLATION/mpich2-1.4.1p1/src/mpid/common/locks -I/home/ariana/workspace/enisi/hpylori_compartments/deps/src/project_repast/INSTALLATION/mpich2-1.4.1p1/src/mpid/common/locks -I/home/ariana/workspace/enisi/hpylori_compartments/deps/src/project_repast/INSTALLATION/mpich2-1.4.1p1/src/mpid/ch3/channels/nemesis/include -I/home/ariana/workspace/enisi/hpylori_compartments/deps/src/project_repast/INSTALLATION/mpich2-1.4.1p1/src/mpid/ch3/channels/nemesis/include -I/home/ariana/workspace/enisi/hpylori_compartments/deps/src/project_repast/INSTALLATION/mpich2-1.4.1p1/src/mpid/ch3/channels/nemesis/nemesis/include -I/home/ariana/workspace/enisi/hpylori_compartments/deps/src/project_repast/INSTALLATION/mpich2-1.4.1p1/src/mpid/ch3/channels/nemesis/nemesis/include -I/home/ariana/workspace/enisi/hpylori_compartments/deps/src/project_repast/INSTALLATION/mpich2-1.4.1p1/src/mpid/ch3/channels/nemesis/nemesis/utils/monitor -I/home/ariana/workspace/enisi/hpylori_compartments/deps/src/project_repast/INSTALLATION/mpich2-1.4.1p1/src/mpid/ch3/channels/nemesis/nemesis/utils/monitor -I/home/ariana/workspace/enisi/hpylori_compartments/deps/src/project_repast/INSTALLATION/mpich2-1.4.1p1/src/util/wrappers -I/home/ariana/workspace/enisi/hpylori_compartments/deps/src/project_repast/INSTALLATION/mpich2-1.4.1p1/src/util/wrappers' 'FFLAGS= ' --cache-file=/dev/null --srcdir=.
configure:8357: === configuring in src/collchk (/home/ariana/workspace/enisi/hpylori_compartments/deps/src/project_repast/INSTALLATION/mpich2-1.4.1p1/src/mpe2/src/collchk)
configure:8460: running /bin/bash ./configure --disable-option-checking '--prefix=/home/ariana/workspace/enisi/hpylori_compartments/deps/src/project_repast/ext//MPICH'  '--disable-f77' '--disable-fc' 'MPI_CC=/home/ariana/workspace/enisi/hpylori_compartments/deps/src/project_repast/INSTALLATION/mpich2-1.4.1p1/bin/mpicc' 'MPI_F77=/home/ariana/workspace/enisi/hpylori_compartments/deps/src/project_repast/INSTALLATION/mpich2-1.4.1p1/bin/mpif77' 'CC=gcc' 'CFLAGS=   -O2' 'LDFLAGS= ' 'LIBS=-lrt -lpthread  ' 'CPPFLAGS= -I/home/ariana/workspace/enisi/hpylori_compartments/deps/src/project_repast/INSTALLATION/mpich2-1.4.1p1/src/mpl/include -I/home/ariana/workspace/enisi/hpylori_compartments/deps/src/project_repast/INSTALLATION/mpich2-1.4.1p1/src/mpl/include -I/home/ariana/workspace/enisi/hpylori_compartments/deps/src/project_repast/INSTALLATION/mpich2-1.4.1p1/src/openpa/src -I/home/ariana/workspace/enisi/hpylori_compartments/deps/src/project_repast/INSTALLATION/mpich2-1.4.1p1/src/openpa/src -I/home/ariana/workspace/enisi/hpylori_compartments/deps/src/project_repast/INSTALLATION/mpich2-1.4.1p1/src/mpid/ch3/include -I/home/ariana/workspace/enisi/hpylori_compartments/deps/src/project_repast/INSTALLATION/mpich2-1.4.1p1/src/mpid/ch3/include -I/home/ariana/workspace/enisi/hpylori_compartments/deps/src/project_repast/INSTALLATION/mpich2-1.4.1p1/src/mpid/common/datatype -I/home/ariana/workspace/enisi/hpylori_compartments/deps/src/project_repast/INSTALLATION/mpich2-1.4.1p1/src/mpid/common/datatype -I/home/ariana/workspace/enisi/hpylori_compartments/deps/src/project_repast/INSTALLATION/mpich2-1.4.1p1/src/mpid/common/locks -I/home/ariana/workspace/enisi/hpylori_compartments/deps/src/project_repast/INSTALLATION/mpich2-1.4.1p1/src/mpid/common/locks -I/home/ariana/workspace/enisi/hpylori_compartments/deps/src/project_repast/INSTALLATION/mpich2-1.4.1p1/src/mpid/ch3/channels/nemesis/include -I/home/ariana/workspace/enisi/hpylori_compartments/deps/src/project_repast/INSTALLATION/mpich2-1.4.1p1/src/mpid/ch3/channels/nemesis/include -I/home/ariana/workspace/enisi/hpylori_compartments/deps/src/project_repast/INSTALLATION/mpich2-1.4.1p1/src/mpid/ch3/channels/nemesis/nemesis/include -I/home/ariana/workspace/enisi/hpylori_compartments/deps/src/project_repast/INSTALLATION/mpich2-1.4.1p1/src/mpid/ch3/channels/nemesis/nemesis/include -I/home/ariana/workspace/enisi/hpylori_compartments/deps/src/project_repast/INSTALLATION/mpich2-1.4.1p1/src/mpid/ch3/channels/nemesis/nemesis/utils/monitor -I/home/ariana/workspace/enisi/hpylori_compartments/deps/src/project_repast/INSTALLATION/mpich2-1.4.1p1/src/mpid/ch3/channels/nemesis/nemesis/utils/monitor -I/home/ariana/workspace/enisi/hpylori_compartments/deps/src/project_repast/INSTALLATION/mpich2-1.4.1p1/src/util/wrappers -I/home/ariana/workspace/enisi/hpylori_compartments/deps/src/project_repast/INSTALLATION/mpich2-1.4.1p1/src/util/wrappers' 'FFLAGS= ' --cache-file=/dev/null --srcdir=.
configure:8357: === configuring in src/slog2sdk (/home/ariana/workspace/enisi/hpylori_compartments/deps/src/project_repast/INSTALLATION/mpich2-1.4.1p1/src/mpe2/src/slog2sdk)
configure:8460: running /bin/bash ./configure --disable-option-checking '--prefix=/home/ariana/workspace/enisi/hpylori_compartments/deps/src/project_repast/ext//MPICH'  '--disable-f77' '--disable-fc' 'MPI_CC=/home/ariana/workspace/enisi/hpylori_compartments/deps/src/project_repast/INSTALLATION/mpich2-1.4.1p1/bin/mpicc' 'MPI_F77=/home/ariana/workspace/enisi/hpylori_compartments/deps/src/project_repast/INSTALLATION/mpich2-1.4.1p1/bin/mpif77' 'CC=gcc' 'CFLAGS=   -O2' 'LDFLAGS= ' 'LIBS=-lrt -lpthread  ' 'CPPFLAGS= -I/home/ariana/workspace/enisi/hpylori_compartments/deps/src/project_repast/INSTALLATION/mpich2-1.4.1p1/src/mpl/include -I/home/ariana/workspace/enisi/hpylori_compartments/deps/src/project_repast/INSTALLATION/mpich2-1.4.1p1/src/mpl/include -I/home/ariana/workspace/enisi/hpylori_compartments/deps/src/project_repast/INSTALLATION/mpich2-1.4.1p1/src/openpa/src -I/home/ariana/workspace/enisi/hpylori_compartments/deps/src/project_repast/INSTALLATION/mpich2-1.4.1p1/src/openpa/src -I/home/ariana/workspace/enisi/hpylori_compartments/deps/src/project_repast/INSTALLATION/mpich2-1.4.1p1/src/mpid/ch3/include -I/home/ariana/workspace/enisi/hpylori_compartments/deps/src/project_repast/INSTALLATION/mpich2-1.4.1p1/src/mpid/ch3/include -I/home/ariana/workspace/enisi/hpylori_compartments/deps/src/project_repast/INSTALLATION/mpich2-1.4.1p1/src/mpid/common/datatype -I/home/ariana/workspace/enisi/hpylori_compartments/deps/src/project_repast/INSTALLATION/mpich2-1.4.1p1/src/mpid/common/datatype -I/home/ariana/workspace/enisi/hpylori_compartments/deps/src/project_repast/INSTALLATION/mpich2-1.4.1p1/src/mpid/common/locks -I/home/ariana/workspace/enisi/hpylori_compartments/deps/src/project_repast/INSTALLATION/mpich2-1.4.1p1/src/mpid/common/locks -I/home/ariana/workspace/enisi/hpylori_compartments/deps/src/project_repast/INSTALLATION/mpich2-1.4.1p1/src/mpid/ch3/channels/nemesis/include -I/home/ariana/workspace/enisi/hpylori_compartments/deps/src/project_repast/INSTALLATION/mpich2-1.4.1p1/src/mpid/ch3/channels/nemesis/include -I/home/ariana/workspace/enisi/hpylori_compartments/deps/src/project_repast/INSTALLATION/mpich2-1.4.1p1/src/mpid/ch3/channels/nemesis/nemesis/include -I/home/ariana/workspace/enisi/hpylori_compartments/deps/src/project_repast/INSTALLATION/mpich2-1.4.1p1/src/mpid/ch3/channels/nemesis/nemesis/include -I/home/ariana/workspace/enisi/hpylori_compartments/deps/src/project_repast/INSTALLATION/mpich2-1.4.1p1/src/mpid/ch3/channels/nemesis/nemesis/utils/monitor -I/home/ariana/workspace/enisi/hpylori_compartments/deps/src/project_repast/INSTALLATION/mpich2-1.4.1p1/src/mpid/ch3/channels/nemesis/nemesis/utils/monitor -I/home/ariana/workspace/enisi/hpylori_compartments/deps/src/project_repast/INSTALLATION/mpich2-1.4.1p1/src/util/wrappers -I/home/ariana/workspace/enisi/hpylori_compartments/deps/src/project_repast/INSTALLATION/mpich2-1.4.1p1/src/util/wrappers' 'FFLAGS= ' --cache-file=/dev/null --srcdir=.
configure:8492: result: MPE2:  "src/misc" "src/callstack" "src/logging" "src/wrappers" "src/graphics" "src/collchk" "src/slog2sdk" have been configured

## ---------------- ##
## Cache variables. ##
## ---------------- ##

ac_cv_c_compiler_gnu='yes'
ac_cv_env_CC_set='set'
ac_cv_env_CC_value='gcc'
ac_cv_env_CFLAGS_set='set'
ac_cv_env_CFLAGS_value='   -O2'
ac_cv_env_CPPFLAGS_set='set'
ac_cv_env_CPPFLAGS_value=' -I/home/ariana/workspace/enisi/hpylori_compartments/deps/src/project_repast/INSTALLATION/mpich2-1.4.1p1/src/mpl/include -I/home/ariana/workspace/enisi/hpylori_compartments/deps/src/project_repast/INSTALLATION/mpich2-1.4.1p1/src/mpl/include -I/home/ariana/workspace/enisi/hpylori_compartments/deps/src/project_repast/INSTALLATION/mpich2-1.4.1p1/src/openpa/src -I/home/ariana/workspace/enisi/hpylori_compartments/deps/src/project_repast/INSTALLATION/mpich2-1.4.1p1/src/openpa/src -I/home/ariana/workspace/enisi/hpylori_compartments/deps/src/project_repast/INSTALLATION/mpich2-1.4.1p1/src/mpid/ch3/include -I/home/ariana/workspace/enisi/hpylori_compartments/deps/src/project_repast/INSTALLATION/mpich2-1.4.1p1/src/mpid/ch3/include -I/home/ariana/workspace/enisi/hpylori_compartments/deps/src/project_repast/INSTALLATION/mpich2-1.4.1p1/src/mpid/common/datatype -I/home/ariana/workspace/enisi/hpylori_compartments/deps/src/project_repast/INSTALLATION/mpich2-1.4.1p1/src/mpid/common/datatype -I/home/ariana/workspace/enisi/hpylori_compartments/deps/src/project_repast/INSTALLATION/mpich2-1.4.1p1/src/mpid/common/locks -I/home/ariana/workspace/enisi/hpylori_compartments/deps/src/project_repast/INSTALLATION/mpich2-1.4.1p1/src/mpid/common/locks -I/home/ariana/workspace/enisi/hpylori_compartments/deps/src/project_repast/INSTALLATION/mpich2-1.4.1p1/src/mpid/ch3/channels/nemesis/include -I/home/ariana/workspace/enisi/hpylori_compartments/deps/src/project_repast/INSTALLATION/mpich2-1.4.1p1/src/mpid/ch3/channels/nemesis/include -I/home/ariana/workspace/enisi/hpylori_compartments/deps/src/project_repast/INSTALLATION/mpich2-1.4.1p1/src/mpid/ch3/channels/nemesis/nemesis/include -I/home/ariana/workspace/enisi/hpylori_compartments/deps/src/project_repast/INSTALLATION/mpich2-1.4.1p1/src/mpid/ch3/channels/nemesis/nemesis/include -I/home/ariana/workspace/enisi/hpylori_compartments/deps/src/project_repast/INSTALLATION/mpich2-1.4.1p1/src/mpid/ch3/channels/nemesis/nemesis/utils/monitor -I/home/ariana/workspace/enisi/hpylori_compartments/deps/src/project_repast/INSTALLATION/mpich2-1.4.1p1/src/mpid/ch3/channels/nemesis/nemesis/utils/monitor -I/home/ariana/workspace/enisi/hpylori_compartments/deps/src/project_repast/INSTALLATION/mpich2-1.4.1p1/src/util/wrappers -I/home/ariana/workspace/enisi/hpylori_compartments/deps/src/project_repast/INSTALLATION/mpich2-1.4.1p1/src/util/wrappers'
ac_cv_env_CPP_set=''
ac_cv_env_CPP_value=''
ac_cv_env_F77_set=''
ac_cv_env_F77_value=''
ac_cv_env_FFLAGS_set='set'
ac_cv_env_FFLAGS_value=' '
ac_cv_env_LDFLAGS_set='set'
ac_cv_env_LDFLAGS_value=' '
ac_cv_env_LIBS_set='set'
ac_cv_env_LIBS_value='-lrt -lpthread  '
ac_cv_env_MPERUN_set=''
ac_cv_env_MPERUN_value=''
ac_cv_env_MPI_CC_set='set'
ac_cv_env_MPI_CC_value='/home/ariana/workspace/enisi/hpylori_compartments/deps/src/project_repast/INSTALLATION/mpich2-1.4.1p1/bin/mpicc'
ac_cv_env_MPI_CFLAGS_set=''
ac_cv_env_MPI_CFLAGS_value=''
ac_cv_env_MPI_F77_set='set'
ac_cv_env_MPI_F77_value='/home/ariana/workspace/enisi/hpylori_compartments/deps/src/project_repast/INSTALLATION/mpich2-1.4.1p1/bin/mpif77'
ac_cv_env_MPI_FFLAGS_set=''
ac_cv_env_MPI_FFLAGS_value=''
ac_cv_env_MPI_INC_set=''
ac_cv_env_MPI_INC_value=''
ac_cv_env_MPI_LIBS_set=''
ac_cv_env_MPI_LIBS_value=''
ac_cv_env_build_alias_set=''
ac_cv_env_build_alias_value=''
ac_cv_env_host_alias_set=''
ac_cv_env_host_alias_value=''
ac_cv_env_target_alias_set=''
ac_cv_env_target_alias_value=''
ac_cv_objext='o'
ac_cv_path_install='/usr/bin/install -c'
ac_cv_prog_CPP='gcc -E'
ac_cv_prog_ac_ct_CC='gcc'
ac_cv_prog_ac_ct_RANLIB='ranlib'
ac_cv_prog_cc_c89=''
ac_cv_prog_cc_g='yes'
ac_cv_prog_install_breaks_libs='no'

## ----------------- ##
## Output variables. ##
## ----------------- ##

CC='gcc'
CFLAGS='   -O2'
CLINKER='gcc'
CPP='gcc -E'
CPPFLAGS=' -I/home/ariana/workspace/enisi/hpylori_compartments/deps/src/project_repast/INSTALLATION/mpich2-1.4.1p1/src/mpl/include -I/home/ariana/workspace/enisi/hpylori_compartments/deps/src/project_repast/INSTALLATION/mpich2-1.4.1p1/src/mpl/include -I/home/ariana/workspace/enisi/hpylori_compartments/deps/src/project_repast/INSTALLATION/mpich2-1.4.1p1/src/openpa/src -I/home/ariana/workspace/enisi/hpylori_compartments/deps/src/project_repast/INSTALLATION/mpich2-1.4.1p1/src/openpa/src -I/home/ariana/workspace/enisi/hpylori_compartments/deps/src/project_repast/INSTALLATION/mpich2-1.4.1p1/src/mpid/ch3/include -I/home/ariana/workspace/enisi/hpylori_compartments/deps/src/project_repast/INSTALLATION/mpich2-1.4.1p1/src/mpid/ch3/include -I/home/ariana/workspace/enisi/hpylori_compartments/deps/src/project_repast/INSTALLATION/mpich2-1.4.1p1/src/mpid/common/datatype -I/home/ariana/workspace/enisi/hpylori_compartments/deps/src/project_repast/INSTALLATION/mpich2-1.4.1p1/src/mpid/common/datatype -I/home/ariana/workspace/enisi/hpylori_compartments/deps/src/project_repast/INSTALLATION/mpich2-1.4.1p1/src/mpid/common/locks -I/home/ariana/workspace/enisi/hpylori_compartments/deps/src/project_repast/INSTALLATION/mpich2-1.4.1p1/src/mpid/common/locks -I/home/ariana/workspace/enisi/hpylori_compartments/deps/src/project_repast/INSTALLATION/mpich2-1.4.1p1/src/mpid/ch3/channels/nemesis/include -I/home/ariana/workspace/enisi/hpylori_compartments/deps/src/project_repast/INSTALLATION/mpich2-1.4.1p1/src/mpid/ch3/channels/nemesis/include -I/home/ariana/workspace/enisi/hpylori_compartments/deps/src/project_repast/INSTALLATION/mpich2-1.4.1p1/src/mpid/ch3/channels/nemesis/nemesis/include -I/home/ariana/workspace/enisi/hpylori_compartments/deps/src/project_repast/INSTALLATION/mpich2-1.4.1p1/src/mpid/ch3/channels/nemesis/nemesis/include -I/home/ariana/workspace/enisi/hpylori_compartments/deps/src/project_repast/INSTALLATION/mpich2-1.4.1p1/src/mpid/ch3/channels/nemesis/nemesis/utils/monitor -I/home/ariana/workspace/enisi/hpylori_compartments/deps/src/project_repast/INSTALLATION/mpich2-1.4.1p1/src/mpid/ch3/channels/nemesis/nemesis/utils/monitor -I/home/ariana/workspace/enisi/hpylori_compartments/deps/src/project_repast/INSTALLATION/mpich2-1.4.1p1/src/util/wrappers -I/home/ariana/workspace/enisi/hpylori_compartments/deps/src/project_repast/INSTALLATION/mpich2-1.4.1p1/src/util/wrappers'
CPRP='cp'
DEFS='-DHAVE_CONFIG_H'
ECHO_C=''
ECHO_N='-n'
ECHO_T=''
EXEEXT=''
F77=''
F77_INCDIR=''
F77_LIBDIR_LEADER=''
F77_NAME_MANGLE=''
F77_OTHER_LIBS=''
FFLAGS=' '
FILE=''
FLIBS=''
FLINKER=''
INSTALL_DATA='${INSTALL} -m 644'
INSTALL_PROGRAM='${INSTALL}'
INSTALL_SCRIPT='${INSTALL}'
LDFLAGS=' '
LIBOBJS=''
LIBS='-lrt -lpthread  '
LN_S='ln -s'
LTLIBOBJS=''
MAKE='make --no-print-directory'
MKDIR='mkdir'
MPERUN=''
MPE_BUILD_FORTRAN2C='no'
MPE_CFLAGS='   -O2'
MPE_CLINKER='/home/ariana/workspace/enisi/hpylori_compartments/deps/src/project_repast/INSTALLATION/mpich2-1.4.1p1/bin/mpicc -mpe='
MPE_FFLAGS=''
MPE_FLINKER='/home/ariana/workspace/enisi/hpylori_compartments/deps/src/project_repast/INSTALLATION/mpich2-1.4.1p1/bin/mpif77 -mpe='
MPE_LIBNAME='mpe'
MPI_CC='/home/ariana/workspace/enisi/hpylori_compartments/deps/src/project_repast/INSTALLATION/mpich2-1.4.1p1/bin/mpicc'
MPI_CFLAGS=''
MPI_F77='/home/ariana/workspace/enisi/hpylori_compartments/deps/src/project_repast/INSTALLATION/mpich2-1.4.1p1/bin/mpif77'
MPI_FFLAGS=''
MPI_IMPL='MPICH2'
MPI_INC=''
MPI_LIBS=''
MV='mv'
OBJEXT='o'
PACKAGE_BUGREPORT=''
PACKAGE_NAME=''
PACKAGE_STRING=''
PACKAGE_TARNAME=''
PACKAGE_VERSION=''
PATH_SEPARATOR=':'
RANLIB='ranlib'
RANLIB_AFTER_INSTALL='no'
RM='rm'
SHELL='/bin/bash'
VPATH='VPATH=.:$(srcdir)'
ac_ct_CC='gcc'
ac_ct_F77=''
binbuild_dir='/home/ariana/workspace/enisi/hpylori_compartments/deps/src/project_repast/INSTALLATION/mpich2-1.4.1p1/src/mpe2/bin'
bindir='${exec_prefix}/bin'
build_alias=''
datadir='${datarootdir}'
datarootdir='${prefix}/share'
docdir='${datarootdir}/doc/${PACKAGE}'
dvidir='${docdir}'
etcbuild_dir='/home/ariana/workspace/enisi/hpylori_compartments/deps/src/project_repast/INSTALLATION/mpich2-1.4.1p1/src/mpe2/etc'
exec_prefix='${prefix}'
host_alias=''
htmldir='${docdir}'
includebuild_dir='/home/ariana/workspace/enisi/hpylori_compartments/deps/src/project_repast/INSTALLATION/mpich2-1.4.1p1/src/mpe2/include'
includedir='${prefix}/include'
infodir='${datarootdir}/info'
libbuild_dir='/home/ariana/workspace/enisi/hpylori_compartments/deps/src/project_repast/INSTALLATION/mpich2-1.4.1p1/src/mpe2/lib'
libdir='${exec_prefix}/lib'
libexecdir='${exec_prefix}/libexec'
localedir='${datarootdir}/locale'
localstatedir='${prefix}/var'
mandir='${datarootdir}/man'
oldincludedir='/usr/include'
pdfdir='${docdir}'
prefix='/home/ariana/workspace/enisi/hpylori_compartments/deps/src/project_repast/ext//MPICH'
program_transform_name='s,x,x,'
psdir='${docdir}'
sbinbuild_dir='/home/ariana/workspace/enisi/hpylori_compartments/deps/src/project_repast/INSTALLATION/mpich2-1.4.1p1/src/mpe2/sbin'
sbindir='${exec_prefix}/sbin'
sharedstatedir='${prefix}/com'
subdirs=' src/misc src/callstack src/logging src/wrappers src/graphics src/collchk src/slog2sdk'
sysconfdir='${prefix}/etc'
target_alias=''
top_srcdir_abs='/home/ariana/workspace/enisi/hpylori_compartments/deps/src/project_repast/INSTALLATION/mpich2-1.4.1p1/src/mpe2'

## ----------- ##
## confdefs.h. ##
## ----------- ##

#define PACKAGE_NAME ""
#define PACKAGE_TARNAME ""
#define PACKAGE_VERSION ""
#define PACKAGE_STRING ""
#define PACKAGE_BUGREPORT ""

configure: exit 0
