This file contains any messages produced by compilers while
running configure, to aid debugging if configure makes a mistake.

It was created by configure, which was
generated by GNU Autoconf 2.63.  Invocation command line was

  $ ./configure --disable-option-checking --prefix=/home/ariana/workspace/enisi/hpylori_compartments/deps/src/project_repast/ext//MPICH --disable-f77 --disable-fc MPI_CC=/home/ariana/workspace/enisi/hpylori_compartments/deps/src/project_repast/INSTALLATION/mpich2-1.4.1p1/bin/mpicc MPI_F77=/home/ariana/workspace/enisi/hpylori_compartments/deps/src/project_repast/INSTALLATION/mpich2-1.4.1p1/bin/mpif77 CC=gcc CFLAGS=   -O2 LDFLAGS=  LIBS=-lrt -lpthread   CPPFLAGS= -I/home/ariana/workspace/enisi/hpylori_compartments/deps/src/project_repast/INSTALLATION/mpich2-1.4.1p1/src/mpl/include -I/home/ariana/workspace/enisi/hpylori_compartments/deps/src/project_repast/INSTALLATION/mpich2-1.4.1p1/src/mpl/include -I/home/ariana/workspace/enisi/hpylori_compartments/deps/src/project_repast/INSTALLATION/mpich2-1.4.1p1/src/openpa/src -I/home/ariana/workspace/enisi/hpylori_compartments/deps/src/project_repast/INSTALLATION/mpich2-1.4.1p1/src/openpa/src -I/home/ariana/workspace/enisi/hpylori_compartments/deps/src/project_repast/INSTALLATION/mpich2-1.4.1p1/src/mpid/ch3/include -I/home/ariana/workspace/enisi/hpylori_compartments/deps/src/project_repast/INSTALLATION/mpich2-1.4.1p1/src/mpid/ch3/include -I/home/ariana/workspace/enisi/hpylori_compartments/deps/src/project_repast/INSTALLATION/mpich2-1.4.1p1/src/mpid/common/datatype -I/home/ariana/workspace/enisi/hpylori_compartments/deps/src/project_repast/INSTALLATION/mpich2-1.4.1p1/src/mpid/common/datatype -I/home/ariana/workspace/enisi/hpylori_compartments/deps/src/project_repast/INSTALLATION/mpich2-1.4.1p1/src/mpid/common/locks -I/home/ariana/workspace/enisi/hpylori_compartments/deps/src/project_repast/INSTALLATION/mpich2-1.4.1p1/src/mpid/common/locks -I/home/ariana/workspace/enisi/hpylori_compartments/deps/src/project_repast/INSTALLATION/mpich2-1.4.1p1/src/mpid/ch3/channels/nemesis/include -I/home/ariana/workspace/enisi/hpylori_compartments/deps/src/project_repast/INSTALLATION/mpich2-1.4.1p1/src/mpid/ch3/channels/nemesis/include -I/home/ariana/workspace/enisi/hpylori_compartments/deps/src/project_repast/INSTALLATION/mpich2-1.4.1p1/src/mpid/ch3/channels/nemesis/nemesis/include -I/home/ariana/workspace/enisi/hpylori_compartments/deps/src/project_repast/INSTALLATION/mpich2-1.4.1p1/src/mpid/ch3/channels/nemesis/nemesis/include -I/home/ariana/workspace/enisi/hpylori_compartments/deps/src/project_repast/INSTALLATION/mpich2-1.4.1p1/src/mpid/ch3/channels/nemesis/nemesis/utils/monitor -I/home/ariana/workspace/enisi/hpylori_compartments/deps/src/project_repast/INSTALLATION/mpich2-1.4.1p1/src/mpid/ch3/channels/nemesis/nemesis/utils/monitor -I/home/ariana/workspace/enisi/hpylori_compartments/deps/src/project_repast/INSTALLATION/mpich2-1.4.1p1/src/util/wrappers -I/home/ariana/workspace/enisi/hpylori_compartments/deps/src/project_repast/INSTALLATION/mpich2-1.4.1p1/src/util/wrappers FFLAGS=  --cache-file=/dev/null --srcdir=.

## --------- ##
## Platform. ##
## --------- ##

hostname = herbst-Lenovo-B40-80
uname -m = x86_64
uname -r = 4.4.0-36-generic
uname -s = Linux
uname -v = #55-Ubuntu SMP Thu Aug 11 18:01:55 UTC 2016

/usr/bin/uname -p = unknown
/bin/uname -X     = unknown

/bin/arch              = unknown
/usr/bin/arch -k       = unknown
/usr/convex/getsysinfo = unknown
/usr/bin/hostinfo      = unknown
/bin/machine           = unknown
/usr/bin/oslevel       = unknown
/bin/universe          = unknown

PATH: /usr/local/sbin
PATH: /usr/local/bin
PATH: /usr/sbin
PATH: /usr/bin
PATH: /sbin
PATH: /bin
PATH: /usr/games
PATH: /usr/local/games
PATH: /snap/bin


## ----------- ##
## Core tests. ##
## ----------- ##

configure:1864: checking for current directory name
configure:1913: result: /home/ariana/workspace/enisi/hpylori_compartments/deps/src/project_repast/INSTALLATION/mpich2-1.4.1p1/src/mpe2/src/wrappers
configure:1964: checking gnumake
configure:1979: result: yes using --no-print-directory
configure:1993: checking BSD 4.4 make
configure:2013: result: no - whew
configure:2019: checking OSF V3 make
configure:2038: result: no
configure:2045: checking for virtual path format
configure:2060: result: VPATH
configure:2261: checking for gcc
configure:2288: result: gcc
configure:2520: checking for C compiler version
configure:2528: gcc --version >&5
gcc (Ubuntu 5.4.0-6ubuntu1~16.04.2) 5.4.0 20160609
Copyright (C) 2015 Free Software Foundation, Inc.
This is free software; see the source for copying conditions.  There is NO
warranty; not even for MERCHANTABILITY or FITNESS FOR A PARTICULAR PURPOSE.

configure:2532: $? = 0
configure:2539: gcc -v >&5
Using built-in specs.
COLLECT_GCC=gcc
COLLECT_LTO_WRAPPER=/usr/lib/gcc/x86_64-linux-gnu/5/lto-wrapper
Target: x86_64-linux-gnu
Configured with: ../src/configure -v --with-pkgversion='Ubuntu 5.4.0-6ubuntu1~16.04.2' --with-bugurl=file:///usr/share/doc/gcc-5/README.Bugs --enable-languages=c,ada,c++,java,go,d,fortran,objc,obj-c++ --prefix=/usr --program-suffix=-5 --enable-shared --enable-linker-build-id --libexecdir=/usr/lib --without-included-gettext --enable-threads=posix --libdir=/usr/lib --enable-nls --with-sysroot=/ --enable-clocale=gnu --enable-libstdcxx-debug --enable-libstdcxx-time=yes --with-default-libstdcxx-abi=new --enable-gnu-unique-object --disable-vtable-verify --enable-libmpx --enable-plugin --with-system-zlib --disable-browser-plugin --enable-java-awt=gtk --enable-gtk-cairo --with-java-home=/usr/lib/jvm/java-1.5.0-gcj-5-amd64/jre --enable-java-home --with-jvm-root-dir=/usr/lib/jvm/java-1.5.0-gcj-5-amd64 --with-jvm-jar-dir=/usr/lib/jvm-exports/java-1.5.0-gcj-5-amd64 --with-arch-directory=amd64 --with-ecj-jar=/usr/share/java/eclipse-ecj.jar --enable-objc-gc --enable-multiarch --disable-werror --with-arch-32=i686 --with-abi=m64 --with-multilib-list=m32,m64,mx32 --enable-multilib --with-tune=generic --enable-checking=release --build=x86_64-linux-gnu --host=x86_64-linux-gnu --target=x86_64-linux-gnu
Thread model: posix
gcc version 5.4.0 20160609 (Ubuntu 5.4.0-6ubuntu1~16.04.2) 
configure:2543: $? = 0
configure:2550: gcc -V >&5
gcc: error: unrecognized command line option '-V'
gcc: fatal error: no input files
compilation terminated.
configure:2554: $? = 1
configure:2577: checking for C compiler default output file name
configure:2599: gcc    -O2  -I/home/ariana/workspace/enisi/hpylori_compartments/deps/src/project_repast/INSTALLATION/mpich2-1.4.1p1/src/mpl/include -I/home/ariana/workspace/enisi/hpylori_compartments/deps/src/project_repast/INSTALLATION/mpich2-1.4.1p1/src/mpl/include -I/home/ariana/workspace/enisi/hpylori_compartments/deps/src/project_repast/INSTALLATION/mpich2-1.4.1p1/src/openpa/src -I/home/ariana/workspace/enisi/hpylori_compartments/deps/src/project_repast/INSTALLATION/mpich2-1.4.1p1/src/openpa/src -I/home/ariana/workspace/enisi/hpylori_compartments/deps/src/project_repast/INSTALLATION/mpich2-1.4.1p1/src/mpid/ch3/include -I/home/ariana/workspace/enisi/hpylori_compartments/deps/src/project_repast/INSTALLATION/mpich2-1.4.1p1/src/mpid/ch3/include -I/home/ariana/workspace/enisi/hpylori_compartments/deps/src/project_repast/INSTALLATION/mpich2-1.4.1p1/src/mpid/common/datatype -I/home/ariana/workspace/enisi/hpylori_compartments/deps/src/project_repast/INSTALLATION/mpich2-1.4.1p1/src/mpid/common/datatype -I/home/ariana/workspace/enisi/hpylori_compartments/deps/src/project_repast/INSTALLATION/mpich2-1.4.1p1/src/mpid/common/locks -I/home/ariana/workspace/enisi/hpylori_compartments/deps/src/project_repast/INSTALLATION/mpich2-1.4.1p1/src/mpid/common/locks -I/home/ariana/workspace/enisi/hpylori_compartments/deps/src/project_repast/INSTALLATION/mpich2-1.4.1p1/src/mpid/ch3/channels/nemesis/include -I/home/ariana/workspace/enisi/hpylori_compartments/deps/src/project_repast/INSTALLATION/mpich2-1.4.1p1/src/mpid/ch3/channels/nemesis/include -I/home/ariana/workspace/enisi/hpylori_compartments/deps/src/project_repast/INSTALLATION/mpich2-1.4.1p1/src/mpid/ch3/channels/nemesis/nemesis/include -I/home/ariana/workspace/enisi/hpylori_compartments/deps/src/project_repast/INSTALLATION/mpich2-1.4.1p1/src/mpid/ch3/channels/nemesis/nemesis/include -I/home/ariana/workspace/enisi/hpylori_compartments/deps/src/project_repast/INSTALLATION/mpich2-1.4.1p1/src/mpid/ch3/channels/nemesis/nemesis/utils/monitor -I/home/ariana/workspace/enisi/hpylori_compartments/deps/src/project_repast/INSTALLATION/mpich2-1.4.1p1/src/mpid/ch3/channels/nemesis/nemesis/utils/monitor -I/home/ariana/workspace/enisi/hpylori_compartments/deps/src/project_repast/INSTALLATION/mpich2-1.4.1p1/src/util/wrappers -I/home/ariana/workspace/enisi/hpylori_compartments/deps/src/project_repast/INSTALLATION/mpich2-1.4.1p1/src/util/wrappers   conftest.c -lrt -lpthread   >&5
configure:2603: $? = 0
configure:2641: result: a.out
configure:2660: checking whether the C compiler works
configure:2670: ./a.out
configure:2674: $? = 0
configure:2693: result: yes
configure:2700: checking whether we are cross compiling
configure:2702: result: no
configure:2705: checking for suffix of executables
configure:2712: gcc -o conftest    -O2  -I/home/ariana/workspace/enisi/hpylori_compartments/deps/src/project_repast/INSTALLATION/mpich2-1.4.1p1/src/mpl/include -I/home/ariana/workspace/enisi/hpylori_compartments/deps/src/project_repast/INSTALLATION/mpich2-1.4.1p1/src/mpl/include -I/home/ariana/workspace/enisi/hpylori_compartments/deps/src/project_repast/INSTALLATION/mpich2-1.4.1p1/src/openpa/src -I/home/ariana/workspace/enisi/hpylori_compartments/deps/src/project_repast/INSTALLATION/mpich2-1.4.1p1/src/openpa/src -I/home/ariana/workspace/enisi/hpylori_compartments/deps/src/project_repast/INSTALLATION/mpich2-1.4.1p1/src/mpid/ch3/include -I/home/ariana/workspace/enisi/hpylori_compartments/deps/src/project_repast/INSTALLATION/mpich2-1.4.1p1/src/mpid/ch3/include -I/home/ariana/workspace/enisi/hpylori_compartments/deps/src/project_repast/INSTALLATION/mpich2-1.4.1p1/src/mpid/common/datatype -I/home/ariana/workspace/enisi/hpylori_compartments/deps/src/project_repast/INSTALLATION/mpich2-1.4.1p1/src/mpid/common/datatype -I/home/ariana/workspace/enisi/hpylori_compartments/deps/src/project_repast/INSTALLATION/mpich2-1.4.1p1/src/mpid/common/locks -I/home/ariana/workspace/enisi/hpylori_compartments/deps/src/project_repast/INSTALLATION/mpich2-1.4.1p1/src/mpid/common/locks -I/home/ariana/workspace/enisi/hpylori_compartments/deps/src/project_repast/INSTALLATION/mpich2-1.4.1p1/src/mpid/ch3/channels/nemesis/include -I/home/ariana/workspace/enisi/hpylori_compartments/deps/src/project_repast/INSTALLATION/mpich2-1.4.1p1/src/mpid/ch3/channels/nemesis/include -I/home/ariana/workspace/enisi/hpylori_compartments/deps/src/project_repast/INSTALLATION/mpich2-1.4.1p1/src/mpid/ch3/channels/nemesis/nemesis/include -I/home/ariana/workspace/enisi/hpylori_compartments/deps/src/project_repast/INSTALLATION/mpich2-1.4.1p1/src/mpid/ch3/channels/nemesis/nemesis/include -I/home/ariana/workspace/enisi/hpylori_compartments/deps/src/project_repast/INSTALLATION/mpich2-1.4.1p1/src/mpid/ch3/channels/nemesis/nemesis/utils/monitor -I/home/ariana/workspace/enisi/hpylori_compartments/deps/src/project_repast/INSTALLATION/mpich2-1.4.1p1/src/mpid/ch3/channels/nemesis/nemesis/utils/monitor -I/home/ariana/workspace/enisi/hpylori_compartments/deps/src/project_repast/INSTALLATION/mpich2-1.4.1p1/src/util/wrappers -I/home/ariana/workspace/enisi/hpylori_compartments/deps/src/project_repast/INSTALLATION/mpich2-1.4.1p1/src/util/wrappers   conftest.c -lrt -lpthread   >&5
configure:2716: $? = 0
configure:2742: result: 
configure:2748: checking for suffix of object files
configure:2774: gcc -c    -O2  -I/home/ariana/workspace/enisi/hpylori_compartments/deps/src/project_repast/INSTALLATION/mpich2-1.4.1p1/src/mpl/include -I/home/ariana/workspace/enisi/hpylori_compartments/deps/src/project_repast/INSTALLATION/mpich2-1.4.1p1/src/mpl/include -I/home/ariana/workspace/enisi/hpylori_compartments/deps/src/project_repast/INSTALLATION/mpich2-1.4.1p1/src/openpa/src -I/home/ariana/workspace/enisi/hpylori_compartments/deps/src/project_repast/INSTALLATION/mpich2-1.4.1p1/src/openpa/src -I/home/ariana/workspace/enisi/hpylori_compartments/deps/src/project_repast/INSTALLATION/mpich2-1.4.1p1/src/mpid/ch3/include -I/home/ariana/workspace/enisi/hpylori_compartments/deps/src/project_repast/INSTALLATION/mpich2-1.4.1p1/src/mpid/ch3/include -I/home/ariana/workspace/enisi/hpylori_compartments/deps/src/project_repast/INSTALLATION/mpich2-1.4.1p1/src/mpid/common/datatype -I/home/ariana/workspace/enisi/hpylori_compartments/deps/src/project_repast/INSTALLATION/mpich2-1.4.1p1/src/mpid/common/datatype -I/home/ariana/workspace/enisi/hpylori_compartments/deps/src/project_repast/INSTALLATION/mpich2-1.4.1p1/src/mpid/common/locks -I/home/ariana/workspace/enisi/hpylori_compartments/deps/src/project_repast/INSTALLATION/mpich2-1.4.1p1/src/mpid/common/locks -I/home/ariana/workspace/enisi/hpylori_compartments/deps/src/project_repast/INSTALLATION/mpich2-1.4.1p1/src/mpid/ch3/channels/nemesis/include -I/home/ariana/workspace/enisi/hpylori_compartments/deps/src/project_repast/INSTALLATION/mpich2-1.4.1p1/src/mpid/ch3/channels/nemesis/include -I/home/ariana/workspace/enisi/hpylori_compartments/deps/src/project_repast/INSTALLATION/mpich2-1.4.1p1/src/mpid/ch3/channels/nemesis/nemesis/include -I/home/ariana/workspace/enisi/hpylori_compartments/deps/src/project_repast/INSTALLATION/mpich2-1.4.1p1/src/mpid/ch3/channels/nemesis/nemesis/include -I/home/ariana/workspace/enisi/hpylori_compartments/deps/src/project_repast/INSTALLATION/mpich2-1.4.1p1/src/mpid/ch3/channels/nemesis/nemesis/utils/monitor -I/home/ariana/workspace/enisi/hpylori_compartments/deps/src/project_repast/INSTALLATION/mpich2-1.4.1p1/src/mpid/ch3/channels/nemesis/nemesis/utils/monitor -I/home/ariana/workspace/enisi/hpylori_compartments/deps/src/project_repast/INSTALLATION/mpich2-1.4.1p1/src/util/wrappers -I/home/ariana/workspace/enisi/hpylori_compartments/deps/src/project_repast/INSTALLATION/mpich2-1.4.1p1/src/util/wrappers conftest.c >&5
configure:2778: $? = 0
configure:2803: result: o
configure:2807: checking whether we are using the GNU C compiler
configure:2836: gcc -c    -O2  -I/home/ariana/workspace/enisi/hpylori_compartments/deps/src/project_repast/INSTALLATION/mpich2-1.4.1p1/src/mpl/include -I/home/ariana/workspace/enisi/hpylori_compartments/deps/src/project_repast/INSTALLATION/mpich2-1.4.1p1/src/mpl/include -I/home/ariana/workspace/enisi/hpylori_compartments/deps/src/project_repast/INSTALLATION/mpich2-1.4.1p1/src/openpa/src -I/home/ariana/workspace/enisi/hpylori_compartments/deps/src/project_repast/INSTALLATION/mpich2-1.4.1p1/src/openpa/src -I/home/ariana/workspace/enisi/hpylori_compartments/deps/src/project_repast/INSTALLATION/mpich2-1.4.1p1/src/mpid/ch3/include -I/home/ariana/workspace/enisi/hpylori_compartments/deps/src/project_repast/INSTALLATION/mpich2-1.4.1p1/src/mpid/ch3/include -I/home/ariana/workspace/enisi/hpylori_compartments/deps/src/project_repast/INSTALLATION/mpich2-1.4.1p1/src/mpid/common/datatype -I/home/ariana/workspace/enisi/hpylori_compartments/deps/src/project_repast/INSTALLATION/mpich2-1.4.1p1/src/mpid/common/datatype -I/home/ariana/workspace/enisi/hpylori_compartments/deps/src/project_repast/INSTALLATION/mpich2-1.4.1p1/src/mpid/common/locks -I/home/ariana/workspace/enisi/hpylori_compartments/deps/src/project_repast/INSTALLATION/mpich2-1.4.1p1/src/mpid/common/locks -I/home/ariana/workspace/enisi/hpylori_compartments/deps/src/project_repast/INSTALLATION/mpich2-1.4.1p1/src/mpid/ch3/channels/nemesis/include -I/home/ariana/workspace/enisi/hpylori_compartments/deps/src/project_repast/INSTALLATION/mpich2-1.4.1p1/src/mpid/ch3/channels/nemesis/include -I/home/ariana/workspace/enisi/hpylori_compartments/deps/src/project_repast/INSTALLATION/mpich2-1.4.1p1/src/mpid/ch3/channels/nemesis/nemesis/include -I/home/ariana/workspace/enisi/hpylori_compartments/deps/src/project_repast/INSTALLATION/mpich2-1.4.1p1/src/mpid/ch3/channels/nemesis/nemesis/include -I/home/ariana/workspace/enisi/hpylori_compartments/deps/src/project_repast/INSTALLATION/mpich2-1.4.1p1/src/mpid/ch3/channels/nemesis/nemesis/utils/monitor -I/home/ariana/workspace/enisi/hpylori_compartments/deps/src/project_repast/INSTALLATION/mpich2-1.4.1p1/src/mpid/ch3/channels/nemesis/nemesis/utils/monitor -I/home/ariana/workspace/enisi/hpylori_compartments/deps/src/project_repast/INSTALLATION/mpich2-1.4.1p1/src/util/wrappers -I/home/ariana/workspace/enisi/hpylori_compartments/deps/src/project_repast/INSTALLATION/mpich2-1.4.1p1/src/util/wrappers conftest.c >&5
configure:2843: $? = 0
configure:2860: result: yes
configure:2869: checking whether gcc accepts -g
configure:2899: gcc -c -g  -I/home/ariana/workspace/enisi/hpylori_compartments/deps/src/project_repast/INSTALLATION/mpich2-1.4.1p1/src/mpl/include -I/home/ariana/workspace/enisi/hpylori_compartments/deps/src/project_repast/INSTALLATION/mpich2-1.4.1p1/src/mpl/include -I/home/ariana/workspace/enisi/hpylori_compartments/deps/src/project_repast/INSTALLATION/mpich2-1.4.1p1/src/openpa/src -I/home/ariana/workspace/enisi/hpylori_compartments/deps/src/project_repast/INSTALLATION/mpich2-1.4.1p1/src/openpa/src -I/home/ariana/workspace/enisi/hpylori_compartments/deps/src/project_repast/INSTALLATION/mpich2-1.4.1p1/src/mpid/ch3/include -I/home/ariana/workspace/enisi/hpylori_compartments/deps/src/project_repast/INSTALLATION/mpich2-1.4.1p1/src/mpid/ch3/include -I/home/ariana/workspace/enisi/hpylori_compartments/deps/src/project_repast/INSTALLATION/mpich2-1.4.1p1/src/mpid/common/datatype -I/home/ariana/workspace/enisi/hpylori_compartments/deps/src/project_repast/INSTALLATION/mpich2-1.4.1p1/src/mpid/common/datatype -I/home/ariana/workspace/enisi/hpylori_compartments/deps/src/project_repast/INSTALLATION/mpich2-1.4.1p1/src/mpid/common/locks -I/home/ariana/workspace/enisi/hpylori_compartments/deps/src/project_repast/INSTALLATION/mpich2-1.4.1p1/src/mpid/common/locks -I/home/ariana/workspace/enisi/hpylori_compartments/deps/src/project_repast/INSTALLATION/mpich2-1.4.1p1/src/mpid/ch3/channels/nemesis/include -I/home/ariana/workspace/enisi/hpylori_compartments/deps/src/project_repast/INSTALLATION/mpich2-1.4.1p1/src/mpid/ch3/channels/nemesis/include -I/home/ariana/workspace/enisi/hpylori_compartments/deps/src/project_repast/INSTALLATION/mpich2-1.4.1p1/src/mpid/ch3/channels/nemesis/nemesis/include -I/home/ariana/workspace/enisi/hpylori_compartments/deps/src/project_repast/INSTALLATION/mpich2-1.4.1p1/src/mpid/ch3/channels/nemesis/nemesis/include -I/home/ariana/workspace/enisi/hpylori_compartments/deps/src/project_repast/INSTALLATION/mpich2-1.4.1p1/src/mpid/ch3/channels/nemesis/nemesis/utils/monitor -I/home/ariana/workspace/enisi/hpylori_compartments/deps/src/project_repast/INSTALLATION/mpich2-1.4.1p1/src/mpid/ch3/channels/nemesis/nemesis/utils/monitor -I/home/ariana/workspace/enisi/hpylori_compartments/deps/src/project_repast/INSTALLATION/mpich2-1.4.1p1/src/util/wrappers -I/home/ariana/workspace/enisi/hpylori_compartments/deps/src/project_repast/INSTALLATION/mpich2-1.4.1p1/src/util/wrappers conftest.c >&5
configure:2906: $? = 0
configure:3007: result: yes
configure:3024: checking for gcc option to accept ISO C89
configure:3098: gcc  -c    -O2  -I/home/ariana/workspace/enisi/hpylori_compartments/deps/src/project_repast/INSTALLATION/mpich2-1.4.1p1/src/mpl/include -I/home/ariana/workspace/enisi/hpylori_compartments/deps/src/project_repast/INSTALLATION/mpich2-1.4.1p1/src/mpl/include -I/home/ariana/workspace/enisi/hpylori_compartments/deps/src/project_repast/INSTALLATION/mpich2-1.4.1p1/src/openpa/src -I/home/ariana/workspace/enisi/hpylori_compartments/deps/src/project_repast/INSTALLATION/mpich2-1.4.1p1/src/openpa/src -I/home/ariana/workspace/enisi/hpylori_compartments/deps/src/project_repast/INSTALLATION/mpich2-1.4.1p1/src/mpid/ch3/include -I/home/ariana/workspace/enisi/hpylori_compartments/deps/src/project_repast/INSTALLATION/mpich2-1.4.1p1/src/mpid/ch3/include -I/home/ariana/workspace/enisi/hpylori_compartments/deps/src/project_repast/INSTALLATION/mpich2-1.4.1p1/src/mpid/common/datatype -I/home/ariana/workspace/enisi/hpylori_compartments/deps/src/project_repast/INSTALLATION/mpich2-1.4.1p1/src/mpid/common/datatype -I/home/ariana/workspace/enisi/hpylori_compartments/deps/src/project_repast/INSTALLATION/mpich2-1.4.1p1/src/mpid/common/locks -I/home/ariana/workspace/enisi/hpylori_compartments/deps/src/project_repast/INSTALLATION/mpich2-1.4.1p1/src/mpid/common/locks -I/home/ariana/workspace/enisi/hpylori_compartments/deps/src/project_repast/INSTALLATION/mpich2-1.4.1p1/src/mpid/ch3/channels/nemesis/include -I/home/ariana/workspace/enisi/hpylori_compartments/deps/src/project_repast/INSTALLATION/mpich2-1.4.1p1/src/mpid/ch3/channels/nemesis/include -I/home/ariana/workspace/enisi/hpylori_compartments/deps/src/project_repast/INSTALLATION/mpich2-1.4.1p1/src/mpid/ch3/channels/nemesis/nemesis/include -I/home/ariana/workspace/enisi/hpylori_compartments/deps/src/project_repast/INSTALLATION/mpich2-1.4.1p1/src/mpid/ch3/channels/nemesis/nemesis/include -I/home/ariana/workspace/enisi/hpylori_compartments/deps/src/project_repast/INSTALLATION/mpich2-1.4.1p1/src/mpid/ch3/channels/nemesis/nemesis/utils/monitor -I/home/ariana/workspace/enisi/hpylori_compartments/deps/src/project_repast/INSTALLATION/mpich2-1.4.1p1/src/mpid/ch3/channels/nemesis/nemesis/utils/monitor -I/home/ariana/workspace/enisi/hpylori_compartments/deps/src/project_repast/INSTALLATION/mpich2-1.4.1p1/src/util/wrappers -I/home/ariana/workspace/enisi/hpylori_compartments/deps/src/project_repast/INSTALLATION/mpich2-1.4.1p1/src/util/wrappers conftest.c >&5
configure:3105: $? = 0
configure:3128: result: none needed
configure:3150: checking for ar
configure:3178: result: ar
configure:3229: checking for ranlib
configure:3256: result: ranlib
configure:3284: checking how to run the C preprocessor
configure:3324: gcc -E  -I/home/ariana/workspace/enisi/hpylori_compartments/deps/src/project_repast/INSTALLATION/mpich2-1.4.1p1/src/mpl/include -I/home/ariana/workspace/enisi/hpylori_compartments/deps/src/project_repast/INSTALLATION/mpich2-1.4.1p1/src/mpl/include -I/home/ariana/workspace/enisi/hpylori_compartments/deps/src/project_repast/INSTALLATION/mpich2-1.4.1p1/src/openpa/src -I/home/ariana/workspace/enisi/hpylori_compartments/deps/src/project_repast/INSTALLATION/mpich2-1.4.1p1/src/openpa/src -I/home/ariana/workspace/enisi/hpylori_compartments/deps/src/project_repast/INSTALLATION/mpich2-1.4.1p1/src/mpid/ch3/include -I/home/ariana/workspace/enisi/hpylori_compartments/deps/src/project_repast/INSTALLATION/mpich2-1.4.1p1/src/mpid/ch3/include -I/home/ariana/workspace/enisi/hpylori_compartments/deps/src/project_repast/INSTALLATION/mpich2-1.4.1p1/src/mpid/common/datatype -I/home/ariana/workspace/enisi/hpylori_compartments/deps/src/project_repast/INSTALLATION/mpich2-1.4.1p1/src/mpid/common/datatype -I/home/ariana/workspace/enisi/hpylori_compartments/deps/src/project_repast/INSTALLATION/mpich2-1.4.1p1/src/mpid/common/locks -I/home/ariana/workspace/enisi/hpylori_compartments/deps/src/project_repast/INSTALLATION/mpich2-1.4.1p1/src/mpid/common/locks -I/home/ariana/workspace/enisi/hpylori_compartments/deps/src/project_repast/INSTALLATION/mpich2-1.4.1p1/src/mpid/ch3/channels/nemesis/include -I/home/ariana/workspace/enisi/hpylori_compartments/deps/src/project_repast/INSTALLATION/mpich2-1.4.1p1/src/mpid/ch3/channels/nemesis/include -I/home/ariana/workspace/enisi/hpylori_compartments/deps/src/project_repast/INSTALLATION/mpich2-1.4.1p1/src/mpid/ch3/channels/nemesis/nemesis/include -I/home/ariana/workspace/enisi/hpylori_compartments/deps/src/project_repast/INSTALLATION/mpich2-1.4.1p1/src/mpid/ch3/channels/nemesis/nemesis/include -I/home/ariana/workspace/enisi/hpylori_compartments/deps/src/project_repast/INSTALLATION/mpich2-1.4.1p1/src/mpid/ch3/channels/nemesis/nemesis/utils/monitor -I/home/ariana/workspace/enisi/hpylori_compartments/deps/src/project_repast/INSTALLATION/mpich2-1.4.1p1/src/mpid/ch3/channels/nemesis/nemesis/utils/monitor -I/home/ariana/workspace/enisi/hpylori_compartments/deps/src/project_repast/INSTALLATION/mpich2-1.4.1p1/src/util/wrappers -I/home/ariana/workspace/enisi/hpylori_compartments/deps/src/project_repast/INSTALLATION/mpich2-1.4.1p1/src/util/wrappers conftest.c
configure:3331: $? = 0
configure:3362: gcc -E  -I/home/ariana/workspace/enisi/hpylori_compartments/deps/src/project_repast/INSTALLATION/mpich2-1.4.1p1/src/mpl/include -I/home/ariana/workspace/enisi/hpylori_compartments/deps/src/project_repast/INSTALLATION/mpich2-1.4.1p1/src/mpl/include -I/home/ariana/workspace/enisi/hpylori_compartments/deps/src/project_repast/INSTALLATION/mpich2-1.4.1p1/src/openpa/src -I/home/ariana/workspace/enisi/hpylori_compartments/deps/src/project_repast/INSTALLATION/mpich2-1.4.1p1/src/openpa/src -I/home/ariana/workspace/enisi/hpylori_compartments/deps/src/project_repast/INSTALLATION/mpich2-1.4.1p1/src/mpid/ch3/include -I/home/ariana/workspace/enisi/hpylori_compartments/deps/src/project_repast/INSTALLATION/mpich2-1.4.1p1/src/mpid/ch3/include -I/home/ariana/workspace/enisi/hpylori_compartments/deps/src/project_repast/INSTALLATION/mpich2-1.4.1p1/src/mpid/common/datatype -I/home/ariana/workspace/enisi/hpylori_compartments/deps/src/project_repast/INSTALLATION/mpich2-1.4.1p1/src/mpid/common/datatype -I/home/ariana/workspace/enisi/hpylori_compartments/deps/src/project_repast/INSTALLATION/mpich2-1.4.1p1/src/mpid/common/locks -I/home/ariana/workspace/enisi/hpylori_compartments/deps/src/project_repast/INSTALLATION/mpich2-1.4.1p1/src/mpid/common/locks -I/home/ariana/workspace/enisi/hpylori_compartments/deps/src/project_repast/INSTALLATION/mpich2-1.4.1p1/src/mpid/ch3/channels/nemesis/include -I/home/ariana/workspace/enisi/hpylori_compartments/deps/src/project_repast/INSTALLATION/mpich2-1.4.1p1/src/mpid/ch3/channels/nemesis/include -I/home/ariana/workspace/enisi/hpylori_compartments/deps/src/project_repast/INSTALLATION/mpich2-1.4.1p1/src/mpid/ch3/channels/nemesis/nemesis/include -I/home/ariana/workspace/enisi/hpylori_compartments/deps/src/project_repast/INSTALLATION/mpich2-1.4.1p1/src/mpid/ch3/channels/nemesis/nemesis/include -I/home/ariana/workspace/enisi/hpylori_compartments/deps/src/project_repast/INSTALLATION/mpich2-1.4.1p1/src/mpid/ch3/channels/nemesis/nemesis/utils/monitor -I/home/ariana/workspace/enisi/hpylori_compartments/deps/src/project_repast/INSTALLATION/mpich2-1.4.1p1/src/mpid/ch3/channels/nemesis/nemesis/utils/monitor -I/home/ariana/workspace/enisi/hpylori_compartments/deps/src/project_repast/INSTALLATION/mpich2-1.4.1p1/src/util/wrappers -I/home/ariana/workspace/enisi/hpylori_compartments/deps/src/project_repast/INSTALLATION/mpich2-1.4.1p1/src/util/wrappers conftest.c
conftest.c:8:28: fatal error: ac_nonexistent.h: No such file or directory
compilation terminated.
configure:3369: $? = 1
configure: failed program was:
| /* confdefs.h.  */
| #define PACKAGE_NAME ""
| #define PACKAGE_TARNAME ""
| #define PACKAGE_VERSION ""
| #define PACKAGE_STRING ""
| #define PACKAGE_BUGREPORT ""
| /* end confdefs.h.  */
| #include <ac_nonexistent.h>
configure:3402: result: gcc -E
configure:3431: gcc -E  -I/home/ariana/workspace/enisi/hpylori_compartments/deps/src/project_repast/INSTALLATION/mpich2-1.4.1p1/src/mpl/include -I/home/ariana/workspace/enisi/hpylori_compartments/deps/src/project_repast/INSTALLATION/mpich2-1.4.1p1/src/mpl/include -I/home/ariana/workspace/enisi/hpylori_compartments/deps/src/project_repast/INSTALLATION/mpich2-1.4.1p1/src/openpa/src -I/home/ariana/workspace/enisi/hpylori_compartments/deps/src/project_repast/INSTALLATION/mpich2-1.4.1p1/src/openpa/src -I/home/ariana/workspace/enisi/hpylori_compartments/deps/src/project_repast/INSTALLATION/mpich2-1.4.1p1/src/mpid/ch3/include -I/home/ariana/workspace/enisi/hpylori_compartments/deps/src/project_repast/INSTALLATION/mpich2-1.4.1p1/src/mpid/ch3/include -I/home/ariana/workspace/enisi/hpylori_compartments/deps/src/project_repast/INSTALLATION/mpich2-1.4.1p1/src/mpid/common/datatype -I/home/ariana/workspace/enisi/hpylori_compartments/deps/src/project_repast/INSTALLATION/mpich2-1.4.1p1/src/mpid/common/datatype -I/home/ariana/workspace/enisi/hpylori_compartments/deps/src/project_repast/INSTALLATION/mpich2-1.4.1p1/src/mpid/common/locks -I/home/ariana/workspace/enisi/hpylori_compartments/deps/src/project_repast/INSTALLATION/mpich2-1.4.1p1/src/mpid/common/locks -I/home/ariana/workspace/enisi/hpylori_compartments/deps/src/project_repast/INSTALLATION/mpich2-1.4.1p1/src/mpid/ch3/channels/nemesis/include -I/home/ariana/workspace/enisi/hpylori_compartments/deps/src/project_repast/INSTALLATION/mpich2-1.4.1p1/src/mpid/ch3/channels/nemesis/include -I/home/ariana/workspace/enisi/hpylori_compartments/deps/src/project_repast/INSTALLATION/mpich2-1.4.1p1/src/mpid/ch3/channels/nemesis/nemesis/include -I/home/ariana/workspace/enisi/hpylori_compartments/deps/src/project_repast/INSTALLATION/mpich2-1.4.1p1/src/mpid/ch3/channels/nemesis/nemesis/include -I/home/ariana/workspace/enisi/hpylori_compartments/deps/src/project_repast/INSTALLATION/mpich2-1.4.1p1/src/mpid/ch3/channels/nemesis/nemesis/utils/monitor -I/home/ariana/workspace/enisi/hpylori_compartments/deps/src/project_repast/INSTALLATION/mpich2-1.4.1p1/src/mpid/ch3/channels/nemesis/nemesis/utils/monitor -I/home/ariana/workspace/enisi/hpylori_compartments/deps/src/project_repast/INSTALLATION/mpich2-1.4.1p1/src/util/wrappers -I/home/ariana/workspace/enisi/hpylori_compartments/deps/src/project_repast/INSTALLATION/mpich2-1.4.1p1/src/util/wrappers conftest.c
configure:3438: $? = 0
configure:3469: gcc -E  -I/home/ariana/workspace/enisi/hpylori_compartments/deps/src/project_repast/INSTALLATION/mpich2-1.4.1p1/src/mpl/include -I/home/ariana/workspace/enisi/hpylori_compartments/deps/src/project_repast/INSTALLATION/mpich2-1.4.1p1/src/mpl/include -I/home/ariana/workspace/enisi/hpylori_compartments/deps/src/project_repast/INSTALLATION/mpich2-1.4.1p1/src/openpa/src -I/home/ariana/workspace/enisi/hpylori_compartments/deps/src/project_repast/INSTALLATION/mpich2-1.4.1p1/src/openpa/src -I/home/ariana/workspace/enisi/hpylori_compartments/deps/src/project_repast/INSTALLATION/mpich2-1.4.1p1/src/mpid/ch3/include -I/home/ariana/workspace/enisi/hpylori_compartments/deps/src/project_repast/INSTALLATION/mpich2-1.4.1p1/src/mpid/ch3/include -I/home/ariana/workspace/enisi/hpylori_compartments/deps/src/project_repast/INSTALLATION/mpich2-1.4.1p1/src/mpid/common/datatype -I/home/ariana/workspace/enisi/hpylori_compartments/deps/src/project_repast/INSTALLATION/mpich2-1.4.1p1/src/mpid/common/datatype -I/home/ariana/workspace/enisi/hpylori_compartments/deps/src/project_repast/INSTALLATION/mpich2-1.4.1p1/src/mpid/common/locks -I/home/ariana/workspace/enisi/hpylori_compartments/deps/src/project_repast/INSTALLATION/mpich2-1.4.1p1/src/mpid/common/locks -I/home/ariana/workspace/enisi/hpylori_compartments/deps/src/project_repast/INSTALLATION/mpich2-1.4.1p1/src/mpid/ch3/channels/nemesis/include -I/home/ariana/workspace/enisi/hpylori_compartments/deps/src/project_repast/INSTALLATION/mpich2-1.4.1p1/src/mpid/ch3/channels/nemesis/include -I/home/ariana/workspace/enisi/hpylori_compartments/deps/src/project_repast/INSTALLATION/mpich2-1.4.1p1/src/mpid/ch3/channels/nemesis/nemesis/include -I/home/ariana/workspace/enisi/hpylori_compartments/deps/src/project_repast/INSTALLATION/mpich2-1.4.1p1/src/mpid/ch3/channels/nemesis/nemesis/include -I/home/ariana/workspace/enisi/hpylori_compartments/deps/src/project_repast/INSTALLATION/mpich2-1.4.1p1/src/mpid/ch3/channels/nemesis/nemesis/utils/monitor -I/home/ariana/workspace/enisi/hpylori_compartments/deps/src/project_repast/INSTALLATION/mpich2-1.4.1p1/src/mpid/ch3/channels/nemesis/nemesis/utils/monitor -I/home/ariana/workspace/enisi/hpylori_compartments/deps/src/project_repast/INSTALLATION/mpich2-1.4.1p1/src/util/wrappers -I/home/ariana/workspace/enisi/hpylori_compartments/deps/src/project_repast/INSTALLATION/mpich2-1.4.1p1/src/util/wrappers conftest.c
conftest.c:8:28: fatal error: ac_nonexistent.h: No such file or directory
compilation terminated.
configure:3476: $? = 1
configure: failed program was:
| /* confdefs.h.  */
| #define PACKAGE_NAME ""
| #define PACKAGE_TARNAME ""
| #define PACKAGE_VERSION ""
| #define PACKAGE_STRING ""
| #define PACKAGE_BUGREPORT ""
| /* end confdefs.h.  */
| #include <ac_nonexistent.h>
configure:3597: checking for grep that handles long lines and -e
configure:3657: result: /bin/grep
configure:3662: checking for egrep
configure:3726: result: /bin/grep -E
configure:3731: checking for ANSI C header files
configure:3761: gcc -c    -O2  -I/home/ariana/workspace/enisi/hpylori_compartments/deps/src/project_repast/INSTALLATION/mpich2-1.4.1p1/src/mpl/include -I/home/ariana/workspace/enisi/hpylori_compartments/deps/src/project_repast/INSTALLATION/mpich2-1.4.1p1/src/mpl/include -I/home/ariana/workspace/enisi/hpylori_compartments/deps/src/project_repast/INSTALLATION/mpich2-1.4.1p1/src/openpa/src -I/home/ariana/workspace/enisi/hpylori_compartments/deps/src/project_repast/INSTALLATION/mpich2-1.4.1p1/src/openpa/src -I/home/ariana/workspace/enisi/hpylori_compartments/deps/src/project_repast/INSTALLATION/mpich2-1.4.1p1/src/mpid/ch3/include -I/home/ariana/workspace/enisi/hpylori_compartments/deps/src/project_repast/INSTALLATION/mpich2-1.4.1p1/src/mpid/ch3/include -I/home/ariana/workspace/enisi/hpylori_compartments/deps/src/project_repast/INSTALLATION/mpich2-1.4.1p1/src/mpid/common/datatype -I/home/ariana/workspace/enisi/hpylori_compartments/deps/src/project_repast/INSTALLATION/mpich2-1.4.1p1/src/mpid/common/datatype -I/home/ariana/workspace/enisi/hpylori_compartments/deps/src/project_repast/INSTALLATION/mpich2-1.4.1p1/src/mpid/common/locks -I/home/ariana/workspace/enisi/hpylori_compartments/deps/src/project_repast/INSTALLATION/mpich2-1.4.1p1/src/mpid/common/locks -I/home/ariana/workspace/enisi/hpylori_compartments/deps/src/project_repast/INSTALLATION/mpich2-1.4.1p1/src/mpid/ch3/channels/nemesis/include -I/home/ariana/workspace/enisi/hpylori_compartments/deps/src/project_repast/INSTALLATION/mpich2-1.4.1p1/src/mpid/ch3/channels/nemesis/include -I/home/ariana/workspace/enisi/hpylori_compartments/deps/src/project_repast/INSTALLATION/mpich2-1.4.1p1/src/mpid/ch3/channels/nemesis/nemesis/include -I/home/ariana/workspace/enisi/hpylori_compartments/deps/src/project_repast/INSTALLATION/mpich2-1.4.1p1/src/mpid/ch3/channels/nemesis/nemesis/include -I/home/ariana/workspace/enisi/hpylori_compartments/deps/src/project_repast/INSTALLATION/mpich2-1.4.1p1/src/mpid/ch3/channels/nemesis/nemesis/utils/monitor -I/home/ariana/workspace/enisi/hpylori_compartments/deps/src/project_repast/INSTALLATION/mpich2-1.4.1p1/src/mpid/ch3/channels/nemesis/nemesis/utils/monitor -I/home/ariana/workspace/enisi/hpylori_compartments/deps/src/project_repast/INSTALLATION/mpich2-1.4.1p1/src/util/wrappers -I/home/ariana/workspace/enisi/hpylori_compartments/deps/src/project_repast/INSTALLATION/mpich2-1.4.1p1/src/util/wrappers conftest.c >&5
configure:3768: $? = 0
configure:3867: gcc -o conftest    -O2  -I/home/ariana/workspace/enisi/hpylori_compartments/deps/src/project_repast/INSTALLATION/mpich2-1.4.1p1/src/mpl/include -I/home/ariana/workspace/enisi/hpylori_compartments/deps/src/project_repast/INSTALLATION/mpich2-1.4.1p1/src/mpl/include -I/home/ariana/workspace/enisi/hpylori_compartments/deps/src/project_repast/INSTALLATION/mpich2-1.4.1p1/src/openpa/src -I/home/ariana/workspace/enisi/hpylori_compartments/deps/src/project_repast/INSTALLATION/mpich2-1.4.1p1/src/openpa/src -I/home/ariana/workspace/enisi/hpylori_compartments/deps/src/project_repast/INSTALLATION/mpich2-1.4.1p1/src/mpid/ch3/include -I/home/ariana/workspace/enisi/hpylori_compartments/deps/src/project_repast/INSTALLATION/mpich2-1.4.1p1/src/mpid/ch3/include -I/home/ariana/workspace/enisi/hpylori_compartments/deps/src/project_repast/INSTALLATION/mpich2-1.4.1p1/src/mpid/common/datatype -I/home/ariana/workspace/enisi/hpylori_compartments/deps/src/project_repast/INSTALLATION/mpich2-1.4.1p1/src/mpid/common/datatype -I/home/ariana/workspace/enisi/hpylori_compartments/deps/src/project_repast/INSTALLATION/mpich2-1.4.1p1/src/mpid/common/locks -I/home/ariana/workspace/enisi/hpylori_compartments/deps/src/project_repast/INSTALLATION/mpich2-1.4.1p1/src/mpid/common/locks -I/home/ariana/workspace/enisi/hpylori_compartments/deps/src/project_repast/INSTALLATION/mpich2-1.4.1p1/src/mpid/ch3/channels/nemesis/include -I/home/ariana/workspace/enisi/hpylori_compartments/deps/src/project_repast/INSTALLATION/mpich2-1.4.1p1/src/mpid/ch3/channels/nemesis/include -I/home/ariana/workspace/enisi/hpylori_compartments/deps/src/project_repast/INSTALLATION/mpich2-1.4.1p1/src/mpid/ch3/channels/nemesis/nemesis/include -I/home/ariana/workspace/enisi/hpylori_compartments/deps/src/project_repast/INSTALLATION/mpich2-1.4.1p1/src/mpid/ch3/channels/nemesis/nemesis/include -I/home/ariana/workspace/enisi/hpylori_compartments/deps/src/project_repast/INSTALLATION/mpich2-1.4.1p1/src/mpid/ch3/channels/nemesis/nemesis/utils/monitor -I/home/ariana/workspace/enisi/hpylori_compartments/deps/src/project_repast/INSTALLATION/mpich2-1.4.1p1/src/mpid/ch3/channels/nemesis/nemesis/utils/monitor -I/home/ariana/workspace/enisi/hpylori_compartments/deps/src/project_repast/INSTALLATION/mpich2-1.4.1p1/src/util/wrappers -I/home/ariana/workspace/enisi/hpylori_compartments/deps/src/project_repast/INSTALLATION/mpich2-1.4.1p1/src/util/wrappers   conftest.c -lrt -lpthread   >&5
configure:3871: $? = 0
configure:3877: ./conftest
configure:3881: $? = 0
configure:3899: result: yes
configure:3909: checking for an ANSI C-conforming const
configure:3984: gcc -c    -O2  -I/home/ariana/workspace/enisi/hpylori_compartments/deps/src/project_repast/INSTALLATION/mpich2-1.4.1p1/src/mpl/include -I/home/ariana/workspace/enisi/hpylori_compartments/deps/src/project_repast/INSTALLATION/mpich2-1.4.1p1/src/mpl/include -I/home/ariana/workspace/enisi/hpylori_compartments/deps/src/project_repast/INSTALLATION/mpich2-1.4.1p1/src/openpa/src -I/home/ariana/workspace/enisi/hpylori_compartments/deps/src/project_repast/INSTALLATION/mpich2-1.4.1p1/src/openpa/src -I/home/ariana/workspace/enisi/hpylori_compartments/deps/src/project_repast/INSTALLATION/mpich2-1.4.1p1/src/mpid/ch3/include -I/home/ariana/workspace/enisi/hpylori_compartments/deps/src/project_repast/INSTALLATION/mpich2-1.4.1p1/src/mpid/ch3/include -I/home/ariana/workspace/enisi/hpylori_compartments/deps/src/project_repast/INSTALLATION/mpich2-1.4.1p1/src/mpid/common/datatype -I/home/ariana/workspace/enisi/hpylori_compartments/deps/src/project_repast/INSTALLATION/mpich2-1.4.1p1/src/mpid/common/datatype -I/home/ariana/workspace/enisi/hpylori_compartments/deps/src/project_repast/INSTALLATION/mpich2-1.4.1p1/src/mpid/common/locks -I/home/ariana/workspace/enisi/hpylori_compartments/deps/src/project_repast/INSTALLATION/mpich2-1.4.1p1/src/mpid/common/locks -I/home/ariana/workspace/enisi/hpylori_compartments/deps/src/project_repast/INSTALLATION/mpich2-1.4.1p1/src/mpid/ch3/channels/nemesis/include -I/home/ariana/workspace/enisi/hpylori_compartments/deps/src/project_repast/INSTALLATION/mpich2-1.4.1p1/src/mpid/ch3/channels/nemesis/include -I/home/ariana/workspace/enisi/hpylori_compartments/deps/src/project_repast/INSTALLATION/mpich2-1.4.1p1/src/mpid/ch3/channels/nemesis/nemesis/include -I/home/ariana/workspace/enisi/hpylori_compartments/deps/src/project_repast/INSTALLATION/mpich2-1.4.1p1/src/mpid/ch3/channels/nemesis/nemesis/include -I/home/ariana/workspace/enisi/hpylori_compartments/deps/src/project_repast/INSTALLATION/mpich2-1.4.1p1/src/mpid/ch3/channels/nemesis/nemesis/utils/monitor -I/home/ariana/workspace/enisi/hpylori_compartments/deps/src/project_repast/INSTALLATION/mpich2-1.4.1p1/src/mpid/ch3/channels/nemesis/nemesis/utils/monitor -I/home/ariana/workspace/enisi/hpylori_compartments/deps/src/project_repast/INSTALLATION/mpich2-1.4.1p1/src/util/wrappers -I/home/ariana/workspace/enisi/hpylori_compartments/deps/src/project_repast/INSTALLATION/mpich2-1.4.1p1/src/util/wrappers conftest.c >&5
configure:3991: $? = 0
configure:4006: result: yes
configure:4031: checking for sys/types.h
configure:4052: gcc -c    -O2  -I/home/ariana/workspace/enisi/hpylori_compartments/deps/src/project_repast/INSTALLATION/mpich2-1.4.1p1/src/mpl/include -I/home/ariana/workspace/enisi/hpylori_compartments/deps/src/project_repast/INSTALLATION/mpich2-1.4.1p1/src/mpl/include -I/home/ariana/workspace/enisi/hpylori_compartments/deps/src/project_repast/INSTALLATION/mpich2-1.4.1p1/src/openpa/src -I/home/ariana/workspace/enisi/hpylori_compartments/deps/src/project_repast/INSTALLATION/mpich2-1.4.1p1/src/openpa/src -I/home/ariana/workspace/enisi/hpylori_compartments/deps/src/project_repast/INSTALLATION/mpich2-1.4.1p1/src/mpid/ch3/include -I/home/ariana/workspace/enisi/hpylori_compartments/deps/src/project_repast/INSTALLATION/mpich2-1.4.1p1/src/mpid/ch3/include -I/home/ariana/workspace/enisi/hpylori_compartments/deps/src/project_repast/INSTALLATION/mpich2-1.4.1p1/src/mpid/common/datatype -I/home/ariana/workspace/enisi/hpylori_compartments/deps/src/project_repast/INSTALLATION/mpich2-1.4.1p1/src/mpid/common/datatype -I/home/ariana/workspace/enisi/hpylori_compartments/deps/src/project_repast/INSTALLATION/mpich2-1.4.1p1/src/mpid/common/locks -I/home/ariana/workspace/enisi/hpylori_compartments/deps/src/project_repast/INSTALLATION/mpich2-1.4.1p1/src/mpid/common/locks -I/home/ariana/workspace/enisi/hpylori_compartments/deps/src/project_repast/INSTALLATION/mpich2-1.4.1p1/src/mpid/ch3/channels/nemesis/include -I/home/ariana/workspace/enisi/hpylori_compartments/deps/src/project_repast/INSTALLATION/mpich2-1.4.1p1/src/mpid/ch3/channels/nemesis/include -I/home/ariana/workspace/enisi/hpylori_compartments/deps/src/project_repast/INSTALLATION/mpich2-1.4.1p1/src/mpid/ch3/channels/nemesis/nemesis/include -I/home/ariana/workspace/enisi/hpylori_compartments/deps/src/project_repast/INSTALLATION/mpich2-1.4.1p1/src/mpid/ch3/channels/nemesis/nemesis/include -I/home/ariana/workspace/enisi/hpylori_compartments/deps/src/project_repast/INSTALLATION/mpich2-1.4.1p1/src/mpid/ch3/channels/nemesis/nemesis/utils/monitor -I/home/ariana/workspace/enisi/hpylori_compartments/deps/src/project_repast/INSTALLATION/mpich2-1.4.1p1/src/mpid/ch3/channels/nemesis/nemesis/utils/monitor -I/home/ariana/workspace/enisi/hpylori_compartments/deps/src/project_repast/INSTALLATION/mpich2-1.4.1p1/src/util/wrappers -I/home/ariana/workspace/enisi/hpylori_compartments/deps/src/project_repast/INSTALLATION/mpich2-1.4.1p1/src/util/wrappers conftest.c >&5
configure:4059: $? = 0
configure:4076: result: yes
configure:4031: checking for sys/stat.h
configure:4052: gcc -c    -O2  -I/home/ariana/workspace/enisi/hpylori_compartments/deps/src/project_repast/INSTALLATION/mpich2-1.4.1p1/src/mpl/include -I/home/ariana/workspace/enisi/hpylori_compartments/deps/src/project_repast/INSTALLATION/mpich2-1.4.1p1/src/mpl/include -I/home/ariana/workspace/enisi/hpylori_compartments/deps/src/project_repast/INSTALLATION/mpich2-1.4.1p1/src/openpa/src -I/home/ariana/workspace/enisi/hpylori_compartments/deps/src/project_repast/INSTALLATION/mpich2-1.4.1p1/src/openpa/src -I/home/ariana/workspace/enisi/hpylori_compartments/deps/src/project_repast/INSTALLATION/mpich2-1.4.1p1/src/mpid/ch3/include -I/home/ariana/workspace/enisi/hpylori_compartments/deps/src/project_repast/INSTALLATION/mpich2-1.4.1p1/src/mpid/ch3/include -I/home/ariana/workspace/enisi/hpylori_compartments/deps/src/project_repast/INSTALLATION/mpich2-1.4.1p1/src/mpid/common/datatype -I/home/ariana/workspace/enisi/hpylori_compartments/deps/src/project_repast/INSTALLATION/mpich2-1.4.1p1/src/mpid/common/datatype -I/home/ariana/workspace/enisi/hpylori_compartments/deps/src/project_repast/INSTALLATION/mpich2-1.4.1p1/src/mpid/common/locks -I/home/ariana/workspace/enisi/hpylori_compartments/deps/src/project_repast/INSTALLATION/mpich2-1.4.1p1/src/mpid/common/locks -I/home/ariana/workspace/enisi/hpylori_compartments/deps/src/project_repast/INSTALLATION/mpich2-1.4.1p1/src/mpid/ch3/channels/nemesis/include -I/home/ariana/workspace/enisi/hpylori_compartments/deps/src/project_repast/INSTALLATION/mpich2-1.4.1p1/src/mpid/ch3/channels/nemesis/include -I/home/ariana/workspace/enisi/hpylori_compartments/deps/src/project_repast/INSTALLATION/mpich2-1.4.1p1/src/mpid/ch3/channels/nemesis/nemesis/include -I/home/ariana/workspace/enisi/hpylori_compartments/deps/src/project_repast/INSTALLATION/mpich2-1.4.1p1/src/mpid/ch3/channels/nemesis/nemesis/include -I/home/ariana/workspace/enisi/hpylori_compartments/deps/src/project_repast/INSTALLATION/mpich2-1.4.1p1/src/mpid/ch3/channels/nemesis/nemesis/utils/monitor -I/home/ariana/workspace/enisi/hpylori_compartments/deps/src/project_repast/INSTALLATION/mpich2-1.4.1p1/src/mpid/ch3/channels/nemesis/nemesis/utils/monitor -I/home/ariana/workspace/enisi/hpylori_compartments/deps/src/project_repast/INSTALLATION/mpich2-1.4.1p1/src/util/wrappers -I/home/ariana/workspace/enisi/hpylori_compartments/deps/src/project_repast/INSTALLATION/mpich2-1.4.1p1/src/util/wrappers conftest.c >&5
configure:4059: $? = 0
configure:4076: result: yes
configure:4031: checking for stdlib.h
configure:4052: gcc -c    -O2  -I/home/ariana/workspace/enisi/hpylori_compartments/deps/src/project_repast/INSTALLATION/mpich2-1.4.1p1/src/mpl/include -I/home/ariana/workspace/enisi/hpylori_compartments/deps/src/project_repast/INSTALLATION/mpich2-1.4.1p1/src/mpl/include -I/home/ariana/workspace/enisi/hpylori_compartments/deps/src/project_repast/INSTALLATION/mpich2-1.4.1p1/src/openpa/src -I/home/ariana/workspace/enisi/hpylori_compartments/deps/src/project_repast/INSTALLATION/mpich2-1.4.1p1/src/openpa/src -I/home/ariana/workspace/enisi/hpylori_compartments/deps/src/project_repast/INSTALLATION/mpich2-1.4.1p1/src/mpid/ch3/include -I/home/ariana/workspace/enisi/hpylori_compartments/deps/src/project_repast/INSTALLATION/mpich2-1.4.1p1/src/mpid/ch3/include -I/home/ariana/workspace/enisi/hpylori_compartments/deps/src/project_repast/INSTALLATION/mpich2-1.4.1p1/src/mpid/common/datatype -I/home/ariana/workspace/enisi/hpylori_compartments/deps/src/project_repast/INSTALLATION/mpich2-1.4.1p1/src/mpid/common/datatype -I/home/ariana/workspace/enisi/hpylori_compartments/deps/src/project_repast/INSTALLATION/mpich2-1.4.1p1/src/mpid/common/locks -I/home/ariana/workspace/enisi/hpylori_compartments/deps/src/project_repast/INSTALLATION/mpich2-1.4.1p1/src/mpid/common/locks -I/home/ariana/workspace/enisi/hpylori_compartments/deps/src/project_repast/INSTALLATION/mpich2-1.4.1p1/src/mpid/ch3/channels/nemesis/include -I/home/ariana/workspace/enisi/hpylori_compartments/deps/src/project_repast/INSTALLATION/mpich2-1.4.1p1/src/mpid/ch3/channels/nemesis/include -I/home/ariana/workspace/enisi/hpylori_compartments/deps/src/project_repast/INSTALLATION/mpich2-1.4.1p1/src/mpid/ch3/channels/nemesis/nemesis/include -I/home/ariana/workspace/enisi/hpylori_compartments/deps/src/project_repast/INSTALLATION/mpich2-1.4.1p1/src/mpid/ch3/channels/nemesis/nemesis/include -I/home/ariana/workspace/enisi/hpylori_compartments/deps/src/project_repast/INSTALLATION/mpich2-1.4.1p1/src/mpid/ch3/channels/nemesis/nemesis/utils/monitor -I/home/ariana/workspace/enisi/hpylori_compartments/deps/src/project_repast/INSTALLATION/mpich2-1.4.1p1/src/mpid/ch3/channels/nemesis/nemesis/utils/monitor -I/home/ariana/workspace/enisi/hpylori_compartments/deps/src/project_repast/INSTALLATION/mpich2-1.4.1p1/src/util/wrappers -I/home/ariana/workspace/enisi/hpylori_compartments/deps/src/project_repast/INSTALLATION/mpich2-1.4.1p1/src/util/wrappers conftest.c >&5
configure:4059: $? = 0
configure:4076: result: yes
configure:4031: checking for string.h
configure:4052: gcc -c    -O2  -I/home/ariana/workspace/enisi/hpylori_compartments/deps/src/project_repast/INSTALLATION/mpich2-1.4.1p1/src/mpl/include -I/home/ariana/workspace/enisi/hpylori_compartments/deps/src/project_repast/INSTALLATION/mpich2-1.4.1p1/src/mpl/include -I/home/ariana/workspace/enisi/hpylori_compartments/deps/src/project_repast/INSTALLATION/mpich2-1.4.1p1/src/openpa/src -I/home/ariana/workspace/enisi/hpylori_compartments/deps/src/project_repast/INSTALLATION/mpich2-1.4.1p1/src/openpa/src -I/home/ariana/workspace/enisi/hpylori_compartments/deps/src/project_repast/INSTALLATION/mpich2-1.4.1p1/src/mpid/ch3/include -I/home/ariana/workspace/enisi/hpylori_compartments/deps/src/project_repast/INSTALLATION/mpich2-1.4.1p1/src/mpid/ch3/include -I/home/ariana/workspace/enisi/hpylori_compartments/deps/src/project_repast/INSTALLATION/mpich2-1.4.1p1/src/mpid/common/datatype -I/home/ariana/workspace/enisi/hpylori_compartments/deps/src/project_repast/INSTALLATION/mpich2-1.4.1p1/src/mpid/common/datatype -I/home/ariana/workspace/enisi/hpylori_compartments/deps/src/project_repast/INSTALLATION/mpich2-1.4.1p1/src/mpid/common/locks -I/home/ariana/workspace/enisi/hpylori_compartments/deps/src/project_repast/INSTALLATION/mpich2-1.4.1p1/src/mpid/common/locks -I/home/ariana/workspace/enisi/hpylori_compartments/deps/src/project_repast/INSTALLATION/mpich2-1.4.1p1/src/mpid/ch3/channels/nemesis/include -I/home/ariana/workspace/enisi/hpylori_compartments/deps/src/project_repast/INSTALLATION/mpich2-1.4.1p1/src/mpid/ch3/channels/nemesis/include -I/home/ariana/workspace/enisi/hpylori_compartments/deps/src/project_repast/INSTALLATION/mpich2-1.4.1p1/src/mpid/ch3/channels/nemesis/nemesis/include -I/home/ariana/workspace/enisi/hpylori_compartments/deps/src/project_repast/INSTALLATION/mpich2-1.4.1p1/src/mpid/ch3/channels/nemesis/nemesis/include -I/home/ariana/workspace/enisi/hpylori_compartments/deps/src/project_repast/INSTALLATION/mpich2-1.4.1p1/src/mpid/ch3/channels/nemesis/nemesis/utils/monitor -I/home/ariana/workspace/enisi/hpylori_compartments/deps/src/project_repast/INSTALLATION/mpich2-1.4.1p1/src/mpid/ch3/channels/nemesis/nemesis/utils/monitor -I/home/ariana/workspace/enisi/hpylori_compartments/deps/src/project_repast/INSTALLATION/mpich2-1.4.1p1/src/util/wrappers -I/home/ariana/workspace/enisi/hpylori_compartments/deps/src/project_repast/INSTALLATION/mpich2-1.4.1p1/src/util/wrappers conftest.c >&5
configure:4059: $? = 0
configure:4076: result: yes
configure:4031: checking for memory.h
configure:4052: gcc -c    -O2  -I/home/ariana/workspace/enisi/hpylori_compartments/deps/src/project_repast/INSTALLATION/mpich2-1.4.1p1/src/mpl/include -I/home/ariana/workspace/enisi/hpylori_compartments/deps/src/project_repast/INSTALLATION/mpich2-1.4.1p1/src/mpl/include -I/home/ariana/workspace/enisi/hpylori_compartments/deps/src/project_repast/INSTALLATION/mpich2-1.4.1p1/src/openpa/src -I/home/ariana/workspace/enisi/hpylori_compartments/deps/src/project_repast/INSTALLATION/mpich2-1.4.1p1/src/openpa/src -I/home/ariana/workspace/enisi/hpylori_compartments/deps/src/project_repast/INSTALLATION/mpich2-1.4.1p1/src/mpid/ch3/include -I/home/ariana/workspace/enisi/hpylori_compartments/deps/src/project_repast/INSTALLATION/mpich2-1.4.1p1/src/mpid/ch3/include -I/home/ariana/workspace/enisi/hpylori_compartments/deps/src/project_repast/INSTALLATION/mpich2-1.4.1p1/src/mpid/common/datatype -I/home/ariana/workspace/enisi/hpylori_compartments/deps/src/project_repast/INSTALLATION/mpich2-1.4.1p1/src/mpid/common/datatype -I/home/ariana/workspace/enisi/hpylori_compartments/deps/src/project_repast/INSTALLATION/mpich2-1.4.1p1/src/mpid/common/locks -I/home/ariana/workspace/enisi/hpylori_compartments/deps/src/project_repast/INSTALLATION/mpich2-1.4.1p1/src/mpid/common/locks -I/home/ariana/workspace/enisi/hpylori_compartments/deps/src/project_repast/INSTALLATION/mpich2-1.4.1p1/src/mpid/ch3/channels/nemesis/include -I/home/ariana/workspace/enisi/hpylori_compartments/deps/src/project_repast/INSTALLATION/mpich2-1.4.1p1/src/mpid/ch3/channels/nemesis/include -I/home/ariana/workspace/enisi/hpylori_compartments/deps/src/project_repast/INSTALLATION/mpich2-1.4.1p1/src/mpid/ch3/channels/nemesis/nemesis/include -I/home/ariana/workspace/enisi/hpylori_compartments/deps/src/project_repast/INSTALLATION/mpich2-1.4.1p1/src/mpid/ch3/channels/nemesis/nemesis/include -I/home/ariana/workspace/enisi/hpylori_compartments/deps/src/project_repast/INSTALLATION/mpich2-1.4.1p1/src/mpid/ch3/channels/nemesis/nemesis/utils/monitor -I/home/ariana/workspace/enisi/hpylori_compartments/deps/src/project_repast/INSTALLATION/mpich2-1.4.1p1/src/mpid/ch3/channels/nemesis/nemesis/utils/monitor -I/home/ariana/workspace/enisi/hpylori_compartments/deps/src/project_repast/INSTALLATION/mpich2-1.4.1p1/src/util/wrappers -I/home/ariana/workspace/enisi/hpylori_compartments/deps/src/project_repast/INSTALLATION/mpich2-1.4.1p1/src/util/wrappers conftest.c >&5
configure:4059: $? = 0
configure:4076: result: yes
configure:4031: checking for strings.h
configure:4052: gcc -c    -O2  -I/home/ariana/workspace/enisi/hpylori_compartments/deps/src/project_repast/INSTALLATION/mpich2-1.4.1p1/src/mpl/include -I/home/ariana/workspace/enisi/hpylori_compartments/deps/src/project_repast/INSTALLATION/mpich2-1.4.1p1/src/mpl/include -I/home/ariana/workspace/enisi/hpylori_compartments/deps/src/project_repast/INSTALLATION/mpich2-1.4.1p1/src/openpa/src -I/home/ariana/workspace/enisi/hpylori_compartments/deps/src/project_repast/INSTALLATION/mpich2-1.4.1p1/src/openpa/src -I/home/ariana/workspace/enisi/hpylori_compartments/deps/src/project_repast/INSTALLATION/mpich2-1.4.1p1/src/mpid/ch3/include -I/home/ariana/workspace/enisi/hpylori_compartments/deps/src/project_repast/INSTALLATION/mpich2-1.4.1p1/src/mpid/ch3/include -I/home/ariana/workspace/enisi/hpylori_compartments/deps/src/project_repast/INSTALLATION/mpich2-1.4.1p1/src/mpid/common/datatype -I/home/ariana/workspace/enisi/hpylori_compartments/deps/src/project_repast/INSTALLATION/mpich2-1.4.1p1/src/mpid/common/datatype -I/home/ariana/workspace/enisi/hpylori_compartments/deps/src/project_repast/INSTALLATION/mpich2-1.4.1p1/src/mpid/common/locks -I/home/ariana/workspace/enisi/hpylori_compartments/deps/src/project_repast/INSTALLATION/mpich2-1.4.1p1/src/mpid/common/locks -I/home/ariana/workspace/enisi/hpylori_compartments/deps/src/project_repast/INSTALLATION/mpich2-1.4.1p1/src/mpid/ch3/channels/nemesis/include -I/home/ariana/workspace/enisi/hpylori_compartments/deps/src/project_repast/INSTALLATION/mpich2-1.4.1p1/src/mpid/ch3/channels/nemesis/include -I/home/ariana/workspace/enisi/hpylori_compartments/deps/src/project_repast/INSTALLATION/mpich2-1.4.1p1/src/mpid/ch3/channels/nemesis/nemesis/include -I/home/ariana/workspace/enisi/hpylori_compartments/deps/src/project_repast/INSTALLATION/mpich2-1.4.1p1/src/mpid/ch3/channels/nemesis/nemesis/include -I/home/ariana/workspace/enisi/hpylori_compartments/deps/src/project_repast/INSTALLATION/mpich2-1.4.1p1/src/mpid/ch3/channels/nemesis/nemesis/utils/monitor -I/home/ariana/workspace/enisi/hpylori_compartments/deps/src/project_repast/INSTALLATION/mpich2-1.4.1p1/src/mpid/ch3/channels/nemesis/nemesis/utils/monitor -I/home/ariana/workspace/enisi/hpylori_compartments/deps/src/project_repast/INSTALLATION/mpich2-1.4.1p1/src/util/wrappers -I/home/ariana/workspace/enisi/hpylori_compartments/deps/src/project_repast/INSTALLATION/mpich2-1.4.1p1/src/util/wrappers conftest.c >&5
configure:4059: $? = 0
configure:4076: result: yes
configure:4031: checking for inttypes.h
configure:4052: gcc -c    -O2  -I/home/ariana/workspace/enisi/hpylori_compartments/deps/src/project_repast/INSTALLATION/mpich2-1.4.1p1/src/mpl/include -I/home/ariana/workspace/enisi/hpylori_compartments/deps/src/project_repast/INSTALLATION/mpich2-1.4.1p1/src/mpl/include -I/home/ariana/workspace/enisi/hpylori_compartments/deps/src/project_repast/INSTALLATION/mpich2-1.4.1p1/src/openpa/src -I/home/ariana/workspace/enisi/hpylori_compartments/deps/src/project_repast/INSTALLATION/mpich2-1.4.1p1/src/openpa/src -I/home/ariana/workspace/enisi/hpylori_compartments/deps/src/project_repast/INSTALLATION/mpich2-1.4.1p1/src/mpid/ch3/include -I/home/ariana/workspace/enisi/hpylori_compartments/deps/src/project_repast/INSTALLATION/mpich2-1.4.1p1/src/mpid/ch3/include -I/home/ariana/workspace/enisi/hpylori_compartments/deps/src/project_repast/INSTALLATION/mpich2-1.4.1p1/src/mpid/common/datatype -I/home/ariana/workspace/enisi/hpylori_compartments/deps/src/project_repast/INSTALLATION/mpich2-1.4.1p1/src/mpid/common/datatype -I/home/ariana/workspace/enisi/hpylori_compartments/deps/src/project_repast/INSTALLATION/mpich2-1.4.1p1/src/mpid/common/locks -I/home/ariana/workspace/enisi/hpylori_compartments/deps/src/project_repast/INSTALLATION/mpich2-1.4.1p1/src/mpid/common/locks -I/home/ariana/workspace/enisi/hpylori_compartments/deps/src/project_repast/INSTALLATION/mpich2-1.4.1p1/src/mpid/ch3/channels/nemesis/include -I/home/ariana/workspace/enisi/hpylori_compartments/deps/src/project_repast/INSTALLATION/mpich2-1.4.1p1/src/mpid/ch3/channels/nemesis/include -I/home/ariana/workspace/enisi/hpylori_compartments/deps/src/project_repast/INSTALLATION/mpich2-1.4.1p1/src/mpid/ch3/channels/nemesis/nemesis/include -I/home/ariana/workspace/enisi/hpylori_compartments/deps/src/project_repast/INSTALLATION/mpich2-1.4.1p1/src/mpid/ch3/channels/nemesis/nemesis/include -I/home/ariana/workspace/enisi/hpylori_compartments/deps/src/project_repast/INSTALLATION/mpich2-1.4.1p1/src/mpid/ch3/channels/nemesis/nemesis/utils/monitor -I/home/ariana/workspace/enisi/hpylori_compartments/deps/src/project_repast/INSTALLATION/mpich2-1.4.1p1/src/mpid/ch3/channels/nemesis/nemesis/utils/monitor -I/home/ariana/workspace/enisi/hpylori_compartments/deps/src/project_repast/INSTALLATION/mpich2-1.4.1p1/src/util/wrappers -I/home/ariana/workspace/enisi/hpylori_compartments/deps/src/project_repast/INSTALLATION/mpich2-1.4.1p1/src/util/wrappers conftest.c >&5
configure:4059: $? = 0
configure:4076: result: yes
configure:4031: checking for stdint.h
configure:4052: gcc -c    -O2  -I/home/ariana/workspace/enisi/hpylori_compartments/deps/src/project_repast/INSTALLATION/mpich2-1.4.1p1/src/mpl/include -I/home/ariana/workspace/enisi/hpylori_compartments/deps/src/project_repast/INSTALLATION/mpich2-1.4.1p1/src/mpl/include -I/home/ariana/workspace/enisi/hpylori_compartments/deps/src/project_repast/INSTALLATION/mpich2-1.4.1p1/src/openpa/src -I/home/ariana/workspace/enisi/hpylori_compartments/deps/src/project_repast/INSTALLATION/mpich2-1.4.1p1/src/openpa/src -I/home/ariana/workspace/enisi/hpylori_compartments/deps/src/project_repast/INSTALLATION/mpich2-1.4.1p1/src/mpid/ch3/include -I/home/ariana/workspace/enisi/hpylori_compartments/deps/src/project_repast/INSTALLATION/mpich2-1.4.1p1/src/mpid/ch3/include -I/home/ariana/workspace/enisi/hpylori_compartments/deps/src/project_repast/INSTALLATION/mpich2-1.4.1p1/src/mpid/common/datatype -I/home/ariana/workspace/enisi/hpylori_compartments/deps/src/project_repast/INSTALLATION/mpich2-1.4.1p1/src/mpid/common/datatype -I/home/ariana/workspace/enisi/hpylori_compartments/deps/src/project_repast/INSTALLATION/mpich2-1.4.1p1/src/mpid/common/locks -I/home/ariana/workspace/enisi/hpylori_compartments/deps/src/project_repast/INSTALLATION/mpich2-1.4.1p1/src/mpid/common/locks -I/home/ariana/workspace/enisi/hpylori_compartments/deps/src/project_repast/INSTALLATION/mpich2-1.4.1p1/src/mpid/ch3/channels/nemesis/include -I/home/ariana/workspace/enisi/hpylori_compartments/deps/src/project_repast/INSTALLATION/mpich2-1.4.1p1/src/mpid/ch3/channels/nemesis/include -I/home/ariana/workspace/enisi/hpylori_compartments/deps/src/project_repast/INSTALLATION/mpich2-1.4.1p1/src/mpid/ch3/channels/nemesis/nemesis/include -I/home/ariana/workspace/enisi/hpylori_compartments/deps/src/project_repast/INSTALLATION/mpich2-1.4.1p1/src/mpid/ch3/channels/nemesis/nemesis/include -I/home/ariana/workspace/enisi/hpylori_compartments/deps/src/project_repast/INSTALLATION/mpich2-1.4.1p1/src/mpid/ch3/channels/nemesis/nemesis/utils/monitor -I/home/ariana/workspace/enisi/hpylori_compartments/deps/src/project_repast/INSTALLATION/mpich2-1.4.1p1/src/mpid/ch3/channels/nemesis/nemesis/utils/monitor -I/home/ariana/workspace/enisi/hpylori_compartments/deps/src/project_repast/INSTALLATION/mpich2-1.4.1p1/src/util/wrappers -I/home/ariana/workspace/enisi/hpylori_compartments/deps/src/project_repast/INSTALLATION/mpich2-1.4.1p1/src/util/wrappers conftest.c >&5
configure:4059: $? = 0
configure:4076: result: yes
configure:4031: checking for unistd.h
configure:4052: gcc -c    -O2  -I/home/ariana/workspace/enisi/hpylori_compartments/deps/src/project_repast/INSTALLATION/mpich2-1.4.1p1/src/mpl/include -I/home/ariana/workspace/enisi/hpylori_compartments/deps/src/project_repast/INSTALLATION/mpich2-1.4.1p1/src/mpl/include -I/home/ariana/workspace/enisi/hpylori_compartments/deps/src/project_repast/INSTALLATION/mpich2-1.4.1p1/src/openpa/src -I/home/ariana/workspace/enisi/hpylori_compartments/deps/src/project_repast/INSTALLATION/mpich2-1.4.1p1/src/openpa/src -I/home/ariana/workspace/enisi/hpylori_compartments/deps/src/project_repast/INSTALLATION/mpich2-1.4.1p1/src/mpid/ch3/include -I/home/ariana/workspace/enisi/hpylori_compartments/deps/src/project_repast/INSTALLATION/mpich2-1.4.1p1/src/mpid/ch3/include -I/home/ariana/workspace/enisi/hpylori_compartments/deps/src/project_repast/INSTALLATION/mpich2-1.4.1p1/src/mpid/common/datatype -I/home/ariana/workspace/enisi/hpylori_compartments/deps/src/project_repast/INSTALLATION/mpich2-1.4.1p1/src/mpid/common/datatype -I/home/ariana/workspace/enisi/hpylori_compartments/deps/src/project_repast/INSTALLATION/mpich2-1.4.1p1/src/mpid/common/locks -I/home/ariana/workspace/enisi/hpylori_compartments/deps/src/project_repast/INSTALLATION/mpich2-1.4.1p1/src/mpid/common/locks -I/home/ariana/workspace/enisi/hpylori_compartments/deps/src/project_repast/INSTALLATION/mpich2-1.4.1p1/src/mpid/ch3/channels/nemesis/include -I/home/ariana/workspace/enisi/hpylori_compartments/deps/src/project_repast/INSTALLATION/mpich2-1.4.1p1/src/mpid/ch3/channels/nemesis/include -I/home/ariana/workspace/enisi/hpylori_compartments/deps/src/project_repast/INSTALLATION/mpich2-1.4.1p1/src/mpid/ch3/channels/nemesis/nemesis/include -I/home/ariana/workspace/enisi/hpylori_compartments/deps/src/project_repast/INSTALLATION/mpich2-1.4.1p1/src/mpid/ch3/channels/nemesis/nemesis/include -I/home/ariana/workspace/enisi/hpylori_compartments/deps/src/project_repast/INSTALLATION/mpich2-1.4.1p1/src/mpid/ch3/channels/nemesis/nemesis/utils/monitor -I/home/ariana/workspace/enisi/hpylori_compartments/deps/src/project_repast/INSTALLATION/mpich2-1.4.1p1/src/mpid/ch3/channels/nemesis/nemesis/utils/monitor -I/home/ariana/workspace/enisi/hpylori_compartments/deps/src/project_repast/INSTALLATION/mpich2-1.4.1p1/src/util/wrappers -I/home/ariana/workspace/enisi/hpylori_compartments/deps/src/project_repast/INSTALLATION/mpich2-1.4.1p1/src/util/wrappers conftest.c >&5
configure:4059: $? = 0
configure:4076: result: yes
configure:4108: checking stdio.h usability
configure:4125: gcc -c    -O2  -I/home/ariana/workspace/enisi/hpylori_compartments/deps/src/project_repast/INSTALLATION/mpich2-1.4.1p1/src/mpl/include -I/home/ariana/workspace/enisi/hpylori_compartments/deps/src/project_repast/INSTALLATION/mpich2-1.4.1p1/src/mpl/include -I/home/ariana/workspace/enisi/hpylori_compartments/deps/src/project_repast/INSTALLATION/mpich2-1.4.1p1/src/openpa/src -I/home/ariana/workspace/enisi/hpylori_compartments/deps/src/project_repast/INSTALLATION/mpich2-1.4.1p1/src/openpa/src -I/home/ariana/workspace/enisi/hpylori_compartments/deps/src/project_repast/INSTALLATION/mpich2-1.4.1p1/src/mpid/ch3/include -I/home/ariana/workspace/enisi/hpylori_compartments/deps/src/project_repast/INSTALLATION/mpich2-1.4.1p1/src/mpid/ch3/include -I/home/ariana/workspace/enisi/hpylori_compartments/deps/src/project_repast/INSTALLATION/mpich2-1.4.1p1/src/mpid/common/datatype -I/home/ariana/workspace/enisi/hpylori_compartments/deps/src/project_repast/INSTALLATION/mpich2-1.4.1p1/src/mpid/common/datatype -I/home/ariana/workspace/enisi/hpylori_compartments/deps/src/project_repast/INSTALLATION/mpich2-1.4.1p1/src/mpid/common/locks -I/home/ariana/workspace/enisi/hpylori_compartments/deps/src/project_repast/INSTALLATION/mpich2-1.4.1p1/src/mpid/common/locks -I/home/ariana/workspace/enisi/hpylori_compartments/deps/src/project_repast/INSTALLATION/mpich2-1.4.1p1/src/mpid/ch3/channels/nemesis/include -I/home/ariana/workspace/enisi/hpylori_compartments/deps/src/project_repast/INSTALLATION/mpich2-1.4.1p1/src/mpid/ch3/channels/nemesis/include -I/home/ariana/workspace/enisi/hpylori_compartments/deps/src/project_repast/INSTALLATION/mpich2-1.4.1p1/src/mpid/ch3/channels/nemesis/nemesis/include -I/home/ariana/workspace/enisi/hpylori_compartments/deps/src/project_repast/INSTALLATION/mpich2-1.4.1p1/src/mpid/ch3/channels/nemesis/nemesis/include -I/home/ariana/workspace/enisi/hpylori_compartments/deps/src/project_repast/INSTALLATION/mpich2-1.4.1p1/src/mpid/ch3/channels/nemesis/nemesis/utils/monitor -I/home/ariana/workspace/enisi/hpylori_compartments/deps/src/project_repast/INSTALLATION/mpich2-1.4.1p1/src/mpid/ch3/channels/nemesis/nemesis/utils/monitor -I/home/ariana/workspace/enisi/hpylori_compartments/deps/src/project_repast/INSTALLATION/mpich2-1.4.1p1/src/util/wrappers -I/home/ariana/workspace/enisi/hpylori_compartments/deps/src/project_repast/INSTALLATION/mpich2-1.4.1p1/src/util/wrappers conftest.c >&5
configure:4132: $? = 0
configure:4146: result: yes
configure:4150: checking stdio.h presence
configure:4165: gcc -E  -I/home/ariana/workspace/enisi/hpylori_compartments/deps/src/project_repast/INSTALLATION/mpich2-1.4.1p1/src/mpl/include -I/home/ariana/workspace/enisi/hpylori_compartments/deps/src/project_repast/INSTALLATION/mpich2-1.4.1p1/src/mpl/include -I/home/ariana/workspace/enisi/hpylori_compartments/deps/src/project_repast/INSTALLATION/mpich2-1.4.1p1/src/openpa/src -I/home/ariana/workspace/enisi/hpylori_compartments/deps/src/project_repast/INSTALLATION/mpich2-1.4.1p1/src/openpa/src -I/home/ariana/workspace/enisi/hpylori_compartments/deps/src/project_repast/INSTALLATION/mpich2-1.4.1p1/src/mpid/ch3/include -I/home/ariana/workspace/enisi/hpylori_compartments/deps/src/project_repast/INSTALLATION/mpich2-1.4.1p1/src/mpid/ch3/include -I/home/ariana/workspace/enisi/hpylori_compartments/deps/src/project_repast/INSTALLATION/mpich2-1.4.1p1/src/mpid/common/datatype -I/home/ariana/workspace/enisi/hpylori_compartments/deps/src/project_repast/INSTALLATION/mpich2-1.4.1p1/src/mpid/common/datatype -I/home/ariana/workspace/enisi/hpylori_compartments/deps/src/project_repast/INSTALLATION/mpich2-1.4.1p1/src/mpid/common/locks -I/home/ariana/workspace/enisi/hpylori_compartments/deps/src/project_repast/INSTALLATION/mpich2-1.4.1p1/src/mpid/common/locks -I/home/ariana/workspace/enisi/hpylori_compartments/deps/src/project_repast/INSTALLATION/mpich2-1.4.1p1/src/mpid/ch3/channels/nemesis/include -I/home/ariana/workspace/enisi/hpylori_compartments/deps/src/project_repast/INSTALLATION/mpich2-1.4.1p1/src/mpid/ch3/channels/nemesis/include -I/home/ariana/workspace/enisi/hpylori_compartments/deps/src/project_repast/INSTALLATION/mpich2-1.4.1p1/src/mpid/ch3/channels/nemesis/nemesis/include -I/home/ariana/workspace/enisi/hpylori_compartments/deps/src/project_repast/INSTALLATION/mpich2-1.4.1p1/src/mpid/ch3/channels/nemesis/nemesis/include -I/home/ariana/workspace/enisi/hpylori_compartments/deps/src/project_repast/INSTALLATION/mpich2-1.4.1p1/src/mpid/ch3/channels/nemesis/nemesis/utils/monitor -I/home/ariana/workspace/enisi/hpylori_compartments/deps/src/project_repast/INSTALLATION/mpich2-1.4.1p1/src/mpid/ch3/channels/nemesis/nemesis/utils/monitor -I/home/ariana/workspace/enisi/hpylori_compartments/deps/src/project_repast/INSTALLATION/mpich2-1.4.1p1/src/util/wrappers -I/home/ariana/workspace/enisi/hpylori_compartments/deps/src/project_repast/INSTALLATION/mpich2-1.4.1p1/src/util/wrappers conftest.c
configure:4172: $? = 0
configure:4186: result: yes
configure:4214: checking for stdio.h
configure:4223: result: yes
configure:4097: checking for stdlib.h
configure:4104: result: yes
configure:4097: checking for string.h
configure:4104: result: yes
configure:4248: checking stdarg.h usability
configure:4265: gcc -c    -O2  -I/home/ariana/workspace/enisi/hpylori_compartments/deps/src/project_repast/INSTALLATION/mpich2-1.4.1p1/src/mpl/include -I/home/ariana/workspace/enisi/hpylori_compartments/deps/src/project_repast/INSTALLATION/mpich2-1.4.1p1/src/mpl/include -I/home/ariana/workspace/enisi/hpylori_compartments/deps/src/project_repast/INSTALLATION/mpich2-1.4.1p1/src/openpa/src -I/home/ariana/workspace/enisi/hpylori_compartments/deps/src/project_repast/INSTALLATION/mpich2-1.4.1p1/src/openpa/src -I/home/ariana/workspace/enisi/hpylori_compartments/deps/src/project_repast/INSTALLATION/mpich2-1.4.1p1/src/mpid/ch3/include -I/home/ariana/workspace/enisi/hpylori_compartments/deps/src/project_repast/INSTALLATION/mpich2-1.4.1p1/src/mpid/ch3/include -I/home/ariana/workspace/enisi/hpylori_compartments/deps/src/project_repast/INSTALLATION/mpich2-1.4.1p1/src/mpid/common/datatype -I/home/ariana/workspace/enisi/hpylori_compartments/deps/src/project_repast/INSTALLATION/mpich2-1.4.1p1/src/mpid/common/datatype -I/home/ariana/workspace/enisi/hpylori_compartments/deps/src/project_repast/INSTALLATION/mpich2-1.4.1p1/src/mpid/common/locks -I/home/ariana/workspace/enisi/hpylori_compartments/deps/src/project_repast/INSTALLATION/mpich2-1.4.1p1/src/mpid/common/locks -I/home/ariana/workspace/enisi/hpylori_compartments/deps/src/project_repast/INSTALLATION/mpich2-1.4.1p1/src/mpid/ch3/channels/nemesis/include -I/home/ariana/workspace/enisi/hpylori_compartments/deps/src/project_repast/INSTALLATION/mpich2-1.4.1p1/src/mpid/ch3/channels/nemesis/include -I/home/ariana/workspace/enisi/hpylori_compartments/deps/src/project_repast/INSTALLATION/mpich2-1.4.1p1/src/mpid/ch3/channels/nemesis/nemesis/include -I/home/ariana/workspace/enisi/hpylori_compartments/deps/src/project_repast/INSTALLATION/mpich2-1.4.1p1/src/mpid/ch3/channels/nemesis/nemesis/include -I/home/ariana/workspace/enisi/hpylori_compartments/deps/src/project_repast/INSTALLATION/mpich2-1.4.1p1/src/mpid/ch3/channels/nemesis/nemesis/utils/monitor -I/home/ariana/workspace/enisi/hpylori_compartments/deps/src/project_repast/INSTALLATION/mpich2-1.4.1p1/src/mpid/ch3/channels/nemesis/nemesis/utils/monitor -I/home/ariana/workspace/enisi/hpylori_compartments/deps/src/project_repast/INSTALLATION/mpich2-1.4.1p1/src/util/wrappers -I/home/ariana/workspace/enisi/hpylori_compartments/deps/src/project_repast/INSTALLATION/mpich2-1.4.1p1/src/util/wrappers conftest.c >&5
configure:4272: $? = 0
configure:4286: result: yes
configure:4290: checking stdarg.h presence
configure:4305: gcc -E  -I/home/ariana/workspace/enisi/hpylori_compartments/deps/src/project_repast/INSTALLATION/mpich2-1.4.1p1/src/mpl/include -I/home/ariana/workspace/enisi/hpylori_compartments/deps/src/project_repast/INSTALLATION/mpich2-1.4.1p1/src/mpl/include -I/home/ariana/workspace/enisi/hpylori_compartments/deps/src/project_repast/INSTALLATION/mpich2-1.4.1p1/src/openpa/src -I/home/ariana/workspace/enisi/hpylori_compartments/deps/src/project_repast/INSTALLATION/mpich2-1.4.1p1/src/openpa/src -I/home/ariana/workspace/enisi/hpylori_compartments/deps/src/project_repast/INSTALLATION/mpich2-1.4.1p1/src/mpid/ch3/include -I/home/ariana/workspace/enisi/hpylori_compartments/deps/src/project_repast/INSTALLATION/mpich2-1.4.1p1/src/mpid/ch3/include -I/home/ariana/workspace/enisi/hpylori_compartments/deps/src/project_repast/INSTALLATION/mpich2-1.4.1p1/src/mpid/common/datatype -I/home/ariana/workspace/enisi/hpylori_compartments/deps/src/project_repast/INSTALLATION/mpich2-1.4.1p1/src/mpid/common/datatype -I/home/ariana/workspace/enisi/hpylori_compartments/deps/src/project_repast/INSTALLATION/mpich2-1.4.1p1/src/mpid/common/locks -I/home/ariana/workspace/enisi/hpylori_compartments/deps/src/project_repast/INSTALLATION/mpich2-1.4.1p1/src/mpid/common/locks -I/home/ariana/workspace/enisi/hpylori_compartments/deps/src/project_repast/INSTALLATION/mpich2-1.4.1p1/src/mpid/ch3/channels/nemesis/include -I/home/ariana/workspace/enisi/hpylori_compartments/deps/src/project_repast/INSTALLATION/mpich2-1.4.1p1/src/mpid/ch3/channels/nemesis/include -I/home/ariana/workspace/enisi/hpylori_compartments/deps/src/project_repast/INSTALLATION/mpich2-1.4.1p1/src/mpid/ch3/channels/nemesis/nemesis/include -I/home/ariana/workspace/enisi/hpylori_compartments/deps/src/project_repast/INSTALLATION/mpich2-1.4.1p1/src/mpid/ch3/channels/nemesis/nemesis/include -I/home/ariana/workspace/enisi/hpylori_compartments/deps/src/project_repast/INSTALLATION/mpich2-1.4.1p1/src/mpid/ch3/channels/nemesis/nemesis/utils/monitor -I/home/ariana/workspace/enisi/hpylori_compartments/deps/src/project_repast/INSTALLATION/mpich2-1.4.1p1/src/mpid/ch3/channels/nemesis/nemesis/utils/monitor -I/home/ariana/workspace/enisi/hpylori_compartments/deps/src/project_repast/INSTALLATION/mpich2-1.4.1p1/src/util/wrappers -I/home/ariana/workspace/enisi/hpylori_compartments/deps/src/project_repast/INSTALLATION/mpich2-1.4.1p1/src/util/wrappers conftest.c
configure:4312: $? = 0
configure:4326: result: yes
configure:4354: checking for stdarg.h
configure:4361: result: yes
configure:4378: checking for working alloca.h
configure:4405: gcc -o conftest    -O2  -I/home/ariana/workspace/enisi/hpylori_compartments/deps/src/project_repast/INSTALLATION/mpich2-1.4.1p1/src/mpl/include -I/home/ariana/workspace/enisi/hpylori_compartments/deps/src/project_repast/INSTALLATION/mpich2-1.4.1p1/src/mpl/include -I/home/ariana/workspace/enisi/hpylori_compartments/deps/src/project_repast/INSTALLATION/mpich2-1.4.1p1/src/openpa/src -I/home/ariana/workspace/enisi/hpylori_compartments/deps/src/project_repast/INSTALLATION/mpich2-1.4.1p1/src/openpa/src -I/home/ariana/workspace/enisi/hpylori_compartments/deps/src/project_repast/INSTALLATION/mpich2-1.4.1p1/src/mpid/ch3/include -I/home/ariana/workspace/enisi/hpylori_compartments/deps/src/project_repast/INSTALLATION/mpich2-1.4.1p1/src/mpid/ch3/include -I/home/ariana/workspace/enisi/hpylori_compartments/deps/src/project_repast/INSTALLATION/mpich2-1.4.1p1/src/mpid/common/datatype -I/home/ariana/workspace/enisi/hpylori_compartments/deps/src/project_repast/INSTALLATION/mpich2-1.4.1p1/src/mpid/common/datatype -I/home/ariana/workspace/enisi/hpylori_compartments/deps/src/project_repast/INSTALLATION/mpich2-1.4.1p1/src/mpid/common/locks -I/home/ariana/workspace/enisi/hpylori_compartments/deps/src/project_repast/INSTALLATION/mpich2-1.4.1p1/src/mpid/common/locks -I/home/ariana/workspace/enisi/hpylori_compartments/deps/src/project_repast/INSTALLATION/mpich2-1.4.1p1/src/mpid/ch3/channels/nemesis/include -I/home/ariana/workspace/enisi/hpylori_compartments/deps/src/project_repast/INSTALLATION/mpich2-1.4.1p1/src/mpid/ch3/channels/nemesis/include -I/home/ariana/workspace/enisi/hpylori_compartments/deps/src/project_repast/INSTALLATION/mpich2-1.4.1p1/src/mpid/ch3/channels/nemesis/nemesis/include -I/home/ariana/workspace/enisi/hpylori_compartments/deps/src/project_repast/INSTALLATION/mpich2-1.4.1p1/src/mpid/ch3/channels/nemesis/nemesis/include -I/home/ariana/workspace/enisi/hpylori_compartments/deps/src/project_repast/INSTALLATION/mpich2-1.4.1p1/src/mpid/ch3/channels/nemesis/nemesis/utils/monitor -I/home/ariana/workspace/enisi/hpylori_compartments/deps/src/project_repast/INSTALLATION/mpich2-1.4.1p1/src/mpid/ch3/channels/nemesis/nemesis/utils/monitor -I/home/ariana/workspace/enisi/hpylori_compartments/deps/src/project_repast/INSTALLATION/mpich2-1.4.1p1/src/util/wrappers -I/home/ariana/workspace/enisi/hpylori_compartments/deps/src/project_repast/INSTALLATION/mpich2-1.4.1p1/src/util/wrappers   conftest.c -lrt -lpthread   >&5
configure:4412: $? = 0
configure:4432: result: yes
configure:4442: checking for alloca
configure:4489: gcc -o conftest    -O2  -I/home/ariana/workspace/enisi/hpylori_compartments/deps/src/project_repast/INSTALLATION/mpich2-1.4.1p1/src/mpl/include -I/home/ariana/workspace/enisi/hpylori_compartments/deps/src/project_repast/INSTALLATION/mpich2-1.4.1p1/src/mpl/include -I/home/ariana/workspace/enisi/hpylori_compartments/deps/src/project_repast/INSTALLATION/mpich2-1.4.1p1/src/openpa/src -I/home/ariana/workspace/enisi/hpylori_compartments/deps/src/project_repast/INSTALLATION/mpich2-1.4.1p1/src/openpa/src -I/home/ariana/workspace/enisi/hpylori_compartments/deps/src/project_repast/INSTALLATION/mpich2-1.4.1p1/src/mpid/ch3/include -I/home/ariana/workspace/enisi/hpylori_compartments/deps/src/project_repast/INSTALLATION/mpich2-1.4.1p1/src/mpid/ch3/include -I/home/ariana/workspace/enisi/hpylori_compartments/deps/src/project_repast/INSTALLATION/mpich2-1.4.1p1/src/mpid/common/datatype -I/home/ariana/workspace/enisi/hpylori_compartments/deps/src/project_repast/INSTALLATION/mpich2-1.4.1p1/src/mpid/common/datatype -I/home/ariana/workspace/enisi/hpylori_compartments/deps/src/project_repast/INSTALLATION/mpich2-1.4.1p1/src/mpid/common/locks -I/home/ariana/workspace/enisi/hpylori_compartments/deps/src/project_repast/INSTALLATION/mpich2-1.4.1p1/src/mpid/common/locks -I/home/ariana/workspace/enisi/hpylori_compartments/deps/src/project_repast/INSTALLATION/mpich2-1.4.1p1/src/mpid/ch3/channels/nemesis/include -I/home/ariana/workspace/enisi/hpylori_compartments/deps/src/project_repast/INSTALLATION/mpich2-1.4.1p1/src/mpid/ch3/channels/nemesis/include -I/home/ariana/workspace/enisi/hpylori_compartments/deps/src/project_repast/INSTALLATION/mpich2-1.4.1p1/src/mpid/ch3/channels/nemesis/nemesis/include -I/home/ariana/workspace/enisi/hpylori_compartments/deps/src/project_repast/INSTALLATION/mpich2-1.4.1p1/src/mpid/ch3/channels/nemesis/nemesis/include -I/home/ariana/workspace/enisi/hpylori_compartments/deps/src/project_repast/INSTALLATION/mpich2-1.4.1p1/src/mpid/ch3/channels/nemesis/nemesis/utils/monitor -I/home/ariana/workspace/enisi/hpylori_compartments/deps/src/project_repast/INSTALLATION/mpich2-1.4.1p1/src/mpid/ch3/channels/nemesis/nemesis/utils/monitor -I/home/ariana/workspace/enisi/hpylori_compartments/deps/src/project_repast/INSTALLATION/mpich2-1.4.1p1/src/util/wrappers -I/home/ariana/workspace/enisi/hpylori_compartments/deps/src/project_repast/INSTALLATION/mpich2-1.4.1p1/src/util/wrappers   conftest.c -lrt -lpthread   >&5
configure:4496: $? = 0
configure:4516: result: yes
configure:4755: checking for stdarg is correct
configure:4783: gcc -c    -O2  -I/home/ariana/workspace/enisi/hpylori_compartments/deps/src/project_repast/INSTALLATION/mpich2-1.4.1p1/src/mpl/include -I/home/ariana/workspace/enisi/hpylori_compartments/deps/src/project_repast/INSTALLATION/mpich2-1.4.1p1/src/mpl/include -I/home/ariana/workspace/enisi/hpylori_compartments/deps/src/project_repast/INSTALLATION/mpich2-1.4.1p1/src/openpa/src -I/home/ariana/workspace/enisi/hpylori_compartments/deps/src/project_repast/INSTALLATION/mpich2-1.4.1p1/src/openpa/src -I/home/ariana/workspace/enisi/hpylori_compartments/deps/src/project_repast/INSTALLATION/mpich2-1.4.1p1/src/mpid/ch3/include -I/home/ariana/workspace/enisi/hpylori_compartments/deps/src/project_repast/INSTALLATION/mpich2-1.4.1p1/src/mpid/ch3/include -I/home/ariana/workspace/enisi/hpylori_compartments/deps/src/project_repast/INSTALLATION/mpich2-1.4.1p1/src/mpid/common/datatype -I/home/ariana/workspace/enisi/hpylori_compartments/deps/src/project_repast/INSTALLATION/mpich2-1.4.1p1/src/mpid/common/datatype -I/home/ariana/workspace/enisi/hpylori_compartments/deps/src/project_repast/INSTALLATION/mpich2-1.4.1p1/src/mpid/common/locks -I/home/ariana/workspace/enisi/hpylori_compartments/deps/src/project_repast/INSTALLATION/mpich2-1.4.1p1/src/mpid/common/locks -I/home/ariana/workspace/enisi/hpylori_compartments/deps/src/project_repast/INSTALLATION/mpich2-1.4.1p1/src/mpid/ch3/channels/nemesis/include -I/home/ariana/workspace/enisi/hpylori_compartments/deps/src/project_repast/INSTALLATION/mpich2-1.4.1p1/src/mpid/ch3/channels/nemesis/include -I/home/ariana/workspace/enisi/hpylori_compartments/deps/src/project_repast/INSTALLATION/mpich2-1.4.1p1/src/mpid/ch3/channels/nemesis/nemesis/include -I/home/ariana/workspace/enisi/hpylori_compartments/deps/src/project_repast/INSTALLATION/mpich2-1.4.1p1/src/mpid/ch3/channels/nemesis/nemesis/include -I/home/ariana/workspace/enisi/hpylori_compartments/deps/src/project_repast/INSTALLATION/mpich2-1.4.1p1/src/mpid/ch3/channels/nemesis/nemesis/utils/monitor -I/home/ariana/workspace/enisi/hpylori_compartments/deps/src/project_repast/INSTALLATION/mpich2-1.4.1p1/src/mpid/ch3/channels/nemesis/nemesis/utils/monitor -I/home/ariana/workspace/enisi/hpylori_compartments/deps/src/project_repast/INSTALLATION/mpich2-1.4.1p1/src/util/wrappers -I/home/ariana/workspace/enisi/hpylori_compartments/deps/src/project_repast/INSTALLATION/mpich2-1.4.1p1/src/util/wrappers conftest.c >&5
configure:4784: result: yes
configure:4800: checking if compiler accepts prototypes 
configure:4823: gcc -c    -O2  -I/home/ariana/workspace/enisi/hpylori_compartments/deps/src/project_repast/INSTALLATION/mpich2-1.4.1p1/src/mpl/include -I/home/ariana/workspace/enisi/hpylori_compartments/deps/src/project_repast/INSTALLATION/mpich2-1.4.1p1/src/mpl/include -I/home/ariana/workspace/enisi/hpylori_compartments/deps/src/project_repast/INSTALLATION/mpich2-1.4.1p1/src/openpa/src -I/home/ariana/workspace/enisi/hpylori_compartments/deps/src/project_repast/INSTALLATION/mpich2-1.4.1p1/src/openpa/src -I/home/ariana/workspace/enisi/hpylori_compartments/deps/src/project_repast/INSTALLATION/mpich2-1.4.1p1/src/mpid/ch3/include -I/home/ariana/workspace/enisi/hpylori_compartments/deps/src/project_repast/INSTALLATION/mpich2-1.4.1p1/src/mpid/ch3/include -I/home/ariana/workspace/enisi/hpylori_compartments/deps/src/project_repast/INSTALLATION/mpich2-1.4.1p1/src/mpid/common/datatype -I/home/ariana/workspace/enisi/hpylori_compartments/deps/src/project_repast/INSTALLATION/mpich2-1.4.1p1/src/mpid/common/datatype -I/home/ariana/workspace/enisi/hpylori_compartments/deps/src/project_repast/INSTALLATION/mpich2-1.4.1p1/src/mpid/common/locks -I/home/ariana/workspace/enisi/hpylori_compartments/deps/src/project_repast/INSTALLATION/mpich2-1.4.1p1/src/mpid/common/locks -I/home/ariana/workspace/enisi/hpylori_compartments/deps/src/project_repast/INSTALLATION/mpich2-1.4.1p1/src/mpid/ch3/channels/nemesis/include -I/home/ariana/workspace/enisi/hpylori_compartments/deps/src/project_repast/INSTALLATION/mpich2-1.4.1p1/src/mpid/ch3/channels/nemesis/include -I/home/ariana/workspace/enisi/hpylori_compartments/deps/src/project_repast/INSTALLATION/mpich2-1.4.1p1/src/mpid/ch3/channels/nemesis/nemesis/include -I/home/ariana/workspace/enisi/hpylori_compartments/deps/src/project_repast/INSTALLATION/mpich2-1.4.1p1/src/mpid/ch3/channels/nemesis/nemesis/include -I/home/ariana/workspace/enisi/hpylori_compartments/deps/src/project_repast/INSTALLATION/mpich2-1.4.1p1/src/mpid/ch3/channels/nemesis/nemesis/utils/monitor -I/home/ariana/workspace/enisi/hpylori_compartments/deps/src/project_repast/INSTALLATION/mpich2-1.4.1p1/src/mpid/ch3/channels/nemesis/nemesis/utils/monitor -I/home/ariana/workspace/enisi/hpylori_compartments/deps/src/project_repast/INSTALLATION/mpich2-1.4.1p1/src/util/wrappers -I/home/ariana/workspace/enisi/hpylori_compartments/deps/src/project_repast/INSTALLATION/mpich2-1.4.1p1/src/util/wrappers conftest.c >&5
configure:4830: $? = 0
configure:4850: result: yes
configure:4893: checking build system type
configure:4911: result: x86_64-unknown-linux-gnu
configure:4933: checking host system type
configure:4948: result: x86_64-unknown-linux-gnu
configure:5066: checking for safe PMPI invocations 
configure:5080: result: no
configure:8391: creating ./config.status

## ---------------------- ##
## Running config.status. ##
## ---------------------- ##

This file was extended by config.status, which was
generated by GNU Autoconf 2.63.  Invocation command line was

  CONFIG_FILES    = 
  CONFIG_HEADERS  = 
  CONFIG_LINKS    = 
  CONFIG_COMMANDS = 
  $ ./config.status 

on herbst-Lenovo-B40-80

config.status:804: creating Makefile
config.status:804: creating src/Makefile
config.status:804: creating test/Makefile
config.status:804: creating etc/mpe_f77env.conf
config.status:804: creating etc/mpe_mpilog.conf
config.status:804: creating etc/mpe_mpitrace.conf
config.status:804: creating mpe_wrappers_conf.h

## ---------------- ##
## Cache variables. ##
## ---------------- ##

ac_cv_build=x86_64-unknown-linux-gnu
ac_cv_c_compiler_gnu=yes
ac_cv_c_const=yes
ac_cv_env_CC_set=set
ac_cv_env_CC_value=gcc
ac_cv_env_CFLAGS_set=set
ac_cv_env_CFLAGS_value='   -O2'
ac_cv_env_CPPFLAGS_set=set
ac_cv_env_CPPFLAGS_value=' -I/home/ariana/workspace/enisi/hpylori_compartments/deps/src/project_repast/INSTALLATION/mpich2-1.4.1p1/src/mpl/include -I/home/ariana/workspace/enisi/hpylori_compartments/deps/src/project_repast/INSTALLATION/mpich2-1.4.1p1/src/mpl/include -I/home/ariana/workspace/enisi/hpylori_compartments/deps/src/project_repast/INSTALLATION/mpich2-1.4.1p1/src/openpa/src -I/home/ariana/workspace/enisi/hpylori_compartments/deps/src/project_repast/INSTALLATION/mpich2-1.4.1p1/src/openpa/src -I/home/ariana/workspace/enisi/hpylori_compartments/deps/src/project_repast/INSTALLATION/mpich2-1.4.1p1/src/mpid/ch3/include -I/home/ariana/workspace/enisi/hpylori_compartments/deps/src/project_repast/INSTALLATION/mpich2-1.4.1p1/src/mpid/ch3/include -I/home/ariana/workspace/enisi/hpylori_compartments/deps/src/project_repast/INSTALLATION/mpich2-1.4.1p1/src/mpid/common/datatype -I/home/ariana/workspace/enisi/hpylori_compartments/deps/src/project_repast/INSTALLATION/mpich2-1.4.1p1/src/mpid/common/datatype -I/home/ariana/workspace/enisi/hpylori_compartments/deps/src/project_repast/INSTALLATION/mpich2-1.4.1p1/src/mpid/common/locks -I/home/ariana/workspace/enisi/hpylori_compartments/deps/src/project_repast/INSTALLATION/mpich2-1.4.1p1/src/mpid/common/locks -I/home/ariana/workspace/enisi/hpylori_compartments/deps/src/project_repast/INSTALLATION/mpich2-1.4.1p1/src/mpid/ch3/channels/nemesis/include -I/home/ariana/workspace/enisi/hpylori_compartments/deps/src/project_repast/INSTALLATION/mpich2-1.4.1p1/src/mpid/ch3/channels/nemesis/include -I/home/ariana/workspace/enisi/hpylori_compartments/deps/src/project_repast/INSTALLATION/mpich2-1.4.1p1/src/mpid/ch3/channels/nemesis/nemesis/include -I/home/ariana/workspace/enisi/hpylori_compartments/deps/src/project_repast/INSTALLATION/mpich2-1.4.1p1/src/mpid/ch3/channels/nemesis/nemesis/include -I/home/ariana/workspace/enisi/hpylori_compartments/deps/src/project_repast/INSTALLATION/mpich2-1.4.1p1/src/mpid/ch3/channels/nemesis/nemesis/utils/monitor -I/home/ariana/workspace/enisi/hpylori_compartments/deps/src/project_repast/INSTALLATION/mpich2-1.4.1p1/src/mpid/ch3/channels/nemesis/nemesis/utils/monitor -I/home/ariana/workspace/enisi/hpylori_compartments/deps/src/project_repast/INSTALLATION/mpich2-1.4.1p1/src/util/wrappers -I/home/ariana/workspace/enisi/hpylori_compartments/deps/src/project_repast/INSTALLATION/mpich2-1.4.1p1/src/util/wrappers'
ac_cv_env_CPP_set=
ac_cv_env_CPP_value=
ac_cv_env_LDFLAGS_set=set
ac_cv_env_LDFLAGS_value=' '
ac_cv_env_LIBS_set=set
ac_cv_env_LIBS_value='-lrt -lpthread  '
ac_cv_env_build_alias_set=
ac_cv_env_build_alias_value=
ac_cv_env_host_alias_set=
ac_cv_env_host_alias_value=
ac_cv_env_target_alias_set=
ac_cv_env_target_alias_value=
ac_cv_func_alloca_works=yes
ac_cv_header_inttypes_h=yes
ac_cv_header_memory_h=yes
ac_cv_header_stdarg_h=yes
ac_cv_header_stdc=yes
ac_cv_header_stdint_h=yes
ac_cv_header_stdio_h=yes
ac_cv_header_stdlib_h=yes
ac_cv_header_string_h=yes
ac_cv_header_strings_h=yes
ac_cv_header_sys_stat_h=yes
ac_cv_header_sys_types_h=yes
ac_cv_header_unistd_h=yes
ac_cv_host=x86_64-unknown-linux-gnu
ac_cv_objext=o
ac_cv_path_EGREP='/bin/grep -E'
ac_cv_path_GREP=/bin/grep
ac_cv_prog_AR=ar
ac_cv_prog_CPP='gcc -E'
ac_cv_prog_ac_ct_CC=gcc
ac_cv_prog_ac_ct_RANLIB=ranlib
ac_cv_prog_cc_c89=
ac_cv_prog_cc_g=yes
ac_cv_working_alloca_h=yes

## ----------------- ##
## Output variables. ##
## ----------------- ##

ALLOCA=''
AR='ar'
CC='gcc'
CFLAGS='   -O2'
CLINKER='gcc'
CPP='gcc -E'
CPPFLAGS=' -I/home/ariana/workspace/enisi/hpylori_compartments/deps/src/project_repast/INSTALLATION/mpich2-1.4.1p1/src/mpl/include -I/home/ariana/workspace/enisi/hpylori_compartments/deps/src/project_repast/INSTALLATION/mpich2-1.4.1p1/src/mpl/include -I/home/ariana/workspace/enisi/hpylori_compartments/deps/src/project_repast/INSTALLATION/mpich2-1.4.1p1/src/openpa/src -I/home/ariana/workspace/enisi/hpylori_compartments/deps/src/project_repast/INSTALLATION/mpich2-1.4.1p1/src/openpa/src -I/home/ariana/workspace/enisi/hpylori_compartments/deps/src/project_repast/INSTALLATION/mpich2-1.4.1p1/src/mpid/ch3/include -I/home/ariana/workspace/enisi/hpylori_compartments/deps/src/project_repast/INSTALLATION/mpich2-1.4.1p1/src/mpid/ch3/include -I/home/ariana/workspace/enisi/hpylori_compartments/deps/src/project_repast/INSTALLATION/mpich2-1.4.1p1/src/mpid/common/datatype -I/home/ariana/workspace/enisi/hpylori_compartments/deps/src/project_repast/INSTALLATION/mpich2-1.4.1p1/src/mpid/common/datatype -I/home/ariana/workspace/enisi/hpylori_compartments/deps/src/project_repast/INSTALLATION/mpich2-1.4.1p1/src/mpid/common/locks -I/home/ariana/workspace/enisi/hpylori_compartments/deps/src/project_repast/INSTALLATION/mpich2-1.4.1p1/src/mpid/common/locks -I/home/ariana/workspace/enisi/hpylori_compartments/deps/src/project_repast/INSTALLATION/mpich2-1.4.1p1/src/mpid/ch3/channels/nemesis/include -I/home/ariana/workspace/enisi/hpylori_compartments/deps/src/project_repast/INSTALLATION/mpich2-1.4.1p1/src/mpid/ch3/channels/nemesis/include -I/home/ariana/workspace/enisi/hpylori_compartments/deps/src/project_repast/INSTALLATION/mpich2-1.4.1p1/src/mpid/ch3/channels/nemesis/nemesis/include -I/home/ariana/workspace/enisi/hpylori_compartments/deps/src/project_repast/INSTALLATION/mpich2-1.4.1p1/src/mpid/ch3/channels/nemesis/nemesis/include -I/home/ariana/workspace/enisi/hpylori_compartments/deps/src/project_repast/INSTALLATION/mpich2-1.4.1p1/src/mpid/ch3/channels/nemesis/nemesis/utils/monitor -I/home/ariana/workspace/enisi/hpylori_compartments/deps/src/project_repast/INSTALLATION/mpich2-1.4.1p1/src/mpid/ch3/channels/nemesis/nemesis/utils/monitor -I/home/ariana/workspace/enisi/hpylori_compartments/deps/src/project_repast/INSTALLATION/mpich2-1.4.1p1/src/util/wrappers -I/home/ariana/workspace/enisi/hpylori_compartments/deps/src/project_repast/INSTALLATION/mpich2-1.4.1p1/src/util/wrappers'
CPRP='cp'
DEBUG_LIBS=''
DEFS='-DHAVE_CONFIG_H'
ECHO_C=''
ECHO_N='-n'
ECHO_T=''
EGREP='/bin/grep -E'
EXEEXT=''
F2CMPI_LIBNAME='mpe_f2cmpi'
F2CMPI_LIBS=''
F77='f77'
FFLAGS=''
FINC_PATH_LEADER='-I'
FLIB_PATH_LEADER='-L'
FLINKER='f77'
GREP='/bin/grep'
LDFLAGS=' '
LIBOBJS=''
LIBS='-lrt -lpthread  '
LOG_LIBNAME='lmpe'
LOG_LIBS='-llmpe -lmpe'
LTLIBOBJS=''
MAKE='make --no-print-directory'
MKDIR='mkdir'
MPE_BUILD_FORTRAN2C='no'
MPE_CLINKER='/home/ariana/workspace/enisi/hpylori_compartments/deps/src/project_repast/INSTALLATION/mpich2-1.4.1p1/bin/mpicc -mpe='
MPE_FLINKER='/home/ariana/workspace/enisi/hpylori_compartments/deps/src/project_repast/INSTALLATION/mpich2-1.4.1p1/bin/mpif77 -mpe='
MPI_CC='/home/ariana/workspace/enisi/hpylori_compartments/deps/src/project_repast/INSTALLATION/mpich2-1.4.1p1/bin/mpicc'
MPI_CFLAGS=''
MPI_F77='/home/ariana/workspace/enisi/hpylori_compartments/deps/src/project_repast/INSTALLATION/mpich2-1.4.1p1/bin/mpif77'
MPI_FFLAGS=''
MPI_IMPL='MPICH2'
MPI_LIBS=''
MV='mv'
OBJEXT='o'
PACKAGE_BUGREPORT=''
PACKAGE_NAME=''
PACKAGE_STRING=''
PACKAGE_TARNAME=''
PACKAGE_VERSION=''
PATH_SEPARATOR=':'
PROF_LIBS='-lmpe'
RANLIB='ranlib'
RM='rm'
SHELL='/bin/bash'
TRACE_LIBNAME='tmpe'
TRACE_LIBS='-ltmpe'
VPATH='VPATH=.:$(srcdir)'
ac_ct_CC='gcc'
binbuild_dir='/home/ariana/workspace/enisi/hpylori_compartments/deps/src/project_repast/INSTALLATION/mpich2-1.4.1p1/src/mpe2/bin'
bindir='${exec_prefix}/bin'
build='x86_64-unknown-linux-gnu'
build_alias=''
build_cpu='x86_64'
build_os='linux-gnu'
build_vendor='unknown'
datadir='${datarootdir}'
datarootdir='${prefix}/share'
docdir='${datarootdir}/doc/${PACKAGE}'
dvidir='${docdir}'
etcbuild_dir='/home/ariana/workspace/enisi/hpylori_compartments/deps/src/project_repast/INSTALLATION/mpich2-1.4.1p1/src/mpe2/etc'
exec_prefix='${prefix}'
host='x86_64-unknown-linux-gnu'
host_alias=''
host_cpu='x86_64'
host_os='linux-gnu'
host_vendor='unknown'
htmldir='${docdir}'
includebuild_dir='/home/ariana/workspace/enisi/hpylori_compartments/deps/src/project_repast/INSTALLATION/mpich2-1.4.1p1/src/mpe2/include'
includedir='${prefix}/include'
infodir='${datarootdir}/info'
libbuild_dir='/home/ariana/workspace/enisi/hpylori_compartments/deps/src/project_repast/INSTALLATION/mpich2-1.4.1p1/src/mpe2/lib'
libdir='${exec_prefix}/lib'
libexecdir='${exec_prefix}/libexec'
localedir='${datarootdir}/locale'
localstatedir='${prefix}/var'
mandir='${datarootdir}/man'
oldincludedir='/usr/include'
pdfdir='${docdir}'
prefix='/home/ariana/workspace/enisi/hpylori_compartments/deps/src/project_repast/ext//MPICH'
program_transform_name='s,x,x,'
psdir='${docdir}'
sbinbuild_dir='/home/ariana/workspace/enisi/hpylori_compartments/deps/src/project_repast/INSTALLATION/mpich2-1.4.1p1/src/mpe2/sbin'
sbindir='${exec_prefix}/sbin'
sharedstatedir='${prefix}/com'
sysconfdir='${prefix}/etc'
target_alias=''
top_srcdir_abs='/home/ariana/workspace/enisi/hpylori_compartments/deps/src/project_repast/INSTALLATION/mpich2-1.4.1p1/src/mpe2/src/wrappers'

## ----------- ##
## confdefs.h. ##
## ----------- ##

#define PACKAGE_NAME ""
#define PACKAGE_TARNAME ""
#define PACKAGE_VERSION ""
#define PACKAGE_STRING ""
#define PACKAGE_BUGREPORT ""
#define STDC_HEADERS 1
#define HAVE_SYS_TYPES_H 1
#define HAVE_SYS_STAT_H 1
#define HAVE_STDLIB_H 1
#define HAVE_STRING_H 1
#define HAVE_MEMORY_H 1
#define HAVE_STRINGS_H 1
#define HAVE_INTTYPES_H 1
#define HAVE_STDINT_H 1
#define HAVE_UNISTD_H 1
#define HAVE_STDIO_H 1
#define HAVE_STDLIB_H 1
#define HAVE_STRING_H 1
#define HAVE_STDARG_H 1
#define HAVE_ALLOCA_H 1
#define HAVE_ALLOCA 1
#define USE_STDARG 1
#define HAVE_PROTOTYPES 1
#define HAVE_MPI_INIT_THREAD 1
#define HAVE_MPI_IO 1
#define HAVE_MPI_RMA 1
#define HAVE_MPI_RMA_LOCK 1
#define HAVE_MPI_RMA_TEST 1
#define HAVE_MPI_SPAWN 1
#define HAVE_MPI_STATUS_IGNORE 1
#define HAVE_MPI_STATUSES_IGNORE 1

configure: exit 0
