This file contains any messages produced by compilers while
running configure, to aid debugging if configure makes a mistake.

It was created by Raptor RDF Parser configure 1.4.19, which was
generated by GNU Autoconf 2.63.  Invocation command line was

  $ ./configure --with-xml-parser=expat --with-www=none --enable-shared=no --with-pic --prefix=/home/ariana/workspace/enisi/hpylori_compartments/deps/src/project_copasi_deps/bin

## --------- ##
## Platform. ##
## --------- ##

hostname = herbst-Lenovo-B40-80
uname -m = x86_64
uname -r = 4.4.0-36-generic
uname -s = Linux
uname -v = #55-Ubuntu SMP Thu Aug 11 18:01:55 UTC 2016

/usr/bin/uname -p = unknown
/bin/uname -X     = unknown

/bin/arch              = unknown
/usr/bin/arch -k       = unknown
/usr/convex/getsysinfo = unknown
/usr/bin/hostinfo      = unknown
/bin/machine           = unknown
/usr/bin/oslevel       = unknown
/bin/universe          = unknown

PATH: /usr/local/sbin
PATH: /usr/local/bin
PATH: /usr/sbin
PATH: /usr/bin
PATH: /sbin
PATH: /bin
PATH: /usr/games
PATH: /usr/local/games
PATH: /snap/bin


## ----------- ##
## Core tests. ##
## ----------- ##

configure:2206: checking for a BSD-compatible install
configure:2274: result: /usr/bin/install -c
configure:2285: checking whether build environment is sane
configure:2328: result: yes
configure:2353: checking for a thread-safe mkdir -p
configure:2392: result: /bin/mkdir -p
configure:2405: checking for gawk
configure:2435: result: no
configure:2405: checking for mawk
configure:2421: found /usr/bin/mawk
configure:2432: result: mawk
configure:2443: checking whether make sets $(MAKE)
configure:2465: result: yes
configure:2651: checking whether to enable maintainer-specific portions of Makefiles
configure:2660: result: no
configure:2710: checking build system type
configure:2728: result: x86_64-unknown-linux-gnu
configure:2750: checking host system type
configure:2765: result: x86_64-unknown-linux-gnu
configure:2787: checking whether build environment is sane
configure:2830: result: yes
configure:2880: checking for gcc
configure:2896: found /usr/bin/gcc
configure:2907: result: gcc
configure:3139: checking for C compiler version
configure:3147: gcc --version >&5
gcc (Ubuntu 5.4.0-6ubuntu1~16.04.2) 5.4.0 20160609
Copyright (C) 2015 Free Software Foundation, Inc.
This is free software; see the source for copying conditions.  There is NO
warranty; not even for MERCHANTABILITY or FITNESS FOR A PARTICULAR PURPOSE.

configure:3151: $? = 0
configure:3158: gcc -v >&5
Using built-in specs.
COLLECT_GCC=gcc
COLLECT_LTO_WRAPPER=/usr/lib/gcc/x86_64-linux-gnu/5/lto-wrapper
Target: x86_64-linux-gnu
Configured with: ../src/configure -v --with-pkgversion='Ubuntu 5.4.0-6ubuntu1~16.04.2' --with-bugurl=file:///usr/share/doc/gcc-5/README.Bugs --enable-languages=c,ada,c++,java,go,d,fortran,objc,obj-c++ --prefix=/usr --program-suffix=-5 --enable-shared --enable-linker-build-id --libexecdir=/usr/lib --without-included-gettext --enable-threads=posix --libdir=/usr/lib --enable-nls --with-sysroot=/ --enable-clocale=gnu --enable-libstdcxx-debug --enable-libstdcxx-time=yes --with-default-libstdcxx-abi=new --enable-gnu-unique-object --disable-vtable-verify --enable-libmpx --enable-plugin --with-system-zlib --disable-browser-plugin --enable-java-awt=gtk --enable-gtk-cairo --with-java-home=/usr/lib/jvm/java-1.5.0-gcj-5-amd64/jre --enable-java-home --with-jvm-root-dir=/usr/lib/jvm/java-1.5.0-gcj-5-amd64 --with-jvm-jar-dir=/usr/lib/jvm-exports/java-1.5.0-gcj-5-amd64 --with-arch-directory=amd64 --with-ecj-jar=/usr/share/java/eclipse-ecj.jar --enable-objc-gc --enable-multiarch --disable-werror --with-arch-32=i686 --with-abi=m64 --with-multilib-list=m32,m64,mx32 --enable-multilib --with-tune=generic --enable-checking=release --build=x86_64-linux-gnu --host=x86_64-linux-gnu --target=x86_64-linux-gnu
Thread model: posix
gcc version 5.4.0 20160609 (Ubuntu 5.4.0-6ubuntu1~16.04.2) 
configure:3162: $? = 0
configure:3169: gcc -V >&5
gcc: error: unrecognized command line option '-V'
gcc: fatal error: no input files
compilation terminated.
configure:3173: $? = 1
configure:3196: checking for C compiler default output file name
configure:3218: gcc   -I/home/ariana/workspace/enisi/hpylori_compartments/deps/src/project_copasi_deps/bin/include    -L/home/ariana/workspace/enisi/hpylori_compartments/deps/src/project_copasi_deps/bin/lib conftest.c  >&5
configure:3222: $? = 0
configure:3260: result: a.out
configure:3279: checking whether the C compiler works
configure:3289: ./a.out
configure:3293: $? = 0
configure:3312: result: yes
configure:3319: checking whether we are cross compiling
configure:3321: result: no
configure:3324: checking for suffix of executables
configure:3331: gcc -o conftest   -I/home/ariana/workspace/enisi/hpylori_compartments/deps/src/project_copasi_deps/bin/include    -L/home/ariana/workspace/enisi/hpylori_compartments/deps/src/project_copasi_deps/bin/lib conftest.c  >&5
configure:3335: $? = 0
configure:3361: result: 
configure:3367: checking for suffix of object files
configure:3393: gcc -c   -I/home/ariana/workspace/enisi/hpylori_compartments/deps/src/project_copasi_deps/bin/include  conftest.c >&5
configure:3397: $? = 0
configure:3422: result: o
configure:3426: checking whether we are using the GNU C compiler
configure:3455: gcc -c   -I/home/ariana/workspace/enisi/hpylori_compartments/deps/src/project_copasi_deps/bin/include  conftest.c >&5
configure:3462: $? = 0
configure:3479: result: yes
configure:3488: checking whether gcc accepts -g
configure:3518: gcc -c -g  conftest.c >&5
configure:3525: $? = 0
configure:3626: result: yes
configure:3643: checking for gcc option to accept ISO C89
configure:3717: gcc  -c   -I/home/ariana/workspace/enisi/hpylori_compartments/deps/src/project_copasi_deps/bin/include  conftest.c >&5
configure:3724: $? = 0
configure:3747: result: none needed
configure:3776: checking for style of include used by make
configure:3804: result: GNU
configure:3829: checking dependency style of gcc
configure:3920: result: gcc3
configure:3936: checking whether gcc and cc understand -c and -o together
configure:3971: gcc -c conftest.c -o conftest2.o >&5
configure:3975: $? = 0
configure:3981: gcc -c conftest.c -o conftest2.o >&5
configure:3985: $? = 0
configure:3996: cc -c conftest.c >&5
configure:4000: $? = 0
configure:4008: cc -c conftest.c -o conftest2.o >&5
configure:4012: $? = 0
configure:4018: cc -c conftest.c -o conftest2.o >&5
configure:4022: $? = 0
configure:4040: result: yes
configure:4097: checking for a sed that does not truncate output
configure:4163: result: /bin/sed
configure:4181: checking for grep that handles long lines and -e
configure:4241: result: /bin/grep
configure:4246: checking for egrep
configure:4310: result: /bin/grep -E
configure:4315: checking for fgrep
configure:4379: result: /bin/grep -F
configure:4414: checking for ld used by gcc
configure:4481: result: /usr/bin/ld
configure:4490: checking if the linker (/usr/bin/ld) is GNU ld
configure:4505: result: yes
configure:4517: checking for BSD- or MS-compatible name lister (nm)
configure:4566: result: /usr/bin/nm -B
configure:4684: checking the name lister (/usr/bin/nm -B) interface
configure:4691: gcc -c   -I/home/ariana/workspace/enisi/hpylori_compartments/deps/src/project_copasi_deps/bin/include  conftest.c >&5
configure:4694: /usr/bin/nm -B "conftest.o"
configure:4697: output
0000000000000000 B some_variable
configure:4704: result: BSD nm
configure:4707: checking whether ln -s works
configure:4711: result: yes
configure:4719: checking the maximum length of command line arguments
configure:4839: result: 1572864
configure:4856: checking whether the shell understands some XSI constructs
configure:4866: result: yes
configure:4870: checking whether the shell understands "+="
configure:4876: result: yes
configure:4911: checking for /usr/bin/ld option to reload object files
configure:4918: result: -r
configure:4987: checking for objdump
configure:5003: found /usr/bin/objdump
configure:5014: result: objdump
configure:5046: checking how to recognize dependent libraries
configure:5242: result: pass_all
configure:5302: checking for ar
configure:5318: found /usr/bin/ar
configure:5329: result: ar
configure:5407: checking for strip
configure:5423: found /usr/bin/strip
configure:5434: result: strip
configure:5506: checking for ranlib
configure:5522: found /usr/bin/ranlib
configure:5533: result: ranlib
configure:5623: checking command to parse /usr/bin/nm -B output from gcc object
configure:5741: gcc -c   -I/home/ariana/workspace/enisi/hpylori_compartments/deps/src/project_copasi_deps/bin/include  conftest.c >&5
configure:5744: $? = 0
configure:5748: /usr/bin/nm -B conftest.o \| sed -n -e 's/^.*[	 ]\([ABCDGIRSTW][ABCDGIRSTW]*\)[	 ][	 ]*\([_A-Za-z][_A-Za-z0-9]*\)$/\1 \2 \2/p' \> conftest.nm
configure:5751: $? = 0
configure:5805: gcc -o conftest   -I/home/ariana/workspace/enisi/hpylori_compartments/deps/src/project_copasi_deps/bin/include    -L/home/ariana/workspace/enisi/hpylori_compartments/deps/src/project_copasi_deps/bin/lib conftest.c conftstm.o >&5
configure:5808: $? = 0
configure:5846: result: ok
configure:5942: gcc -c   -I/home/ariana/workspace/enisi/hpylori_compartments/deps/src/project_copasi_deps/bin/include  conftest.c >&5
configure:5945: $? = 0
configure:6713: checking how to run the C preprocessor
configure:6753: gcc -E  conftest.c
configure:6760: $? = 0
configure:6791: gcc -E  conftest.c
conftest.c:10:28: fatal error: ac_nonexistent.h: No such file or directory
compilation terminated.
configure:6798: $? = 1
configure: failed program was:
| /* confdefs.h.  */
| #define PACKAGE_NAME "Raptor RDF Parser"
| #define PACKAGE_TARNAME "raptor"
| #define PACKAGE_VERSION "1.4.19"
| #define PACKAGE_STRING "Raptor RDF Parser 1.4.19"
| #define PACKAGE_BUGREPORT "http://bugs.librdf.org/"
| #define PACKAGE "raptor"
| #define VERSION "1.4.19"
| /* end confdefs.h.  */
| #include <ac_nonexistent.h>
configure:6831: result: gcc -E
configure:6860: gcc -E  conftest.c
configure:6867: $? = 0
configure:6898: gcc -E  conftest.c
conftest.c:10:28: fatal error: ac_nonexistent.h: No such file or directory
compilation terminated.
configure:6905: $? = 1
configure: failed program was:
| /* confdefs.h.  */
| #define PACKAGE_NAME "Raptor RDF Parser"
| #define PACKAGE_TARNAME "raptor"
| #define PACKAGE_VERSION "1.4.19"
| #define PACKAGE_STRING "Raptor RDF Parser 1.4.19"
| #define PACKAGE_BUGREPORT "http://bugs.librdf.org/"
| #define PACKAGE "raptor"
| #define VERSION "1.4.19"
| /* end confdefs.h.  */
| #include <ac_nonexistent.h>
configure:6945: checking for ANSI C header files
configure:6975: gcc -c   -I/home/ariana/workspace/enisi/hpylori_compartments/deps/src/project_copasi_deps/bin/include  conftest.c >&5
configure:6982: $? = 0
configure:7081: gcc -o conftest   -I/home/ariana/workspace/enisi/hpylori_compartments/deps/src/project_copasi_deps/bin/include    -L/home/ariana/workspace/enisi/hpylori_compartments/deps/src/project_copasi_deps/bin/lib conftest.c  >&5
configure:7085: $? = 0
configure:7091: ./conftest
configure:7095: $? = 0
configure:7113: result: yes
configure:7137: checking for sys/types.h
configure:7158: gcc -c   -I/home/ariana/workspace/enisi/hpylori_compartments/deps/src/project_copasi_deps/bin/include  conftest.c >&5
configure:7165: $? = 0
configure:7182: result: yes
configure:7137: checking for sys/stat.h
configure:7158: gcc -c   -I/home/ariana/workspace/enisi/hpylori_compartments/deps/src/project_copasi_deps/bin/include  conftest.c >&5
configure:7165: $? = 0
configure:7182: result: yes
configure:7137: checking for stdlib.h
configure:7158: gcc -c   -I/home/ariana/workspace/enisi/hpylori_compartments/deps/src/project_copasi_deps/bin/include  conftest.c >&5
configure:7165: $? = 0
configure:7182: result: yes
configure:7137: checking for string.h
configure:7158: gcc -c   -I/home/ariana/workspace/enisi/hpylori_compartments/deps/src/project_copasi_deps/bin/include  conftest.c >&5
configure:7165: $? = 0
configure:7182: result: yes
configure:7137: checking for memory.h
configure:7158: gcc -c   -I/home/ariana/workspace/enisi/hpylori_compartments/deps/src/project_copasi_deps/bin/include  conftest.c >&5
configure:7165: $? = 0
configure:7182: result: yes
configure:7137: checking for strings.h
configure:7158: gcc -c   -I/home/ariana/workspace/enisi/hpylori_compartments/deps/src/project_copasi_deps/bin/include  conftest.c >&5
configure:7165: $? = 0
configure:7182: result: yes
configure:7137: checking for inttypes.h
configure:7158: gcc -c   -I/home/ariana/workspace/enisi/hpylori_compartments/deps/src/project_copasi_deps/bin/include  conftest.c >&5
configure:7165: $? = 0
configure:7182: result: yes
configure:7137: checking for stdint.h
configure:7158: gcc -c   -I/home/ariana/workspace/enisi/hpylori_compartments/deps/src/project_copasi_deps/bin/include  conftest.c >&5
configure:7165: $? = 0
configure:7182: result: yes
configure:7137: checking for unistd.h
configure:7158: gcc -c   -I/home/ariana/workspace/enisi/hpylori_compartments/deps/src/project_copasi_deps/bin/include  conftest.c >&5
configure:7165: $? = 0
configure:7182: result: yes
configure:7200: checking for dlfcn.h
configure:7221: gcc -c   -I/home/ariana/workspace/enisi/hpylori_compartments/deps/src/project_copasi_deps/bin/include  conftest.c >&5
configure:7228: $? = 0
configure:7245: result: yes
configure:7431: checking for objdir
configure:7446: result: .libs
configure:7738: checking if gcc supports -fno-rtti -fno-exceptions
configure:7756: gcc -c   -I/home/ariana/workspace/enisi/hpylori_compartments/deps/src/project_copasi_deps/bin/include  -fno-rtti -fno-exceptions conftest.c >&5
cc1: warning: command line option '-fno-rtti' is valid for C++/ObjC++ but not for C
configure:7760: $? = 0
configure:7773: result: no
configure:7793: checking for gcc option to produce PIC
configure:8065: result: -fPIC -DPIC
configure:8077: checking if gcc PIC flag -fPIC -DPIC works
configure:8095: gcc -c   -I/home/ariana/workspace/enisi/hpylori_compartments/deps/src/project_copasi_deps/bin/include  -fPIC -DPIC -DPIC conftest.c >&5
configure:8099: $? = 0
configure:8112: result: yes
configure:8136: checking if gcc static flag -static works
configure:8164: result: yes
configure:8179: checking if gcc supports -c -o file.o
configure:8200: gcc -c   -I/home/ariana/workspace/enisi/hpylori_compartments/deps/src/project_copasi_deps/bin/include  -o out/conftest2.o conftest.c >&5
configure:8204: $? = 0
configure:8226: result: yes
configure:8234: checking if gcc supports -c -o file.o
configure:8281: result: yes
configure:8314: checking whether the gcc linker (/usr/bin/ld -m elf_x86_64) supports shared libraries
configure:9392: result: yes
configure:9631: checking dynamic linker characteristics
configure:10074: gcc -o conftest   -I/home/ariana/workspace/enisi/hpylori_compartments/deps/src/project_copasi_deps/bin/include    -L/home/ariana/workspace/enisi/hpylori_compartments/deps/src/project_copasi_deps/bin/lib -Wl,-rpath -Wl,/foo conftest.c  >&5
configure:10081: $? = 0
configure:10326: result: GNU/Linux ld.so
configure:10428: checking how to hardcode library paths into programs
configure:10453: result: immediate
configure:11286: checking whether stripping libraries is possible
configure:11291: result: yes
configure:11326: checking if libtool supports shared libraries
configure:11328: result: yes
configure:11331: checking whether to build shared libraries
configure:11352: result: no
configure:11355: checking whether to build static libraries
configure:11359: result: yes
configure:11408: checking for a BSD-compatible install
configure:11476: result: /usr/bin/install -c
configure:11487: checking whether ln -s works
configure:11491: result: yes
configure:11498: checking whether make sets $(MAKE)
configure:11520: result: yes
configure:11534: checking for flex
configure:11564: result: no
configure:11534: checking for lex
configure:11564: result: no
configure:11805: checking for bison
configure:11835: result: no
configure:11805: checking for byacc
configure:11835: result: no
configure:11871: checking for gnutar
configure:11901: result: no
configure:11871: checking for gtar
configure:11901: result: no
configure:11871: checking for tar
configure:11887: found /bin/tar
configure:11898: result: tar
configure:11913: checking for perl
configure:11929: found /usr/bin/perl
configure:11940: result: perl
configure:12040: checking for ANSI C header files
configure:12208: result: yes
configure:12245: checking errno.h usability
configure:12262: gcc -c   -I/home/ariana/workspace/enisi/hpylori_compartments/deps/src/project_copasi_deps/bin/include  conftest.c >&5
configure:12269: $? = 0
configure:12283: result: yes
configure:12287: checking errno.h presence
configure:12302: gcc -E  conftest.c
configure:12309: $? = 0
configure:12323: result: yes
configure:12356: checking for errno.h
configure:12365: result: yes
configure:12234: checking for stdlib.h
configure:12241: result: yes
configure:12234: checking for unistd.h
configure:12241: result: yes
configure:12234: checking for string.h
configure:12241: result: yes
configure:12245: checking limits.h usability
configure:12262: gcc -c   -I/home/ariana/workspace/enisi/hpylori_compartments/deps/src/project_copasi_deps/bin/include  conftest.c >&5
configure:12269: $? = 0
configure:12283: result: yes
configure:12287: checking limits.h presence
configure:12302: gcc -E  conftest.c
configure:12309: $? = 0
configure:12323: result: yes
configure:12356: checking for limits.h
configure:12365: result: yes
configure:12245: checking math.h usability
configure:12262: gcc -c   -I/home/ariana/workspace/enisi/hpylori_compartments/deps/src/project_copasi_deps/bin/include  conftest.c >&5
configure:12269: $? = 0
configure:12283: result: yes
configure:12287: checking math.h presence
configure:12302: gcc -E  conftest.c
configure:12309: $? = 0
configure:12323: result: yes
configure:12356: checking for math.h
configure:12365: result: yes
configure:12245: checking dmalloc.h usability
configure:12262: gcc -c   -I/home/ariana/workspace/enisi/hpylori_compartments/deps/src/project_copasi_deps/bin/include  conftest.c >&5
conftest.c:62:21: fatal error: dmalloc.h: No such file or directory
compilation terminated.
configure:12269: $? = 1
configure: failed program was:
| /* confdefs.h.  */
| #define PACKAGE_NAME "Raptor RDF Parser"
| #define PACKAGE_TARNAME "raptor"
| #define PACKAGE_VERSION "1.4.19"
| #define PACKAGE_STRING "Raptor RDF Parser 1.4.19"
| #define PACKAGE_BUGREPORT "http://bugs.librdf.org/"
| #define PACKAGE "raptor"
| #define VERSION "1.4.19"
| #define STDC_HEADERS 1
| #define HAVE_SYS_TYPES_H 1
| #define HAVE_SYS_STAT_H 1
| #define HAVE_STDLIB_H 1
| #define HAVE_STRING_H 1
| #define HAVE_MEMORY_H 1
| #define HAVE_STRINGS_H 1
| #define HAVE_INTTYPES_H 1
| #define HAVE_STDINT_H 1
| #define HAVE_UNISTD_H 1
| #define HAVE_DLFCN_H 1
| #define LT_OBJDIR ".libs/"
| #define STDC_HEADERS 1
| #define HAVE_ERRNO_H 1
| #define HAVE_STDLIB_H 1
| #define HAVE_UNISTD_H 1
| #define HAVE_STRING_H 1
| #define HAVE_LIMITS_H 1
| #define HAVE_MATH_H 1
| /* end confdefs.h.  */
| #include <stdio.h>
| #ifdef HAVE_SYS_TYPES_H
| # include <sys/types.h>
| #endif
| #ifdef HAVE_SYS_STAT_H
| # include <sys/stat.h>
| #endif
| #ifdef STDC_HEADERS
| # include <stdlib.h>
| # include <stddef.h>
| #else
| # ifdef HAVE_STDLIB_H
| #  include <stdlib.h>
| # endif
| #endif
| #ifdef HAVE_STRING_H
| # if !defined STDC_HEADERS && defined HAVE_MEMORY_H
| #  include <memory.h>
| # endif
| # include <string.h>
| #endif
| #ifdef HAVE_STRINGS_H
| # include <strings.h>
| #endif
| #ifdef HAVE_INTTYPES_H
| # include <inttypes.h>
| #endif
| #ifdef HAVE_STDINT_H
| # include <stdint.h>
| #endif
| #ifdef HAVE_UNISTD_H
| # include <unistd.h>
| #endif
| #include <dmalloc.h>
configure:12283: result: no
configure:12287: checking dmalloc.h presence
configure:12302: gcc -E  conftest.c
conftest.c:29:21: fatal error: dmalloc.h: No such file or directory
compilation terminated.
configure:12309: $? = 1
configure: failed program was:
| /* confdefs.h.  */
| #define PACKAGE_NAME "Raptor RDF Parser"
| #define PACKAGE_TARNAME "raptor"
| #define PACKAGE_VERSION "1.4.19"
| #define PACKAGE_STRING "Raptor RDF Parser 1.4.19"
| #define PACKAGE_BUGREPORT "http://bugs.librdf.org/"
| #define PACKAGE "raptor"
| #define VERSION "1.4.19"
| #define STDC_HEADERS 1
| #define HAVE_SYS_TYPES_H 1
| #define HAVE_SYS_STAT_H 1
| #define HAVE_STDLIB_H 1
| #define HAVE_STRING_H 1
| #define HAVE_MEMORY_H 1
| #define HAVE_STRINGS_H 1
| #define HAVE_INTTYPES_H 1
| #define HAVE_STDINT_H 1
| #define HAVE_UNISTD_H 1
| #define HAVE_DLFCN_H 1
| #define LT_OBJDIR ".libs/"
| #define STDC_HEADERS 1
| #define HAVE_ERRNO_H 1
| #define HAVE_STDLIB_H 1
| #define HAVE_UNISTD_H 1
| #define HAVE_STRING_H 1
| #define HAVE_LIMITS_H 1
| #define HAVE_MATH_H 1
| /* end confdefs.h.  */
| #include <dmalloc.h>
configure:12323: result: no
configure:12356: checking for dmalloc.h
configure:12365: result: no
configure:12245: checking getopt.h usability
configure:12262: gcc -c   -I/home/ariana/workspace/enisi/hpylori_compartments/deps/src/project_copasi_deps/bin/include  conftest.c >&5
configure:12269: $? = 0
configure:12283: result: yes
configure:12287: checking getopt.h presence
configure:12302: gcc -E  conftest.c
configure:12309: $? = 0
configure:12323: result: yes
configure:12356: checking for getopt.h
configure:12365: result: yes
configure:12234: checking for sys/stat.h
configure:12241: result: yes
configure:12245: checking sys/param.h usability
configure:12262: gcc -c   -I/home/ariana/workspace/enisi/hpylori_compartments/deps/src/project_copasi_deps/bin/include  conftest.c >&5
configure:12269: $? = 0
configure:12283: result: yes
configure:12287: checking sys/param.h presence
configure:12302: gcc -E  conftest.c
configure:12309: $? = 0
configure:12323: result: yes
configure:12356: checking for sys/param.h
configure:12365: result: yes
configure:12245: checking sys/time.h usability
configure:12262: gcc -c   -I/home/ariana/workspace/enisi/hpylori_compartments/deps/src/project_copasi_deps/bin/include  conftest.c >&5
configure:12269: $? = 0
configure:12283: result: yes
configure:12287: checking sys/time.h presence
configure:12302: gcc -E  conftest.c
configure:12309: $? = 0
configure:12323: result: yes
configure:12356: checking for sys/time.h
configure:12365: result: yes
configure:12245: checking setjmp.h usability
configure:12262: gcc -c   -I/home/ariana/workspace/enisi/hpylori_compartments/deps/src/project_copasi_deps/bin/include  conftest.c >&5
configure:12269: $? = 0
configure:12283: result: yes
configure:12287: checking setjmp.h presence
configure:12302: gcc -E  conftest.c
configure:12309: $? = 0
configure:12323: result: yes
configure:12356: checking for setjmp.h
configure:12365: result: yes
configure:12380: checking whether time.h and sys/time.h may both be included
configure:12410: gcc -c   -I/home/ariana/workspace/enisi/hpylori_compartments/deps/src/project_copasi_deps/bin/include  conftest.c >&5
configure:12417: $? = 0
configure:12432: result: yes
configure:12446: checking for fetch.h
configure:12471: gcc -c   -I/home/ariana/workspace/enisi/hpylori_compartments/deps/src/project_copasi_deps/bin/include  conftest.c >&5
conftest.c:41:19: fatal error: fetch.h: No such file or directory
compilation terminated.
configure:12478: $? = 1
configure: failed program was:
| /* confdefs.h.  */
| #define PACKAGE_NAME "Raptor RDF Parser"
| #define PACKAGE_TARNAME "raptor"
| #define PACKAGE_VERSION "1.4.19"
| #define PACKAGE_STRING "Raptor RDF Parser 1.4.19"
| #define PACKAGE_BUGREPORT "http://bugs.librdf.org/"
| #define PACKAGE "raptor"
| #define VERSION "1.4.19"
| #define STDC_HEADERS 1
| #define HAVE_SYS_TYPES_H 1
| #define HAVE_SYS_STAT_H 1
| #define HAVE_STDLIB_H 1
| #define HAVE_STRING_H 1
| #define HAVE_MEMORY_H 1
| #define HAVE_STRINGS_H 1
| #define HAVE_INTTYPES_H 1
| #define HAVE_STDINT_H 1
| #define HAVE_UNISTD_H 1
| #define HAVE_DLFCN_H 1
| #define LT_OBJDIR ".libs/"
| #define STDC_HEADERS 1
| #define HAVE_ERRNO_H 1
| #define HAVE_STDLIB_H 1
| #define HAVE_UNISTD_H 1
| #define HAVE_STRING_H 1
| #define HAVE_LIMITS_H 1
| #define HAVE_MATH_H 1
| #define HAVE_GETOPT_H 1
| #define HAVE_SYS_STAT_H 1
| #define HAVE_SYS_PARAM_H 1
| #define HAVE_SYS_TIME_H 1
| #define HAVE_SETJMP_H 1
| #define TIME_WITH_SYS_TIME 1
| /* end confdefs.h.  */
| #include <stdio.h>
| #ifdef HAVE_SYS_PARAM_H
| #include <sys/param.h>
| #endif
| 
| 
| #include <fetch.h>
configure:12495: result: no
configure:12511: checking for an ANSI C-conforming const
configure:12586: gcc -c   -I/home/ariana/workspace/enisi/hpylori_compartments/deps/src/project_copasi_deps/bin/include  conftest.c >&5
configure:12593: $? = 0
configure:12608: result: yes
configure:12619: checking whether byte ordering is bigendian
configure:12644: gcc -c   -I/home/ariana/workspace/enisi/hpylori_compartments/deps/src/project_copasi_deps/bin/include  conftest.c >&5
conftest.c:36:9: error: unknown type name 'not'
         not a universal capable compiler
         ^
conftest.c:36:15: error: expected '=', ',', ';', 'asm' or '__attribute__' before 'universal'
         not a universal capable compiler
               ^
conftest.c:36:15: error: unknown type name 'universal'
configure:12651: $? = 1
configure: failed program was:
| /* confdefs.h.  */
| #define PACKAGE_NAME "Raptor RDF Parser"
| #define PACKAGE_TARNAME "raptor"
| #define PACKAGE_VERSION "1.4.19"
| #define PACKAGE_STRING "Raptor RDF Parser 1.4.19"
| #define PACKAGE_BUGREPORT "http://bugs.librdf.org/"
| #define PACKAGE "raptor"
| #define VERSION "1.4.19"
| #define STDC_HEADERS 1
| #define HAVE_SYS_TYPES_H 1
| #define HAVE_SYS_STAT_H 1
| #define HAVE_STDLIB_H 1
| #define HAVE_STRING_H 1
| #define HAVE_MEMORY_H 1
| #define HAVE_STRINGS_H 1
| #define HAVE_INTTYPES_H 1
| #define HAVE_STDINT_H 1
| #define HAVE_UNISTD_H 1
| #define HAVE_DLFCN_H 1
| #define LT_OBJDIR ".libs/"
| #define STDC_HEADERS 1
| #define HAVE_ERRNO_H 1
| #define HAVE_STDLIB_H 1
| #define HAVE_UNISTD_H 1
| #define HAVE_STRING_H 1
| #define HAVE_LIMITS_H 1
| #define HAVE_MATH_H 1
| #define HAVE_GETOPT_H 1
| #define HAVE_SYS_STAT_H 1
| #define HAVE_SYS_PARAM_H 1
| #define HAVE_SYS_TIME_H 1
| #define HAVE_SETJMP_H 1
| #define TIME_WITH_SYS_TIME 1
| /* end confdefs.h.  */
| #ifndef __APPLE_CC__
| 	       not a universal capable compiler
| 	     #endif
| 	     typedef int dummy;
| 
configure:12701: gcc -c   -I/home/ariana/workspace/enisi/hpylori_compartments/deps/src/project_copasi_deps/bin/include  conftest.c >&5
configure:12708: $? = 0
configure:12740: gcc -c   -I/home/ariana/workspace/enisi/hpylori_compartments/deps/src/project_copasi_deps/bin/include  conftest.c >&5
conftest.c: In function 'main':
conftest.c:42:4: error: unknown type name 'not'
    not big endian
    ^
conftest.c:42:12: error: expected '=', ',', ';', 'asm' or '__attribute__' before 'endian'
    not big endian
            ^
configure:12747: $? = 1
configure: failed program was:
| /* confdefs.h.  */
| #define PACKAGE_NAME "Raptor RDF Parser"
| #define PACKAGE_TARNAME "raptor"
| #define PACKAGE_VERSION "1.4.19"
| #define PACKAGE_STRING "Raptor RDF Parser 1.4.19"
| #define PACKAGE_BUGREPORT "http://bugs.librdf.org/"
| #define PACKAGE "raptor"
| #define VERSION "1.4.19"
| #define STDC_HEADERS 1
| #define HAVE_SYS_TYPES_H 1
| #define HAVE_SYS_STAT_H 1
| #define HAVE_STDLIB_H 1
| #define HAVE_STRING_H 1
| #define HAVE_MEMORY_H 1
| #define HAVE_STRINGS_H 1
| #define HAVE_INTTYPES_H 1
| #define HAVE_STDINT_H 1
| #define HAVE_UNISTD_H 1
| #define HAVE_DLFCN_H 1
| #define LT_OBJDIR ".libs/"
| #define STDC_HEADERS 1
| #define HAVE_ERRNO_H 1
| #define HAVE_STDLIB_H 1
| #define HAVE_UNISTD_H 1
| #define HAVE_STRING_H 1
| #define HAVE_LIMITS_H 1
| #define HAVE_MATH_H 1
| #define HAVE_GETOPT_H 1
| #define HAVE_SYS_STAT_H 1
| #define HAVE_SYS_PARAM_H 1
| #define HAVE_SYS_TIME_H 1
| #define HAVE_SETJMP_H 1
| #define TIME_WITH_SYS_TIME 1
| /* end confdefs.h.  */
| #include <sys/types.h>
| 		#include <sys/param.h>
| 
| int
| main ()
| {
| #if BYTE_ORDER != BIG_ENDIAN
| 		 not big endian
| 		#endif
| 
|   ;
|   return 0;
| }
configure:12999: result: no
configure:13025: checking for u8
configure:13053: gcc -c   -I/home/ariana/workspace/enisi/hpylori_compartments/deps/src/project_copasi_deps/bin/include  conftest.c >&5
conftest.c: In function 'main':
conftest.c:71:13: error: 'u8' undeclared (first use in this function)
 if (sizeof (u8))
             ^
conftest.c:71:13: note: each undeclared identifier is reported only once for each function it appears in
configure:13060: $? = 1
configure: failed program was:
| /* confdefs.h.  */
| #define PACKAGE_NAME "Raptor RDF Parser"
| #define PACKAGE_TARNAME "raptor"
| #define PACKAGE_VERSION "1.4.19"
| #define PACKAGE_STRING "Raptor RDF Parser 1.4.19"
| #define PACKAGE_BUGREPORT "http://bugs.librdf.org/"
| #define PACKAGE "raptor"
| #define VERSION "1.4.19"
| #define STDC_HEADERS 1
| #define HAVE_SYS_TYPES_H 1
| #define HAVE_SYS_STAT_H 1
| #define HAVE_STDLIB_H 1
| #define HAVE_STRING_H 1
| #define HAVE_MEMORY_H 1
| #define HAVE_STRINGS_H 1
| #define HAVE_INTTYPES_H 1
| #define HAVE_STDINT_H 1
| #define HAVE_UNISTD_H 1
| #define HAVE_DLFCN_H 1
| #define LT_OBJDIR ".libs/"
| #define STDC_HEADERS 1
| #define HAVE_ERRNO_H 1
| #define HAVE_STDLIB_H 1
| #define HAVE_UNISTD_H 1
| #define HAVE_STRING_H 1
| #define HAVE_LIMITS_H 1
| #define HAVE_MATH_H 1
| #define HAVE_GETOPT_H 1
| #define HAVE_SYS_STAT_H 1
| #define HAVE_SYS_PARAM_H 1
| #define HAVE_SYS_TIME_H 1
| #define HAVE_SETJMP_H 1
| #define TIME_WITH_SYS_TIME 1
| /* end confdefs.h.  */
| #include <stdio.h>
| #ifdef HAVE_SYS_TYPES_H
| # include <sys/types.h>
| #endif
| #ifdef HAVE_SYS_STAT_H
| # include <sys/stat.h>
| #endif
| #ifdef STDC_HEADERS
| # include <stdlib.h>
| # include <stddef.h>
| #else
| # ifdef HAVE_STDLIB_H
| #  include <stdlib.h>
| # endif
| #endif
| #ifdef HAVE_STRING_H
| # if !defined STDC_HEADERS && defined HAVE_MEMORY_H
| #  include <memory.h>
| # endif
| # include <string.h>
| #endif
| #ifdef HAVE_STRINGS_H
| # include <strings.h>
| #endif
| #ifdef HAVE_INTTYPES_H
| # include <inttypes.h>
| #endif
| #ifdef HAVE_STDINT_H
| # include <stdint.h>
| #endif
| #ifdef HAVE_UNISTD_H
| # include <unistd.h>
| #endif
| int
| main ()
| {
| if (sizeof (u8))
|        return 0;
|   ;
|   return 0;
| }
configure:13117: result: no
configure:13128: checking for u16
configure:13156: gcc -c   -I/home/ariana/workspace/enisi/hpylori_compartments/deps/src/project_copasi_deps/bin/include  conftest.c >&5
conftest.c: In function 'main':
conftest.c:71:13: error: 'u16' undeclared (first use in this function)
 if (sizeof (u16))
             ^
conftest.c:71:13: note: each undeclared identifier is reported only once for each function it appears in
configure:13163: $? = 1
configure: failed program was:
| /* confdefs.h.  */
| #define PACKAGE_NAME "Raptor RDF Parser"
| #define PACKAGE_TARNAME "raptor"
| #define PACKAGE_VERSION "1.4.19"
| #define PACKAGE_STRING "Raptor RDF Parser 1.4.19"
| #define PACKAGE_BUGREPORT "http://bugs.librdf.org/"
| #define PACKAGE "raptor"
| #define VERSION "1.4.19"
| #define STDC_HEADERS 1
| #define HAVE_SYS_TYPES_H 1
| #define HAVE_SYS_STAT_H 1
| #define HAVE_STDLIB_H 1
| #define HAVE_STRING_H 1
| #define HAVE_MEMORY_H 1
| #define HAVE_STRINGS_H 1
| #define HAVE_INTTYPES_H 1
| #define HAVE_STDINT_H 1
| #define HAVE_UNISTD_H 1
| #define HAVE_DLFCN_H 1
| #define LT_OBJDIR ".libs/"
| #define STDC_HEADERS 1
| #define HAVE_ERRNO_H 1
| #define HAVE_STDLIB_H 1
| #define HAVE_UNISTD_H 1
| #define HAVE_STRING_H 1
| #define HAVE_LIMITS_H 1
| #define HAVE_MATH_H 1
| #define HAVE_GETOPT_H 1
| #define HAVE_SYS_STAT_H 1
| #define HAVE_SYS_PARAM_H 1
| #define HAVE_SYS_TIME_H 1
| #define HAVE_SETJMP_H 1
| #define TIME_WITH_SYS_TIME 1
| /* end confdefs.h.  */
| #include <stdio.h>
| #ifdef HAVE_SYS_TYPES_H
| # include <sys/types.h>
| #endif
| #ifdef HAVE_SYS_STAT_H
| # include <sys/stat.h>
| #endif
| #ifdef STDC_HEADERS
| # include <stdlib.h>
| # include <stddef.h>
| #else
| # ifdef HAVE_STDLIB_H
| #  include <stdlib.h>
| # endif
| #endif
| #ifdef HAVE_STRING_H
| # if !defined STDC_HEADERS && defined HAVE_MEMORY_H
| #  include <memory.h>
| # endif
| # include <string.h>
| #endif
| #ifdef HAVE_STRINGS_H
| # include <strings.h>
| #endif
| #ifdef HAVE_INTTYPES_H
| # include <inttypes.h>
| #endif
| #ifdef HAVE_STDINT_H
| # include <stdint.h>
| #endif
| #ifdef HAVE_UNISTD_H
| # include <unistd.h>
| #endif
| int
| main ()
| {
| if (sizeof (u16))
|        return 0;
|   ;
|   return 0;
| }
configure:13220: result: no
configure:13236: checking size of unsigned char
configure:13541: gcc -o conftest   -I/home/ariana/workspace/enisi/hpylori_compartments/deps/src/project_copasi_deps/bin/include    -L/home/ariana/workspace/enisi/hpylori_compartments/deps/src/project_copasi_deps/bin/lib conftest.c  >&5
configure:13545: $? = 0
configure:13551: ./conftest
configure:13555: $? = 0
configure:13581: result: 1
configure:13595: checking size of unsigned short
configure:13900: gcc -o conftest   -I/home/ariana/workspace/enisi/hpylori_compartments/deps/src/project_copasi_deps/bin/include    -L/home/ariana/workspace/enisi/hpylori_compartments/deps/src/project_copasi_deps/bin/lib conftest.c  >&5
configure:13904: $? = 0
configure:13910: ./conftest
configure:13914: $? = 0
configure:13940: result: 2
configure:13954: checking size of unsigned int
configure:14259: gcc -o conftest   -I/home/ariana/workspace/enisi/hpylori_compartments/deps/src/project_copasi_deps/bin/include    -L/home/ariana/workspace/enisi/hpylori_compartments/deps/src/project_copasi_deps/bin/lib conftest.c  >&5
configure:14263: $? = 0
configure:14269: ./conftest
configure:14273: $? = 0
configure:14299: result: 4
configure:14313: checking size of unsigned long
configure:14618: gcc -o conftest   -I/home/ariana/workspace/enisi/hpylori_compartments/deps/src/project_copasi_deps/bin/include    -L/home/ariana/workspace/enisi/hpylori_compartments/deps/src/project_copasi_deps/bin/lib conftest.c  >&5
configure:14622: $? = 0
configure:14628: ./conftest
configure:14632: $? = 0
configure:14658: result: 8
configure:14751: checking for gettimeofday
configure:14807: gcc -o conftest   -I/home/ariana/workspace/enisi/hpylori_compartments/deps/src/project_copasi_deps/bin/include    -L/home/ariana/workspace/enisi/hpylori_compartments/deps/src/project_copasi_deps/bin/lib conftest.c  >&5
configure:14814: $? = 0
configure:14836: result: yes
configure:14751: checking for getopt
configure:14807: gcc -o conftest   -I/home/ariana/workspace/enisi/hpylori_compartments/deps/src/project_copasi_deps/bin/include    -L/home/ariana/workspace/enisi/hpylori_compartments/deps/src/project_copasi_deps/bin/lib conftest.c  >&5
configure:14814: $? = 0
configure:14836: result: yes
configure:14751: checking for getopt_long
configure:14807: gcc -o conftest   -I/home/ariana/workspace/enisi/hpylori_compartments/deps/src/project_copasi_deps/bin/include    -L/home/ariana/workspace/enisi/hpylori_compartments/deps/src/project_copasi_deps/bin/lib conftest.c  >&5
configure:14814: $? = 0
configure:14836: result: yes
configure:14751: checking for stricmp
configure:14807: gcc -o conftest   -I/home/ariana/workspace/enisi/hpylori_compartments/deps/src/project_copasi_deps/bin/include    -L/home/ariana/workspace/enisi/hpylori_compartments/deps/src/project_copasi_deps/bin/lib conftest.c  >&5
/tmp/ccj3Zeh1.o: In function `main':
conftest.c:(.text+0xa): undefined reference to `stricmp'
collect2: error: ld returned 1 exit status
configure:14814: $? = 1
configure: failed program was:
| /* confdefs.h.  */
| #define PACKAGE_NAME "Raptor RDF Parser"
| #define PACKAGE_TARNAME "raptor"
| #define PACKAGE_VERSION "1.4.19"
| #define PACKAGE_STRING "Raptor RDF Parser 1.4.19"
| #define PACKAGE_BUGREPORT "http://bugs.librdf.org/"
| #define PACKAGE "raptor"
| #define VERSION "1.4.19"
| #define STDC_HEADERS 1
| #define HAVE_SYS_TYPES_H 1
| #define HAVE_SYS_STAT_H 1
| #define HAVE_STDLIB_H 1
| #define HAVE_STRING_H 1
| #define HAVE_MEMORY_H 1
| #define HAVE_STRINGS_H 1
| #define HAVE_INTTYPES_H 1
| #define HAVE_STDINT_H 1
| #define HAVE_UNISTD_H 1
| #define HAVE_DLFCN_H 1
| #define LT_OBJDIR ".libs/"
| #define STDC_HEADERS 1
| #define HAVE_ERRNO_H 1
| #define HAVE_STDLIB_H 1
| #define HAVE_UNISTD_H 1
| #define HAVE_STRING_H 1
| #define HAVE_LIMITS_H 1
| #define HAVE_MATH_H 1
| #define HAVE_GETOPT_H 1
| #define HAVE_SYS_STAT_H 1
| #define HAVE_SYS_PARAM_H 1
| #define HAVE_SYS_TIME_H 1
| #define HAVE_SETJMP_H 1
| #define TIME_WITH_SYS_TIME 1
| #define SIZEOF_UNSIGNED_CHAR 1
| #define SIZEOF_UNSIGNED_SHORT 2
| #define SIZEOF_UNSIGNED_INT 4
| #define SIZEOF_UNSIGNED_LONG 8
| #define RAPTOR_VERSION_MAJOR 1
| #define RAPTOR_VERSION_MINOR 4
| #define RAPTOR_VERSION_RELEASE 19
| #define RAPTOR_VERSION_DECIMAL 10419
| #define HAVE_GETTIMEOFDAY 1
| #define HAVE_GETOPT 1
| #define HAVE_GETOPT_LONG 1
| /* end confdefs.h.  */
| /* Define stricmp to an innocuous variant, in case <limits.h> declares stricmp.
|    For example, HP-UX 11i <limits.h> declares gettimeofday.  */
| #define stricmp innocuous_stricmp
| 
| /* System header to define __stub macros and hopefully few prototypes,
|     which can conflict with char stricmp (); below.
|     Prefer <limits.h> to <assert.h> if __STDC__ is defined, since
|     <limits.h> exists even on freestanding compilers.  */
| 
| #ifdef __STDC__
| # include <limits.h>
| #else
| # include <assert.h>
| #endif
| 
| #undef stricmp
| 
| /* Override any GCC internal prototype to avoid an error.
|    Use char because int might match the return type of a GCC
|    builtin and then its argument prototype would still apply.  */
| #ifdef __cplusplus
| extern "C"
| #endif
| char stricmp ();
| /* The GNU C library defines this for functions which it implements
|     to always fail with ENOSYS.  Some functions are actually named
|     something starting with __ and the normal name is an alias.  */
| #if defined __stub_stricmp || defined __stub___stricmp
| choke me
| #endif
| 
| int
| main ()
| {
| return stricmp ();
|   ;
|   return 0;
| }
configure:14836: result: no
configure:14751: checking for strcasecmp
configure:14807: gcc -o conftest   -I/home/ariana/workspace/enisi/hpylori_compartments/deps/src/project_copasi_deps/bin/include    -L/home/ariana/workspace/enisi/hpylori_compartments/deps/src/project_copasi_deps/bin/lib conftest.c  >&5
conftest.c:69:6: warning: conflicting types for built-in function 'strcasecmp'
 char strcasecmp ();
      ^
configure:14814: $? = 0
configure:14836: result: yes
configure:14751: checking for vsnprintf
configure:14807: gcc -o conftest   -I/home/ariana/workspace/enisi/hpylori_compartments/deps/src/project_copasi_deps/bin/include    -L/home/ariana/workspace/enisi/hpylori_compartments/deps/src/project_copasi_deps/bin/lib conftest.c  >&5
conftest.c:70:6: warning: conflicting types for built-in function 'vsnprintf'
 char vsnprintf ();
      ^
configure:14814: $? = 0
configure:14836: result: yes
configure:14751: checking for isascii
configure:14807: gcc -o conftest   -I/home/ariana/workspace/enisi/hpylori_compartments/deps/src/project_copasi_deps/bin/include    -L/home/ariana/workspace/enisi/hpylori_compartments/deps/src/project_copasi_deps/bin/lib conftest.c  >&5
conftest.c:71:6: warning: conflicting types for built-in function 'isascii'
 char isascii ();
      ^
configure:14814: $? = 0
configure:14836: result: yes
configure:14751: checking for setjmp
configure:14807: gcc -o conftest   -I/home/ariana/workspace/enisi/hpylori_compartments/deps/src/project_copasi_deps/bin/include    -L/home/ariana/workspace/enisi/hpylori_compartments/deps/src/project_copasi_deps/bin/lib conftest.c  >&5
configure:14814: $? = 0
configure:14836: result: yes
configure:14867: checking whether need to declare optind
configure:14892: gcc -o conftest   -I/home/ariana/workspace/enisi/hpylori_compartments/deps/src/project_copasi_deps/bin/include    -L/home/ariana/workspace/enisi/hpylori_compartments/deps/src/project_copasi_deps/bin/lib conftest.c  >&5
configure:14899: $? = 0
configure:14907: result: no
configure:14929: checking vsnprintf has C99 compatible return value
configure:14968: gcc -o conftest   -I/home/ariana/workspace/enisi/hpylori_compartments/deps/src/project_copasi_deps/bin/include    -L/home/ariana/workspace/enisi/hpylori_compartments/deps/src/project_copasi_deps/bin/lib conftest.c  >&5
conftest.c: In function 'is_c99':
conftest.c:56:7: warning: implicit declaration of function 'vsnprintf' [-Wimplicit-function-declaration]
   r = vsnprintf(buffer, 5, s, args);
       ^
configure:14972: $? = 0
configure:14978: ./conftest
configure:14982: $? = 1
configure: program exited with status 1
configure: failed program was:
| /* confdefs.h.  */
| #define PACKAGE_NAME "Raptor RDF Parser"
| #define PACKAGE_TARNAME "raptor"
| #define PACKAGE_VERSION "1.4.19"
| #define PACKAGE_STRING "Raptor RDF Parser 1.4.19"
| #define PACKAGE_BUGREPORT "http://bugs.librdf.org/"
| #define PACKAGE "raptor"
| #define VERSION "1.4.19"
| #define STDC_HEADERS 1
| #define HAVE_SYS_TYPES_H 1
| #define HAVE_SYS_STAT_H 1
| #define HAVE_STDLIB_H 1
| #define HAVE_STRING_H 1
| #define HAVE_MEMORY_H 1
| #define HAVE_STRINGS_H 1
| #define HAVE_INTTYPES_H 1
| #define HAVE_STDINT_H 1
| #define HAVE_UNISTD_H 1
| #define HAVE_DLFCN_H 1
| #define LT_OBJDIR ".libs/"
| #define STDC_HEADERS 1
| #define HAVE_ERRNO_H 1
| #define HAVE_STDLIB_H 1
| #define HAVE_UNISTD_H 1
| #define HAVE_STRING_H 1
| #define HAVE_LIMITS_H 1
| #define HAVE_MATH_H 1
| #define HAVE_GETOPT_H 1
| #define HAVE_SYS_STAT_H 1
| #define HAVE_SYS_PARAM_H 1
| #define HAVE_SYS_TIME_H 1
| #define HAVE_SETJMP_H 1
| #define TIME_WITH_SYS_TIME 1
| #define SIZEOF_UNSIGNED_CHAR 1
| #define SIZEOF_UNSIGNED_SHORT 2
| #define SIZEOF_UNSIGNED_INT 4
| #define SIZEOF_UNSIGNED_LONG 8
| #define RAPTOR_VERSION_MAJOR 1
| #define RAPTOR_VERSION_MINOR 4
| #define RAPTOR_VERSION_RELEASE 19
| #define RAPTOR_VERSION_DECIMAL 10419
| #define HAVE_GETTIMEOFDAY 1
| #define HAVE_GETOPT 1
| #define HAVE_GETOPT_LONG 1
| #define HAVE_STRCASECMP 1
| #define HAVE_VSNPRINTF 1
| #define HAVE_ISASCII 1
| #define HAVE_SETJMP 1
| /* end confdefs.h.  */
| #include <stdarg.h>
| int is_c99(char *s, ...) {
|   char buffer[32];
|   va_list args;
|   int r;
|   va_start(args, s);
|   r = vsnprintf(buffer, 5, s, args);
|   va_end(args);
| 
|   return (r == 7);
| }
| 
| int main(int argc, char* argv) {
|   return is_c99("1234567");
| }
configure:14997: result: yes
configure:15015: checking whether have trunc in libm
configure:15040: gcc -o conftest   -I/home/ariana/workspace/enisi/hpylori_compartments/deps/src/project_copasi_deps/bin/include    -L/home/ariana/workspace/enisi/hpylori_compartments/deps/src/project_copasi_deps/bin/lib conftest.c  -lm >&5
configure:15047: $? = 0
configure:15055: result: yes
configure:15075: checking whether have round in libm
configure:15100: gcc -o conftest   -I/home/ariana/workspace/enisi/hpylori_compartments/deps/src/project_copasi_deps/bin/include    -L/home/ariana/workspace/enisi/hpylori_compartments/deps/src/project_copasi_deps/bin/lib conftest.c  -lm >&5
configure:15107: $? = 0
configure:15115: result: yes
configure:15159: checking for expat sources
configure:15178: result: no
configure:15211: checking expat.h usability
configure:15228: gcc -c   -I/home/ariana/workspace/enisi/hpylori_compartments/deps/src/project_copasi_deps/bin/include  conftest.c >&5
configure:15235: $? = 0
configure:15249: result: yes
configure:15253: checking expat.h presence
configure:15268: gcc -E  conftest.c
conftest.c:53:19: fatal error: expat.h: No such file or directory
compilation terminated.
configure:15275: $? = 1
configure: failed program was:
| /* confdefs.h.  */
| #define PACKAGE_NAME "Raptor RDF Parser"
| #define PACKAGE_TARNAME "raptor"
| #define PACKAGE_VERSION "1.4.19"
| #define PACKAGE_STRING "Raptor RDF Parser 1.4.19"
| #define PACKAGE_BUGREPORT "http://bugs.librdf.org/"
| #define PACKAGE "raptor"
| #define VERSION "1.4.19"
| #define STDC_HEADERS 1
| #define HAVE_SYS_TYPES_H 1
| #define HAVE_SYS_STAT_H 1
| #define HAVE_STDLIB_H 1
| #define HAVE_STRING_H 1
| #define HAVE_MEMORY_H 1
| #define HAVE_STRINGS_H 1
| #define HAVE_INTTYPES_H 1
| #define HAVE_STDINT_H 1
| #define HAVE_UNISTD_H 1
| #define HAVE_DLFCN_H 1
| #define LT_OBJDIR ".libs/"
| #define STDC_HEADERS 1
| #define HAVE_ERRNO_H 1
| #define HAVE_STDLIB_H 1
| #define HAVE_UNISTD_H 1
| #define HAVE_STRING_H 1
| #define HAVE_LIMITS_H 1
| #define HAVE_MATH_H 1
| #define HAVE_GETOPT_H 1
| #define HAVE_SYS_STAT_H 1
| #define HAVE_SYS_PARAM_H 1
| #define HAVE_SYS_TIME_H 1
| #define HAVE_SETJMP_H 1
| #define TIME_WITH_SYS_TIME 1
| #define SIZEOF_UNSIGNED_CHAR 1
| #define SIZEOF_UNSIGNED_SHORT 2
| #define SIZEOF_UNSIGNED_INT 4
| #define SIZEOF_UNSIGNED_LONG 8
| #define RAPTOR_VERSION_MAJOR 1
| #define RAPTOR_VERSION_MINOR 4
| #define RAPTOR_VERSION_RELEASE 19
| #define RAPTOR_VERSION_DECIMAL 10419
| #define HAVE_GETTIMEOFDAY 1
| #define HAVE_GETOPT 1
| #define HAVE_GETOPT_LONG 1
| #define HAVE_STRCASECMP 1
| #define HAVE_VSNPRINTF 1
| #define HAVE_ISASCII 1
| #define HAVE_SETJMP 1
| #define HAVE_C99_VSNPRINTF 1
| #define HAVE_TRUNC 1
| #define HAVE_ROUND 1
| /* end confdefs.h.  */
| #include <expat.h>
configure:15289: result: no
configure:15295: WARNING: expat.h: accepted by the compiler, rejected by the preprocessor!
configure:15297: WARNING: expat.h: proceeding with the compiler's result
configure:15322: checking for expat.h
configure:15331: result: yes
configure:15211: checking xmlparse.h usability
configure:15228: gcc -c   -I/home/ariana/workspace/enisi/hpylori_compartments/deps/src/project_copasi_deps/bin/include  conftest.c >&5
conftest.c:87:22: fatal error: xmlparse.h: No such file or directory
compilation terminated.
configure:15235: $? = 1
configure: failed program was:
| /* confdefs.h.  */
| #define PACKAGE_NAME "Raptor RDF Parser"
| #define PACKAGE_TARNAME "raptor"
| #define PACKAGE_VERSION "1.4.19"
| #define PACKAGE_STRING "Raptor RDF Parser 1.4.19"
| #define PACKAGE_BUGREPORT "http://bugs.librdf.org/"
| #define PACKAGE "raptor"
| #define VERSION "1.4.19"
| #define STDC_HEADERS 1
| #define HAVE_SYS_TYPES_H 1
| #define HAVE_SYS_STAT_H 1
| #define HAVE_STDLIB_H 1
| #define HAVE_STRING_H 1
| #define HAVE_MEMORY_H 1
| #define HAVE_STRINGS_H 1
| #define HAVE_INTTYPES_H 1
| #define HAVE_STDINT_H 1
| #define HAVE_UNISTD_H 1
| #define HAVE_DLFCN_H 1
| #define LT_OBJDIR ".libs/"
| #define STDC_HEADERS 1
| #define HAVE_ERRNO_H 1
| #define HAVE_STDLIB_H 1
| #define HAVE_UNISTD_H 1
| #define HAVE_STRING_H 1
| #define HAVE_LIMITS_H 1
| #define HAVE_MATH_H 1
| #define HAVE_GETOPT_H 1
| #define HAVE_SYS_STAT_H 1
| #define HAVE_SYS_PARAM_H 1
| #define HAVE_SYS_TIME_H 1
| #define HAVE_SETJMP_H 1
| #define TIME_WITH_SYS_TIME 1
| #define SIZEOF_UNSIGNED_CHAR 1
| #define SIZEOF_UNSIGNED_SHORT 2
| #define SIZEOF_UNSIGNED_INT 4
| #define SIZEOF_UNSIGNED_LONG 8
| #define RAPTOR_VERSION_MAJOR 1
| #define RAPTOR_VERSION_MINOR 4
| #define RAPTOR_VERSION_RELEASE 19
| #define RAPTOR_VERSION_DECIMAL 10419
| #define HAVE_GETTIMEOFDAY 1
| #define HAVE_GETOPT 1
| #define HAVE_GETOPT_LONG 1
| #define HAVE_STRCASECMP 1
| #define HAVE_VSNPRINTF 1
| #define HAVE_ISASCII 1
| #define HAVE_SETJMP 1
| #define HAVE_C99_VSNPRINTF 1
| #define HAVE_TRUNC 1
| #define HAVE_ROUND 1
| #define HAVE_EXPAT_H 1
| /* end confdefs.h.  */
| #include <stdio.h>
| #ifdef HAVE_SYS_TYPES_H
| # include <sys/types.h>
| #endif
| #ifdef HAVE_SYS_STAT_H
| # include <sys/stat.h>
| #endif
| #ifdef STDC_HEADERS
| # include <stdlib.h>
| # include <stddef.h>
| #else
| # ifdef HAVE_STDLIB_H
| #  include <stdlib.h>
| # endif
| #endif
| #ifdef HAVE_STRING_H
| # if !defined STDC_HEADERS && defined HAVE_MEMORY_H
| #  include <memory.h>
| # endif
| # include <string.h>
| #endif
| #ifdef HAVE_STRINGS_H
| # include <strings.h>
| #endif
| #ifdef HAVE_INTTYPES_H
| # include <inttypes.h>
| #endif
| #ifdef HAVE_STDINT_H
| # include <stdint.h>
| #endif
| #ifdef HAVE_UNISTD_H
| # include <unistd.h>
| #endif
| #include <xmlparse.h>
configure:15249: result: no
configure:15253: checking xmlparse.h presence
configure:15268: gcc -E  conftest.c
conftest.c:54:22: fatal error: xmlparse.h: No such file or directory
compilation terminated.
configure:15275: $? = 1
configure: failed program was:
| /* confdefs.h.  */
| #define PACKAGE_NAME "Raptor RDF Parser"
| #define PACKAGE_TARNAME "raptor"
| #define PACKAGE_VERSION "1.4.19"
| #define PACKAGE_STRING "Raptor RDF Parser 1.4.19"
| #define PACKAGE_BUGREPORT "http://bugs.librdf.org/"
| #define PACKAGE "raptor"
| #define VERSION "1.4.19"
| #define STDC_HEADERS 1
| #define HAVE_SYS_TYPES_H 1
| #define HAVE_SYS_STAT_H 1
| #define HAVE_STDLIB_H 1
| #define HAVE_STRING_H 1
| #define HAVE_MEMORY_H 1
| #define HAVE_STRINGS_H 1
| #define HAVE_INTTYPES_H 1
| #define HAVE_STDINT_H 1
| #define HAVE_UNISTD_H 1
| #define HAVE_DLFCN_H 1
| #define LT_OBJDIR ".libs/"
| #define STDC_HEADERS 1
| #define HAVE_ERRNO_H 1
| #define HAVE_STDLIB_H 1
| #define HAVE_UNISTD_H 1
| #define HAVE_STRING_H 1
| #define HAVE_LIMITS_H 1
| #define HAVE_MATH_H 1
| #define HAVE_GETOPT_H 1
| #define HAVE_SYS_STAT_H 1
| #define HAVE_SYS_PARAM_H 1
| #define HAVE_SYS_TIME_H 1
| #define HAVE_SETJMP_H 1
| #define TIME_WITH_SYS_TIME 1
| #define SIZEOF_UNSIGNED_CHAR 1
| #define SIZEOF_UNSIGNED_SHORT 2
| #define SIZEOF_UNSIGNED_INT 4
| #define SIZEOF_UNSIGNED_LONG 8
| #define RAPTOR_VERSION_MAJOR 1
| #define RAPTOR_VERSION_MINOR 4
| #define RAPTOR_VERSION_RELEASE 19
| #define RAPTOR_VERSION_DECIMAL 10419
| #define HAVE_GETTIMEOFDAY 1
| #define HAVE_GETOPT 1
| #define HAVE_GETOPT_LONG 1
| #define HAVE_STRCASECMP 1
| #define HAVE_VSNPRINTF 1
| #define HAVE_ISASCII 1
| #define HAVE_SETJMP 1
| #define HAVE_C99_VSNPRINTF 1
| #define HAVE_TRUNC 1
| #define HAVE_ROUND 1
| #define HAVE_EXPAT_H 1
| /* end confdefs.h.  */
| #include <xmlparse.h>
configure:15289: result: no
configure:15322: checking for xmlparse.h
configure:15331: result: no
configure:15348: checking for main in -lxmltok
configure:15377: gcc -o conftest   -I/home/ariana/workspace/enisi/hpylori_compartments/deps/src/project_copasi_deps/bin/include    -L/home/ariana/workspace/enisi/hpylori_compartments/deps/src/project_copasi_deps/bin/lib conftest.c -lxmltok   >&5
/usr/bin/ld: cannot find -lxmltok
collect2: error: ld returned 1 exit status
configure:15384: $? = 1
configure: failed program was:
| /* confdefs.h.  */
| #define PACKAGE_NAME "Raptor RDF Parser"
| #define PACKAGE_TARNAME "raptor"
| #define PACKAGE_VERSION "1.4.19"
| #define PACKAGE_STRING "Raptor RDF Parser 1.4.19"
| #define PACKAGE_BUGREPORT "http://bugs.librdf.org/"
| #define PACKAGE "raptor"
| #define VERSION "1.4.19"
| #define STDC_HEADERS 1
| #define HAVE_SYS_TYPES_H 1
| #define HAVE_SYS_STAT_H 1
| #define HAVE_STDLIB_H 1
| #define HAVE_STRING_H 1
| #define HAVE_MEMORY_H 1
| #define HAVE_STRINGS_H 1
| #define HAVE_INTTYPES_H 1
| #define HAVE_STDINT_H 1
| #define HAVE_UNISTD_H 1
| #define HAVE_DLFCN_H 1
| #define LT_OBJDIR ".libs/"
| #define STDC_HEADERS 1
| #define HAVE_ERRNO_H 1
| #define HAVE_STDLIB_H 1
| #define HAVE_UNISTD_H 1
| #define HAVE_STRING_H 1
| #define HAVE_LIMITS_H 1
| #define HAVE_MATH_H 1
| #define HAVE_GETOPT_H 1
| #define HAVE_SYS_STAT_H 1
| #define HAVE_SYS_PARAM_H 1
| #define HAVE_SYS_TIME_H 1
| #define HAVE_SETJMP_H 1
| #define TIME_WITH_SYS_TIME 1
| #define SIZEOF_UNSIGNED_CHAR 1
| #define SIZEOF_UNSIGNED_SHORT 2
| #define SIZEOF_UNSIGNED_INT 4
| #define SIZEOF_UNSIGNED_LONG 8
| #define RAPTOR_VERSION_MAJOR 1
| #define RAPTOR_VERSION_MINOR 4
| #define RAPTOR_VERSION_RELEASE 19
| #define RAPTOR_VERSION_DECIMAL 10419
| #define HAVE_GETTIMEOFDAY 1
| #define HAVE_GETOPT 1
| #define HAVE_GETOPT_LONG 1
| #define HAVE_STRCASECMP 1
| #define HAVE_VSNPRINTF 1
| #define HAVE_ISASCII 1
| #define HAVE_SETJMP 1
| #define HAVE_C99_VSNPRINTF 1
| #define HAVE_TRUNC 1
| #define HAVE_ROUND 1
| #define HAVE_EXPAT_H 1
| /* end confdefs.h.  */
| 
| 
| int
| main ()
| {
| return main ();
|   ;
|   return 0;
| }
configure:15405: result: no
configure:15415: checking for XML_ParserCreate in -lxmlparse
configure:15450: gcc -o conftest   -I/home/ariana/workspace/enisi/hpylori_compartments/deps/src/project_copasi_deps/bin/include    -L/home/ariana/workspace/enisi/hpylori_compartments/deps/src/project_copasi_deps/bin/lib conftest.c -lxmlparse -lxmltok  >&5
/usr/bin/ld: cannot find -lxmlparse
/usr/bin/ld: cannot find -lxmltok
collect2: error: ld returned 1 exit status
configure:15457: $? = 1
configure: failed program was:
| /* confdefs.h.  */
| #define PACKAGE_NAME "Raptor RDF Parser"
| #define PACKAGE_TARNAME "raptor"
| #define PACKAGE_VERSION "1.4.19"
| #define PACKAGE_STRING "Raptor RDF Parser 1.4.19"
| #define PACKAGE_BUGREPORT "http://bugs.librdf.org/"
| #define PACKAGE "raptor"
| #define VERSION "1.4.19"
| #define STDC_HEADERS 1
| #define HAVE_SYS_TYPES_H 1
| #define HAVE_SYS_STAT_H 1
| #define HAVE_STDLIB_H 1
| #define HAVE_STRING_H 1
| #define HAVE_MEMORY_H 1
| #define HAVE_STRINGS_H 1
| #define HAVE_INTTYPES_H 1
| #define HAVE_STDINT_H 1
| #define HAVE_UNISTD_H 1
| #define HAVE_DLFCN_H 1
| #define LT_OBJDIR ".libs/"
| #define STDC_HEADERS 1
| #define HAVE_ERRNO_H 1
| #define HAVE_STDLIB_H 1
| #define HAVE_UNISTD_H 1
| #define HAVE_STRING_H 1
| #define HAVE_LIMITS_H 1
| #define HAVE_MATH_H 1
| #define HAVE_GETOPT_H 1
| #define HAVE_SYS_STAT_H 1
| #define HAVE_SYS_PARAM_H 1
| #define HAVE_SYS_TIME_H 1
| #define HAVE_SETJMP_H 1
| #define TIME_WITH_SYS_TIME 1
| #define SIZEOF_UNSIGNED_CHAR 1
| #define SIZEOF_UNSIGNED_SHORT 2
| #define SIZEOF_UNSIGNED_INT 4
| #define SIZEOF_UNSIGNED_LONG 8
| #define RAPTOR_VERSION_MAJOR 1
| #define RAPTOR_VERSION_MINOR 4
| #define RAPTOR_VERSION_RELEASE 19
| #define RAPTOR_VERSION_DECIMAL 10419
| #define HAVE_GETTIMEOFDAY 1
| #define HAVE_GETOPT 1
| #define HAVE_GETOPT_LONG 1
| #define HAVE_STRCASECMP 1
| #define HAVE_VSNPRINTF 1
| #define HAVE_ISASCII 1
| #define HAVE_SETJMP 1
| #define HAVE_C99_VSNPRINTF 1
| #define HAVE_TRUNC 1
| #define HAVE_ROUND 1
| #define HAVE_EXPAT_H 1
| /* end confdefs.h.  */
| 
| /* Override any GCC internal prototype to avoid an error.
|    Use char because int might match the return type of a GCC
|    builtin and then its argument prototype would still apply.  */
| #ifdef __cplusplus
| extern "C"
| #endif
| char XML_ParserCreate ();
| int
| main ()
| {
| return XML_ParserCreate ();
|   ;
|   return 0;
| }
configure:15478: result: no
configure:15488: checking for XML_ParserCreate in -lexpat
configure:15523: gcc -o conftest   -I/home/ariana/workspace/enisi/hpylori_compartments/deps/src/project_copasi_deps/bin/include    -L/home/ariana/workspace/enisi/hpylori_compartments/deps/src/project_copasi_deps/bin/lib conftest.c -lexpat   >&5
configure:15530: $? = 0
configure:15551: result: yes
configure:15561: checking for working expat in libxmlparse and libxmltok
configure:15626: result: no
configure:15632: checking for working expat in libexpat
configure:15654: gcc -o conftest   -I/home/ariana/workspace/enisi/hpylori_compartments/deps/src/project_copasi_deps/bin/include    -L/home/ariana/workspace/enisi/hpylori_compartments/deps/src/project_copasi_deps/bin/lib conftest.c  -lexpat >&5
conftest.c:55:14: warning: return type defaults to 'int' [-Wimplicit-int]
              main() {XML_ParserCreate(NULL); return(0);}
              ^
conftest.c: In function 'main':
conftest.c:55:22: warning: implicit declaration of function 'XML_ParserCreate' [-Wimplicit-function-declaration]
              main() {XML_ParserCreate(NULL); return(0);}
                      ^
configure:15658: $? = 0
configure:15664: ./conftest
configure:15668: $? = 0
configure:15690: result: yes
configure:15693: checking for expat support of UTF-8 BOM
configure:15750: gcc -o conftest   -I/home/ariana/workspace/enisi/hpylori_compartments/deps/src/project_copasi_deps/bin/include    -L/home/ariana/workspace/enisi/hpylori_compartments/deps/src/project_copasi_deps/bin/lib conftest.c  -lexpat >&5
configure:15754: $? = 0
configure:15760: ./conftest
configure:15764: $? = 0
configure:15766: result: yes
configure:15830: checking for xml2-config
configure:15860: result: no
configure:15897: checking for xslt-config
configure:15927: result: no
configure:15964: checking for curl-config
configure:15994: result: no
configure:16013: checking using Unicode NFC checking
configure:16015: result: yes
configure:16039: checking for libxml sources
configure:16046: result: no
configure:17605: checking XML parser to use
configure:17625: result:  expat(system)
configure:17647: checking GRDDL parser requirements
configure:17655: result: no - libxml2 and libxslt are both not available
configure:17710: checking RDF parsers required
configure:17719: result: all
configure:17908: checking RDF serializers required
configure:17917: result: all
configure:18036: checking XML names version
configure:18053: result: 1.0
configure:18457: checking WWW libraries available
configure:18473: result: 
configure:18477: checking WWW library to use
configure:18497: result: none
configure:18500: WARNING: No WWW library in use - only file: URLs will work
configure:18502: WARNING: Install libcurl, libxml2 or BSD libfetch for WWW access
configure:18536: checking libinn.h usability
configure:18553: gcc -c   -I/home/ariana/workspace/enisi/hpylori_compartments/deps/src/project_copasi_deps/bin/include  conftest.c >&5
conftest.c:105:20: fatal error: libinn.h: No such file or directory
compilation terminated.
configure:18560: $? = 1
configure: failed program was:
| /* confdefs.h.  */
| #define PACKAGE_NAME "Raptor RDF Parser"
| #define PACKAGE_TARNAME "raptor"
| #define PACKAGE_VERSION "1.4.19"
| #define PACKAGE_STRING "Raptor RDF Parser 1.4.19"
| #define PACKAGE_BUGREPORT "http://bugs.librdf.org/"
| #define PACKAGE "raptor"
| #define VERSION "1.4.19"
| #define STDC_HEADERS 1
| #define HAVE_SYS_TYPES_H 1
| #define HAVE_SYS_STAT_H 1
| #define HAVE_STDLIB_H 1
| #define HAVE_STRING_H 1
| #define HAVE_MEMORY_H 1
| #define HAVE_STRINGS_H 1
| #define HAVE_INTTYPES_H 1
| #define HAVE_STDINT_H 1
| #define HAVE_UNISTD_H 1
| #define HAVE_DLFCN_H 1
| #define LT_OBJDIR ".libs/"
| #define STDC_HEADERS 1
| #define HAVE_ERRNO_H 1
| #define HAVE_STDLIB_H 1
| #define HAVE_UNISTD_H 1
| #define HAVE_STRING_H 1
| #define HAVE_LIMITS_H 1
| #define HAVE_MATH_H 1
| #define HAVE_GETOPT_H 1
| #define HAVE_SYS_STAT_H 1
| #define HAVE_SYS_PARAM_H 1
| #define HAVE_SYS_TIME_H 1
| #define HAVE_SETJMP_H 1
| #define TIME_WITH_SYS_TIME 1
| #define SIZEOF_UNSIGNED_CHAR 1
| #define SIZEOF_UNSIGNED_SHORT 2
| #define SIZEOF_UNSIGNED_INT 4
| #define SIZEOF_UNSIGNED_LONG 8
| #define RAPTOR_VERSION_MAJOR 1
| #define RAPTOR_VERSION_MINOR 4
| #define RAPTOR_VERSION_RELEASE 19
| #define RAPTOR_VERSION_DECIMAL 10419
| #define HAVE_GETTIMEOFDAY 1
| #define HAVE_GETOPT 1
| #define HAVE_GETOPT_LONG 1
| #define HAVE_STRCASECMP 1
| #define HAVE_VSNPRINTF 1
| #define HAVE_ISASCII 1
| #define HAVE_SETJMP 1
| #define HAVE_C99_VSNPRINTF 1
| #define HAVE_TRUNC 1
| #define HAVE_ROUND 1
| #define HAVE_EXPAT_H 1
| #define RAPTOR_XML_EXPAT 1
| #define RAPTOR_PARSER_RDFXML 1
| #define RAPTOR_PARSER_NTRIPLES 1
| #define RAPTOR_PARSER_TURTLE 1
| #define RAPTOR_PARSER_TRIG 1
| #define RAPTOR_PARSER_GUESS 1
| #define RAPTOR_PARSER_RSS 1
| #define RAPTOR_PARSER_RDFA 1
| #define RAPTOR_SERIALIZER_RDFXML 1
| #define RAPTOR_SERIALIZER_RDFXML_ABBREV 1
| #define RAPTOR_SERIALIZER_TURTLE 1
| #define RAPTOR_SERIALIZER_NTRIPLES 1
| #define RAPTOR_SERIALIZER_RSS_1_0 1
| #define RAPTOR_SERIALIZER_DOT 1
| #define RAPTOR_SERIALIZER_JSON 1
| #define RAPTOR_SERIALIZER_ATOM 1
| #define RAPTOR_NFC_CHECK 1
| #define RAPTOR_WWW_NONE 1
| /* end confdefs.h.  */
| #include <stdio.h>
| #ifdef HAVE_SYS_TYPES_H
| # include <sys/types.h>
| #endif
| #ifdef HAVE_SYS_STAT_H
| # include <sys/stat.h>
| #endif
| #ifdef STDC_HEADERS
| # include <stdlib.h>
| # include <stddef.h>
| #else
| # ifdef HAVE_STDLIB_H
| #  include <stdlib.h>
| # endif
| #endif
| #ifdef HAVE_STRING_H
| # if !defined STDC_HEADERS && defined HAVE_MEMORY_H
| #  include <memory.h>
| # endif
| # include <string.h>
| #endif
| #ifdef HAVE_STRINGS_H
| # include <strings.h>
| #endif
| #ifdef HAVE_INTTYPES_H
| # include <inttypes.h>
| #endif
| #ifdef HAVE_STDINT_H
| # include <stdint.h>
| #endif
| #ifdef HAVE_UNISTD_H
| # include <unistd.h>
| #endif
| #include <libinn.h>
configure:18574: result: no
configure:18578: checking libinn.h presence
configure:18593: gcc -E  conftest.c
conftest.c:72:20: fatal error: libinn.h: No such file or directory
compilation terminated.
configure:18600: $? = 1
configure: failed program was:
| /* confdefs.h.  */
| #define PACKAGE_NAME "Raptor RDF Parser"
| #define PACKAGE_TARNAME "raptor"
| #define PACKAGE_VERSION "1.4.19"
| #define PACKAGE_STRING "Raptor RDF Parser 1.4.19"
| #define PACKAGE_BUGREPORT "http://bugs.librdf.org/"
| #define PACKAGE "raptor"
| #define VERSION "1.4.19"
| #define STDC_HEADERS 1
| #define HAVE_SYS_TYPES_H 1
| #define HAVE_SYS_STAT_H 1
| #define HAVE_STDLIB_H 1
| #define HAVE_STRING_H 1
| #define HAVE_MEMORY_H 1
| #define HAVE_STRINGS_H 1
| #define HAVE_INTTYPES_H 1
| #define HAVE_STDINT_H 1
| #define HAVE_UNISTD_H 1
| #define HAVE_DLFCN_H 1
| #define LT_OBJDIR ".libs/"
| #define STDC_HEADERS 1
| #define HAVE_ERRNO_H 1
| #define HAVE_STDLIB_H 1
| #define HAVE_UNISTD_H 1
| #define HAVE_STRING_H 1
| #define HAVE_LIMITS_H 1
| #define HAVE_MATH_H 1
| #define HAVE_GETOPT_H 1
| #define HAVE_SYS_STAT_H 1
| #define HAVE_SYS_PARAM_H 1
| #define HAVE_SYS_TIME_H 1
| #define HAVE_SETJMP_H 1
| #define TIME_WITH_SYS_TIME 1
| #define SIZEOF_UNSIGNED_CHAR 1
| #define SIZEOF_UNSIGNED_SHORT 2
| #define SIZEOF_UNSIGNED_INT 4
| #define SIZEOF_UNSIGNED_LONG 8
| #define RAPTOR_VERSION_MAJOR 1
| #define RAPTOR_VERSION_MINOR 4
| #define RAPTOR_VERSION_RELEASE 19
| #define RAPTOR_VERSION_DECIMAL 10419
| #define HAVE_GETTIMEOFDAY 1
| #define HAVE_GETOPT 1
| #define HAVE_GETOPT_LONG 1
| #define HAVE_STRCASECMP 1
| #define HAVE_VSNPRINTF 1
| #define HAVE_ISASCII 1
| #define HAVE_SETJMP 1
| #define HAVE_C99_VSNPRINTF 1
| #define HAVE_TRUNC 1
| #define HAVE_ROUND 1
| #define HAVE_EXPAT_H 1
| #define RAPTOR_XML_EXPAT 1
| #define RAPTOR_PARSER_RDFXML 1
| #define RAPTOR_PARSER_NTRIPLES 1
| #define RAPTOR_PARSER_TURTLE 1
| #define RAPTOR_PARSER_TRIG 1
| #define RAPTOR_PARSER_GUESS 1
| #define RAPTOR_PARSER_RSS 1
| #define RAPTOR_PARSER_RDFA 1
| #define RAPTOR_SERIALIZER_RDFXML 1
| #define RAPTOR_SERIALIZER_RDFXML_ABBREV 1
| #define RAPTOR_SERIALIZER_TURTLE 1
| #define RAPTOR_SERIALIZER_NTRIPLES 1
| #define RAPTOR_SERIALIZER_RSS_1_0 1
| #define RAPTOR_SERIALIZER_DOT 1
| #define RAPTOR_SERIALIZER_JSON 1
| #define RAPTOR_SERIALIZER_ATOM 1
| #define RAPTOR_NFC_CHECK 1
| #define RAPTOR_WWW_NONE 1
| /* end confdefs.h.  */
| #include <libinn.h>
configure:18614: result: no
configure:18647: checking for libinn.h
configure:18654: result: no
configure:18810: checking date parsing source
configure:18824: result: raptor parsedate
configure:18945: checking using dmalloc library
configure:18958: result: no
configure:18972: checking using memory signing
configure:18974: result: no
configure:19082: checking for pkg-config
configure:19100: found /usr/bin/pkg-config
configure:19112: result: /usr/bin/pkg-config
configure:19137: checking pkg-config is at least version 0.9.0
configure:19140: result: yes
configure:19184: checking whether to build gtk-doc documentation
configure:19186: result: no
configure:19193: checking for gtkdoc-check
configure:19226: result: no
configure:19573: creating ./config.status

## ---------------------- ##
## Running config.status. ##
## ---------------------- ##

This file was extended by Raptor RDF Parser config.status 1.4.19, which was
generated by GNU Autoconf 2.63.  Invocation command line was

  CONFIG_FILES    = 
  CONFIG_HEADERS  = 
  CONFIG_LINKS    = 
  CONFIG_COMMANDS = 
  $ ./config.status 

on herbst-Lenovo-B40-80

config.status:1139: creating Makefile
config.status:1139: creating raptor.spec
config.status:1139: creating raptor.rdf
config.status:1139: creating data/Makefile
config.status:1139: creating docs/Makefile
config.status:1139: creating docs/version.xml
config.status:1139: creating examples/Makefile
config.status:1139: creating src/Makefile
config.status:1139: creating tests/Makefile
config.status:1139: creating tests/feeds/Makefile
config.status:1139: creating tests/grddl/Makefile
config.status:1139: creating tests/ntriples/Makefile
config.status:1139: creating tests/rdfa/Makefile
config.status:1139: creating tests/rdfxml/Makefile
config.status:1139: creating tests/turtle/Makefile
config.status:1139: creating tests/trig/Makefile
config.status:1139: creating utils/Makefile
config.status:1139: creating win32/Makefile
config.status:1139: creating librdfa/Makefile
config.status:1139: creating raptor.pc
config.status:1139: creating src/raptor-config
config.status:1139: creating raptor-src-config
config.status:1139: creating src/raptor_config.h
config.status:1413: executing depfiles commands
config.status:1413: executing libtool commands
configure:21830: result:
Raptor build summary:
  RDF parsers available     : rdfxml ntriples turtle trig guess rss-tag-soup rdfa
  RDF parsers enabled       : rdfxml ntriples turtle trig guess rss-tag-soup rdfa
  RDF serializers available : rdfxml rdfxml-abbrev turtle ntriples rss-1.0 dot json atom
  RDF serializers enabled   : rdfxml rdfxml-abbrev turtle ntriples rss-1.0 dot json atom
  XML parser                : expat(system libexpat)
  WWW library               : none


## ---------------- ##
## Cache variables. ##
## ---------------- ##

ac_cv_build=x86_64-unknown-linux-gnu
ac_cv_c_bigendian=no
ac_cv_c_compiler_gnu=yes
ac_cv_c_const=yes
ac_cv_env_CC_set=
ac_cv_env_CC_value=
ac_cv_env_CFLAGS_set=set
ac_cv_env_CFLAGS_value='  -I/home/ariana/workspace/enisi/hpylori_compartments/deps/src/project_copasi_deps/bin/include'
ac_cv_env_CPPFLAGS_set=
ac_cv_env_CPPFLAGS_value=
ac_cv_env_CPP_set=
ac_cv_env_CPP_value=
ac_cv_env_LDFLAGS_set=set
ac_cv_env_LDFLAGS_value='  -L/home/ariana/workspace/enisi/hpylori_compartments/deps/src/project_copasi_deps/bin/lib'
ac_cv_env_LIBS_set=
ac_cv_env_LIBS_value=
ac_cv_env_PKG_CONFIG_set=
ac_cv_env_PKG_CONFIG_value=
ac_cv_env_YACC_set=
ac_cv_env_YACC_value=
ac_cv_env_YFLAGS_set=
ac_cv_env_YFLAGS_value=
ac_cv_env_build_alias_set=
ac_cv_env_build_alias_value=
ac_cv_env_host_alias_set=
ac_cv_env_host_alias_value=
ac_cv_env_target_alias_set=
ac_cv_env_target_alias_value=
ac_cv_func_getopt=yes
ac_cv_func_getopt_long=yes
ac_cv_func_gettimeofday=yes
ac_cv_func_isascii=yes
ac_cv_func_setjmp=yes
ac_cv_func_strcasecmp=yes
ac_cv_func_stricmp=no
ac_cv_func_vsnprintf=yes
ac_cv_header_dlfcn_h=yes
ac_cv_header_dmalloc_h=no
ac_cv_header_errno_h=yes
ac_cv_header_expat_h=yes
ac_cv_header_fetch_h=no
ac_cv_header_getopt_h=yes
ac_cv_header_inttypes_h=yes
ac_cv_header_libinn_h=no
ac_cv_header_limits_h=yes
ac_cv_header_math_h=yes
ac_cv_header_memory_h=yes
ac_cv_header_setjmp_h=yes
ac_cv_header_stdc=yes
ac_cv_header_stdint_h=yes
ac_cv_header_stdlib_h=yes
ac_cv_header_string_h=yes
ac_cv_header_strings_h=yes
ac_cv_header_sys_param_h=yes
ac_cv_header_sys_stat_h=yes
ac_cv_header_sys_time_h=yes
ac_cv_header_sys_types_h=yes
ac_cv_header_time=yes
ac_cv_header_unistd_h=yes
ac_cv_header_xmlparse_h=no
ac_cv_host=x86_64-unknown-linux-gnu
ac_cv_lib_expat_XML_ParserCreate=yes
ac_cv_lib_xmlparse_XML_ParserCreate=no
ac_cv_lib_xmltok_main=no
ac_cv_objext=o
ac_cv_path_EGREP='/bin/grep -E'
ac_cv_path_FGREP='/bin/grep -F'
ac_cv_path_GREP=/bin/grep
ac_cv_path_SED=/bin/sed
ac_cv_path_ac_pt_PKG_CONFIG=/usr/bin/pkg-config
ac_cv_path_install='/usr/bin/install -c'
ac_cv_path_mkdir=/bin/mkdir
ac_cv_prog_AWK=mawk
ac_cv_prog_CPP='gcc -E'
ac_cv_prog_PERL=perl
ac_cv_prog_TAR=tar
ac_cv_prog_ac_ct_AR=ar
ac_cv_prog_ac_ct_CC=gcc
ac_cv_prog_ac_ct_OBJDUMP=objdump
ac_cv_prog_ac_ct_RANLIB=ranlib
ac_cv_prog_ac_ct_STRIP=strip
ac_cv_prog_cc_c89=
ac_cv_prog_cc_g=yes
ac_cv_prog_cc_gcc_c_o=yes
ac_cv_prog_make_make_set=yes
ac_cv_sizeof_unsigned_char=1
ac_cv_sizeof_unsigned_int=4
ac_cv_sizeof_unsigned_long=8
ac_cv_sizeof_unsigned_short=2
ac_cv_type_u16=no
ac_cv_type_u8=no
am_cv_CC_dependencies_compiler_type=gcc3
lt_cv_deplibs_check_method=pass_all
lt_cv_file_magic_cmd='$MAGIC_CMD'
lt_cv_file_magic_test_file=
lt_cv_ld_reload_flag=-r
lt_cv_nm_interface='BSD nm'
lt_cv_objdir=.libs
lt_cv_path_LD=/usr/bin/ld
lt_cv_path_NM='/usr/bin/nm -B'
lt_cv_prog_compiler_c_o=yes
lt_cv_prog_compiler_pic_works=yes
lt_cv_prog_compiler_rtti_exceptions=no
lt_cv_prog_compiler_static_works=yes
lt_cv_prog_gnu_ld=yes
lt_cv_sys_global_symbol_pipe='sed -n -e '\''s/^.*[	 ]\([ABCDGIRSTW][ABCDGIRSTW]*\)[	 ][	 ]*\([_A-Za-z][_A-Za-z0-9]*\)$/\1 \2 \2/p'\'''
lt_cv_sys_global_symbol_to_c_name_address='sed -n -e '\''s/^: \([^ ]*\) $/  {\"\1\", (void *) 0},/p'\'' -e '\''s/^[ABCDGIRSTW]* \([^ ]*\) \([^ ]*\)$/  {"\2", (void *) \&\2},/p'\'''
lt_cv_sys_global_symbol_to_c_name_address_lib_prefix='sed -n -e '\''s/^: \([^ ]*\) $/  {\"\1\", (void *) 0},/p'\'' -e '\''s/^[ABCDGIRSTW]* \([^ ]*\) \(lib[^ ]*\)$/  {"\2", (void *) \&\2},/p'\'' -e '\''s/^[ABCDGIRSTW]* \([^ ]*\) \([^ ]*\)$/  {"lib\2", (void *) \&\2},/p'\'''
lt_cv_sys_global_symbol_to_cdecl='sed -n -e '\''s/^T .* \(.*\)$/extern int \1();/p'\'' -e '\''s/^[ABCDGIRSTW]* .* \(.*\)$/extern char \1;/p'\'''
lt_cv_sys_max_cmd_len=1572864

## ----------------- ##
## Output variables. ##
## ----------------- ##

ACLOCAL='${SHELL} /home/ariana/workspace/enisi/hpylori_compartments/deps/src/project_copasi_deps/src/raptor/missing --run aclocal-1.10'
AMDEPBACKSLASH='\'
AMDEP_FALSE='#'
AMDEP_TRUE=''
AMTAR='${SHELL} /home/ariana/workspace/enisi/hpylori_compartments/deps/src/project_copasi_deps/src/raptor/missing --run tar'
AR='ar'
AUTOCONF='${SHELL} /home/ariana/workspace/enisi/hpylori_compartments/deps/src/project_copasi_deps/src/raptor/missing --run autoconf'
AUTOHEADER='${SHELL} /home/ariana/workspace/enisi/hpylori_compartments/deps/src/project_copasi_deps/src/raptor/missing --run autoheader'
AUTOMAKE='${SHELL} /home/ariana/workspace/enisi/hpylori_compartments/deps/src/project_copasi_deps/src/raptor/missing --run automake-1.10'
AWK='mawk'
CC='gcc'
CCDEPMODE='depmode=gcc3'
CFLAGS='  -I/home/ariana/workspace/enisi/hpylori_compartments/deps/src/project_copasi_deps/bin/include'
CPP='gcc -E'
CPPFLAGS='-DRAPTOR_INTERNAL=1 -DRAPTOR_V2_EXPERIMENTAL=1 '
CURL_CONFIG=''
CYGPATH_W='echo'
DEFS='-DHAVE_CONFIG_H'
DEPDIR='.deps'
DSYMUTIL=''
DUMPBIN=''
ECHO='echo'
ECHO_C=''
ECHO_N='-n'
ECHO_T=''
EGREP='/bin/grep -E'
ENABLE_GTK_DOC_FALSE=''
ENABLE_GTK_DOC_TRUE='#'
EXEEXT=''
FGREP='/bin/grep -F'
GETOPT_FALSE=''
GETOPT_TRUE='#'
GREP='/bin/grep'
GTKDOC_CHECK=''
GTK_DOC_USE_LIBTOOL_FALSE='#'
GTK_DOC_USE_LIBTOOL_TRUE=''
HTML_DIR='${datadir}/gtk-doc/html'
INSTALL_DATA='${INSTALL} -m 644'
INSTALL_PROGRAM='${INSTALL}'
INSTALL_SCRIPT='${INSTALL}'
INSTALL_STRIP_PROGRAM='$(install_sh) -c -s'
LD='/usr/bin/ld -m elf_x86_64'
LDFLAGS='  -L/home/ariana/workspace/enisi/hpylori_compartments/deps/src/project_copasi_deps/bin/lib'
LEX=':'
LEXLIB=''
LEX_OUTPUT_ROOT=''
LIBOBJS=''
LIBRDFA_FALSE='#'
LIBRDFA_TRUE=''
LIBS=''
LIBTOOL='$(SHELL) $(top_builddir)/libtool'
LIPO=''
LN_S='ln -s'
LTLIBOBJS=''
MAINT='#'
MAINTAINER_MODE_FALSE=''
MAINTAINER_MODE_TRUE='#'
MAKEINFO='${SHELL} /home/ariana/workspace/enisi/hpylori_compartments/deps/src/project_copasi_deps/src/raptor/missing --run makeinfo'
MEM=''
MEM_LIBS=''
MKDIR_P='/bin/mkdir -p'
NM='/usr/bin/nm -B'
NMEDIT=''
OBJDUMP='objdump'
OBJEXT='o'
OTOOL64=''
OTOOL=''
PACKAGE='raptor'
PACKAGE_BUGREPORT='http://bugs.librdf.org/'
PACKAGE_NAME='Raptor RDF Parser'
PACKAGE_STRING='Raptor RDF Parser 1.4.19'
PACKAGE_TARNAME='raptor'
PACKAGE_VERSION='1.4.19'
PARSEDATE_FALSE='#'
PARSEDATE_TRUE=''
PATH_SEPARATOR=':'
PERL='perl'
PKG_CONFIG='/usr/bin/pkg-config'
RANLIB='ranlib'
RAPTOR_LDFLAGS=' -lm -lexpat'
RAPTOR_LIBTOOLLIBS='libraptor.la'
RAPTOR_LIBTOOL_VERSION='3:0:2'
RAPTOR_NFC_CHECK_FALSE='#'
RAPTOR_NFC_CHECK_TRUE=''
RAPTOR_PARSERS=' rdfxml ntriples turtle trig guess rss-tag-soup rdfa'
RAPTOR_PARSER_GRDDL_FALSE=''
RAPTOR_PARSER_GRDDL_TRUE='#'
RAPTOR_PARSER_GUESS_FALSE='#'
RAPTOR_PARSER_GUESS_TRUE=''
RAPTOR_PARSER_N3_FALSE=''
RAPTOR_PARSER_N3_TRUE='#'
RAPTOR_PARSER_NTRIPLES_FALSE='#'
RAPTOR_PARSER_NTRIPLES_TRUE=''
RAPTOR_PARSER_RDFA_FALSE='#'
RAPTOR_PARSER_RDFA_TRUE=''
RAPTOR_PARSER_RDFXML_FALSE='#'
RAPTOR_PARSER_RDFXML_TRUE=''
RAPTOR_PARSER_RSS_FALSE='#'
RAPTOR_PARSER_RSS_TRUE=''
RAPTOR_PARSER_TRIG_FALSE='#'
RAPTOR_PARSER_TRIG_TRUE=''
RAPTOR_PARSER_TURTLE_FALSE='#'
RAPTOR_PARSER_TURTLE_TRUE=''
RAPTOR_RSS_COMMON_FALSE='#'
RAPTOR_RSS_COMMON_TRUE=''
RAPTOR_SERIALIZERS=' rdfxml rdfxml-abbrev turtle ntriples rss-1.0 dot json atom'
RAPTOR_SERIALIZER_ATOM_FALSE='#'
RAPTOR_SERIALIZER_ATOM_TRUE=''
RAPTOR_SERIALIZER_DOT_FALSE='#'
RAPTOR_SERIALIZER_DOT_TRUE=''
RAPTOR_SERIALIZER_JSON_FALSE='#'
RAPTOR_SERIALIZER_JSON_TRUE=''
RAPTOR_SERIALIZER_NTRIPLES_FALSE='#'
RAPTOR_SERIALIZER_NTRIPLES_TRUE=''
RAPTOR_SERIALIZER_RDFXML_ABBREV_FALSE='#'
RAPTOR_SERIALIZER_RDFXML_ABBREV_TRUE=''
RAPTOR_SERIALIZER_RDFXML_FALSE='#'
RAPTOR_SERIALIZER_RDFXML_TRUE=''
RAPTOR_SERIALIZER_RSS_1_0_FALSE='#'
RAPTOR_SERIALIZER_RSS_1_0_TRUE=''
RAPTOR_SERIALIZER_TURTLE_FALSE='#'
RAPTOR_SERIALIZER_TURTLE_TRUE=''
RAPTOR_VERSION_DECIMAL='10419'
RAPTOR_WWW_LIBRARY='none'
RAPTOR_XML_EXPAT_FALSE='#'
RAPTOR_XML_EXPAT_TRUE=''
RAPTOR_XML_LIBXML_FALSE=''
RAPTOR_XML_LIBXML_TRUE='#'
RAPTOR_XML_PARSER='expat'
RELEASE_VERSION_FALSE=''
RELEASE_VERSION_TRUE='#'
RPM_RELEASE='SNAP'
SED='/bin/sed'
SET_MAKE=''
SHELL='/bin/bash'
STRCASECMP_FALSE='#'
STRCASECMP_TRUE=''
STRIP='strip'
TAR='tar'
VERSION='1.4.19'
XML_CONFIG=''
XSLT_CONFIG=''
YACC='yacc'
YFLAGS=''
abs_top_builddir='/home/ariana/workspace/enisi/hpylori_compartments/deps/src/project_copasi_deps/src/raptor'
abs_top_srcdir='/home/ariana/workspace/enisi/hpylori_compartments/deps/src/project_copasi_deps/src/raptor'
ac_ct_CC='gcc'
ac_ct_DUMPBIN=''
am__fastdepCC_FALSE='#'
am__fastdepCC_TRUE=''
am__include='include'
am__isrc=''
am__leading_dot='.'
am__quote=''
am__tar='${AMTAR} chof - "$$tardir"'
am__untar='${AMTAR} xf -'
bindir='${exec_prefix}/bin'
build='x86_64-unknown-linux-gnu'
build_alias=''
build_cpu='x86_64'
build_os='linux-gnu'
build_vendor='unknown'
datadir='${datarootdir}'
datarootdir='${prefix}/share'
docdir='${datarootdir}/doc/${PACKAGE_TARNAME}'
dvidir='${docdir}'
exec_prefix='${prefix}'
host='x86_64-unknown-linux-gnu'
host_alias=''
host_cpu='x86_64'
host_os='linux-gnu'
host_vendor='unknown'
htmldir='${docdir}'
includedir='${prefix}/include'
infodir='${datarootdir}/info'
install_sh='$(SHELL) /home/ariana/workspace/enisi/hpylori_compartments/deps/src/project_copasi_deps/src/raptor/install-sh'
libdir='${exec_prefix}/lib'
libexecdir='${exec_prefix}/libexec'
localedir='${datarootdir}/locale'
localstatedir='${prefix}/var'
lt_ECHO='echo'
mandir='${datarootdir}/man'
mkdir_p='/bin/mkdir -p'
oldincludedir='/usr/include'
pdfdir='${docdir}'
prefix='/home/ariana/workspace/enisi/hpylori_compartments/deps/src/project_copasi_deps/bin'
program_transform_name='s,x,x,'
psdir='${docdir}'
sbindir='${exec_prefix}/sbin'
sharedstatedir='${prefix}/com'
sysconfdir='${prefix}/etc'
target_alias=''

## ----------- ##
## confdefs.h. ##
## ----------- ##

#define PACKAGE_NAME "Raptor RDF Parser"
#define PACKAGE_TARNAME "raptor"
#define PACKAGE_VERSION "1.4.19"
#define PACKAGE_STRING "Raptor RDF Parser 1.4.19"
#define PACKAGE_BUGREPORT "http://bugs.librdf.org/"
#define PACKAGE "raptor"
#define VERSION "1.4.19"
#define STDC_HEADERS 1
#define HAVE_SYS_TYPES_H 1
#define HAVE_SYS_STAT_H 1
#define HAVE_STDLIB_H 1
#define HAVE_STRING_H 1
#define HAVE_MEMORY_H 1
#define HAVE_STRINGS_H 1
#define HAVE_INTTYPES_H 1
#define HAVE_STDINT_H 1
#define HAVE_UNISTD_H 1
#define HAVE_DLFCN_H 1
#define LT_OBJDIR ".libs/"
#define STDC_HEADERS 1
#define HAVE_ERRNO_H 1
#define HAVE_STDLIB_H 1
#define HAVE_UNISTD_H 1
#define HAVE_STRING_H 1
#define HAVE_LIMITS_H 1
#define HAVE_MATH_H 1
#define HAVE_GETOPT_H 1
#define HAVE_SYS_STAT_H 1
#define HAVE_SYS_PARAM_H 1
#define HAVE_SYS_TIME_H 1
#define HAVE_SETJMP_H 1
#define TIME_WITH_SYS_TIME 1
#define SIZEOF_UNSIGNED_CHAR 1
#define SIZEOF_UNSIGNED_SHORT 2
#define SIZEOF_UNSIGNED_INT 4
#define SIZEOF_UNSIGNED_LONG 8
#define RAPTOR_VERSION_MAJOR 1
#define RAPTOR_VERSION_MINOR 4
#define RAPTOR_VERSION_RELEASE 19
#define RAPTOR_VERSION_DECIMAL 10419
#define HAVE_GETTIMEOFDAY 1
#define HAVE_GETOPT 1
#define HAVE_GETOPT_LONG 1
#define HAVE_STRCASECMP 1
#define HAVE_VSNPRINTF 1
#define HAVE_ISASCII 1
#define HAVE_SETJMP 1
#define HAVE_C99_VSNPRINTF 1
#define HAVE_TRUNC 1
#define HAVE_ROUND 1
#define HAVE_EXPAT_H 1
#define RAPTOR_XML_EXPAT 1
#define RAPTOR_PARSER_RDFXML 1
#define RAPTOR_PARSER_NTRIPLES 1
#define RAPTOR_PARSER_TURTLE 1
#define RAPTOR_PARSER_TRIG 1
#define RAPTOR_PARSER_GUESS 1
#define RAPTOR_PARSER_RSS 1
#define RAPTOR_PARSER_RDFA 1
#define RAPTOR_SERIALIZER_RDFXML 1
#define RAPTOR_SERIALIZER_RDFXML_ABBREV 1
#define RAPTOR_SERIALIZER_TURTLE 1
#define RAPTOR_SERIALIZER_NTRIPLES 1
#define RAPTOR_SERIALIZER_RSS_1_0 1
#define RAPTOR_SERIALIZER_DOT 1
#define RAPTOR_SERIALIZER_JSON 1
#define RAPTOR_SERIALIZER_ATOM 1
#define RAPTOR_NFC_CHECK 1
#define RAPTOR_WWW_NONE 1
#define HAVE_RAPTOR_PARSE_DATE 1

configure: exit 0
