This file contains any messages produced by compilers while
running configure, to aid debugging if configure makes a mistake.

It was created by netCDF-cxx configure 4.2, which was
generated by GNU Autoconf 2.66.  Invocation command line was

  $ ./configure --prefix=/home/ariana/workspace/enisi/hpylori_compartments/deps/src/project_repast/ext//NetCDF

## --------- ##
## Platform. ##
## --------- ##

hostname = herbst-Lenovo-B40-80
uname -m = x86_64
uname -r = 4.4.0-36-generic
uname -s = Linux
uname -v = #55-Ubuntu SMP Thu Aug 11 18:01:55 UTC 2016

/usr/bin/uname -p = unknown
/bin/uname -X     = unknown

/bin/arch              = unknown
/usr/bin/arch -k       = unknown
/usr/convex/getsysinfo = unknown
/usr/bin/hostinfo      = unknown
/bin/machine           = unknown
/usr/bin/oslevel       = unknown
/bin/universe          = unknown

PATH: /usr/local/sbin
PATH: /usr/local/bin
PATH: /usr/sbin
PATH: /usr/bin
PATH: /sbin
PATH: /bin
PATH: /usr/games
PATH: /usr/local/games
PATH: /snap/bin


## ----------- ##
## Core tests. ##
## ----------- ##

configure:2335: netCDF-cxx 4.2
configure:2375: checking build system type
configure:2389: result: x86_64-unknown-linux-gnu
configure:2409: checking host system type
configure:2422: result: x86_64-unknown-linux-gnu
configure:2444: checking target system type
configure:2457: result: x86_64-unknown-linux-gnu
configure:2505: checking for a BSD-compatible install
configure:2573: result: /usr/bin/install -c
configure:2584: checking whether build environment is sane
configure:2634: result: yes
configure:2775: checking for a thread-safe mkdir -p
configure:2814: result: /bin/mkdir -p
configure:2827: checking for gawk
configure:2857: result: no
configure:2827: checking for mawk
configure:2843: found /usr/bin/mawk
configure:2854: result: mawk
configure:2865: checking whether make sets $(MAKE)
configure:2887: result: yes
configure:2971: checking user options
configure:2975: checking whether extra valgrind tests should be run
configure:2983: result: no
configure:2987: checking whether netCDF extra tests should be run (developers only)
configure:2995: result: no
configure:3012: checking whether large file (> 2GB) tests should be run
configure:3020: result: no
configure:3039: checking where to put large temp files if large file tests are run
configure:3048: result: .
configure:3057: finding C++ compiler (will not be used if C++ API is not desired)
configure:3117: checking for g++
configure:3133: found /usr/bin/g++
configure:3144: result: g++
configure:3171: checking for C++ compiler version
configure:3180: g++ --version >&5
g++ (Ubuntu 5.4.0-6ubuntu1~16.04.2) 5.4.0 20160609
Copyright (C) 2015 Free Software Foundation, Inc.
This is free software; see the source for copying conditions.  There is NO
warranty; not even for MERCHANTABILITY or FITNESS FOR A PARTICULAR PURPOSE.

configure:3191: $? = 0
configure:3180: g++ -v >&5
Using built-in specs.
COLLECT_GCC=g++
COLLECT_LTO_WRAPPER=/usr/lib/gcc/x86_64-linux-gnu/5/lto-wrapper
Target: x86_64-linux-gnu
Configured with: ../src/configure -v --with-pkgversion='Ubuntu 5.4.0-6ubuntu1~16.04.2' --with-bugurl=file:///usr/share/doc/gcc-5/README.Bugs --enable-languages=c,ada,c++,java,go,d,fortran,objc,obj-c++ --prefix=/usr --program-suffix=-5 --enable-shared --enable-linker-build-id --libexecdir=/usr/lib --without-included-gettext --enable-threads=posix --libdir=/usr/lib --enable-nls --with-sysroot=/ --enable-clocale=gnu --enable-libstdcxx-debug --enable-libstdcxx-time=yes --with-default-libstdcxx-abi=new --enable-gnu-unique-object --disable-vtable-verify --enable-libmpx --enable-plugin --with-system-zlib --disable-browser-plugin --enable-java-awt=gtk --enable-gtk-cairo --with-java-home=/usr/lib/jvm/java-1.5.0-gcj-5-amd64/jre --enable-java-home --with-jvm-root-dir=/usr/lib/jvm/java-1.5.0-gcj-5-amd64 --with-jvm-jar-dir=/usr/lib/jvm-exports/java-1.5.0-gcj-5-amd64 --with-arch-directory=amd64 --with-ecj-jar=/usr/share/java/eclipse-ecj.jar --enable-objc-gc --enable-multiarch --disable-werror --with-arch-32=i686 --with-abi=m64 --with-multilib-list=m32,m64,mx32 --enable-multilib --with-tune=generic --enable-checking=release --build=x86_64-linux-gnu --host=x86_64-linux-gnu --target=x86_64-linux-gnu
Thread model: posix
gcc version 5.4.0 20160609 (Ubuntu 5.4.0-6ubuntu1~16.04.2) 
configure:3191: $? = 0
configure:3180: g++ -V >&5
g++: error: unrecognized command line option '-V'
g++: fatal error: no input files
compilation terminated.
configure:3191: $? = 1
configure:3180: g++ -qversion >&5
g++: error: unrecognized command line option '-qversion'
g++: fatal error: no input files
compilation terminated.
configure:3191: $? = 1
configure:3211: checking whether the C++ compiler works
configure:3233: g++  -I/home/ariana/workspace/enisi/hpylori_compartments/deps/src/project_repast/ext//NetCDF/include -L/home/ariana/workspace/enisi/hpylori_compartments/deps/src/project_repast/ext//NetCDF/lib conftest.cpp  >&5
configure:3237: $? = 0
configure:3285: result: yes
configure:3288: checking for C++ compiler default output file name
configure:3290: result: a.out
configure:3296: checking for suffix of executables
configure:3303: g++ -o conftest  -I/home/ariana/workspace/enisi/hpylori_compartments/deps/src/project_repast/ext//NetCDF/include -L/home/ariana/workspace/enisi/hpylori_compartments/deps/src/project_repast/ext//NetCDF/lib conftest.cpp  >&5
configure:3307: $? = 0
configure:3329: result: 
configure:3351: checking whether we are cross compiling
configure:3359: g++ -o conftest  -I/home/ariana/workspace/enisi/hpylori_compartments/deps/src/project_repast/ext//NetCDF/include -L/home/ariana/workspace/enisi/hpylori_compartments/deps/src/project_repast/ext//NetCDF/lib conftest.cpp  >&5
configure:3363: $? = 0
configure:3370: ./conftest
configure:3374: $? = 0
configure:3389: result: no
configure:3394: checking for suffix of object files
configure:3416: g++ -c  -I/home/ariana/workspace/enisi/hpylori_compartments/deps/src/project_repast/ext//NetCDF/include conftest.cpp >&5
configure:3420: $? = 0
configure:3441: result: o
configure:3445: checking whether we are using the GNU C++ compiler
configure:3464: g++ -c  -I/home/ariana/workspace/enisi/hpylori_compartments/deps/src/project_repast/ext//NetCDF/include conftest.cpp >&5
configure:3464: $? = 0
configure:3473: result: yes
configure:3482: checking whether g++ accepts -g
configure:3502: g++ -c -g -I/home/ariana/workspace/enisi/hpylori_compartments/deps/src/project_repast/ext//NetCDF/include conftest.cpp >&5
configure:3502: $? = 0
configure:3543: result: yes
configure:3577: checking for style of include used by make
configure:3605: result: GNU
configure:3630: checking dependency style of g++
configure:3740: result: gcc3
configure:3757: setting up libtool
configure:3806: checking how to print strings
configure:3833: result: printf
configure:3902: checking for gcc
configure:3918: found /usr/bin/gcc
configure:3929: result: gcc
configure:4158: checking for C compiler version
configure:4167: gcc --version >&5
gcc (Ubuntu 5.4.0-6ubuntu1~16.04.2) 5.4.0 20160609
Copyright (C) 2015 Free Software Foundation, Inc.
This is free software; see the source for copying conditions.  There is NO
warranty; not even for MERCHANTABILITY or FITNESS FOR A PARTICULAR PURPOSE.

configure:4178: $? = 0
configure:4167: gcc -v >&5
Using built-in specs.
COLLECT_GCC=gcc
COLLECT_LTO_WRAPPER=/usr/lib/gcc/x86_64-linux-gnu/5/lto-wrapper
Target: x86_64-linux-gnu
Configured with: ../src/configure -v --with-pkgversion='Ubuntu 5.4.0-6ubuntu1~16.04.2' --with-bugurl=file:///usr/share/doc/gcc-5/README.Bugs --enable-languages=c,ada,c++,java,go,d,fortran,objc,obj-c++ --prefix=/usr --program-suffix=-5 --enable-shared --enable-linker-build-id --libexecdir=/usr/lib --without-included-gettext --enable-threads=posix --libdir=/usr/lib --enable-nls --with-sysroot=/ --enable-clocale=gnu --enable-libstdcxx-debug --enable-libstdcxx-time=yes --with-default-libstdcxx-abi=new --enable-gnu-unique-object --disable-vtable-verify --enable-libmpx --enable-plugin --with-system-zlib --disable-browser-plugin --enable-java-awt=gtk --enable-gtk-cairo --with-java-home=/usr/lib/jvm/java-1.5.0-gcj-5-amd64/jre --enable-java-home --with-jvm-root-dir=/usr/lib/jvm/java-1.5.0-gcj-5-amd64 --with-jvm-jar-dir=/usr/lib/jvm-exports/java-1.5.0-gcj-5-amd64 --with-arch-directory=amd64 --with-ecj-jar=/usr/share/java/eclipse-ecj.jar --enable-objc-gc --enable-multiarch --disable-werror --with-arch-32=i686 --with-abi=m64 --with-multilib-list=m32,m64,mx32 --enable-multilib --with-tune=generic --enable-checking=release --build=x86_64-linux-gnu --host=x86_64-linux-gnu --target=x86_64-linux-gnu
Thread model: posix
gcc version 5.4.0 20160609 (Ubuntu 5.4.0-6ubuntu1~16.04.2) 
configure:4178: $? = 0
configure:4167: gcc -V >&5
gcc: error: unrecognized command line option '-V'
gcc: fatal error: no input files
compilation terminated.
configure:4178: $? = 1
configure:4167: gcc -qversion >&5
gcc: error: unrecognized command line option '-qversion'
gcc: fatal error: no input files
compilation terminated.
configure:4178: $? = 1
configure:4182: checking whether we are using the GNU C compiler
configure:4201: gcc -c  -I/home/ariana/workspace/enisi/hpylori_compartments/deps/src/project_repast/ext//NetCDF/include conftest.c >&5
configure:4201: $? = 0
configure:4210: result: yes
configure:4219: checking whether gcc accepts -g
configure:4239: gcc -c -g -I/home/ariana/workspace/enisi/hpylori_compartments/deps/src/project_repast/ext//NetCDF/include conftest.c >&5
configure:4239: $? = 0
configure:4280: result: yes
configure:4297: checking for gcc option to accept ISO C89
configure:4361: gcc  -c -g -O2 -I/home/ariana/workspace/enisi/hpylori_compartments/deps/src/project_repast/ext//NetCDF/include conftest.c >&5
configure:4361: $? = 0
configure:4374: result: none needed
configure:4396: checking dependency style of gcc
configure:4506: result: gcc3
configure:4521: checking for a sed that does not truncate output
configure:4585: result: /bin/sed
configure:4603: checking for grep that handles long lines and -e
configure:4661: result: /bin/grep
configure:4666: checking for egrep
configure:4728: result: /bin/grep -E
configure:4733: checking for fgrep
configure:4795: result: /bin/grep -F
configure:4830: checking for ld used by gcc
configure:4897: result: /usr/bin/ld
configure:4904: checking if the linker (/usr/bin/ld) is GNU ld
configure:4919: result: yes
configure:4931: checking for BSD- or MS-compatible name lister (nm)
configure:4980: result: /usr/bin/nm -B
configure:5110: checking the name lister (/usr/bin/nm -B) interface
configure:5117: gcc -c -g -O2 -I/home/ariana/workspace/enisi/hpylori_compartments/deps/src/project_repast/ext//NetCDF/include conftest.c >&5
configure:5120: /usr/bin/nm -B "conftest.o"
configure:5123: output
0000000000000000 B some_variable
configure:5130: result: BSD nm
configure:5133: checking whether ln -s works
configure:5137: result: yes
configure:5145: checking the maximum length of command line arguments
configure:5270: result: 1572864
configure:5287: checking whether the shell understands some XSI constructs
configure:5297: result: yes
configure:5301: checking whether the shell understands "+="
configure:5307: result: yes
configure:5342: checking for /usr/bin/ld option to reload object files
configure:5349: result: -r
configure:5418: checking for objdump
configure:5434: found /usr/bin/objdump
configure:5445: result: objdump
configure:5477: checking how to recognize dependent libraries
configure:5679: result: pass_all
configure:5739: checking for ar
configure:5755: found /usr/bin/ar
configure:5766: result: ar
configure:5844: checking for strip
configure:5860: found /usr/bin/strip
configure:5871: result: strip
configure:5943: checking for ranlib
configure:5959: found /usr/bin/ranlib
configure:5970: result: ranlib
configure:6072: checking command to parse /usr/bin/nm -B output from gcc object
configure:6190: gcc -c -g -O2 -I/home/ariana/workspace/enisi/hpylori_compartments/deps/src/project_repast/ext//NetCDF/include conftest.c >&5
configure:6193: $? = 0
configure:6197: /usr/bin/nm -B conftest.o \| sed -n -e 's/^.*[ ]\([ABCDGIRSTW][ABCDGIRSTW]*\)[ ][ ]*\([_A-Za-z][_A-Za-z0-9]*\)$/\1 \2 \2/p' \> conftest.nm
configure:6200: $? = 0
configure:6254: gcc -o conftest -g -O2 -I/home/ariana/workspace/enisi/hpylori_compartments/deps/src/project_repast/ext//NetCDF/include -L/home/ariana/workspace/enisi/hpylori_compartments/deps/src/project_repast/ext//NetCDF/lib conftest.c conftstm.o >&5
configure:6257: $? = 0
configure:6295: result: ok
configure:6391: gcc -c -g -O2 -I/home/ariana/workspace/enisi/hpylori_compartments/deps/src/project_repast/ext//NetCDF/include conftest.c >&5
configure:6394: $? = 0
configure:7136: checking how to run the C preprocessor
configure:7167: gcc -E -I/home/ariana/workspace/enisi/hpylori_compartments/deps/src/project_repast/ext//NetCDF/include conftest.c
configure:7167: $? = 0
configure:7181: gcc -E -I/home/ariana/workspace/enisi/hpylori_compartments/deps/src/project_repast/ext//NetCDF/include conftest.c
conftest.c:12:28: fatal error: ac_nonexistent.h: No such file or directory
compilation terminated.
configure:7181: $? = 1
configure: failed program was:
| /* confdefs.h */
| #define PACKAGE_NAME "netCDF-cxx"
| #define PACKAGE_TARNAME "netcdf-cxx"
| #define PACKAGE_VERSION "4.2"
| #define PACKAGE_STRING "netCDF-cxx 4.2"
| #define PACKAGE_BUGREPORT "support-netcdf@unidata.ucar.edu"
| #define PACKAGE_URL ""
| #define PACKAGE "netcdf-cxx"
| #define VERSION "4.2"
| #define TEMP_LARGE "."
| /* end confdefs.h.  */
| #include <ac_nonexistent.h>
configure:7206: result: gcc -E
configure:7226: gcc -E -I/home/ariana/workspace/enisi/hpylori_compartments/deps/src/project_repast/ext//NetCDF/include conftest.c
configure:7226: $? = 0
configure:7240: gcc -E -I/home/ariana/workspace/enisi/hpylori_compartments/deps/src/project_repast/ext//NetCDF/include conftest.c
conftest.c:12:28: fatal error: ac_nonexistent.h: No such file or directory
compilation terminated.
configure:7240: $? = 1
configure: failed program was:
| /* confdefs.h */
| #define PACKAGE_NAME "netCDF-cxx"
| #define PACKAGE_TARNAME "netcdf-cxx"
| #define PACKAGE_VERSION "4.2"
| #define PACKAGE_STRING "netCDF-cxx 4.2"
| #define PACKAGE_BUGREPORT "support-netcdf@unidata.ucar.edu"
| #define PACKAGE_URL ""
| #define PACKAGE "netcdf-cxx"
| #define VERSION "4.2"
| #define TEMP_LARGE "."
| /* end confdefs.h.  */
| #include <ac_nonexistent.h>
configure:7269: checking for ANSI C header files
configure:7289: gcc -c -g -O2 -I/home/ariana/workspace/enisi/hpylori_compartments/deps/src/project_repast/ext//NetCDF/include conftest.c >&5
configure:7289: $? = 0
configure:7362: gcc -o conftest -g -O2 -I/home/ariana/workspace/enisi/hpylori_compartments/deps/src/project_repast/ext//NetCDF/include -L/home/ariana/workspace/enisi/hpylori_compartments/deps/src/project_repast/ext//NetCDF/lib conftest.c  >&5
configure:7362: $? = 0
configure:7362: ./conftest
configure:7362: $? = 0
configure:7373: result: yes
configure:7386: checking for sys/types.h
configure:7386: gcc -c -g -O2 -I/home/ariana/workspace/enisi/hpylori_compartments/deps/src/project_repast/ext//NetCDF/include conftest.c >&5
configure:7386: $? = 0
configure:7386: result: yes
configure:7386: checking for sys/stat.h
configure:7386: gcc -c -g -O2 -I/home/ariana/workspace/enisi/hpylori_compartments/deps/src/project_repast/ext//NetCDF/include conftest.c >&5
configure:7386: $? = 0
configure:7386: result: yes
configure:7386: checking for stdlib.h
configure:7386: gcc -c -g -O2 -I/home/ariana/workspace/enisi/hpylori_compartments/deps/src/project_repast/ext//NetCDF/include conftest.c >&5
configure:7386: $? = 0
configure:7386: result: yes
configure:7386: checking for string.h
configure:7386: gcc -c -g -O2 -I/home/ariana/workspace/enisi/hpylori_compartments/deps/src/project_repast/ext//NetCDF/include conftest.c >&5
configure:7386: $? = 0
configure:7386: result: yes
configure:7386: checking for memory.h
configure:7386: gcc -c -g -O2 -I/home/ariana/workspace/enisi/hpylori_compartments/deps/src/project_repast/ext//NetCDF/include conftest.c >&5
configure:7386: $? = 0
configure:7386: result: yes
configure:7386: checking for strings.h
configure:7386: gcc -c -g -O2 -I/home/ariana/workspace/enisi/hpylori_compartments/deps/src/project_repast/ext//NetCDF/include conftest.c >&5
configure:7386: $? = 0
configure:7386: result: yes
configure:7386: checking for inttypes.h
configure:7386: gcc -c -g -O2 -I/home/ariana/workspace/enisi/hpylori_compartments/deps/src/project_repast/ext//NetCDF/include conftest.c >&5
configure:7386: $? = 0
configure:7386: result: yes
configure:7386: checking for stdint.h
configure:7386: gcc -c -g -O2 -I/home/ariana/workspace/enisi/hpylori_compartments/deps/src/project_repast/ext//NetCDF/include conftest.c >&5
configure:7386: $? = 0
configure:7386: result: yes
configure:7386: checking for unistd.h
configure:7386: gcc -c -g -O2 -I/home/ariana/workspace/enisi/hpylori_compartments/deps/src/project_repast/ext//NetCDF/include conftest.c >&5
configure:7386: $? = 0
configure:7386: result: yes
configure:7400: checking for dlfcn.h
configure:7400: gcc -c -g -O2 -I/home/ariana/workspace/enisi/hpylori_compartments/deps/src/project_repast/ext//NetCDF/include conftest.c >&5
configure:7400: $? = 0
configure:7400: result: yes
configure:7588: checking for objdir
configure:7603: result: .libs
configure:7874: checking if gcc supports -fno-rtti -fno-exceptions
configure:7892: gcc -c -g -O2 -I/home/ariana/workspace/enisi/hpylori_compartments/deps/src/project_repast/ext//NetCDF/include -fno-rtti -fno-exceptions conftest.c >&5
cc1: warning: command line option '-fno-rtti' is valid for C++/ObjC++ but not for C
configure:7896: $? = 0
configure:7909: result: no
configure:7929: checking for gcc option to produce PIC
configure:8214: result: -fPIC -DPIC
configure:8226: checking if gcc PIC flag -fPIC -DPIC works
configure:8244: gcc -c -g -O2 -I/home/ariana/workspace/enisi/hpylori_compartments/deps/src/project_repast/ext//NetCDF/include -fPIC -DPIC -DPIC conftest.c >&5
configure:8248: $? = 0
configure:8261: result: yes
configure:8285: checking if gcc static flag -static works
configure:8313: result: yes
configure:8328: checking if gcc supports -c -o file.o
configure:8349: gcc -c -g -O2 -I/home/ariana/workspace/enisi/hpylori_compartments/deps/src/project_repast/ext//NetCDF/include -o out/conftest2.o conftest.c >&5
configure:8353: $? = 0
configure:8375: result: yes
configure:8383: checking if gcc supports -c -o file.o
configure:8430: result: yes
configure:8463: checking whether the gcc linker (/usr/bin/ld -m elf_x86_64) supports shared libraries
configure:9538: result: yes
configure:9575: checking whether -lc should be explicitly linked in
configure:9583: gcc -c -g -O2 -I/home/ariana/workspace/enisi/hpylori_compartments/deps/src/project_repast/ext//NetCDF/include conftest.c >&5
configure:9586: $? = 0
configure:9601: gcc -shared conftest.o  -v -Wl,-soname -Wl,conftest -o conftest 2\>\&1 \| /bin/grep  -lc  \>/dev/null 2\>\&1
configure:9604: $? = 0
configure:9618: result: no
configure:9783: checking dynamic linker characteristics
configure:10238: gcc -o conftest -g -O2 -I/home/ariana/workspace/enisi/hpylori_compartments/deps/src/project_repast/ext//NetCDF/include -L/home/ariana/workspace/enisi/hpylori_compartments/deps/src/project_repast/ext//NetCDF/lib -Wl,-rpath -Wl,/foo conftest.c  >&5
configure:10238: $? = 0
configure:10464: result: GNU/Linux ld.so
configure:10571: checking how to hardcode library paths into programs
configure:10596: result: immediate
configure:11136: checking whether stripping libraries is possible
configure:11141: result: yes
configure:11176: checking if libtool supports shared libraries
configure:11178: result: yes
configure:11181: checking whether to build shared libraries
configure:11202: result: yes
configure:11205: checking whether to build static libraries
configure:11209: result: yes
configure:11232: checking how to run the C++ preprocessor
configure:11259: g++ -E -I/home/ariana/workspace/enisi/hpylori_compartments/deps/src/project_repast/ext//NetCDF/include conftest.cpp
configure:11259: $? = 0
configure:11273: g++ -E -I/home/ariana/workspace/enisi/hpylori_compartments/deps/src/project_repast/ext//NetCDF/include conftest.cpp
conftest.cpp:24:28: fatal error: ac_nonexistent.h: No such file or directory
compilation terminated.
configure:11273: $? = 1
configure: failed program was:
| /* confdefs.h */
| #define PACKAGE_NAME "netCDF-cxx"
| #define PACKAGE_TARNAME "netcdf-cxx"
| #define PACKAGE_VERSION "4.2"
| #define PACKAGE_STRING "netCDF-cxx 4.2"
| #define PACKAGE_BUGREPORT "support-netcdf@unidata.ucar.edu"
| #define PACKAGE_URL ""
| #define PACKAGE "netcdf-cxx"
| #define VERSION "4.2"
| #define TEMP_LARGE "."
| #define STDC_HEADERS 1
| #define HAVE_SYS_TYPES_H 1
| #define HAVE_SYS_STAT_H 1
| #define HAVE_STDLIB_H 1
| #define HAVE_STRING_H 1
| #define HAVE_MEMORY_H 1
| #define HAVE_STRINGS_H 1
| #define HAVE_INTTYPES_H 1
| #define HAVE_STDINT_H 1
| #define HAVE_UNISTD_H 1
| #define HAVE_DLFCN_H 1
| #define LT_OBJDIR ".libs/"
| /* end confdefs.h.  */
| #include <ac_nonexistent.h>
configure:11298: result: g++ -E
configure:11318: g++ -E -I/home/ariana/workspace/enisi/hpylori_compartments/deps/src/project_repast/ext//NetCDF/include conftest.cpp
configure:11318: $? = 0
configure:11332: g++ -E -I/home/ariana/workspace/enisi/hpylori_compartments/deps/src/project_repast/ext//NetCDF/include conftest.cpp
conftest.cpp:24:28: fatal error: ac_nonexistent.h: No such file or directory
compilation terminated.
configure:11332: $? = 1
configure: failed program was:
| /* confdefs.h */
| #define PACKAGE_NAME "netCDF-cxx"
| #define PACKAGE_TARNAME "netcdf-cxx"
| #define PACKAGE_VERSION "4.2"
| #define PACKAGE_STRING "netCDF-cxx 4.2"
| #define PACKAGE_BUGREPORT "support-netcdf@unidata.ucar.edu"
| #define PACKAGE_URL ""
| #define PACKAGE "netcdf-cxx"
| #define VERSION "4.2"
| #define TEMP_LARGE "."
| #define STDC_HEADERS 1
| #define HAVE_SYS_TYPES_H 1
| #define HAVE_SYS_STAT_H 1
| #define HAVE_STDLIB_H 1
| #define HAVE_STRING_H 1
| #define HAVE_MEMORY_H 1
| #define HAVE_STRINGS_H 1
| #define HAVE_INTTYPES_H 1
| #define HAVE_STDINT_H 1
| #define HAVE_UNISTD_H 1
| #define HAVE_DLFCN_H 1
| #define LT_OBJDIR ".libs/"
| /* end confdefs.h.  */
| #include <ac_nonexistent.h>
configure:11500: checking for ld used by g++
configure:11567: result: /usr/bin/ld -m elf_x86_64
configure:11574: checking if the linker (/usr/bin/ld -m elf_x86_64) is GNU ld
configure:11589: result: yes
configure:11644: checking whether the g++ linker (/usr/bin/ld -m elf_x86_64) supports shared libraries
configure:12576: result: yes
configure:12604: g++ -c -g -O2 -I/home/ariana/workspace/enisi/hpylori_compartments/deps/src/project_repast/ext//NetCDF/include conftest.cpp >&5
configure:12607: $? = 0
configure:12789: checking for g++ option to produce PIC
configure:13111: result: -fPIC -DPIC
configure:13120: checking if g++ PIC flag -fPIC -DPIC works
configure:13138: g++ -c -g -O2 -I/home/ariana/workspace/enisi/hpylori_compartments/deps/src/project_repast/ext//NetCDF/include -fPIC -DPIC -DPIC conftest.cpp >&5
configure:13142: $? = 0
configure:13155: result: yes
configure:13176: checking if g++ static flag -static works
configure:13204: result: yes
configure:13216: checking if g++ supports -c -o file.o
configure:13237: g++ -c -g -O2 -I/home/ariana/workspace/enisi/hpylori_compartments/deps/src/project_repast/ext//NetCDF/include -o out/conftest2.o conftest.cpp >&5
configure:13241: $? = 0
configure:13263: result: yes
configure:13268: checking if g++ supports -c -o file.o
configure:13315: result: yes
configure:13345: checking whether the g++ linker (/usr/bin/ld -m elf_x86_64) supports shared libraries
configure:13373: result: yes
configure:13516: checking dynamic linker characteristics
configure:14131: result: GNU/Linux ld.so
configure:14184: checking how to hardcode library paths into programs
configure:14209: result: immediate
configure:14276: finding other utilities
configure:14290: checking for special C compiler options needed for large files
configure:14335: result: no
configure:14341: checking for _FILE_OFFSET_BITS value needed for large files
configure:14366: gcc -c -g -O2 -I/home/ariana/workspace/enisi/hpylori_compartments/deps/src/project_repast/ext//NetCDF/include conftest.c >&5
configure:14366: $? = 0
configure:14398: result: no
configure:14485: checking netcdf.h usability
configure:14485: gcc -c -g -O2 -I/home/ariana/workspace/enisi/hpylori_compartments/deps/src/project_repast/ext//NetCDF/include conftest.c >&5
configure:14485: $? = 0
configure:14485: result: yes
configure:14485: checking netcdf.h presence
configure:14485: gcc -E -I/home/ariana/workspace/enisi/hpylori_compartments/deps/src/project_repast/ext//NetCDF/include conftest.c
configure:14485: $? = 0
configure:14485: result: yes
configure:14485: checking for netcdf.h
configure:14485: result: yes
configure:14497: checking for library containing nc_open
configure:14528: gcc -o conftest -g -O2 -I/home/ariana/workspace/enisi/hpylori_compartments/deps/src/project_repast/ext//NetCDF/include -L/home/ariana/workspace/enisi/hpylori_compartments/deps/src/project_repast/ext//NetCDF/lib conftest.c  >&5
/tmp/ccJzKmoC.o: In function `main':
/home/ariana/workspace/enisi/hpylori_compartments/deps/src/project_repast/INSTALLATION/netcdf-cxx-4.2/conftest.c:36: undefined reference to `nc_open'
collect2: error: ld returned 1 exit status
configure:14528: $? = 1
configure: failed program was:
| /* confdefs.h */
| #define PACKAGE_NAME "netCDF-cxx"
| #define PACKAGE_TARNAME "netcdf-cxx"
| #define PACKAGE_VERSION "4.2"
| #define PACKAGE_STRING "netCDF-cxx 4.2"
| #define PACKAGE_BUGREPORT "support-netcdf@unidata.ucar.edu"
| #define PACKAGE_URL ""
| #define PACKAGE "netcdf-cxx"
| #define VERSION "4.2"
| #define TEMP_LARGE "."
| #define STDC_HEADERS 1
| #define HAVE_SYS_TYPES_H 1
| #define HAVE_SYS_STAT_H 1
| #define HAVE_STDLIB_H 1
| #define HAVE_STRING_H 1
| #define HAVE_MEMORY_H 1
| #define HAVE_STRINGS_H 1
| #define HAVE_INTTYPES_H 1
| #define HAVE_STDINT_H 1
| #define HAVE_UNISTD_H 1
| #define HAVE_DLFCN_H 1
| #define LT_OBJDIR ".libs/"
| #define HAVE_NETCDF_H 1
| /* end confdefs.h.  */
| 
| /* Override any GCC internal prototype to avoid an error.
|    Use char because int might match the return type of a GCC
|    builtin and then its argument prototype would still apply.  */
| #ifdef __cplusplus
| extern "C"
| #endif
| char nc_open ();
| int
| main ()
| {
| return nc_open ();
|   ;
|   return 0;
| }
configure:14528: gcc -o conftest -g -O2 -I/home/ariana/workspace/enisi/hpylori_compartments/deps/src/project_repast/ext//NetCDF/include -L/home/ariana/workspace/enisi/hpylori_compartments/deps/src/project_repast/ext//NetCDF/lib conftest.c -lnetcdf   >&5
configure:14528: $? = 0
configure:14545: result: -lnetcdf
configure:14558: checking for nc_def_opaque
configure:14558: gcc -o conftest -g -O2 -I/home/ariana/workspace/enisi/hpylori_compartments/deps/src/project_repast/ext//NetCDF/include -L/home/ariana/workspace/enisi/hpylori_compartments/deps/src/project_repast/ext//NetCDF/lib conftest.c -lnetcdf  >&5
/tmp/ccLCA3jz.o: In function `main':
/home/ariana/workspace/enisi/hpylori_compartments/deps/src/project_repast/INSTALLATION/netcdf-cxx-4.2/conftest.c:59: undefined reference to `nc_def_opaque'
collect2: error: ld returned 1 exit status
configure:14558: $? = 1
configure: failed program was:
| /* confdefs.h */
| #define PACKAGE_NAME "netCDF-cxx"
| #define PACKAGE_TARNAME "netcdf-cxx"
| #define PACKAGE_VERSION "4.2"
| #define PACKAGE_STRING "netCDF-cxx 4.2"
| #define PACKAGE_BUGREPORT "support-netcdf@unidata.ucar.edu"
| #define PACKAGE_URL ""
| #define PACKAGE "netcdf-cxx"
| #define VERSION "4.2"
| #define TEMP_LARGE "."
| #define STDC_HEADERS 1
| #define HAVE_SYS_TYPES_H 1
| #define HAVE_SYS_STAT_H 1
| #define HAVE_STDLIB_H 1
| #define HAVE_STRING_H 1
| #define HAVE_MEMORY_H 1
| #define HAVE_STRINGS_H 1
| #define HAVE_INTTYPES_H 1
| #define HAVE_STDINT_H 1
| #define HAVE_UNISTD_H 1
| #define HAVE_DLFCN_H 1
| #define LT_OBJDIR ".libs/"
| #define HAVE_NETCDF_H 1
| /* end confdefs.h.  */
| /* Define nc_def_opaque to an innocuous variant, in case <limits.h> declares nc_def_opaque.
|    For example, HP-UX 11i <limits.h> declares gettimeofday.  */
| #define nc_def_opaque innocuous_nc_def_opaque
| 
| /* System header to define __stub macros and hopefully few prototypes,
|     which can conflict with char nc_def_opaque (); below.
|     Prefer <limits.h> to <assert.h> if __STDC__ is defined, since
|     <limits.h> exists even on freestanding compilers.  */
| 
| #ifdef __STDC__
| # include <limits.h>
| #else
| # include <assert.h>
| #endif
| 
| #undef nc_def_opaque
| 
| /* Override any GCC internal prototype to avoid an error.
|    Use char because int might match the return type of a GCC
|    builtin and then its argument prototype would still apply.  */
| #ifdef __cplusplus
| extern "C"
| #endif
| char nc_def_opaque ();
| /* The GNU C library defines this for functions which it implements
|     to always fail with ENOSYS.  Some functions are actually named
|     something starting with __ and the normal name is an alias.  */
| #if defined __stub_nc_def_opaque || defined __stub___nc_def_opaque
| choke me
| #endif
| 
| int
| main ()
| {
| return nc_def_opaque ();
|   ;
|   return 0;
| }
configure:14558: result: no
configure:14558: checking for nccreate
configure:14558: gcc -o conftest -g -O2 -I/home/ariana/workspace/enisi/hpylori_compartments/deps/src/project_repast/ext//NetCDF/include -L/home/ariana/workspace/enisi/hpylori_compartments/deps/src/project_repast/ext//NetCDF/lib conftest.c -lnetcdf  >&5
configure:14558: $? = 0
configure:14558: result: yes
configure:14558: checking for nc_set_log_level
configure:14558: gcc -o conftest -g -O2 -I/home/ariana/workspace/enisi/hpylori_compartments/deps/src/project_repast/ext//NetCDF/include -L/home/ariana/workspace/enisi/hpylori_compartments/deps/src/project_repast/ext//NetCDF/lib conftest.c -lnetcdf  >&5
/tmp/ccgCZRoD.o: In function `main':
/home/ariana/workspace/enisi/hpylori_compartments/deps/src/project_repast/INSTALLATION/netcdf-cxx-4.2/conftest.c:60: undefined reference to `nc_set_log_level'
collect2: error: ld returned 1 exit status
configure:14558: $? = 1
configure: failed program was:
| /* confdefs.h */
| #define PACKAGE_NAME "netCDF-cxx"
| #define PACKAGE_TARNAME "netcdf-cxx"
| #define PACKAGE_VERSION "4.2"
| #define PACKAGE_STRING "netCDF-cxx 4.2"
| #define PACKAGE_BUGREPORT "support-netcdf@unidata.ucar.edu"
| #define PACKAGE_URL ""
| #define PACKAGE "netcdf-cxx"
| #define VERSION "4.2"
| #define TEMP_LARGE "."
| #define STDC_HEADERS 1
| #define HAVE_SYS_TYPES_H 1
| #define HAVE_SYS_STAT_H 1
| #define HAVE_STDLIB_H 1
| #define HAVE_STRING_H 1
| #define HAVE_MEMORY_H 1
| #define HAVE_STRINGS_H 1
| #define HAVE_INTTYPES_H 1
| #define HAVE_STDINT_H 1
| #define HAVE_UNISTD_H 1
| #define HAVE_DLFCN_H 1
| #define LT_OBJDIR ".libs/"
| #define HAVE_NETCDF_H 1
| #define HAVE_NCCREATE 1
| /* end confdefs.h.  */
| /* Define nc_set_log_level to an innocuous variant, in case <limits.h> declares nc_set_log_level.
|    For example, HP-UX 11i <limits.h> declares gettimeofday.  */
| #define nc_set_log_level innocuous_nc_set_log_level
| 
| /* System header to define __stub macros and hopefully few prototypes,
|     which can conflict with char nc_set_log_level (); below.
|     Prefer <limits.h> to <assert.h> if __STDC__ is defined, since
|     <limits.h> exists even on freestanding compilers.  */
| 
| #ifdef __STDC__
| # include <limits.h>
| #else
| # include <assert.h>
| #endif
| 
| #undef nc_set_log_level
| 
| /* Override any GCC internal prototype to avoid an error.
|    Use char because int might match the return type of a GCC
|    builtin and then its argument prototype would still apply.  */
| #ifdef __cplusplus
| extern "C"
| #endif
| char nc_set_log_level ();
| /* The GNU C library defines this for functions which it implements
|     to always fail with ENOSYS.  Some functions are actually named
|     something starting with __ and the normal name is an alias.  */
| #if defined __stub_nc_set_log_level || defined __stub___nc_set_log_level
| choke me
| #endif
| 
| int
| main ()
| {
| return nc_set_log_level ();
|   ;
|   return 0;
| }
configure:14558: result: no
configure:14558: checking for nc_use_parallel_enabled
configure:14558: gcc -o conftest -g -O2 -I/home/ariana/workspace/enisi/hpylori_compartments/deps/src/project_repast/ext//NetCDF/include -L/home/ariana/workspace/enisi/hpylori_compartments/deps/src/project_repast/ext//NetCDF/lib conftest.c -lnetcdf  >&5
/tmp/ccTQWFsG.o: In function `main':
/home/ariana/workspace/enisi/hpylori_compartments/deps/src/project_repast/INSTALLATION/netcdf-cxx-4.2/conftest.c:60: undefined reference to `nc_use_parallel_enabled'
collect2: error: ld returned 1 exit status
configure:14558: $? = 1
configure: failed program was:
| /* confdefs.h */
| #define PACKAGE_NAME "netCDF-cxx"
| #define PACKAGE_TARNAME "netcdf-cxx"
| #define PACKAGE_VERSION "4.2"
| #define PACKAGE_STRING "netCDF-cxx 4.2"
| #define PACKAGE_BUGREPORT "support-netcdf@unidata.ucar.edu"
| #define PACKAGE_URL ""
| #define PACKAGE "netcdf-cxx"
| #define VERSION "4.2"
| #define TEMP_LARGE "."
| #define STDC_HEADERS 1
| #define HAVE_SYS_TYPES_H 1
| #define HAVE_SYS_STAT_H 1
| #define HAVE_STDLIB_H 1
| #define HAVE_STRING_H 1
| #define HAVE_MEMORY_H 1
| #define HAVE_STRINGS_H 1
| #define HAVE_INTTYPES_H 1
| #define HAVE_STDINT_H 1
| #define HAVE_UNISTD_H 1
| #define HAVE_DLFCN_H 1
| #define LT_OBJDIR ".libs/"
| #define HAVE_NETCDF_H 1
| #define HAVE_NCCREATE 1
| /* end confdefs.h.  */
| /* Define nc_use_parallel_enabled to an innocuous variant, in case <limits.h> declares nc_use_parallel_enabled.
|    For example, HP-UX 11i <limits.h> declares gettimeofday.  */
| #define nc_use_parallel_enabled innocuous_nc_use_parallel_enabled
| 
| /* System header to define __stub macros and hopefully few prototypes,
|     which can conflict with char nc_use_parallel_enabled (); below.
|     Prefer <limits.h> to <assert.h> if __STDC__ is defined, since
|     <limits.h> exists even on freestanding compilers.  */
| 
| #ifdef __STDC__
| # include <limits.h>
| #else
| # include <assert.h>
| #endif
| 
| #undef nc_use_parallel_enabled
| 
| /* Override any GCC internal prototype to avoid an error.
|    Use char because int might match the return type of a GCC
|    builtin and then its argument prototype would still apply.  */
| #ifdef __cplusplus
| extern "C"
| #endif
| char nc_use_parallel_enabled ();
| /* The GNU C library defines this for functions which it implements
|     to always fail with ENOSYS.  Some functions are actually named
|     something starting with __ and the normal name is an alias.  */
| #if defined __stub_nc_use_parallel_enabled || defined __stub___nc_use_parallel_enabled
| choke me
| #endif
| 
| int
| main ()
| {
| return nc_use_parallel_enabled ();
|   ;
|   return 0;
| }
configure:14558: result: no
configure:14587: generating header files and makefiles
configure:14731: creating ./config.status

## ---------------------- ##
## Running config.status. ##
## ---------------------- ##

This file was extended by netCDF-cxx config.status 4.2, which was
generated by GNU Autoconf 2.66.  Invocation command line was

  CONFIG_FILES    = 
  CONFIG_HEADERS  = 
  CONFIG_LINKS    = 
  CONFIG_COMMANDS = 
  $ ./config.status 

on herbst-Lenovo-B40-80

config.status:1147: creating Makefile
config.status:1147: creating man4/Makefile
config.status:1147: creating cxx/Makefile
config.status:1147: creating examples/Makefile
config.status:1147: creating config.h
config.status:1375: executing depfiles commands
config.status:1375: executing libtool commands

## ---------------- ##
## Cache variables. ##
## ---------------- ##

ac_cv_build=x86_64-unknown-linux-gnu
ac_cv_c_compiler_gnu=yes
ac_cv_cxx_compiler_gnu=yes
ac_cv_env_CCC_set=
ac_cv_env_CCC_value=
ac_cv_env_CC_set=
ac_cv_env_CC_value=
ac_cv_env_CFLAGS_set=
ac_cv_env_CFLAGS_value=
ac_cv_env_CPPFLAGS_set=set
ac_cv_env_CPPFLAGS_value=-I/home/ariana/workspace/enisi/hpylori_compartments/deps/src/project_repast/ext//NetCDF/include
ac_cv_env_CPP_set=
ac_cv_env_CPP_value=
ac_cv_env_CXXCPP_set=
ac_cv_env_CXXCPP_value=
ac_cv_env_CXXFLAGS_set=
ac_cv_env_CXXFLAGS_value=
ac_cv_env_CXX_set=
ac_cv_env_CXX_value=
ac_cv_env_LDFLAGS_set=set
ac_cv_env_LDFLAGS_value=-L/home/ariana/workspace/enisi/hpylori_compartments/deps/src/project_repast/ext//NetCDF/lib
ac_cv_env_LIBS_set=
ac_cv_env_LIBS_value=
ac_cv_env_build_alias_set=
ac_cv_env_build_alias_value=
ac_cv_env_host_alias_set=
ac_cv_env_host_alias_value=
ac_cv_env_target_alias_set=
ac_cv_env_target_alias_value=
ac_cv_func_nc_def_opaque=no
ac_cv_func_nc_set_log_level=no
ac_cv_func_nc_use_parallel_enabled=no
ac_cv_func_nccreate=yes
ac_cv_header_dlfcn_h=yes
ac_cv_header_inttypes_h=yes
ac_cv_header_memory_h=yes
ac_cv_header_netcdf_h=yes
ac_cv_header_stdc=yes
ac_cv_header_stdint_h=yes
ac_cv_header_stdlib_h=yes
ac_cv_header_string_h=yes
ac_cv_header_strings_h=yes
ac_cv_header_sys_stat_h=yes
ac_cv_header_sys_types_h=yes
ac_cv_header_unistd_h=yes
ac_cv_host=x86_64-unknown-linux-gnu
ac_cv_objext=o
ac_cv_path_EGREP='/bin/grep -E'
ac_cv_path_FGREP='/bin/grep -F'
ac_cv_path_GREP=/bin/grep
ac_cv_path_SED=/bin/sed
ac_cv_path_install='/usr/bin/install -c'
ac_cv_path_mkdir=/bin/mkdir
ac_cv_prog_AWK=mawk
ac_cv_prog_CPP='gcc -E'
ac_cv_prog_CXXCPP='g++ -E'
ac_cv_prog_ac_ct_AR=ar
ac_cv_prog_ac_ct_CC=gcc
ac_cv_prog_ac_ct_CXX=g++
ac_cv_prog_ac_ct_OBJDUMP=objdump
ac_cv_prog_ac_ct_RANLIB=ranlib
ac_cv_prog_ac_ct_STRIP=strip
ac_cv_prog_cc_c89=
ac_cv_prog_cc_g=yes
ac_cv_prog_cxx_g=yes
ac_cv_prog_make_make_set=yes
ac_cv_search_nc_open=-lnetcdf
ac_cv_sys_file_offset_bits=no
ac_cv_sys_largefile_CC=no
ac_cv_target=x86_64-unknown-linux-gnu
am_cv_CC_dependencies_compiler_type=gcc3
am_cv_CXX_dependencies_compiler_type=gcc3
lt_cv_archive_cmds_need_lc=no
lt_cv_deplibs_check_method=pass_all
lt_cv_file_magic_cmd='$MAGIC_CMD'
lt_cv_file_magic_test_file=
lt_cv_ld_reload_flag=-r
lt_cv_nm_interface='BSD nm'
lt_cv_objdir=.libs
lt_cv_path_LD=/usr/bin/ld
lt_cv_path_LDCXX='/usr/bin/ld -m elf_x86_64'
lt_cv_path_NM='/usr/bin/nm -B'
lt_cv_prog_compiler_c_o=yes
lt_cv_prog_compiler_c_o_CXX=yes
lt_cv_prog_compiler_pic_works=yes
lt_cv_prog_compiler_pic_works_CXX=yes
lt_cv_prog_compiler_rtti_exceptions=no
lt_cv_prog_compiler_static_works=yes
lt_cv_prog_compiler_static_works_CXX=yes
lt_cv_prog_gnu_ld=yes
lt_cv_prog_gnu_ldcxx=yes
lt_cv_shlibpath_overrides_runpath=no
lt_cv_sys_global_symbol_pipe='sed -n -e '\''s/^.*[	 ]\([ABCDGIRSTW][ABCDGIRSTW]*\)[	 ][	 ]*\([_A-Za-z][_A-Za-z0-9]*\)$/\1 \2 \2/p'\'''
lt_cv_sys_global_symbol_to_c_name_address='sed -n -e '\''s/^: \([^ ]*\) $/  {\"\1\", (void *) 0},/p'\'' -e '\''s/^[ABCDGIRSTW]* \([^ ]*\) \([^ ]*\)$/  {"\2", (void *) \&\2},/p'\'''
lt_cv_sys_global_symbol_to_c_name_address_lib_prefix='sed -n -e '\''s/^: \([^ ]*\) $/  {\"\1\", (void *) 0},/p'\'' -e '\''s/^[ABCDGIRSTW]* \([^ ]*\) \(lib[^ ]*\)$/  {"\2", (void *) \&\2},/p'\'' -e '\''s/^[ABCDGIRSTW]* \([^ ]*\) \([^ ]*\)$/  {"lib\2", (void *) \&\2},/p'\'''
lt_cv_sys_global_symbol_to_cdecl='sed -n -e '\''s/^T .* \(.*\)$/extern int \1();/p'\'' -e '\''s/^[ABCDGIRSTW]* .* \(.*\)$/extern char \1;/p'\'''
lt_cv_sys_max_cmd_len=1572864

## ----------------- ##
## Output variables. ##
## ----------------- ##

ACLOCAL='${SHELL} /home/ariana/workspace/enisi/hpylori_compartments/deps/src/project_repast/INSTALLATION/netcdf-cxx-4.2/missing --run aclocal-1.11'
AMDEPBACKSLASH='\'
AMDEP_FALSE='#'
AMDEP_TRUE=''
AMTAR='${SHELL} /home/ariana/workspace/enisi/hpylori_compartments/deps/src/project_repast/INSTALLATION/netcdf-cxx-4.2/missing --run tar'
AR='ar'
AUTOCONF='${SHELL} /home/ariana/workspace/enisi/hpylori_compartments/deps/src/project_repast/INSTALLATION/netcdf-cxx-4.2/missing --run autoconf'
AUTOHEADER='${SHELL} /home/ariana/workspace/enisi/hpylori_compartments/deps/src/project_repast/INSTALLATION/netcdf-cxx-4.2/missing --run autoheader'
AUTOMAKE='${SHELL} /home/ariana/workspace/enisi/hpylori_compartments/deps/src/project_repast/INSTALLATION/netcdf-cxx-4.2/missing --run automake-1.11'
AWK='mawk'
CC='gcc'
CCDEPMODE='depmode=gcc3'
CFLAGS='-g -O2'
CPP='gcc -E'
CPPFLAGS='-I/home/ariana/workspace/enisi/hpylori_compartments/deps/src/project_repast/ext//NetCDF/include'
CXX='g++'
CXXCPP='g++ -E'
CXXDEPMODE='depmode=gcc3'
CXXFLAGS='-g -O2'
CYGPATH_W='echo'
DEFS='-DHAVE_CONFIG_H'
DEPDIR='.deps'
DSYMUTIL=''
DUMPBIN=''
ECHO_C=''
ECHO_N='-n'
ECHO_T=''
EGREP='/bin/grep -E'
EXEEXT=''
EXTRA_TESTS_FALSE=''
EXTRA_TESTS_TRUE='#'
FGREP='/bin/grep -F'
GREP='/bin/grep'
INSTALL_DATA='${INSTALL} -m 644'
INSTALL_PROGRAM='${INSTALL}'
INSTALL_SCRIPT='${INSTALL}'
INSTALL_STRIP_PROGRAM='$(install_sh) -c -s'
LARGE_FILE_TESTS_FALSE=''
LARGE_FILE_TESTS_TRUE='#'
LD='/usr/bin/ld -m elf_x86_64'
LDFLAGS='-L/home/ariana/workspace/enisi/hpylori_compartments/deps/src/project_repast/ext//NetCDF/lib'
LIBOBJS=''
LIBS='-lnetcdf '
LIBTOOL='$(SHELL) $(top_builddir)/libtool'
LIPO=''
LN_S='ln -s'
LTLIBOBJS=''
MAKEINFO='${SHELL} /home/ariana/workspace/enisi/hpylori_compartments/deps/src/project_repast/INSTALLATION/netcdf-cxx-4.2/missing --run makeinfo'
MKDIR_P='/bin/mkdir -p'
NM='/usr/bin/nm -B'
NMEDIT=''
OBJDUMP='objdump'
OBJEXT='o'
OTOOL64=''
OTOOL=''
PACKAGE='netcdf-cxx'
PACKAGE_BUGREPORT='support-netcdf@unidata.ucar.edu'
PACKAGE_NAME='netCDF-cxx'
PACKAGE_STRING='netCDF-cxx 4.2'
PACKAGE_TARNAME='netcdf-cxx'
PACKAGE_URL=''
PACKAGE_VERSION='4.2'
PATH_SEPARATOR=':'
RANLIB='ranlib'
SED='/bin/sed'
SET_MAKE=''
SHELL='/bin/bash'
STRIP='strip'
USE_NETCDF4_FALSE=''
USE_NETCDF4_TRUE='#'
USE_VALGRIND_TESTS_FALSE=''
USE_VALGRIND_TESTS_TRUE='#'
VERSION='4.2'
ac_ct_CC='gcc'
ac_ct_CXX='g++'
ac_ct_DUMPBIN=''
am__EXEEXT_FALSE=''
am__EXEEXT_TRUE='#'
am__fastdepCC_FALSE='#'
am__fastdepCC_TRUE=''
am__fastdepCXX_FALSE='#'
am__fastdepCXX_TRUE=''
am__include='include'
am__isrc=''
am__leading_dot='.'
am__quote=''
am__tar='${AMTAR} chof - "$$tardir"'
am__untar='${AMTAR} xf -'
bindir='${exec_prefix}/bin'
build='x86_64-unknown-linux-gnu'
build_alias=''
build_cpu='x86_64'
build_os='linux-gnu'
build_vendor='unknown'
datadir='${datarootdir}'
datarootdir='${prefix}/share'
docdir='${datarootdir}/doc/${PACKAGE_TARNAME}'
dvidir='${docdir}'
exec_prefix='${prefix}'
host='x86_64-unknown-linux-gnu'
host_alias=''
host_cpu='x86_64'
host_os='linux-gnu'
host_vendor='unknown'
htmldir='${docdir}'
includedir='${prefix}/include'
infodir='${datarootdir}/info'
install_sh='${SHELL} /home/ariana/workspace/enisi/hpylori_compartments/deps/src/project_repast/INSTALLATION/netcdf-cxx-4.2/install-sh'
libdir='${exec_prefix}/lib'
libexecdir='${exec_prefix}/libexec'
localedir='${datarootdir}/locale'
localstatedir='${prefix}/var'
mandir='${datarootdir}/man'
mkdir_p='/bin/mkdir -p'
oldincludedir='/usr/include'
pdfdir='${docdir}'
prefix='/home/ariana/workspace/enisi/hpylori_compartments/deps/src/project_repast/ext//NetCDF'
program_transform_name='s,x,x,'
psdir='${docdir}'
sbindir='${exec_prefix}/sbin'
sharedstatedir='${prefix}/com'
sysconfdir='${prefix}/etc'
target='x86_64-unknown-linux-gnu'
target_alias=''
target_cpu='x86_64'
target_os='linux-gnu'
target_vendor='unknown'

## ----------- ##
## confdefs.h. ##
## ----------- ##

/* confdefs.h */
#define PACKAGE_NAME "netCDF-cxx"
#define PACKAGE_TARNAME "netcdf-cxx"
#define PACKAGE_VERSION "4.2"
#define PACKAGE_STRING "netCDF-cxx 4.2"
#define PACKAGE_BUGREPORT "support-netcdf@unidata.ucar.edu"
#define PACKAGE_URL ""
#define PACKAGE "netcdf-cxx"
#define VERSION "4.2"
#define TEMP_LARGE "."
#define STDC_HEADERS 1
#define HAVE_SYS_TYPES_H 1
#define HAVE_SYS_STAT_H 1
#define HAVE_STDLIB_H 1
#define HAVE_STRING_H 1
#define HAVE_MEMORY_H 1
#define HAVE_STRINGS_H 1
#define HAVE_INTTYPES_H 1
#define HAVE_STDINT_H 1
#define HAVE_UNISTD_H 1
#define HAVE_DLFCN_H 1
#define LT_OBJDIR ".libs/"
#define HAVE_NETCDF_H 1
#define HAVE_NCCREATE 1

configure: exit 0
